<?xml version="1.0" encoding="UTF-8"?>
<!-- Generated by org.testng.reporters.JUnitXMLReporter -->
<testsuite hostname="PC339034" ignored="0" name="Default test" tests="2" failures="0" timestamp="18 Nov 2019 10:38:37 GMT" time="103.251" errors="0">
  <testcase name="runScenario" time="67.696" classname="org.cts.oneframework.cucumber.AbstractTestNGCucumberTest"/>
  <testcase name="runScenario" time="34.644" classname="org.cts.oneframework.cucumber.AbstractTestNGCucumberTest"/>
</testsuite> <!-- Default test -->
