<?xml version="1.0" encoding="UTF-8"?>
<!-- Generated by org.testng.reporters.JUnitXMLReporter -->
<testsuite hostname="PC339034" ignored="0" name="Test1" tests="7" failures="0" timestamp="01 Nov 2019 05:50:49 GMT" time="134.793" errors="0">
  <testcase name="runScenario" time="42.044" classname="org.cts.oneframework.cucumber.AbstractTestNGCucumberTest"/>
  <testcase name="runScenario" time="12.892" classname="org.cts.oneframework.cucumber.AbstractTestNGCucumberTest"/>
  <testcase name="runScenario" time="18.188" classname="org.cts.oneframework.cucumber.AbstractTestNGCucumberTest"/>
  <testcase name="runScenario" time="1.173" classname="org.cts.oneframework.cucumber.AbstractTestNGCucumberTest"/>
  <testcase name="runScenario" time="36.047" classname="org.cts.oneframework.cucumber.AbstractTestNGCucumberTest"/>
  <testcase name="runScenario" time="22.507" classname="org.cts.oneframework.cucumber.AbstractTestNGCucumberTest"/>
  <testcase name="runScenario" time="1.237" classname="org.cts.oneframework.cucumber.AbstractTestNGCucumberTest"/>
</testsuite> <!-- Test1 -->
