<?xml version="1.0" encoding="UTF-8"?>
<testng-results skipped="0" failed="26" ignored="0" total="105" passed="79">
  <reporter-output>
  </reporter-output>
  <suite name="TotalFleetSmokeSuite" duration-ms="6019249" started-at="2019-12-06T08:56:49Z" finished-at="2019-12-06T10:37:08Z">
    <groups>
      <group name="cucumber">
        <method signature="AbstractTestNGCucumberTest.runScenario(cucumber.api.testng.PickleEventWrapper, cucumber.api.testng.CucumberFeatureWrapper)[pri:0, instance:org.cts.oneframework.cucumber.testrunners.SmokeSuiteRunner@370736d9]" name="runScenario" class="org.cts.oneframework.cucumber.AbstractTestNGCucumberTest"/>
      </group> <!-- cucumber -->
    </groups>
    <test name="TotalFleetSmokeTestCases" duration-ms="6019249" started-at="2019-12-06T08:56:49Z" finished-at="2019-12-06T10:37:08Z">
      <class name="org.cts.oneframework.cucumber.testrunners.SmokeSuiteRunner">
        <test-method status="PASS" signature="setUpClass()[pri:0, instance:org.cts.oneframework.cucumber.testrunners.SmokeSuiteRunner@370736d9]" name="setUpClass" is-config="true" duration-ms="195" started-at="2019-12-06T08:56:49Z" finished-at="2019-12-06T08:56:49Z">
          <reporter-output>
          </reporter-output>
        </test-method> <!-- setUpClass -->
        <test-method status="PASS" signature="runScenario(cucumber.api.testng.PickleEventWrapper, cucumber.api.testng.CucumberFeatureWrapper)[pri:0, instance:org.cts.oneframework.cucumber.testrunners.SmokeSuiteRunner@370736d9]" name="runScenario" duration-ms="32051" started-at="2019-12-06T08:56:50Z" description="Runs Cucumber Scenarios" data-provider="scenarios" finished-at="2019-12-06T08:57:22Z">
          <params>
            <param index="0">
              <value>
                <![CDATA["TS_01_TC_01_Login_With_Invalid_Credentials"]]>
              </value>
            </param>
            <param index="1">
              <value>
                <![CDATA["Total_Fleet_Accueil"]]>
              </value>
            </param>
          </params>
          <reporter-output>
          </reporter-output>
        </test-method> <!-- runScenario -->
        <test-method status="PASS" signature="runScenario(cucumber.api.testng.PickleEventWrapper, cucumber.api.testng.CucumberFeatureWrapper)[pri:0, instance:org.cts.oneframework.cucumber.testrunners.SmokeSuiteRunner@370736d9]" name="runScenario" duration-ms="30721" started-at="2019-12-06T08:57:22Z" description="Runs Cucumber Scenarios" data-provider="scenarios" finished-at="2019-12-06T08:57:52Z">
          <params>
            <param index="0">
              <value>
                <![CDATA["TS_01_TC_01_Login_With_Valid_Credentials"]]>
              </value>
            </param>
            <param index="1">
              <value>
                <![CDATA["Total_Fleet_Accueil"]]>
              </value>
            </param>
          </params>
          <reporter-output>
          </reporter-output>
        </test-method> <!-- runScenario -->
        <test-method status="PASS" signature="runScenario(cucumber.api.testng.PickleEventWrapper, cucumber.api.testng.CucumberFeatureWrapper)[pri:0, instance:org.cts.oneframework.cucumber.testrunners.SmokeSuiteRunner@370736d9]" name="runScenario" duration-ms="10695" started-at="2019-12-06T08:57:52Z" description="Runs Cucumber Scenarios" data-provider="scenarios" finished-at="2019-12-06T08:58:03Z">
          <params>
            <param index="0">
              <value>
                <![CDATA["TS_03_TC_03_verify home page sections and left menu"]]>
              </value>
            </param>
            <param index="1">
              <value>
                <![CDATA["Total_Fleet_Accueil"]]>
              </value>
            </param>
          </params>
          <reporter-output>
          </reporter-output>
        </test-method> <!-- runScenario -->
        <test-method status="PASS" signature="runScenario(cucumber.api.testng.PickleEventWrapper, cucumber.api.testng.CucumberFeatureWrapper)[pri:0, instance:org.cts.oneframework.cucumber.testrunners.SmokeSuiteRunner@370736d9]" name="runScenario" duration-ms="9258" started-at="2019-12-06T08:58:03Z" description="Runs Cucumber Scenarios" data-provider="scenarios" finished-at="2019-12-06T08:58:12Z">
          <params>
            <param index="0">
              <value>
                <![CDATA["TS_05_TC_06_verify Votre Parc Section"]]>
              </value>
            </param>
            <param index="1">
              <value>
                <![CDATA["Total_Fleet_Accueil"]]>
              </value>
            </param>
          </params>
          <reporter-output>
          </reporter-output>
        </test-method> <!-- runScenario -->
        <test-method status="PASS" signature="runScenario(cucumber.api.testng.PickleEventWrapper, cucumber.api.testng.CucumberFeatureWrapper)[pri:0, instance:org.cts.oneframework.cucumber.testrunners.SmokeSuiteRunner@370736d9]" name="runScenario" duration-ms="5381" started-at="2019-12-06T08:58:12Z" description="Runs Cucumber Scenarios" data-provider="scenarios" finished-at="2019-12-06T08:58:18Z">
          <params>
            <param index="0">
              <value>
                <![CDATA["TS_06_TC_07_verify Prix Bareme Total section"]]>
              </value>
            </param>
            <param index="1">
              <value>
                <![CDATA["Total_Fleet_Accueil"]]>
              </value>
            </param>
          </params>
          <reporter-output>
          </reporter-output>
        </test-method> <!-- runScenario -->
        <test-method status="PASS" signature="runScenario(cucumber.api.testng.PickleEventWrapper, cucumber.api.testng.CucumberFeatureWrapper)[pri:0, instance:org.cts.oneframework.cucumber.testrunners.SmokeSuiteRunner@370736d9]" name="runScenario" duration-ms="1445" started-at="2019-12-06T08:58:18Z" description="Runs Cucumber Scenarios" data-provider="scenarios" finished-at="2019-12-06T08:58:19Z">
          <params>
            <param index="0">
              <value>
                <![CDATA["close browser"]]>
              </value>
            </param>
            <param index="1">
              <value>
                <![CDATA["Total_Fleet_Accueil"]]>
              </value>
            </param>
          </params>
          <reporter-output>
          </reporter-output>
        </test-method> <!-- runScenario -->
        <test-method status="PASS" signature="runScenario(cucumber.api.testng.PickleEventWrapper, cucumber.api.testng.CucumberFeatureWrapper)[pri:0, instance:org.cts.oneframework.cucumber.testrunners.SmokeSuiteRunner@370736d9]" name="runScenario" duration-ms="37106" started-at="2019-12-06T08:58:19Z" description="Runs Cucumber Scenarios" data-provider="scenarios" finished-at="2019-12-06T08:58:56Z">
          <params>
            <param index="0">
              <value>
                <![CDATA["TS_01_TC_01_Login_With_Valid_Credentials"]]>
              </value>
            </param>
            <param index="1">
              <value>
                <![CDATA["Total_Fleet_AvisDAmendes"]]>
              </value>
            </param>
          </params>
          <reporter-output>
          </reporter-output>
        </test-method> <!-- runScenario -->
        <test-method status="PASS" signature="runScenario(cucumber.api.testng.PickleEventWrapper, cucumber.api.testng.CucumberFeatureWrapper)[pri:0, instance:org.cts.oneframework.cucumber.testrunners.SmokeSuiteRunner@370736d9]" name="runScenario" duration-ms="18981" started-at="2019-12-06T08:58:56Z" description="Runs Cucumber Scenarios" data-provider="scenarios" finished-at="2019-12-06T08:59:15Z">
          <params>
            <param index="0">
              <value>
                <![CDATA["TS_36_TC_47_Navigation to Amende creation page"]]>
              </value>
            </param>
            <param index="1">
              <value>
                <![CDATA["Total_Fleet_AvisDAmendes"]]>
              </value>
            </param>
          </params>
          <reporter-output>
          </reporter-output>
        </test-method> <!-- runScenario -->
        <test-method status="PASS" signature="runScenario(cucumber.api.testng.PickleEventWrapper, cucumber.api.testng.CucumberFeatureWrapper)[pri:0, instance:org.cts.oneframework.cucumber.testrunners.SmokeSuiteRunner@370736d9]" name="runScenario" duration-ms="13302" started-at="2019-12-06T08:59:15Z" description="Runs Cucumber Scenarios" data-provider="scenarios" finished-at="2019-12-06T08:59:29Z">
          <params>
            <param index="0">
              <value>
                <![CDATA["TS_36_TC_47_Validation for amende creation page with annuler flow"]]>
              </value>
            </param>
            <param index="1">
              <value>
                <![CDATA["Total_Fleet_AvisDAmendes"]]>
              </value>
            </param>
          </params>
          <reporter-output>
          </reporter-output>
        </test-method> <!-- runScenario -->
        <test-method status="PASS" signature="runScenario(cucumber.api.testng.PickleEventWrapper, cucumber.api.testng.CucumberFeatureWrapper)[pri:0, instance:org.cts.oneframework.cucumber.testrunners.SmokeSuiteRunner@370736d9]" name="runScenario" duration-ms="1430" started-at="2019-12-06T08:59:29Z" description="Runs Cucumber Scenarios" data-provider="scenarios" finished-at="2019-12-06T08:59:30Z">
          <params>
            <param index="0">
              <value>
                <![CDATA["close browser"]]>
              </value>
            </param>
            <param index="1">
              <value>
                <![CDATA["Total_Fleet_AvisDAmendes"]]>
              </value>
            </param>
          </params>
          <reporter-output>
          </reporter-output>
        </test-method> <!-- runScenario -->
        <test-method status="PASS" signature="runScenario(cucumber.api.testng.PickleEventWrapper, cucumber.api.testng.CucumberFeatureWrapper)[pri:0, instance:org.cts.oneframework.cucumber.testrunners.SmokeSuiteRunner@370736d9]" name="runScenario" duration-ms="34908" started-at="2019-12-06T08:59:30Z" description="Runs Cucumber Scenarios" data-provider="scenarios" finished-at="2019-12-06T09:00:05Z">
          <params>
            <param index="0">
              <value>
                <![CDATA["TS_01_TC_01_Login_With_Valid_Credentials"]]>
              </value>
            </param>
            <param index="1">
              <value>
                <![CDATA["Total_Fleet_AvisDAmendes"]]>
              </value>
            </param>
          </params>
          <reporter-output>
          </reporter-output>
        </test-method> <!-- runScenario -->
        <test-method status="PASS" signature="runScenario(cucumber.api.testng.PickleEventWrapper, cucumber.api.testng.CucumberFeatureWrapper)[pri:0, instance:org.cts.oneframework.cucumber.testrunners.SmokeSuiteRunner@370736d9]" name="runScenario" duration-ms="24350" started-at="2019-12-06T09:00:05Z" description="Runs Cucumber Scenarios" data-provider="scenarios" finished-at="2019-12-06T09:00:29Z">
          <params>
            <param index="0">
              <value>
                <![CDATA["TS_34_TC_45_Verify if the user is able to view the fine list page"]]>
              </value>
            </param>
            <param index="1">
              <value>
                <![CDATA["Total_Fleet_AvisDAmendes"]]>
              </value>
            </param>
          </params>
          <reporter-output>
          </reporter-output>
        </test-method> <!-- runScenario -->
        <test-method status="PASS" signature="runScenario(cucumber.api.testng.PickleEventWrapper, cucumber.api.testng.CucumberFeatureWrapper)[pri:0, instance:org.cts.oneframework.cucumber.testrunners.SmokeSuiteRunner@370736d9]" name="runScenario" duration-ms="1505" started-at="2019-12-06T09:00:29Z" description="Runs Cucumber Scenarios" data-provider="scenarios" finished-at="2019-12-06T09:00:31Z">
          <params>
            <param index="0">
              <value>
                <![CDATA["close browser"]]>
              </value>
            </param>
            <param index="1">
              <value>
                <![CDATA["Total_Fleet_AvisDAmendes"]]>
              </value>
            </param>
          </params>
          <reporter-output>
          </reporter-output>
        </test-method> <!-- runScenario -->
        <test-method status="PASS" signature="runScenario(cucumber.api.testng.PickleEventWrapper, cucumber.api.testng.CucumberFeatureWrapper)[pri:0, instance:org.cts.oneframework.cucumber.testrunners.SmokeSuiteRunner@370736d9]" name="runScenario" duration-ms="35494" started-at="2019-12-06T09:00:31Z" description="Runs Cucumber Scenarios" data-provider="scenarios" finished-at="2019-12-06T09:01:06Z">
          <params>
            <param index="0">
              <value>
                <![CDATA["TS_01_TC_01_Login_With_Valid_Credentials"]]>
              </value>
            </param>
            <param index="1">
              <value>
                <![CDATA["Total_Fleet_AvisDAmendes"]]>
              </value>
            </param>
          </params>
          <reporter-output>
          </reporter-output>
        </test-method> <!-- runScenario -->
        <test-method status="PASS" signature="runScenario(cucumber.api.testng.PickleEventWrapper, cucumber.api.testng.CucumberFeatureWrapper)[pri:0, instance:org.cts.oneframework.cucumber.testrunners.SmokeSuiteRunner@370736d9]" name="runScenario" duration-ms="30708" started-at="2019-12-06T09:01:06Z" description="Runs Cucumber Scenarios" data-provider="scenarios" finished-at="2019-12-06T09:01:37Z">
          <params>
            <param index="0">
              <value>
                <![CDATA["TS_35_TC_46_Verify if the user is able to apply date filters in fines list page amendes derniers jours tab"]]>
              </value>
            </param>
            <param index="1">
              <value>
                <![CDATA["Total_Fleet_AvisDAmendes"]]>
              </value>
            </param>
          </params>
          <reporter-output>
          </reporter-output>
        </test-method> <!-- runScenario -->
        <test-method status="FAIL" signature="runScenario(cucumber.api.testng.PickleEventWrapper, cucumber.api.testng.CucumberFeatureWrapper)[pri:0, instance:org.cts.oneframework.cucumber.testrunners.SmokeSuiteRunner@370736d9]" name="runScenario" duration-ms="3356" started-at="2019-12-06T09:01:37Z" description="Runs Cucumber Scenarios" data-provider="scenarios" finished-at="2019-12-06T09:01:40Z">
          <params>
            <param index="0">
              <value>
                <![CDATA["TS_35_TC_46_Verify if the user is able to apply date filters in fines list page amendes archives tab"]]>
              </value>
            </param>
            <param index="1">
              <value>
                <![CDATA["Total_Fleet_AvisDAmendes"]]>
              </value>
            </param>
          </params>
          <exception class="org.openqa.selenium.WebDriverException">
            <message>
              <![CDATA[unknown error: Element <span class="cell">...</span> is not clickable at point (118, 222). Other element would receive the click: <div class="ui-widget-overlay ui-front" style="z-index: 10001;"></div>
  (Session info: chrome=75.0.3770.90)
  (Driver info: chromedriver=2.44.609538 (b655c5a60b0b544917107a59d4153d4bf78e1b90),platform=Windows NT 10.0.17763 x86_64) (WARNING: The server did not provide any stacktrace information)
Command duration or timeout: 0 milliseconds
Build info: version: '3.13.0', revision: '2f0d292', time: '2018-06-25T15:24:21.231Z'
System info: host: 'PC339926', ip: '10.219.66.4', os.name: 'Windows 10', os.arch: 'amd64', os.version: '10.0', java.version: '1.8.0_181'
Driver info: org.openqa.selenium.chrome.ChromeDriver
Capabilities {acceptInsecureCerts: false, acceptSslCerts: false, applicationCacheEnabled: false, browserConnectionEnabled: false, browserName: chrome, chrome: {chromedriverVersion: 2.44.609538 (b655c5a60b0b54..., userDataDir: C:\Users\593611\AppData\Loc...}, cssSelectorsEnabled: true, databaseEnabled: false, goog:chromeOptions: {debuggerAddress: localhost:62968}, handlesAlerts: true, hasTouchScreen: false, javascriptEnabled: true, locationContextEnabled: true, mobileEmulationEnabled: false, nativeEvents: true, networkConnectionEnabled: false, pageLoadStrategy: normal, platform: XP, platformName: XP, rotatable: false, setWindowRect: true, takesHeapSnapshot: true, takesScreenshot: true, unexpectedAlertBehaviour: ignore, unhandledPromptBehavior: ignore, version: 75.0.3770.90, webStorageEnabled: true}
Session ID: 1fd792c7225a78abd99244c5533ea3a6]]>
            </message>
            <full-stacktrace>
              <![CDATA[org.openqa.selenium.WebDriverException: unknown error: Element <span class="cell">...</span> is not clickable at point (118, 222). Other element would receive the click: <div class="ui-widget-overlay ui-front" style="z-index: 10001;"></div>
  (Session info: chrome=75.0.3770.90)
  (Driver info: chromedriver=2.44.609538 (b655c5a60b0b544917107a59d4153d4bf78e1b90),platform=Windows NT 10.0.17763 x86_64) (WARNING: The server did not provide any stacktrace information)
Command duration or timeout: 0 milliseconds
Build info: version: '3.13.0', revision: '2f0d292', time: '2018-06-25T15:24:21.231Z'
System info: host: 'PC339926', ip: '10.219.66.4', os.name: 'Windows 10', os.arch: 'amd64', os.version: '10.0', java.version: '1.8.0_181'
Driver info: org.openqa.selenium.chrome.ChromeDriver
Capabilities {acceptInsecureCerts: false, acceptSslCerts: false, applicationCacheEnabled: false, browserConnectionEnabled: false, browserName: chrome, chrome: {chromedriverVersion: 2.44.609538 (b655c5a60b0b54..., userDataDir: C:\Users\593611\AppData\Loc...}, cssSelectorsEnabled: true, databaseEnabled: false, goog:chromeOptions: {debuggerAddress: localhost:62968}, handlesAlerts: true, hasTouchScreen: false, javascriptEnabled: true, locationContextEnabled: true, mobileEmulationEnabled: false, nativeEvents: true, networkConnectionEnabled: false, pageLoadStrategy: normal, platform: XP, platformName: XP, rotatable: false, setWindowRect: true, takesHeapSnapshot: true, takesScreenshot: true, unexpectedAlertBehaviour: ignore, unhandledPromptBehavior: ignore, version: 75.0.3770.90, webStorageEnabled: true}
Session ID: 1fd792c7225a78abd99244c5533ea3a6
at sun.reflect.NativeConstructorAccessorImpl.newInstance0(Native Method)
at sun.reflect.NativeConstructorAccessorImpl.newInstance(NativeConstructorAccessorImpl.java:62)
at sun.reflect.DelegatingConstructorAccessorImpl.newInstance(DelegatingConstructorAccessorImpl.java:45)
at java.lang.reflect.Constructor.newInstance(Constructor.java:423)
at org.openqa.selenium.remote.ErrorHandler.createThrowable(ErrorHandler.java:214)
at org.openqa.selenium.remote.ErrorHandler.throwIfResponseFailed(ErrorHandler.java:166)
at org.openqa.selenium.remote.http.JsonHttpResponseCodec.reconstructValue(JsonHttpResponseCodec.java:40)
at org.openqa.selenium.remote.http.AbstractHttpResponseCodec.decode(AbstractHttpResponseCodec.java:80)
at org.openqa.selenium.remote.http.AbstractHttpResponseCodec.decode(AbstractHttpResponseCodec.java:44)
at org.openqa.selenium.remote.HttpCommandExecutor.execute(HttpCommandExecutor.java:158)
at org.openqa.selenium.remote.service.DriverCommandExecutor.execute(DriverCommandExecutor.java:83)
at org.openqa.selenium.remote.RemoteWebDriver.execute(RemoteWebDriver.java:548)
at org.openqa.selenium.remote.RemoteWebElement.execute(RemoteWebElement.java:276)
at org.openqa.selenium.remote.RemoteWebElement.click(RemoteWebElement.java:83)
at org.cts.oneframework.utilities.BasePageObject.clickElement(BasePageObject.java:609)
at org.cts.oneframework.utilities.BasePageObject.clickElement(BasePageObject.java:599)
at org.cts.oneframework.cucumber.pages.AvisDAmendesPage.expandAlertesEtAmendese_LeftMenu(AvisDAmendesPage.java:203)
at org.cts.oneframework.cucumber.stepdefinition.AvisDAmendesStepDefs.user_clicks_on_Alertes_et_Amandes(AvisDAmendesStepDefs.java:19)
at ?.user clicks on Alertes_et_Amandes in left pane(src/test/resources/features/AvisDAmendes.feature:143)
]]>
            </full-stacktrace>
          </exception> <!-- org.openqa.selenium.WebDriverException -->
          <reporter-output>
          </reporter-output>
        </test-method> <!-- runScenario -->
        <test-method status="PASS" signature="runScenario(cucumber.api.testng.PickleEventWrapper, cucumber.api.testng.CucumberFeatureWrapper)[pri:0, instance:org.cts.oneframework.cucumber.testrunners.SmokeSuiteRunner@370736d9]" name="runScenario" duration-ms="1511" started-at="2019-12-06T09:01:40Z" description="Runs Cucumber Scenarios" data-provider="scenarios" finished-at="2019-12-06T09:01:42Z">
          <params>
            <param index="0">
              <value>
                <![CDATA["close browser"]]>
              </value>
            </param>
            <param index="1">
              <value>
                <![CDATA["Total_Fleet_AvisDAmendes"]]>
              </value>
            </param>
          </params>
          <reporter-output>
          </reporter-output>
        </test-method> <!-- runScenario -->
        <test-method status="PASS" signature="runScenario(cucumber.api.testng.PickleEventWrapper, cucumber.api.testng.CucumberFeatureWrapper)[pri:0, instance:org.cts.oneframework.cucumber.testrunners.SmokeSuiteRunner@370736d9]" name="runScenario" duration-ms="47089" started-at="2019-12-06T09:01:42Z" description="Runs Cucumber Scenarios" data-provider="scenarios" finished-at="2019-12-06T09:02:29Z">
          <params>
            <param index="0">
              <value>
                <![CDATA["TS_01_TC_01_Login_With_Valid_Credentials"]]>
              </value>
            </param>
            <param index="1">
              <value>
                <![CDATA["Total_Fleet_Campagnes"]]>
              </value>
            </param>
          </params>
          <reporter-output>
          </reporter-output>
        </test-method> <!-- runScenario -->
        <test-method status="FAIL" signature="runScenario(cucumber.api.testng.PickleEventWrapper, cucumber.api.testng.CucumberFeatureWrapper)[pri:0, instance:org.cts.oneframework.cucumber.testrunners.SmokeSuiteRunner@370736d9]" name="runScenario" duration-ms="4423" started-at="2019-12-06T09:02:29Z" description="Runs Cucumber Scenarios" data-provider="scenarios" finished-at="2019-12-06T09:02:33Z">
          <params>
            <param index="0">
              <value>
                <![CDATA["TS_25_TC_26_Navigation to Campgnes List Page"]]>
              </value>
            </param>
            <param index="1">
              <value>
                <![CDATA["Total_Fleet_Campagnes"]]>
              </value>
            </param>
          </params>
          <exception class="org.openqa.selenium.WebDriverException">
            <message>
              <![CDATA[unknown error: Element <span class="cell">...</span> is not clickable at point (130, 564). Other element would receive the click: <div class="ui-widget-overlay ui-front" style="z-index: 10001;"></div>
  (Session info: chrome=75.0.3770.90)
  (Driver info: chromedriver=2.44.609538 (b655c5a60b0b544917107a59d4153d4bf78e1b90),platform=Windows NT 10.0.17763 x86_64) (WARNING: The server did not provide any stacktrace information)
Command duration or timeout: 0 milliseconds
Build info: version: '3.13.0', revision: '2f0d292', time: '2018-06-25T15:24:21.231Z'
System info: host: 'PC339926', ip: '10.219.66.4', os.name: 'Windows 10', os.arch: 'amd64', os.version: '10.0', java.version: '1.8.0_181'
Driver info: org.openqa.selenium.chrome.ChromeDriver
Capabilities {acceptInsecureCerts: false, acceptSslCerts: false, applicationCacheEnabled: false, browserConnectionEnabled: false, browserName: chrome, chrome: {chromedriverVersion: 2.44.609538 (b655c5a60b0b54..., userDataDir: C:\Users\593611\AppData\Loc...}, cssSelectorsEnabled: true, databaseEnabled: false, goog:chromeOptions: {debuggerAddress: localhost:63043}, handlesAlerts: true, hasTouchScreen: false, javascriptEnabled: true, locationContextEnabled: true, mobileEmulationEnabled: false, nativeEvents: true, networkConnectionEnabled: false, pageLoadStrategy: normal, platform: XP, platformName: XP, rotatable: false, setWindowRect: true, takesHeapSnapshot: true, takesScreenshot: true, unexpectedAlertBehaviour: ignore, unhandledPromptBehavior: ignore, version: 75.0.3770.90, webStorageEnabled: true}
Session ID: a3966b4a2b37acc6d30395ede240fe1d]]>
            </message>
            <full-stacktrace>
              <![CDATA[org.openqa.selenium.WebDriverException: unknown error: Element <span class="cell">...</span> is not clickable at point (130, 564). Other element would receive the click: <div class="ui-widget-overlay ui-front" style="z-index: 10001;"></div>
  (Session info: chrome=75.0.3770.90)
  (Driver info: chromedriver=2.44.609538 (b655c5a60b0b544917107a59d4153d4bf78e1b90),platform=Windows NT 10.0.17763 x86_64) (WARNING: The server did not provide any stacktrace information)
Command duration or timeout: 0 milliseconds
Build info: version: '3.13.0', revision: '2f0d292', time: '2018-06-25T15:24:21.231Z'
System info: host: 'PC339926', ip: '10.219.66.4', os.name: 'Windows 10', os.arch: 'amd64', os.version: '10.0', java.version: '1.8.0_181'
Driver info: org.openqa.selenium.chrome.ChromeDriver
Capabilities {acceptInsecureCerts: false, acceptSslCerts: false, applicationCacheEnabled: false, browserConnectionEnabled: false, browserName: chrome, chrome: {chromedriverVersion: 2.44.609538 (b655c5a60b0b54..., userDataDir: C:\Users\593611\AppData\Loc...}, cssSelectorsEnabled: true, databaseEnabled: false, goog:chromeOptions: {debuggerAddress: localhost:63043}, handlesAlerts: true, hasTouchScreen: false, javascriptEnabled: true, locationContextEnabled: true, mobileEmulationEnabled: false, nativeEvents: true, networkConnectionEnabled: false, pageLoadStrategy: normal, platform: XP, platformName: XP, rotatable: false, setWindowRect: true, takesHeapSnapshot: true, takesScreenshot: true, unexpectedAlertBehaviour: ignore, unhandledPromptBehavior: ignore, version: 75.0.3770.90, webStorageEnabled: true}
Session ID: a3966b4a2b37acc6d30395ede240fe1d
at sun.reflect.NativeConstructorAccessorImpl.newInstance0(Native Method)
at sun.reflect.NativeConstructorAccessorImpl.newInstance(NativeConstructorAccessorImpl.java:62)
at sun.reflect.DelegatingConstructorAccessorImpl.newInstance(DelegatingConstructorAccessorImpl.java:45)
at java.lang.reflect.Constructor.newInstance(Constructor.java:423)
at org.openqa.selenium.remote.ErrorHandler.createThrowable(ErrorHandler.java:214)
at org.openqa.selenium.remote.ErrorHandler.throwIfResponseFailed(ErrorHandler.java:166)
at org.openqa.selenium.remote.http.JsonHttpResponseCodec.reconstructValue(JsonHttpResponseCodec.java:40)
at org.openqa.selenium.remote.http.AbstractHttpResponseCodec.decode(AbstractHttpResponseCodec.java:80)
at org.openqa.selenium.remote.http.AbstractHttpResponseCodec.decode(AbstractHttpResponseCodec.java:44)
at org.openqa.selenium.remote.HttpCommandExecutor.execute(HttpCommandExecutor.java:158)
at org.openqa.selenium.remote.service.DriverCommandExecutor.execute(DriverCommandExecutor.java:83)
at org.openqa.selenium.remote.RemoteWebDriver.execute(RemoteWebDriver.java:548)
at org.openqa.selenium.remote.RemoteWebElement.execute(RemoteWebElement.java:276)
at org.openqa.selenium.remote.RemoteWebElement.click(RemoteWebElement.java:83)
at org.cts.oneframework.utilities.BasePageObject.clickElement(BasePageObject.java:587)
at org.cts.oneframework.utilities.BasePageObject.clickElement(BasePageObject.java:578)
at org.cts.oneframework.cucumber.pages.CampagnesPage.clickCampagnesLinkOnLeftPane(CampagnesPage.java:59)
at org.cts.oneframework.cucumber.stepdefinition.CampagnesStepDefs.user_clicks_on_campaign_in_left_menu(CampagnesStepDefs.java:20)
at ?.user clicks on campaign in left menu(src/test/resources/features/Campagnes.feature:40)
]]>
            </full-stacktrace>
          </exception> <!-- org.openqa.selenium.WebDriverException -->
          <reporter-output>
          </reporter-output>
        </test-method> <!-- runScenario -->
        <test-method status="FAIL" signature="runScenario(cucumber.api.testng.PickleEventWrapper, cucumber.api.testng.CucumberFeatureWrapper)[pri:0, instance:org.cts.oneframework.cucumber.testrunners.SmokeSuiteRunner@370736d9]" name="runScenario" duration-ms="2553" started-at="2019-12-06T09:02:33Z" description="Runs Cucumber Scenarios" data-provider="scenarios" finished-at="2019-12-06T09:02:36Z">
          <params>
            <param index="0">
              <value>
                <![CDATA["TS_27_TC_28_Creation of Campagnes with Annuler Flow"]]>
              </value>
            </param>
            <param index="1">
              <value>
                <![CDATA["Total_Fleet_Campagnes"]]>
              </value>
            </param>
          </params>
          <exception class="java.lang.AssertionError">
            <message>
              <![CDATA[Nouvelle Campagnes Page is displayed]]>
            </message>
            <full-stacktrace>
              <![CDATA[java.lang.AssertionError: Nouvelle Campagnes Page is displayed
at org.testng.Assert.fail(Assert.java:96)
at org.cts.oneframework.utilities.AssertionLibrary.fail(AssertionLibrary.java:294)
at org.cts.oneframework.cucumber.pages.CampagnesPage.assertNouvelleCampagnesPageIsDisplayed(CampagnesPage.java:488)
at org.cts.oneframework.cucumber.stepdefinition.CampagnesStepDefs.nouvelle_campagne_page_should_be_displayed_and_user_inputs_fields_and_clicks_on_annuler_button(CampagnesStepDefs.java:39)
at ?.nouvelle campagne page should be displayed and user inputs Nom_De_La_Campagne_In_Nouvelle_Campagne_Page and clicks on annuler button to view campgnes list page(src/test/resources/features/Campagnes.feature:50)
]]>
            </full-stacktrace>
          </exception> <!-- java.lang.AssertionError -->
          <reporter-output>
          </reporter-output>
        </test-method> <!-- runScenario -->
        <test-method status="FAIL" signature="runScenario(cucumber.api.testng.PickleEventWrapper, cucumber.api.testng.CucumberFeatureWrapper)[pri:0, instance:org.cts.oneframework.cucumber.testrunners.SmokeSuiteRunner@370736d9]" name="runScenario" duration-ms="203414" started-at="2019-12-06T09:02:36Z" description="Runs Cucumber Scenarios" data-provider="scenarios" finished-at="2019-12-06T09:05:59Z">
          <params>
            <param index="0">
              <value>
                <![CDATA["TS_26_TC_27_Filter Campaign List With Dates"]]>
              </value>
            </param>
            <param index="1">
              <value>
                <![CDATA["Total_Fleet_Campagnes"]]>
              </value>
            </param>
          </params>
          <exception class="org.openqa.selenium.TimeoutException">
            <message>
              <![CDATA[Expected condition failed: waiting for org.cts.oneframework.utilities.BasePageObject$1@4f02d72f (tried for 200 second(s) with 1000 milliseconds interval)]]>
            </message>
            <full-stacktrace>
              <![CDATA[org.openqa.selenium.TimeoutException: Expected condition failed: waiting for org.cts.oneframework.utilities.BasePageObject$1@4f02d72f (tried for 200 second(s) with 1000 milliseconds interval)
at org.openqa.selenium.support.ui.WebDriverWait.timeoutException(WebDriverWait.java:81)
at org.openqa.selenium.support.ui.FluentWait.until(FluentWait.java:271)
at org.cts.oneframework.utilities.BasePageObject.getElement(BasePageObject.java:115)
at org.cts.oneframework.utilities.BasePageObject.clickElement(BasePageObject.java:587)
at org.cts.oneframework.utilities.BasePageObject.clickElement(BasePageObject.java:578)
at org.cts.oneframework.cucumber.pages.CampagnesPage.clickFiltrerLesResultatsInCampagnesListPage(CampagnesPage.java:138)
at org.cts.oneframework.cucumber.stepdefinition.CampagnesStepDefs.user_clicks_on_filtrer_les_resultats(CampagnesStepDefs.java:52)
at ?.user clicks on filtrer les resultats(src/test/resources/features/Campagnes.feature:62)
Caused by: org.openqa.selenium.NoSuchElementException: no such element: Unable to locate element: {"method":"xpath","selector":"//a[@class='icon btn-filtres']"}
  (Session info: chrome=75.0.3770.90)
  (Driver info: chromedriver=2.44.609538 (b655c5a60b0b544917107a59d4153d4bf78e1b90),platform=Windows NT 10.0.17763 x86_64) (WARNING: The server did not provide any stacktrace information)
Command duration or timeout: 0 milliseconds
For documentation on this error, please visit: http://seleniumhq.org/exceptions/no_such_element.html
Build info: version: '3.13.0', revision: '2f0d292', time: '2018-06-25T15:24:21.231Z'
System info: host: 'PC339926', ip: '10.219.66.4', os.name: 'Windows 10', os.arch: 'amd64', os.version: '10.0', java.version: '1.8.0_181'
Driver info: org.openqa.selenium.chrome.ChromeDriver
Capabilities {acceptInsecureCerts: false, acceptSslCerts: false, applicationCacheEnabled: false, browserConnectionEnabled: false, browserName: chrome, chrome: {chromedriverVersion: 2.44.609538 (b655c5a60b0b54..., userDataDir: C:\Users\593611\AppData\Loc...}, cssSelectorsEnabled: true, databaseEnabled: false, goog:chromeOptions: {debuggerAddress: localhost:63043}, handlesAlerts: true, hasTouchScreen: false, javascriptEnabled: true, locationContextEnabled: true, mobileEmulationEnabled: false, nativeEvents: true, networkConnectionEnabled: false, pageLoadStrategy: normal, platform: XP, platformName: XP, rotatable: false, setWindowRect: true, takesHeapSnapshot: true, takesScreenshot: true, unexpectedAlertBehaviour: ignore, unhandledPromptBehavior: ignore, version: 75.0.3770.90, webStorageEnabled: true}
Session ID: a3966b4a2b37acc6d30395ede240fe1d
*** Element info: {Using=xpath, value=//a[@class='icon btn-filtres']}
at sun.reflect.GeneratedConstructorAccessor66.newInstance(Unknown Source)
at sun.reflect.DelegatingConstructorAccessorImpl.newInstance(DelegatingConstructorAccessorImpl.java:45)
at java.lang.reflect.Constructor.newInstance(Constructor.java:423)
at org.openqa.selenium.remote.ErrorHandler.createThrowable(ErrorHandler.java:214)
at org.openqa.selenium.remote.ErrorHandler.throwIfResponseFailed(ErrorHandler.java:166)
at org.openqa.selenium.remote.http.JsonHttpResponseCodec.reconstructValue(JsonHttpResponseCodec.java:40)
at org.openqa.selenium.remote.http.AbstractHttpResponseCodec.decode(AbstractHttpResponseCodec.java:80)
at org.openqa.selenium.remote.http.AbstractHttpResponseCodec.decode(AbstractHttpResponseCodec.java:44)
at org.openqa.selenium.remote.HttpCommandExecutor.execute(HttpCommandExecutor.java:158)
at org.openqa.selenium.remote.service.DriverCommandExecutor.execute(DriverCommandExecutor.java:83)
at org.openqa.selenium.remote.RemoteWebDriver.execute(RemoteWebDriver.java:548)
at org.openqa.selenium.remote.RemoteWebDriver.findElement(RemoteWebDriver.java:322)
at org.openqa.selenium.remote.RemoteWebDriver.findElementByXPath(RemoteWebDriver.java:424)
at org.openqa.selenium.By$ByXPath.findElement(By.java:353)
at org.openqa.selenium.remote.RemoteWebDriver.findElement(RemoteWebDriver.java:314)
at org.cts.oneframework.utilities.BasePageObject$1.apply(BasePageObject.java:118)
at org.cts.oneframework.utilities.BasePageObject$1.apply(BasePageObject.java:1)
at org.openqa.selenium.support.ui.FluentWait.until(FluentWait.java:248)
at org.cts.oneframework.utilities.BasePageObject.getElement(BasePageObject.java:115)
at org.cts.oneframework.utilities.BasePageObject.clickElement(BasePageObject.java:587)
at org.cts.oneframework.utilities.BasePageObject.clickElement(BasePageObject.java:578)
at org.cts.oneframework.cucumber.pages.CampagnesPage.clickFiltrerLesResultatsInCampagnesListPage(CampagnesPage.java:138)
at org.cts.oneframework.cucumber.stepdefinition.CampagnesStepDefs.user_clicks_on_filtrer_les_resultats(CampagnesStepDefs.java:52)
at sun.reflect.NativeMethodAccessorImpl.invoke0(Native Method)
at sun.reflect.NativeMethodAccessorImpl.invoke(NativeMethodAccessorImpl.java:62)
at sun.reflect.DelegatingMethodAccessorImpl.invoke(DelegatingMethodAccessorImpl.java:43)
at java.lang.reflect.Method.invoke(Method.java:498)
at cucumber.runtime.Utils$1.call(Utils.java:26)
at cucumber.runtime.Timeout.timeout(Timeout.java:16)
at cucumber.runtime.Utils.invoke(Utils.java:20)
at cucumber.runtime.java.JavaStepDefinition.execute(JavaStepDefinition.java:49)
at cucumber.runner.PickleStepDefinitionMatch.runStep(PickleStepDefinitionMatch.java:50)
at cucumber.runner.TestStep.executeStep(TestStep.java:63)
at cucumber.runner.TestStep.run(TestStep.java:49)
at cucumber.runner.PickleStepTestStep.run(PickleStepTestStep.java:43)
at cucumber.runner.TestCase.run(TestCase.java:44)
at cucumber.runner.Runner.runPickle(Runner.java:40)
at cucumber.api.testng.TestNGCucumberRunner.runScenario(TestNGCucumberRunner.java:68)
at org.cts.oneframework.cucumber.AbstractTestNGCucumberTest.runScenario(AbstractTestNGCucumberTest.java:39)
at sun.reflect.GeneratedMethodAccessor8.invoke(Unknown Source)
at sun.reflect.DelegatingMethodAccessorImpl.invoke(DelegatingMethodAccessorImpl.java:43)
at java.lang.reflect.Method.invoke(Method.java:498)
at org.testng.internal.MethodInvocationHelper.invokeMethod(MethodInvocationHelper.java:124)
at org.testng.internal.Invoker.invokeMethod(Invoker.java:583)
at org.testng.internal.Invoker.invokeTestMethod(Invoker.java:719)
at org.testng.internal.Invoker.invokeTestMethods(Invoker.java:989)
at org.testng.internal.TestMethodWorker.invokeTestMethods(TestMethodWorker.java:125)
at org.testng.internal.TestMethodWorker.run(TestMethodWorker.java:109)
at java.util.concurrent.ThreadPoolExecutor.runWorker(ThreadPoolExecutor.java:1149)
at java.util.concurrent.ThreadPoolExecutor$Worker.run(ThreadPoolExecutor.java:624)
at java.lang.Thread.run(Thread.java:748)
]]>
            </full-stacktrace>
          </exception> <!-- org.openqa.selenium.TimeoutException -->
          <reporter-output>
          </reporter-output>
        </test-method> <!-- runScenario -->
        <test-method status="PASS" signature="runScenario(cucumber.api.testng.PickleEventWrapper, cucumber.api.testng.CucumberFeatureWrapper)[pri:0, instance:org.cts.oneframework.cucumber.testrunners.SmokeSuiteRunner@370736d9]" name="runScenario" duration-ms="1454" started-at="2019-12-06T09:05:59Z" description="Runs Cucumber Scenarios" data-provider="scenarios" finished-at="2019-12-06T09:06:01Z">
          <params>
            <param index="0">
              <value>
                <![CDATA["close browser"]]>
              </value>
            </param>
            <param index="1">
              <value>
                <![CDATA["Total_Fleet_Campagnes"]]>
              </value>
            </param>
          </params>
          <reporter-output>
          </reporter-output>
        </test-method> <!-- runScenario -->
        <test-method status="PASS" signature="runScenario(cucumber.api.testng.PickleEventWrapper, cucumber.api.testng.CucumberFeatureWrapper)[pri:0, instance:org.cts.oneframework.cucumber.testrunners.SmokeSuiteRunner@370736d9]" name="runScenario" duration-ms="34877" started-at="2019-12-06T09:06:01Z" description="Runs Cucumber Scenarios" data-provider="scenarios" finished-at="2019-12-06T09:06:36Z">
          <params>
            <param index="0">
              <value>
                <![CDATA["TS_01_TC_01_Login_With_Valid_Credentials"]]>
              </value>
            </param>
            <param index="1">
              <value>
                <![CDATA["Total_Fleet_CartesAndBadges"]]>
              </value>
            </param>
          </params>
          <reporter-output>
          </reporter-output>
        </test-method> <!-- runScenario -->
        <test-method status="PASS" signature="runScenario(cucumber.api.testng.PickleEventWrapper, cucumber.api.testng.CucumberFeatureWrapper)[pri:0, instance:org.cts.oneframework.cucumber.testrunners.SmokeSuiteRunner@370736d9]" name="runScenario" duration-ms="11749" started-at="2019-12-06T09:06:36Z" description="Runs Cucumber Scenarios" data-provider="scenarios" finished-at="2019-12-06T09:06:47Z">
          <params>
            <param index="0">
              <value>
                <![CDATA["TS_14_TC_15_Navigation to Cartes List Page"]]>
              </value>
            </param>
            <param index="1">
              <value>
                <![CDATA["Total_Fleet_CartesAndBadges"]]>
              </value>
            </param>
          </params>
          <reporter-output>
          </reporter-output>
        </test-method> <!-- runScenario -->
        <test-method status="PASS" signature="runScenario(cucumber.api.testng.PickleEventWrapper, cucumber.api.testng.CucumberFeatureWrapper)[pri:0, instance:org.cts.oneframework.cucumber.testrunners.SmokeSuiteRunner@370736d9]" name="runScenario" duration-ms="27469" started-at="2019-12-06T09:06:47Z" description="Runs Cucumber Scenarios" data-provider="scenarios" finished-at="2019-12-06T09:07:15Z">
          <params>
            <param index="0">
              <value>
                <![CDATA["TS_16_TC_17_Navigation to Cartes Detailed Page"]]>
              </value>
            </param>
            <param index="1">
              <value>
                <![CDATA["Total_Fleet_CartesAndBadges"]]>
              </value>
            </param>
          </params>
          <reporter-output>
          </reporter-output>
        </test-method> <!-- runScenario -->
        <test-method status="PASS" signature="runScenario(cucumber.api.testng.PickleEventWrapper, cucumber.api.testng.CucumberFeatureWrapper)[pri:0, instance:org.cts.oneframework.cucumber.testrunners.SmokeSuiteRunner@370736d9]" name="runScenario" duration-ms="1546" started-at="2019-12-06T09:07:15Z" description="Runs Cucumber Scenarios" data-provider="scenarios" finished-at="2019-12-06T09:07:16Z">
          <params>
            <param index="0">
              <value>
                <![CDATA["close browser"]]>
              </value>
            </param>
            <param index="1">
              <value>
                <![CDATA["Total_Fleet_CartesAndBadges"]]>
              </value>
            </param>
          </params>
          <reporter-output>
          </reporter-output>
        </test-method> <!-- runScenario -->
        <test-method status="PASS" signature="runScenario(cucumber.api.testng.PickleEventWrapper, cucumber.api.testng.CucumberFeatureWrapper)[pri:0, instance:org.cts.oneframework.cucumber.testrunners.SmokeSuiteRunner@370736d9]" name="runScenario" duration-ms="61452" started-at="2019-12-06T09:07:16Z" description="Runs Cucumber Scenarios" data-provider="scenarios" finished-at="2019-12-06T09:08:18Z">
          <params>
            <param index="0">
              <value>
                <![CDATA["TS_01_TC_01_Login_With_Valid_Credentials"]]>
              </value>
            </param>
            <param index="1">
              <value>
                <![CDATA["Total_Fleet_CartesAndBadges"]]>
              </value>
            </param>
          </params>
          <reporter-output>
          </reporter-output>
        </test-method> <!-- runScenario -->
        <test-method status="PASS" signature="runScenario(cucumber.api.testng.PickleEventWrapper, cucumber.api.testng.CucumberFeatureWrapper)[pri:0, instance:org.cts.oneframework.cucumber.testrunners.SmokeSuiteRunner@370736d9]" name="runScenario" duration-ms="11275" started-at="2019-12-06T09:08:18Z" description="Runs Cucumber Scenarios" data-provider="scenarios" finished-at="2019-12-06T09:08:29Z">
          <params>
            <param index="0">
              <value>
                <![CDATA["TS_18_TC_19_Navigation to Badge List Page"]]>
              </value>
            </param>
            <param index="1">
              <value>
                <![CDATA["Total_Fleet_CartesAndBadges"]]>
              </value>
            </param>
          </params>
          <reporter-output>
          </reporter-output>
        </test-method> <!-- runScenario -->
        <test-method status="PASS" signature="runScenario(cucumber.api.testng.PickleEventWrapper, cucumber.api.testng.CucumberFeatureWrapper)[pri:0, instance:org.cts.oneframework.cucumber.testrunners.SmokeSuiteRunner@370736d9]" name="runScenario" duration-ms="20672" started-at="2019-12-06T09:08:29Z" description="Runs Cucumber Scenarios" data-provider="scenarios" finished-at="2019-12-06T09:08:50Z">
          <params>
            <param index="0">
              <value>
                <![CDATA["TS_19_TC_20_Navigation to Badges Detailed Page"]]>
              </value>
            </param>
            <param index="1">
              <value>
                <![CDATA["Total_Fleet_CartesAndBadges"]]>
              </value>
            </param>
          </params>
          <reporter-output>
          </reporter-output>
        </test-method> <!-- runScenario -->
        <test-method status="PASS" signature="runScenario(cucumber.api.testng.PickleEventWrapper, cucumber.api.testng.CucumberFeatureWrapper)[pri:0, instance:org.cts.oneframework.cucumber.testrunners.SmokeSuiteRunner@370736d9]" name="runScenario" duration-ms="11185" started-at="2019-12-06T09:08:50Z" description="Runs Cucumber Scenarios" data-provider="scenarios" finished-at="2019-12-06T09:09:01Z">
          <params>
            <param index="0">
              <value>
                <![CDATA["TS_04_TC_04_Search Cartes from Common Rechercher at header of application"]]>
              </value>
            </param>
            <param index="1">
              <value>
                <![CDATA["Total_Fleet_CartesAndBadges"]]>
              </value>
            </param>
          </params>
          <reporter-output>
          </reporter-output>
        </test-method> <!-- runScenario -->
        <test-method status="PASS" signature="runScenario(cucumber.api.testng.PickleEventWrapper, cucumber.api.testng.CucumberFeatureWrapper)[pri:0, instance:org.cts.oneframework.cucumber.testrunners.SmokeSuiteRunner@370736d9]" name="runScenario" duration-ms="48141" started-at="2019-12-06T09:09:01Z" description="Runs Cucumber Scenarios" data-provider="scenarios" finished-at="2019-12-06T09:09:49Z">
          <params>
            <param index="0">
              <value>
                <![CDATA["TS_17_TC_18_Verification of Creation De Support page display for Carte"]]>
              </value>
            </param>
            <param index="1">
              <value>
                <![CDATA["Total_Fleet_CartesAndBadges"]]>
              </value>
            </param>
          </params>
          <reporter-output>
          </reporter-output>
        </test-method> <!-- runScenario -->
        <test-method status="PASS" signature="runScenario(cucumber.api.testng.PickleEventWrapper, cucumber.api.testng.CucumberFeatureWrapper)[pri:0, instance:org.cts.oneframework.cucumber.testrunners.SmokeSuiteRunner@370736d9]" name="runScenario" duration-ms="1477" started-at="2019-12-06T09:09:49Z" description="Runs Cucumber Scenarios" data-provider="scenarios" finished-at="2019-12-06T09:09:51Z">
          <params>
            <param index="0">
              <value>
                <![CDATA["close browser"]]>
              </value>
            </param>
            <param index="1">
              <value>
                <![CDATA["Total_Fleet_CartesAndBadges"]]>
              </value>
            </param>
          </params>
          <reporter-output>
          </reporter-output>
        </test-method> <!-- runScenario -->
        <test-method status="PASS" signature="runScenario(cucumber.api.testng.PickleEventWrapper, cucumber.api.testng.CucumberFeatureWrapper)[pri:0, instance:org.cts.oneframework.cucumber.testrunners.SmokeSuiteRunner@370736d9]" name="runScenario" duration-ms="34848" started-at="2019-12-06T09:09:51Z" description="Runs Cucumber Scenarios" data-provider="scenarios" finished-at="2019-12-06T09:10:26Z">
          <params>
            <param index="0">
              <value>
                <![CDATA["TS_01_TC_01_Login_With_Valid_Credentials"]]>
              </value>
            </param>
            <param index="1">
              <value>
                <![CDATA["Total_Fleet_CartesAndBadges"]]>
              </value>
            </param>
          </params>
          <reporter-output>
          </reporter-output>
        </test-method> <!-- runScenario -->
        <test-method status="FAIL" signature="runScenario(cucumber.api.testng.PickleEventWrapper, cucumber.api.testng.CucumberFeatureWrapper)[pri:0, instance:org.cts.oneframework.cucumber.testrunners.SmokeSuiteRunner@370736d9]" name="runScenario" duration-ms="324659" started-at="2019-12-06T09:10:26Z" description="Runs Cucumber Scenarios" data-provider="scenarios" finished-at="2019-12-06T09:15:50Z">
          <params>
            <param index="0">
              <value>
                <![CDATA["TS_20_TC_21_Verification of Creation De Support page display for Badge"]]>
              </value>
            </param>
            <param index="1">
              <value>
                <![CDATA["Total_Fleet_CartesAndBadges"]]>
              </value>
            </param>
          </params>
          <exception class="org.openqa.selenium.TimeoutException">
            <message>
              <![CDATA[Expected condition failed: waiting for visibility of element located by By.xpath: //table[@class='table_contenu']//*[contains(text(),'CREATION DE SUPPORT')] (tried for 200 second(s) with 1000 milliseconds interval)]]>
            </message>
            <full-stacktrace>
              <![CDATA[org.openqa.selenium.TimeoutException: Expected condition failed: waiting for visibility of element located by By.xpath: //table[@class='table_contenu']//*[contains(text(),'CREATION DE SUPPORT')] (tried for 200 second(s) with 1000 milliseconds interval)
at org.openqa.selenium.support.ui.WebDriverWait.timeoutException(WebDriverWait.java:81)
at org.openqa.selenium.support.ui.FluentWait.until(FluentWait.java:271)
at org.cts.oneframework.utilities.BasePageObject.waitForElementToLoad(BasePageObject.java:745)
at org.cts.oneframework.utilities.BasePageObject.waitForElementToLoad(BasePageObject.java:749)
at org.cts.oneframework.cucumber.pages.CartesAndBadgesPage.assertCreationDeSupportTitleAndFieldsInNouvelleCartesPage(CartesAndBadgesPage.java:1136)
at org.cts.oneframework.cucumber.stepdefinition.CartesAndBadgesStepDefs.creation_de_support_page_should_be_displayed_with_relevant_fields(CartesAndBadgesStepDefs.java:217)
at ?.creation de support page should be displayed with relevant fields(src/test/resources/features/CartesAndBadges.feature:198)
Caused by: org.openqa.selenium.NoSuchElementException: Cannot locate an element using By.xpath: //table[@class='table_contenu']//*[contains(text(),'CREATION DE SUPPORT')]
For documentation on this error, please visit: http://seleniumhq.org/exceptions/no_such_element.html
Build info: version: '3.13.0', revision: '2f0d292', time: '2018-06-25T15:24:21.231Z'
System info: host: 'PC339926', ip: '10.219.66.4', os.name: 'Windows 10', os.arch: 'amd64', os.version: '10.0', java.version: '1.8.0_181'
Driver info: driver.version: unknown
at org.openqa.selenium.support.ui.ExpectedConditions.lambda$findElement$0(ExpectedConditions.java:896)
at java.util.Optional.orElseThrow(Optional.java:290)
at org.openqa.selenium.support.ui.ExpectedConditions.findElement(ExpectedConditions.java:895)
at org.openqa.selenium.support.ui.ExpectedConditions.access$000(ExpectedConditions.java:44)
at org.openqa.selenium.support.ui.ExpectedConditions$7.apply(ExpectedConditions.java:206)
at org.openqa.selenium.support.ui.ExpectedConditions$7.apply(ExpectedConditions.java:202)
at org.openqa.selenium.support.ui.FluentWait.until(FluentWait.java:248)
at org.cts.oneframework.utilities.BasePageObject.waitForElementToLoad(BasePageObject.java:745)
at org.cts.oneframework.utilities.BasePageObject.waitForElementToLoad(BasePageObject.java:749)
at org.cts.oneframework.cucumber.pages.CartesAndBadgesPage.assertCreationDeSupportTitleAndFieldsInNouvelleCartesPage(CartesAndBadgesPage.java:1136)
at org.cts.oneframework.cucumber.stepdefinition.CartesAndBadgesStepDefs.creation_de_support_page_should_be_displayed_with_relevant_fields(CartesAndBadgesStepDefs.java:217)
at sun.reflect.NativeMethodAccessorImpl.invoke0(Native Method)
at sun.reflect.NativeMethodAccessorImpl.invoke(NativeMethodAccessorImpl.java:62)
at sun.reflect.DelegatingMethodAccessorImpl.invoke(DelegatingMethodAccessorImpl.java:43)
at java.lang.reflect.Method.invoke(Method.java:498)
at cucumber.runtime.Utils$1.call(Utils.java:26)
at cucumber.runtime.Timeout.timeout(Timeout.java:16)
at cucumber.runtime.Utils.invoke(Utils.java:20)
at cucumber.runtime.java.JavaStepDefinition.execute(JavaStepDefinition.java:49)
at cucumber.runner.PickleStepDefinitionMatch.runStep(PickleStepDefinitionMatch.java:50)
at cucumber.runner.TestStep.executeStep(TestStep.java:63)
at cucumber.runner.TestStep.run(TestStep.java:49)
at cucumber.runner.PickleStepTestStep.run(PickleStepTestStep.java:43)
at cucumber.runner.TestCase.run(TestCase.java:44)
at cucumber.runner.Runner.runPickle(Runner.java:40)
at cucumber.api.testng.TestNGCucumberRunner.runScenario(TestNGCucumberRunner.java:68)
at org.cts.oneframework.cucumber.AbstractTestNGCucumberTest.runScenario(AbstractTestNGCucumberTest.java:39)
at sun.reflect.GeneratedMethodAccessor8.invoke(Unknown Source)
at sun.reflect.DelegatingMethodAccessorImpl.invoke(DelegatingMethodAccessorImpl.java:43)
at java.lang.reflect.Method.invoke(Method.java:498)
at org.testng.internal.MethodInvocationHelper.invokeMethod(MethodInvocationHelper.java:124)
at org.testng.internal.Invoker.invokeMethod(Invoker.java:583)
at org.testng.internal.Invoker.invokeTestMethod(Invoker.java:719)
at org.testng.internal.Invoker.invokeTestMethods(Invoker.java:989)
at org.testng.internal.TestMethodWorker.invokeTestMethods(TestMethodWorker.java:125)
at org.testng.internal.TestMethodWorker.run(TestMethodWorker.java:109)
at java.util.concurrent.ThreadPoolExecutor.runWorker(ThreadPoolExecutor.java:1149)
at java.util.concurrent.ThreadPoolExecutor$Worker.run(ThreadPoolExecutor.java:624)
at java.lang.Thread.run(Thread.java:748)
]]>
            </full-stacktrace>
          </exception> <!-- org.openqa.selenium.TimeoutException -->
          <reporter-output>
          </reporter-output>
        </test-method> <!-- runScenario -->
        <test-method status="PASS" signature="runScenario(cucumber.api.testng.PickleEventWrapper, cucumber.api.testng.CucumberFeatureWrapper)[pri:0, instance:org.cts.oneframework.cucumber.testrunners.SmokeSuiteRunner@370736d9]" name="runScenario" duration-ms="1620" started-at="2019-12-06T09:15:50Z" description="Runs Cucumber Scenarios" data-provider="scenarios" finished-at="2019-12-06T09:15:52Z">
          <params>
            <param index="0">
              <value>
                <![CDATA["close browser"]]>
              </value>
            </param>
            <param index="1">
              <value>
                <![CDATA["Total_Fleet_CartesAndBadges"]]>
              </value>
            </param>
          </params>
          <reporter-output>
          </reporter-output>
        </test-method> <!-- runScenario -->
        <test-method status="PASS" signature="runScenario(cucumber.api.testng.PickleEventWrapper, cucumber.api.testng.CucumberFeatureWrapper)[pri:0, instance:org.cts.oneframework.cucumber.testrunners.SmokeSuiteRunner@370736d9]" name="runScenario" duration-ms="37788" started-at="2019-12-06T09:15:52Z" description="Runs Cucumber Scenarios" data-provider="scenarios" finished-at="2019-12-06T09:16:30Z">
          <params>
            <param index="0">
              <value>
                <![CDATA["TS_01_TC_01_Login_With_Valid_Credentials"]]>
              </value>
            </param>
            <param index="1">
              <value>
                <![CDATA["Total_Fleet_Collaborateurs"]]>
              </value>
            </param>
          </params>
          <reporter-output>
          </reporter-output>
        </test-method> <!-- runScenario -->
        <test-method status="PASS" signature="runScenario(cucumber.api.testng.PickleEventWrapper, cucumber.api.testng.CucumberFeatureWrapper)[pri:0, instance:org.cts.oneframework.cucumber.testrunners.SmokeSuiteRunner@370736d9]" name="runScenario" duration-ms="79785" started-at="2019-12-06T09:16:30Z" description="Runs Cucumber Scenarios" data-provider="scenarios" finished-at="2019-12-06T09:17:49Z">
          <params>
            <param index="0">
              <value>
                <![CDATA["TS_12_TC_13_Navigation to Contributor List Page"]]>
              </value>
            </param>
            <param index="1">
              <value>
                <![CDATA["Total_Fleet_Collaborateurs"]]>
              </value>
            </param>
          </params>
          <reporter-output>
          </reporter-output>
        </test-method> <!-- runScenario -->
        <test-method status="PASS" signature="runScenario(cucumber.api.testng.PickleEventWrapper, cucumber.api.testng.CucumberFeatureWrapper)[pri:0, instance:org.cts.oneframework.cucumber.testrunners.SmokeSuiteRunner@370736d9]" name="runScenario" duration-ms="1654" started-at="2019-12-06T09:17:49Z" description="Runs Cucumber Scenarios" data-provider="scenarios" finished-at="2019-12-06T09:17:51Z">
          <params>
            <param index="0">
              <value>
                <![CDATA["close browser"]]>
              </value>
            </param>
            <param index="1">
              <value>
                <![CDATA["Total_Fleet_Collaborateurs"]]>
              </value>
            </param>
          </params>
          <reporter-output>
          </reporter-output>
        </test-method> <!-- runScenario -->
        <test-method status="PASS" signature="runScenario(cucumber.api.testng.PickleEventWrapper, cucumber.api.testng.CucumberFeatureWrapper)[pri:0, instance:org.cts.oneframework.cucumber.testrunners.SmokeSuiteRunner@370736d9]" name="runScenario" duration-ms="39230" started-at="2019-12-06T09:17:51Z" description="Runs Cucumber Scenarios" data-provider="scenarios" finished-at="2019-12-06T09:18:30Z">
          <params>
            <param index="0">
              <value>
                <![CDATA["TS_01_TC_01_Login_With_Valid_Credentials"]]>
              </value>
            </param>
            <param index="1">
              <value>
                <![CDATA["Total_Fleet_Collaborateurs"]]>
              </value>
            </param>
          </params>
          <reporter-output>
          </reporter-output>
        </test-method> <!-- runScenario -->
        <test-method status="FAIL" signature="runScenario(cucumber.api.testng.PickleEventWrapper, cucumber.api.testng.CucumberFeatureWrapper)[pri:0, instance:org.cts.oneframework.cucumber.testrunners.SmokeSuiteRunner@370736d9]" name="runScenario" duration-ms="279620" started-at="2019-12-06T09:18:30Z" description="Runs Cucumber Scenarios" data-provider="scenarios" finished-at="2019-12-06T09:23:10Z">
          <params>
            <param index="0">
              <value>
                <![CDATA["TS_13_TC_14_Navigation to Contributor Detailed Page"]]>
              </value>
            </param>
            <param index="1">
              <value>
                <![CDATA["Total_Fleet_Collaborateurs"]]>
              </value>
            </param>
          </params>
          <exception class="org.openqa.selenium.TimeoutException">
            <message>
              <![CDATA[Expected condition failed: waiting for visibility of element located by By.xpath: //*[contains(text(),'Fiche collaborateur')] (tried for 200 second(s) with 1000 milliseconds interval)]]>
            </message>
            <full-stacktrace>
              <![CDATA[org.openqa.selenium.TimeoutException: Expected condition failed: waiting for visibility of element located by By.xpath: //*[contains(text(),'Fiche collaborateur')] (tried for 200 second(s) with 1000 milliseconds interval)
at org.openqa.selenium.support.ui.WebDriverWait.timeoutException(WebDriverWait.java:81)
at org.openqa.selenium.support.ui.FluentWait.until(FluentWait.java:271)
at org.cts.oneframework.utilities.BasePageObject.waitForElementToLoad(BasePageObject.java:745)
at org.cts.oneframework.utilities.BasePageObject.waitForElementToLoad(BasePageObject.java:749)
at org.cts.oneframework.cucumber.pages.CollaborateursPage.assertFicheCollaborateurTitleInDetailedPage(CollaborateursPage.java:391)
at org.cts.oneframework.cucumber.stepdefinition.CollaborateursStepDefs.collaborateur_Detailed_Page_should_be_displayed(CollaborateursStepDefs.java:51)
at ?.Collaborateur Detailed Page should be displayed with selected SelectCollaborateurNomInCollListPage and other tabs(src/test/resources/features/Collaborateurs.feature:81)
Caused by: org.openqa.selenium.NoSuchElementException: Cannot locate an element using By.xpath: //*[contains(text(),'Fiche collaborateur')]
For documentation on this error, please visit: http://seleniumhq.org/exceptions/no_such_element.html
Build info: version: '3.13.0', revision: '2f0d292', time: '2018-06-25T15:24:21.231Z'
System info: host: 'PC339926', ip: '10.219.66.4', os.name: 'Windows 10', os.arch: 'amd64', os.version: '10.0', java.version: '1.8.0_181'
Driver info: driver.version: unknown
at org.openqa.selenium.support.ui.ExpectedConditions.lambda$findElement$0(ExpectedConditions.java:896)
at java.util.Optional.orElseThrow(Optional.java:290)
at org.openqa.selenium.support.ui.ExpectedConditions.findElement(ExpectedConditions.java:895)
at org.openqa.selenium.support.ui.ExpectedConditions.access$000(ExpectedConditions.java:44)
at org.openqa.selenium.support.ui.ExpectedConditions$7.apply(ExpectedConditions.java:206)
at org.openqa.selenium.support.ui.ExpectedConditions$7.apply(ExpectedConditions.java:202)
at org.openqa.selenium.support.ui.FluentWait.until(FluentWait.java:248)
at org.cts.oneframework.utilities.BasePageObject.waitForElementToLoad(BasePageObject.java:745)
at org.cts.oneframework.utilities.BasePageObject.waitForElementToLoad(BasePageObject.java:749)
at org.cts.oneframework.cucumber.pages.CollaborateursPage.assertFicheCollaborateurTitleInDetailedPage(CollaborateursPage.java:391)
at org.cts.oneframework.cucumber.stepdefinition.CollaborateursStepDefs.collaborateur_Detailed_Page_should_be_displayed(CollaborateursStepDefs.java:51)
at sun.reflect.NativeMethodAccessorImpl.invoke0(Native Method)
at sun.reflect.NativeMethodAccessorImpl.invoke(NativeMethodAccessorImpl.java:62)
at sun.reflect.DelegatingMethodAccessorImpl.invoke(DelegatingMethodAccessorImpl.java:43)
at java.lang.reflect.Method.invoke(Method.java:498)
at cucumber.runtime.Utils$1.call(Utils.java:26)
at cucumber.runtime.Timeout.timeout(Timeout.java:16)
at cucumber.runtime.Utils.invoke(Utils.java:20)
at cucumber.runtime.java.JavaStepDefinition.execute(JavaStepDefinition.java:49)
at cucumber.runner.PickleStepDefinitionMatch.runStep(PickleStepDefinitionMatch.java:50)
at cucumber.runner.TestStep.executeStep(TestStep.java:63)
at cucumber.runner.TestStep.run(TestStep.java:49)
at cucumber.runner.PickleStepTestStep.run(PickleStepTestStep.java:43)
at cucumber.runner.TestCase.run(TestCase.java:44)
at cucumber.runner.Runner.runPickle(Runner.java:40)
at cucumber.api.testng.TestNGCucumberRunner.runScenario(TestNGCucumberRunner.java:68)
at org.cts.oneframework.cucumber.AbstractTestNGCucumberTest.runScenario(AbstractTestNGCucumberTest.java:39)
at sun.reflect.GeneratedMethodAccessor8.invoke(Unknown Source)
at sun.reflect.DelegatingMethodAccessorImpl.invoke(DelegatingMethodAccessorImpl.java:43)
at java.lang.reflect.Method.invoke(Method.java:498)
at org.testng.internal.MethodInvocationHelper.invokeMethod(MethodInvocationHelper.java:124)
at org.testng.internal.Invoker.invokeMethod(Invoker.java:583)
at org.testng.internal.Invoker.invokeTestMethod(Invoker.java:719)
at org.testng.internal.Invoker.invokeTestMethods(Invoker.java:989)
at org.testng.internal.TestMethodWorker.invokeTestMethods(TestMethodWorker.java:125)
at org.testng.internal.TestMethodWorker.run(TestMethodWorker.java:109)
at java.util.concurrent.ThreadPoolExecutor.runWorker(ThreadPoolExecutor.java:1149)
at java.util.concurrent.ThreadPoolExecutor$Worker.run(ThreadPoolExecutor.java:624)
at java.lang.Thread.run(Thread.java:748)
]]>
            </full-stacktrace>
          </exception> <!-- org.openqa.selenium.TimeoutException -->
          <reporter-output>
          </reporter-output>
        </test-method> <!-- runScenario -->
        <test-method status="PASS" signature="runScenario(cucumber.api.testng.PickleEventWrapper, cucumber.api.testng.CucumberFeatureWrapper)[pri:0, instance:org.cts.oneframework.cucumber.testrunners.SmokeSuiteRunner@370736d9]" name="runScenario" duration-ms="1468" started-at="2019-12-06T09:23:10Z" description="Runs Cucumber Scenarios" data-provider="scenarios" finished-at="2019-12-06T09:23:11Z">
          <params>
            <param index="0">
              <value>
                <![CDATA["close browser"]]>
              </value>
            </param>
            <param index="1">
              <value>
                <![CDATA["Total_Fleet_Collaborateurs"]]>
              </value>
            </param>
          </params>
          <reporter-output>
          </reporter-output>
        </test-method> <!-- runScenario -->
        <test-method status="PASS" signature="runScenario(cucumber.api.testng.PickleEventWrapper, cucumber.api.testng.CucumberFeatureWrapper)[pri:0, instance:org.cts.oneframework.cucumber.testrunners.SmokeSuiteRunner@370736d9]" name="runScenario" duration-ms="40246" started-at="2019-12-06T09:23:11Z" description="Runs Cucumber Scenarios" data-provider="scenarios" finished-at="2019-12-06T09:23:52Z">
          <params>
            <param index="0">
              <value>
                <![CDATA["TS_01_TC_01_Login_With_Valid_Credentials"]]>
              </value>
            </param>
            <param index="1">
              <value>
                <![CDATA["Total_Fleet_Collaborateurs"]]>
              </value>
            </param>
          </params>
          <reporter-output>
          </reporter-output>
        </test-method> <!-- runScenario -->
        <test-method status="PASS" signature="runScenario(cucumber.api.testng.PickleEventWrapper, cucumber.api.testng.CucumberFeatureWrapper)[pri:0, instance:org.cts.oneframework.cucumber.testrunners.SmokeSuiteRunner@370736d9]" name="runScenario" duration-ms="26000" started-at="2019-12-06T09:23:52Z" description="Runs Cucumber Scenarios" data-provider="scenarios" finished-at="2019-12-06T09:24:18Z">
          <params>
            <param index="0">
              <value>
                <![CDATA["TS_32_TC_43_Creation of Collaborateur with Annuler Flow"]]>
              </value>
            </param>
            <param index="1">
              <value>
                <![CDATA["Total_Fleet_Collaborateurs"]]>
              </value>
            </param>
          </params>
          <reporter-output>
          </reporter-output>
        </test-method> <!-- runScenario -->
        <test-method status="PASS" signature="runScenario(cucumber.api.testng.PickleEventWrapper, cucumber.api.testng.CucumberFeatureWrapper)[pri:0, instance:org.cts.oneframework.cucumber.testrunners.SmokeSuiteRunner@370736d9]" name="runScenario" duration-ms="1546" started-at="2019-12-06T09:24:18Z" description="Runs Cucumber Scenarios" data-provider="scenarios" finished-at="2019-12-06T09:24:19Z">
          <params>
            <param index="0">
              <value>
                <![CDATA["close browser"]]>
              </value>
            </param>
            <param index="1">
              <value>
                <![CDATA["Total_Fleet_Collaborateurs"]]>
              </value>
            </param>
          </params>
          <reporter-output>
          </reporter-output>
        </test-method> <!-- runScenario -->
        <test-method status="PASS" signature="runScenario(cucumber.api.testng.PickleEventWrapper, cucumber.api.testng.CucumberFeatureWrapper)[pri:0, instance:org.cts.oneframework.cucumber.testrunners.SmokeSuiteRunner@370736d9]" name="runScenario" duration-ms="39252" started-at="2019-12-06T09:24:19Z" description="Runs Cucumber Scenarios" data-provider="scenarios" finished-at="2019-12-06T09:24:58Z">
          <params>
            <param index="0">
              <value>
                <![CDATA["TS_01_TC_01_Login_With_Valid_Credentials"]]>
              </value>
            </param>
            <param index="1">
              <value>
                <![CDATA["Total_Fleet_ContratsFournisseurs"]]>
              </value>
            </param>
          </params>
          <reporter-output>
          </reporter-output>
        </test-method> <!-- runScenario -->
        <test-method status="PASS" signature="runScenario(cucumber.api.testng.PickleEventWrapper, cucumber.api.testng.CucumberFeatureWrapper)[pri:0, instance:org.cts.oneframework.cucumber.testrunners.SmokeSuiteRunner@370736d9]" name="runScenario" duration-ms="26317" started-at="2019-12-06T09:24:58Z" description="Runs Cucumber Scenarios" data-provider="scenarios" finished-at="2019-12-06T09:25:25Z">
          <params>
            <param index="0">
              <value>
                <![CDATA["TS_21_TS_22_TC_22_TC_23_Navigation to Contrats Fournisseurs List Page as well as Detailed Page"]]>
              </value>
            </param>
            <param index="1">
              <value>
                <![CDATA["Total_Fleet_ContratsFournisseurs"]]>
              </value>
            </param>
          </params>
          <reporter-output>
          </reporter-output>
        </test-method> <!-- runScenario -->
        <test-method status="PASS" signature="runScenario(cucumber.api.testng.PickleEventWrapper, cucumber.api.testng.CucumberFeatureWrapper)[pri:0, instance:org.cts.oneframework.cucumber.testrunners.SmokeSuiteRunner@370736d9]" name="runScenario" duration-ms="1517" started-at="2019-12-06T09:25:25Z" description="Runs Cucumber Scenarios" data-provider="scenarios" finished-at="2019-12-06T09:25:26Z">
          <params>
            <param index="0">
              <value>
                <![CDATA["close browser"]]>
              </value>
            </param>
            <param index="1">
              <value>
                <![CDATA["Total_Fleet_ContratsFournisseurs"]]>
              </value>
            </param>
          </params>
          <reporter-output>
          </reporter-output>
        </test-method> <!-- runScenario -->
        <test-method status="PASS" signature="runScenario(cucumber.api.testng.PickleEventWrapper, cucumber.api.testng.CucumberFeatureWrapper)[pri:0, instance:org.cts.oneframework.cucumber.testrunners.SmokeSuiteRunner@370736d9]" name="runScenario" duration-ms="35859" started-at="2019-12-06T09:25:26Z" description="Runs Cucumber Scenarios" data-provider="scenarios" finished-at="2019-12-06T09:26:02Z">
          <params>
            <param index="0">
              <value>
                <![CDATA["TS_01_TC_01_Login_With_Valid_Credentials"]]>
              </value>
            </param>
            <param index="1">
              <value>
                <![CDATA["Total_Fleet_Factures"]]>
              </value>
            </param>
          </params>
          <reporter-output>
          </reporter-output>
        </test-method> <!-- runScenario -->
        <test-method status="PASS" signature="runScenario(cucumber.api.testng.PickleEventWrapper, cucumber.api.testng.CucumberFeatureWrapper)[pri:0, instance:org.cts.oneframework.cucumber.testrunners.SmokeSuiteRunner@370736d9]" name="runScenario" duration-ms="17763" started-at="2019-12-06T09:26:02Z" description="Runs Cucumber Scenarios" data-provider="scenarios" finished-at="2019-12-06T09:26:20Z">
          <params>
            <param index="0">
              <value>
                <![CDATA["TS_23_TC_24_Navigation to Factures List Page"]]>
              </value>
            </param>
            <param index="1">
              <value>
                <![CDATA["Total_Fleet_Factures"]]>
              </value>
            </param>
          </params>
          <reporter-output>
          </reporter-output>
        </test-method> <!-- runScenario -->
        <test-method status="PASS" signature="runScenario(cucumber.api.testng.PickleEventWrapper, cucumber.api.testng.CucumberFeatureWrapper)[pri:0, instance:org.cts.oneframework.cucumber.testrunners.SmokeSuiteRunner@370736d9]" name="runScenario" duration-ms="16026" started-at="2019-12-06T09:26:20Z" description="Runs Cucumber Scenarios" data-provider="scenarios" finished-at="2019-12-06T09:26:36Z">
          <params>
            <param index="0">
              <value>
                <![CDATA["TS_38_TC_49_Manual Invoice Creation with Annuler Flow"]]>
              </value>
            </param>
            <param index="1">
              <value>
                <![CDATA["Total_Fleet_Factures"]]>
              </value>
            </param>
          </params>
          <reporter-output>
          </reporter-output>
        </test-method> <!-- runScenario -->
        <test-method status="PASS" signature="runScenario(cucumber.api.testng.PickleEventWrapper, cucumber.api.testng.CucumberFeatureWrapper)[pri:0, instance:org.cts.oneframework.cucumber.testrunners.SmokeSuiteRunner@370736d9]" name="runScenario" duration-ms="1644" started-at="2019-12-06T09:26:36Z" description="Runs Cucumber Scenarios" data-provider="scenarios" finished-at="2019-12-06T09:26:38Z">
          <params>
            <param index="0">
              <value>
                <![CDATA["close browser"]]>
              </value>
            </param>
            <param index="1">
              <value>
                <![CDATA["Total_Fleet_Factures"]]>
              </value>
            </param>
          </params>
          <reporter-output>
          </reporter-output>
        </test-method> <!-- runScenario -->
        <test-method status="PASS" signature="runScenario(cucumber.api.testng.PickleEventWrapper, cucumber.api.testng.CucumberFeatureWrapper)[pri:0, instance:org.cts.oneframework.cucumber.testrunners.SmokeSuiteRunner@370736d9]" name="runScenario" duration-ms="33836" started-at="2019-12-06T09:26:38Z" description="Runs Cucumber Scenarios" data-provider="scenarios" finished-at="2019-12-06T09:27:11Z">
          <params>
            <param index="0">
              <value>
                <![CDATA["TS_01_TC_01_Login_With_Valid_Credentials_Factures"]]>
              </value>
            </param>
            <param index="1">
              <value>
                <![CDATA["Total_Fleet_Factures"]]>
              </value>
            </param>
          </params>
          <reporter-output>
          </reporter-output>
        </test-method> <!-- runScenario -->
        <test-method status="FAIL" signature="runScenario(cucumber.api.testng.PickleEventWrapper, cucumber.api.testng.CucumberFeatureWrapper)[pri:0, instance:org.cts.oneframework.cucumber.testrunners.SmokeSuiteRunner@370736d9]" name="runScenario" duration-ms="36659" started-at="2019-12-06T09:27:11Z" description="Runs Cucumber Scenarios" data-provider="scenarios" finished-at="2019-12-06T09:27:48Z">
          <params>
            <param index="0">
              <value>
                <![CDATA["TS_24_TC_25_Verification of excel file download from Suivi D Integration Des Factures"]]>
              </value>
            </param>
            <param index="1">
              <value>
                <![CDATA["Total_Fleet_Factures"]]>
              </value>
            </param>
          </params>
          <exception class="java.lang.AssertionError">
            <message>
              <![CDATA[null]]>
            </message>
            <full-stacktrace>
              <![CDATA[java.lang.AssertionError: null
at org.testng.Assert.fail(Assert.java:96)
at org.testng.Assert.fail(Assert.java:103)
at org.cts.oneframework.utilities.AssertionLibrary.fail(AssertionLibrary.java:298)
at org.cts.oneframework.utilities.BasePageObject.readCSVHeader(BasePageObject.java:908)
at org.cts.oneframework.cucumber.pages.FacturesPage.readCSVOfFichier(FacturesPage.java:343)
at org.cts.oneframework.cucumber.stepdefinition.FacturesStepDefs.read_the_excel(FacturesStepDefs.java:117)
at ?.read the excel as Excel_ToBeCopiedIn_Suivi_D_Int_Des_Factues and check if excel contains Header_Title_In_FichierExcel_In_Suivi_D_Int_Des_Factures_Page(src/test/resources/features/Factures.feature:93)
]]>
            </full-stacktrace>
          </exception> <!-- java.lang.AssertionError -->
          <reporter-output>
          </reporter-output>
        </test-method> <!-- runScenario -->
        <test-method status="PASS" signature="runScenario(cucumber.api.testng.PickleEventWrapper, cucumber.api.testng.CucumberFeatureWrapper)[pri:0, instance:org.cts.oneframework.cucumber.testrunners.SmokeSuiteRunner@370736d9]" name="runScenario" duration-ms="1947" started-at="2019-12-06T09:27:48Z" description="Runs Cucumber Scenarios" data-provider="scenarios" finished-at="2019-12-06T09:27:50Z">
          <params>
            <param index="0">
              <value>
                <![CDATA["close browser"]]>
              </value>
            </param>
            <param index="1">
              <value>
                <![CDATA["Total_Fleet_Factures"]]>
              </value>
            </param>
          </params>
          <reporter-output>
          </reporter-output>
        </test-method> <!-- runScenario -->
        <test-method status="PASS" signature="runScenario(cucumber.api.testng.PickleEventWrapper, cucumber.api.testng.CucumberFeatureWrapper)[pri:0, instance:org.cts.oneframework.cucumber.testrunners.SmokeSuiteRunner@370736d9]" name="runScenario" duration-ms="34819" started-at="2019-12-06T09:27:50Z" description="Runs Cucumber Scenarios" data-provider="scenarios" finished-at="2019-12-06T09:28:25Z">
          <params>
            <param index="0">
              <value>
                <![CDATA["TS_01_TC_01_Login_With_Valid_Credentials"]]>
              </value>
            </param>
            <param index="1">
              <value>
                <![CDATA["Total_Fleet_Fiscalite"]]>
              </value>
            </param>
          </params>
          <reporter-output>
          </reporter-output>
        </test-method> <!-- runScenario -->
        <test-method status="PASS" signature="runScenario(cucumber.api.testng.PickleEventWrapper, cucumber.api.testng.CucumberFeatureWrapper)[pri:0, instance:org.cts.oneframework.cucumber.testrunners.SmokeSuiteRunner@370736d9]" name="runScenario" duration-ms="62071" started-at="2019-12-06T09:28:25Z" description="Runs Cucumber Scenarios" data-provider="scenarios" finished-at="2019-12-06T09:29:27Z">
          <params>
            <param index="0">
              <value>
                <![CDATA["TS_30_TC_31_verify all the five tabs are loading properly in the fiscalite portlet"]]>
              </value>
            </param>
            <param index="1">
              <value>
                <![CDATA["Total_Fleet_Fiscalite"]]>
              </value>
            </param>
          </params>
          <reporter-output>
          </reporter-output>
        </test-method> <!-- runScenario -->
        <test-method status="PASS" signature="runScenario(cucumber.api.testng.PickleEventWrapper, cucumber.api.testng.CucumberFeatureWrapper)[pri:0, instance:org.cts.oneframework.cucumber.testrunners.SmokeSuiteRunner@370736d9]" name="runScenario" duration-ms="33153" started-at="2019-12-06T09:29:27Z" description="Runs Cucumber Scenarios" data-provider="scenarios" finished-at="2019-12-06T09:30:00Z">
          <params>
            <param index="0">
              <value>
                <![CDATA["TS_30_TC_31_validation for ticpe and export"]]>
              </value>
            </param>
            <param index="1">
              <value>
[...]
Session ID: e423218907a1876552f1f0cf85b427b0
at sun.reflect.NativeConstructorAccessorImpl.newInstance0(Native Method)
at sun.reflect.NativeConstructorAccessorImpl.newInstance(NativeConstructorAccessorImpl.java:62)
at sun.reflect.DelegatingConstructorAccessorImpl.newInstance(DelegatingConstructorAccessorImpl.java:45)
at java.lang.reflect.Constructor.newInstance(Constructor.java:423)
at org.openqa.selenium.remote.ErrorHandler.createThrowable(ErrorHandler.java:214)
at org.openqa.selenium.remote.ErrorHandler.throwIfResponseFailed(ErrorHandler.java:166)
at org.openqa.selenium.remote.http.JsonHttpResponseCodec.reconstructValue(JsonHttpResponseCodec.java:40)
at org.openqa.selenium.remote.http.AbstractHttpResponseCodec.decode(AbstractHttpResponseCodec.java:80)
at org.openqa.selenium.remote.http.AbstractHttpResponseCodec.decode(AbstractHttpResponseCodec.java:44)
at org.openqa.selenium.remote.HttpCommandExecutor.execute(HttpCommandExecutor.java:158)
at org.openqa.selenium.remote.service.DriverCommandExecutor.execute(DriverCommandExecutor.java:83)
at org.openqa.selenium.remote.RemoteWebDriver.execute(RemoteWebDriver.java:548)
at org.openqa.selenium.remote.RemoteWebElement.execute(RemoteWebElement.java:276)
at org.openqa.selenium.remote.RemoteWebElement.click(RemoteWebElement.java:83)
at org.cts.oneframework.utilities.BasePageObject.clickElement(BasePageObject.java:587)
at org.cts.oneframework.utilities.BasePageObject.clickElement(BasePageObject.java:578)
at org.cts.oneframework.cucumber.pages.CommonPage.clickAccueilLinkInLeftPane(CommonPage.java:101)
at org.cts.oneframework.cucumber.stepdefinition.CommonStepDefs.user_clicks_on_Accueil_in_left_pane_total_home_page_should_be_displayed(CommonStepDefs.java:54)
at ?.user clicks on Accueil in left pane total home page should be displayed(src/test/resources/features/TousVosVehicules.feature:245)
]]>
            </full-stacktrace>
          </exception> <!-- org.openqa.selenium.WebDriverException -->
          <reporter-output>
          </reporter-output>
        </test-method> <!-- runScenario -->
        <test-method status="FAIL" signature="runScenario(cucumber.api.testng.PickleEventWrapper, cucumber.api.testng.CucumberFeatureWrapper)[pri:0, instance:org.cts.oneframework.cucumber.testrunners.SmokeSuiteRunner@370736d9]" name="runScenario" duration-ms="41014" started-at="2019-12-06T10:35:08Z" description="Runs Cucumber Scenarios" data-provider="scenarios" finished-at="2019-12-06T10:35:49Z">
          <params>
            <param index="0">
              <value>
                <![CDATA["TS_37_TC_48_To assign a vehicle for contributor with AEN set up"]]>
              </value>
            </param>
            <param index="1">
              <value>
                <![CDATA["Total_Fleet_TousVosVehicules"]]>
              </value>
            </param>
          </params>
          <exception class="org.openqa.selenium.WebDriverException">
            <message>
              <![CDATA[chrome not reachable
  (Session info: chrome=75.0.3770.90)
  (Driver info: chromedriver=2.44.609538 (b655c5a60b0b544917107a59d4153d4bf78e1b90),platform=Windows NT 10.0.17763 x86_64) (WARNING: The server did not provide any stacktrace information)
Command duration or timeout: 0 milliseconds
Build info: version: '3.13.0', revision: '2f0d292', time: '2018-06-25T15:24:21.231Z'
System info: host: 'PC339926', ip: '10.219.66.4', os.name: 'Windows 10', os.arch: 'amd64', os.version: '10.0', java.version: '1.8.0_181'
Driver info: org.openqa.selenium.chrome.ChromeDriver
Capabilities {acceptInsecureCerts: false, acceptSslCerts: false, applicationCacheEnabled: false, browserConnectionEnabled: false, browserName: chrome, chrome: {chromedriverVersion: 2.44.609538 (b655c5a60b0b54..., userDataDir: C:\Users\593611\AppData\Loc...}, cssSelectorsEnabled: true, databaseEnabled: false, goog:chromeOptions: {debuggerAddress: localhost:65237}, handlesAlerts: true, hasTouchScreen: false, javascriptEnabled: true, locationContextEnabled: true, mobileEmulationEnabled: false, nativeEvents: true, networkConnectionEnabled: false, pageLoadStrategy: normal, platform: XP, platformName: XP, rotatable: false, setWindowRect: true, takesHeapSnapshot: true, takesScreenshot: true, unexpectedAlertBehaviour: ignore, unhandledPromptBehavior: ignore, version: 75.0.3770.90, webStorageEnabled: true}
Session ID: e423218907a1876552f1f0cf85b427b0
*** Element info: {Using=xpath, value=//*[@id='selectVehicleSpan']//*[contains(@role,'combobox')]}]]>
            </message>
            <full-stacktrace>
              <![CDATA[org.openqa.selenium.WebDriverException: chrome not reachable
  (Session info: chrome=75.0.3770.90)
  (Driver info: chromedriver=2.44.609538 (b655c5a60b0b544917107a59d4153d4bf78e1b90),platform=Windows NT 10.0.17763 x86_64) (WARNING: The server did not provide any stacktrace information)
Command duration or timeout: 0 milliseconds
Build info: version: '3.13.0', revision: '2f0d292', time: '2018-06-25T15:24:21.231Z'
System info: host: 'PC339926', ip: '10.219.66.4', os.name: 'Windows 10', os.arch: 'amd64', os.version: '10.0', java.version: '1.8.0_181'
Driver info: org.openqa.selenium.chrome.ChromeDriver
Capabilities {acceptInsecureCerts: false, acceptSslCerts: false, applicationCacheEnabled: false, browserConnectionEnabled: false, browserName: chrome, chrome: {chromedriverVersion: 2.44.609538 (b655c5a60b0b54..., userDataDir: C:\Users\593611\AppData\Loc...}, cssSelectorsEnabled: true, databaseEnabled: false, goog:chromeOptions: {debuggerAddress: localhost:65237}, handlesAlerts: true, hasTouchScreen: false, javascriptEnabled: true, locationContextEnabled: true, mobileEmulationEnabled: false, nativeEvents: true, networkConnectionEnabled: false, pageLoadStrategy: normal, platform: XP, platformName: XP, rotatable: false, setWindowRect: true, takesHeapSnapshot: true, takesScreenshot: true, unexpectedAlertBehaviour: ignore, unhandledPromptBehavior: ignore, version: 75.0.3770.90, webStorageEnabled: true}
Session ID: e423218907a1876552f1f0cf85b427b0
*** Element info: {Using=xpath, value=//*[@id='selectVehicleSpan']//*[contains(@role,'combobox')]}
at sun.reflect.NativeConstructorAccessorImpl.newInstance0(Native Method)
at sun.reflect.NativeConstructorAccessorImpl.newInstance(NativeConstructorAccessorImpl.java:62)
at sun.reflect.DelegatingConstructorAccessorImpl.newInstance(DelegatingConstructorAccessorImpl.java:45)
at java.lang.reflect.Constructor.newInstance(Constructor.java:423)
at org.openqa.selenium.remote.ErrorHandler.createThrowable(ErrorHandler.java:214)
at org.openqa.selenium.remote.ErrorHandler.throwIfResponseFailed(ErrorHandler.java:166)
at org.openqa.selenium.remote.http.JsonHttpResponseCodec.reconstructValue(JsonHttpResponseCodec.java:40)
at org.openqa.selenium.remote.http.AbstractHttpResponseCodec.decode(AbstractHttpResponseCodec.java:80)
at org.openqa.selenium.remote.http.AbstractHttpResponseCodec.decode(AbstractHttpResponseCodec.java:44)
at org.openqa.selenium.remote.HttpCommandExecutor.execute(HttpCommandExecutor.java:158)
at org.openqa.selenium.remote.service.DriverCommandExecutor.execute(DriverCommandExecutor.java:83)
at org.openqa.selenium.remote.RemoteWebDriver.execute(RemoteWebDriver.java:548)
at org.openqa.selenium.remote.RemoteWebDriver.findElement(RemoteWebDriver.java:322)
at org.openqa.selenium.remote.RemoteWebDriver.findElementByXPath(RemoteWebDriver.java:424)
at org.openqa.selenium.By$ByXPath.findElement(By.java:353)
at org.openqa.selenium.remote.RemoteWebDriver.findElement(RemoteWebDriver.java:314)
at org.cts.oneframework.utilities.BasePageObject$1.apply(BasePageObject.java:118)
at org.cts.oneframework.utilities.BasePageObject$1.apply(BasePageObject.java:1)
at org.openqa.selenium.support.ui.FluentWait.until(FluentWait.java:248)
at org.cts.oneframework.utilities.BasePageObject.getElement(BasePageObject.java:115)
at org.cts.oneframework.utilities.BasePageObject.clickElement(BasePageObject.java:587)
at org.cts.oneframework.utilities.BasePageObject.clickElement(BasePageObject.java:578)
at org.cts.oneframework.cucumber.pages.TousVosVehiculesPage.click_vehiculeIDDropdown_selectionnerunvehiculeexistantPopupCollaborateurDetailedPage(TousVosVehiculesPage.java:196)
at org.cts.oneframework.cucumber.stepdefinition.TousVosVehiculesStepDefs.user_should_click_suivant_button_by_entering_all_the_mandate_fields_in_selectionner_un_vehicule_existant_tab(TousVosVehiculesStepDefs.java:282)
at ?.user should click suivant button by entering all the mandate fields such asEntervehiculeIDinSelectionnerunvehiculeexistantpopup SelectDateInDateDEffetInCollaborateurDetailedPage SelectMonthInDateDEffetInCollaborateurDetailedPage SelectYearInDateDEffetInCollaborateurDetailedPage enterhhDateEtHeureDeffetVehiculeAssignment entermmDateEtHeureDeffetVehiculeAssignmentin selectionner un vehicule existant tab(src/test/resources/features/TousVosVehicules.feature:264)
]]>
            </full-stacktrace>
          </exception> <!-- org.openqa.selenium.WebDriverException -->
          <reporter-output>
          </reporter-output>
        </test-method> <!-- runScenario -->
        <test-method status="PASS" signature="runScenario(cucumber.api.testng.PickleEventWrapper, cucumber.api.testng.CucumberFeatureWrapper)[pri:0, instance:org.cts.oneframework.cucumber.testrunners.SmokeSuiteRunner@370736d9]" name="runScenario" duration-ms="1109" started-at="2019-12-06T10:35:49Z" description="Runs Cucumber Scenarios" data-provider="scenarios" finished-at="2019-12-06T10:35:50Z">
          <params>
            <param index="0">
              <value>
                <![CDATA["close browser"]]>
              </value>
            </param>
            <param index="1">
              <value>
                <![CDATA["Total_Fleet_TousVosVehicules"]]>
              </value>
            </param>
          </params>
          <reporter-output>
          </reporter-output>
        </test-method> <!-- runScenario -->
        <test-method status="PASS" signature="runScenario(cucumber.api.testng.PickleEventWrapper, cucumber.api.testng.CucumberFeatureWrapper)[pri:0, instance:org.cts.oneframework.cucumber.testrunners.SmokeSuiteRunner@370736d9]" name="runScenario" duration-ms="34752" started-at="2019-12-06T10:35:50Z" description="Runs Cucumber Scenarios" data-provider="scenarios" finished-at="2019-12-06T10:36:25Z">
          <params>
            <param index="0">
              <value>
                <![CDATA["TS_01_TC_01_Login_With_Valid_Credentials_Vos_Alertes"]]>
              </value>
            </param>
            <param index="1">
              <value>
                <![CDATA["Total_Fleet_Factures"]]>
              </value>
            </param>
          </params>
          <reporter-output>
          </reporter-output>
        </test-method> <!-- runScenario -->
        <test-method status="PASS" signature="runScenario(cucumber.api.testng.PickleEventWrapper, cucumber.api.testng.CucumberFeatureWrapper)[pri:0, instance:org.cts.oneframework.cucumber.testrunners.SmokeSuiteRunner@370736d9]" name="runScenario" duration-ms="36575" started-at="2019-12-06T10:36:25Z" description="Runs Cucumber Scenarios" data-provider="scenarios" finished-at="2019-12-06T10:37:02Z">
          <params>
            <param index="0">
              <value>
                <![CDATA["TS_28_TC_29_Validate Alertes List Page"]]>
              </value>
            </param>
            <param index="1">
              <value>
                <![CDATA["Total_Fleet_Factures"]]>
              </value>
            </param>
          </params>
          <reporter-output>
          </reporter-output>
        </test-method> <!-- runScenario -->
        <test-method status="FAIL" signature="runScenario(cucumber.api.testng.PickleEventWrapper, cucumber.api.testng.CucumberFeatureWrapper)[pri:0, instance:org.cts.oneframework.cucumber.testrunners.SmokeSuiteRunner@370736d9]" name="runScenario" duration-ms="3322" started-at="2019-12-06T10:37:02Z" description="Runs Cucumber Scenarios" data-provider="scenarios" finished-at="2019-12-06T10:37:05Z">
          <params>
            <param index="0">
              <value>
                <![CDATA["TS_29_TC_30_Validate Date De Declenchment Filter in Alertes List Page"]]>
              </value>
            </param>
            <param index="1">
              <value>
                <![CDATA["Total_Fleet_Factures"]]>
              </value>
            </param>
          </params>
          <exception class="org.openqa.selenium.WebDriverException">
            <message>
              <![CDATA[unknown error: Element <a oncontextmenu="return false;" class="open alerts_and_fines " aria-labelledby="layout_5" href="https://fleetonline.pprod.uap.total.com/private/guest/alerts-and-fines" aria-haspopup="true" role="menuitem">...</a> is not clickable at point (110, 222). Other element would receive the click: <div class="ui-widget-overlay ui-front" style="z-index: 10001;"></div>
  (Session info: chrome=75.0.3770.90)
  (Driver info: chromedriver=2.44.609538 (b655c5a60b0b544917107a59d4153d4bf78e1b90),platform=Windows NT 10.0.17763 x86_64) (WARNING: The server did not provide any stacktrace information)
Command duration or timeout: 0 milliseconds
Build info: version: '3.13.0', revision: '2f0d292', time: '2018-06-25T15:24:21.231Z'
System info: host: 'PC339926', ip: '10.219.66.4', os.name: 'Windows 10', os.arch: 'amd64', os.version: '10.0', java.version: '1.8.0_181'
Driver info: org.openqa.selenium.chrome.ChromeDriver
Capabilities {acceptInsecureCerts: false, acceptSslCerts: false, applicationCacheEnabled: false, browserConnectionEnabled: false, browserName: chrome, chrome: {chromedriverVersion: 2.44.609538 (b655c5a60b0b54..., userDataDir: C:\Users\593611\AppData\Loc...}, cssSelectorsEnabled: true, databaseEnabled: false, goog:chromeOptions: {debuggerAddress: localhost:65318}, handlesAlerts: true, hasTouchScreen: false, javascriptEnabled: true, locationContextEnabled: true, mobileEmulationEnabled: false, nativeEvents: true, networkConnectionEnabled: false, pageLoadStrategy: normal, platform: XP, platformName: XP, rotatable: false, setWindowRect: true, takesHeapSnapshot: true, takesScreenshot: true, unexpectedAlertBehaviour: ignore, unhandledPromptBehavior: ignore, version: 75.0.3770.90, webStorageEnabled: true}
Session ID: 134505ea789dcb48548c459a1562defb]]>
            </message>
            <full-stacktrace>
              <![CDATA[org.openqa.selenium.WebDriverException: unknown error: Element <a oncontextmenu="return false;" class="open alerts_and_fines " aria-labelledby="layout_5" href="https://fleetonline.pprod.uap.total.com/private/guest/alerts-and-fines" aria-haspopup="true" role="menuitem">...</a> is not clickable at point (110, 222). Other element would receive the click: <div class="ui-widget-overlay ui-front" style="z-index: 10001;"></div>
  (Session info: chrome=75.0.3770.90)
  (Driver info: chromedriver=2.44.609538 (b655c5a60b0b544917107a59d4153d4bf78e1b90),platform=Windows NT 10.0.17763 x86_64) (WARNING: The server did not provide any stacktrace information)
Command duration or timeout: 0 milliseconds
Build info: version: '3.13.0', revision: '2f0d292', time: '2018-06-25T15:24:21.231Z'
System info: host: 'PC339926', ip: '10.219.66.4', os.name: 'Windows 10', os.arch: 'amd64', os.version: '10.0', java.version: '1.8.0_181'
Driver info: org.openqa.selenium.chrome.ChromeDriver
Capabilities {acceptInsecureCerts: false, acceptSslCerts: false, applicationCacheEnabled: false, browserConnectionEnabled: false, browserName: chrome, chrome: {chromedriverVersion: 2.44.609538 (b655c5a60b0b54..., userDataDir: C:\Users\593611\AppData\Loc...}, cssSelectorsEnabled: true, databaseEnabled: false, goog:chromeOptions: {debuggerAddress: localhost:65318}, handlesAlerts: true, hasTouchScreen: false, javascriptEnabled: true, locationContextEnabled: true, mobileEmulationEnabled: false, nativeEvents: true, networkConnectionEnabled: false, pageLoadStrategy: normal, platform: XP, platformName: XP, rotatable: false, setWindowRect: true, takesHeapSnapshot: true, takesScreenshot: true, unexpectedAlertBehaviour: ignore, unhandledPromptBehavior: ignore, version: 75.0.3770.90, webStorageEnabled: true}
Session ID: 134505ea789dcb48548c459a1562defb
at sun.reflect.NativeConstructorAccessorImpl.newInstance0(Native Method)
at sun.reflect.NativeConstructorAccessorImpl.newInstance(NativeConstructorAccessorImpl.java:62)
at sun.reflect.DelegatingConstructorAccessorImpl.newInstance(DelegatingConstructorAccessorImpl.java:45)
at java.lang.reflect.Constructor.newInstance(Constructor.java:423)
at org.openqa.selenium.remote.ErrorHandler.createThrowable(ErrorHandler.java:214)
at org.openqa.selenium.remote.ErrorHandler.throwIfResponseFailed(ErrorHandler.java:166)
at org.openqa.selenium.remote.http.JsonHttpResponseCodec.reconstructValue(JsonHttpResponseCodec.java:40)
at org.openqa.selenium.remote.http.AbstractHttpResponseCodec.decode(AbstractHttpResponseCodec.java:80)
at org.openqa.selenium.remote.http.AbstractHttpResponseCodec.decode(AbstractHttpResponseCodec.java:44)
at org.openqa.selenium.remote.HttpCommandExecutor.execute(HttpCommandExecutor.java:158)
at org.openqa.selenium.remote.service.DriverCommandExecutor.execute(DriverCommandExecutor.java:83)
at org.openqa.selenium.remote.RemoteWebDriver.execute(RemoteWebDriver.java:548)
at org.openqa.selenium.remote.RemoteWebElement.execute(RemoteWebElement.java:276)
at org.openqa.selenium.remote.RemoteWebElement.click(RemoteWebElement.java:83)
at org.cts.oneframework.utilities.BasePageObject.clickElement(BasePageObject.java:587)
at org.cts.oneframework.utilities.BasePageObject.clickElement(BasePageObject.java:578)
at org.cts.oneframework.cucumber.pages.VosAlertesPage.clickImgAlertesDeAmendesInLeftPane(VosAlertesPage.java:55)
at org.cts.oneframework.cucumber.stepdefinition.VosAlertesStepDefs.vos_alertes_under_alertes_et_amendes_is_clicked_on_left_pane(VosAlertesStepDefs.java:21)
at ?.vos alertes under alertes et amendes is clicked on left pane(src/test/resources/features/VosAlertes.feature:55)
]]>
            </full-stacktrace>
          </exception> <!-- org.openqa.selenium.WebDriverException -->
          <reporter-output>
          </reporter-output>
        </test-method> <!-- runScenario -->
        <test-method status="PASS" signature="runScenario(cucumber.api.testng.PickleEventWrapper, cucumber.api.testng.CucumberFeatureWrapper)[pri:0, instance:org.cts.oneframework.cucumber.testrunners.SmokeSuiteRunner@370736d9]" name="runScenario" duration-ms="1464" started-at="2019-12-06T10:37:05Z" description="Runs Cucumber Scenarios" data-provider="scenarios" finished-at="2019-12-06T10:37:07Z">
          <params>
            <param index="0">
              <value>
                <![CDATA["close browser"]]>
              </value>
            </param>
            <param index="1">
              <value>
                <![CDATA["Total_Fleet_Factures"]]>
              </value>
            </param>
          </params>
          <reporter-output>
          </reporter-output>
        </test-method> <!-- runScenario -->
        <test-method status="PASS" signature="tearDownClass()[pri:0, instance:org.cts.oneframework.cucumber.testrunners.SmokeSuiteRunner@370736d9]" name="tearDownClass" is-config="true" duration-ms="1797" started-at="2019-12-06T10:37:07Z" finished-at="2019-12-06T10:37:08Z">
          <reporter-output>
          </reporter-output>
        </test-method> <!-- tearDownClass -->
      </class> <!-- org.cts.oneframework.cucumber.testrunners.SmokeSuiteRunner -->
    </test> <!-- TotalFleetSmokeTestCases -->
  </suite> <!-- TotalFleetSmokeSuite -->
</testng-results>
