<?xml version="1.0" encoding="UTF-8"?>
<testng-results skipped="0" failed="26" ignored="0" total="105" passed="79">
  <reporter-output>
  </reporter-output>
  <suite name="TotalFleetSmokeSuite" duration-ms="6019249" started-at="2019-12-06T08:56:49Z" finished-at="2019-12-06T10:37:08Z">
    <groups>
      <group name="cucumber">
        <method signature="AbstractTestNGCucumberTest.runScenario(cucumber.api.testng.PickleEventWrapper, cucumber.api.testng.CucumberFeatureWrapper)[pri:0, instance:org.cts.oneframework.cucumber.testrunners.SmokeSuiteRunner@370736d9]" name="runScenario" class="org.cts.oneframework.cucumber.AbstractTestNGCucumberTest"/>
      </group> <!-- cucumber -->
    </groups>
    <test name="TotalFleetSmokeTestCases" duration-ms="6019249" started-at="2019-12-06T08:56:49Z" finished-at="2019-12-06T10:37:08Z">
      <class name="org.cts.oneframework.cucumber.testrunners.SmokeSuiteRunner">
        <test-method status="PASS" signature="setUpClass()[pri:0, instance:org.cts.oneframework.cucumber.testrunners.SmokeSuiteRunner@370736d9]" name="setUpClass" is-config="true" duration-ms="195" started-at="2019-12-06T08:56:49Z" finished-at="2019-12-06T08:56:49Z">
          <reporter-output>
          </reporter-output>
        </test-method> <!-- setUpClass -->
        <test-method status="PASS" signature="runScenario(cucumber.api.testng.PickleEventWrapper, cucumber.api.testng.CucumberFeatureWrapper)[pri:0, instance:org.cts.oneframework.cucumber.testrunners.SmokeSuiteRunner@370736d9]" name="runScenario" duration-ms="32051" started-at="2019-12-06T08:56:50Z" description="Runs Cucumber Scenarios" data-provider="scenarios" finished-at="2019-12-06T08:57:22Z">
          <params>
            <param index="0">
              <value>
                <![CDATA["TS_01_TC_01_Login_With_Invalid_Credentials"]]>
              </value>
            </param>
            <param index="1">
              <value>
                <![CDATA["Total_Fleet_Accueil"]]>
              </value>
            </param>
          </params>
          <reporter-output>
          </reporter-output>
        </test-method> <!-- runScenario -->
        <test-method status="PASS" signature="runScenario(cucumber.api.testng.PickleEventWrapper, cucumber.api.testng.CucumberFeatureWrapper)[pri:0, instance:org.cts.oneframework.cucumber.testrunners.SmokeSuiteRunner@370736d9]" name="runScenario" duration-ms="30721" started-at="2019-12-06T08:57:22Z" description="Runs Cucumber Scenarios" data-provider="scenarios" finished-at="2019-12-06T08:57:52Z">
          <params>
            <param index="0">
              <value>
                <![CDATA["TS_01_TC_01_Login_With_Valid_Credentials"]]>
              </value>
            </param>
            <param index="1">
              <value>
                <![CDATA["Total_Fleet_Accueil"]]>
              </value>
            </param>
          </params>
          <reporter-output>
          </reporter-output>
        </test-method> <!-- runScenario -->
        <test-method status="PASS" signature="runScenario(cucumber.api.testng.PickleEventWrapper, cucumber.api.testng.CucumberFeatureWrapper)[pri:0, instance:org.cts.oneframework.cucumber.testrunners.SmokeSuiteRunner@370736d9]" name="runScenario" duration-ms="10695" started-at="2019-12-06T08:57:52Z" description="Runs Cucumber Scenarios" data-provider="scenarios" finished-at="2019-12-06T08:58:03Z">
          <params>
            <param index="0">
              <value>
                <![CDATA["TS_03_TC_03_verify home page sections and left menu"]]>
              </value>
            </param>
            <param index="1">
              <value>
                <![CDATA["Total_Fleet_Accueil"]]>
              </value>
            </param>
          </params>
          <reporter-output>
          </reporter-output>
        </test-method> <!-- runScenario -->
        <test-method status="PASS" signature="runScenario(cucumber.api.testng.PickleEventWrapper, cucumber.api.testng.CucumberFeatureWrapper)[pri:0, instance:org.cts.oneframework.cucumber.testrunners.SmokeSuiteRunner@370736d9]" name="runScenario" duration-ms="9258" started-at="2019-12-06T08:58:03Z" description="Runs Cucumber Scenarios" data-provider="scenarios" finished-at="2019-12-06T08:58:12Z">
          <params>
            <param index="0">
              <value>
                <![CDATA["TS_05_TC_06_verify Votre Parc Section"]]>
              </value>
            </param>
            <param index="1">
              <value>
                <![CDATA["Total_Fleet_Accueil"]]>
              </value>
            </param>
          </params>
          <reporter-output>
          </reporter-output>
        </test-method> <!-- runScenario -->
        <test-method status="PASS" signature="runScenario(cucumber.api.testng.PickleEventWrapper, cucumber.api.testng.CucumberFeatureWrapper)[pri:0, instance:org.cts.oneframework.cucumber.testrunners.SmokeSuiteRunner@370736d9]" name="runScenario" duration-ms="5381" started-at="2019-12-06T08:58:12Z" description="Runs Cucumber Scenarios" data-provider="scenarios" finished-at="2019-12-06T08:58:18Z">
          <params>
            <param index="0">
              <value>
                <![CDATA["TS_06_TC_07_verify Prix Bareme Total section"]]>
              </value>
            </param>
            <param index="1">
              <value>
                <![CDATA["Total_Fleet_Accueil"]]>
              </value>
            </param>
          </params>
          <reporter-output>
          </reporter-output>
        </test-method> <!-- runScenario -->
        <test-method status="PASS" signature="runScenario(cucumber.api.testng.PickleEventWrapper, cucumber.api.testng.CucumberFeatureWrapper)[pri:0, instance:org.cts.oneframework.cucumber.testrunners.SmokeSuiteRunner@370736d9]" name="runScenario" duration-ms="1445" started-at="2019-12-06T08:58:18Z" description="Runs Cucumber Scenarios" data-provider="scenarios" finished-at="2019-12-06T08:58:19Z">
          <params>
            <param index="0">
              <value>
                <![CDATA["close browser"]]>
              </value>
            </param>
            <param index="1">
              <value>
                <![CDATA["Total_Fleet_Accueil"]]>
              </value>
            </param>
          </params>
          <reporter-output>
          </reporter-output>
        </test-method> <!-- runScenario -->
        <test-method status="PASS" signature="runScenario(cucumber.api.testng.PickleEventWrapper, cucumber.api.testng.CucumberFeatureWrapper)[pri:0, instance:org.cts.oneframework.cucumber.testrunners.SmokeSuiteRunner@370736d9]" name="runScenario" duration-ms="37106" started-at="2019-12-06T08:58:19Z" description="Runs Cucumber Scenarios" data-provider="scenarios" finished-at="2019-12-06T08:58:56Z">
          <params>
            <param index="0">
              <value>
                <![CDATA["TS_01_TC_01_Login_With_Valid_Credentials"]]>
              </value>
            </param>
            <param index="1">
              <value>
                <![CDATA["Total_Fleet_AvisDAmendes"]]>
              </value>
            </param>
          </params>
          <reporter-output>
          </reporter-output>
        </test-method> <!-- runScenario -->
        <test-method status="PASS" signature="runScenario(cucumber.api.testng.PickleEventWrapper, cucumber.api.testng.CucumberFeatureWrapper)[pri:0, instance:org.cts.oneframework.cucumber.testrunners.SmokeSuiteRunner@370736d9]" name="runScenario" duration-ms="18981" started-at="2019-12-06T08:58:56Z" description="Runs Cucumber Scenarios" data-provider="scenarios" finished-at="2019-12-06T08:59:15Z">
          <params>
            <param index="0">
              <value>
                <![CDATA["TS_36_TC_47_Navigation to Amende creation page"]]>
              </value>
            </param>
            <param index="1">
              <value>
                <![CDATA["Total_Fleet_AvisDAmendes"]]>
              </value>
            </param>
          </params>
          <reporter-output>
          </reporter-output>
        </test-method> <!-- runScenario -->
        <test-method status="PASS" signature="runScenario(cucumber.api.testng.PickleEventWrapper, cucumber.api.testng.CucumberFeatureWrapper)[pri:0, instance:org.cts.oneframework.cucumber.testrunners.SmokeSuiteRunner@370736d9]" name="runScenario" duration-ms="13302" started-at="2019-12-06T08:59:15Z" description="Runs Cucumber Scenarios" data-provider="scenarios" finished-at="2019-12-06T08:59:29Z">
          <params>
            <param index="0">
              <value>
                <![CDATA["TS_36_TC_47_Validation for amende creation page with annuler flow"]]>
              </value>
            </param>
            <param index="1">
              <value>
                <![CDATA["Total_Fleet_AvisDAmendes"]]>
              </value>
            </param>
          </params>
          <reporter-output>
          </reporter-output>
        </test-method> <!-- runScenario -->
        <test-method status="PASS" signature="runScenario(cucumber.api.testng.PickleEventWrapper, cucumber.api.testng.CucumberFeatureWrapper)[pri:0, instance:org.cts.oneframework.cucumber.testrunners.SmokeSuiteRunner@370736d9]" name="runScenario" duration-ms="1430" started-at="2019-12-06T08:59:29Z" description="Runs Cucumber Scenarios" data-provider="scenarios" finished-at="2019-12-06T08:59:30Z">
          <params>
            <param index="0">
              <value>
                <![CDATA["close browser"]]>
              </value>
            </param>
            <param index="1">
              <value>
                <![CDATA["Total_Fleet_AvisDAmendes"]]>
              </value>
            </param>
          </params>
          <reporter-output>
          </reporter-output>
        </test-method> <!-- runScenario -->
        <test-method status="PASS" signature="runScenario(cucumber.api.testng.PickleEventWrapper, cucumber.api.testng.CucumberFeatureWrapper)[pri:0, instance:org.cts.oneframework.cucumber.testrunners.SmokeSuiteRunner@370736d9]" name="runScenario" duration-ms="34908" started-at="2019-12-06T08:59:30Z" description="Runs Cucumber Scenarios" data-provider="scenarios" finished-at="2019-12-06T09:00:05Z">
          <params>
            <param index="0">
              <value>
                <![CDATA["TS_01_TC_01_Login_With_Valid_Credentials"]]>
              </value>
            </param>
            <param index="1">
              <value>
                <![CDATA["Total_Fleet_AvisDAmendes"]]>
              </value>
            </param>
          </params>
          <reporter-output>
          </reporter-output>
        </test-method> <!-- runScenario -->
        <test-method status="PASS" signature="runScenario(cucumber.api.testng.PickleEventWrapper, cucumber.api.testng.CucumberFeatureWrapper)[pri:0, instance:org.cts.oneframework.cucumber.testrunners.SmokeSuiteRunner@370736d9]" name="runScenario" duration-ms="24350" started-at="2019-12-06T09:00:05Z" description="Runs Cucumber Scenarios" data-provider="scenarios" finished-at="2019-12-06T09:00:29Z">
          <params>
            <param index="0">
              <value>
                <![CDATA["TS_34_TC_45_Verify if the user is able to view the fine list page"]]>
              </value>
            </param>
            <param index="1">
              <value>
                <![CDATA["Total_Fleet_AvisDAmendes"]]>
              </value>
            </param>
          </params>
          <reporter-output>
          </reporter-output>
        </test-method> <!-- runScenario -->
        <test-method status="PASS" signature="runScenario(cucumber.api.testng.PickleEventWrapper, cucumber.api.testng.CucumberFeatureWrapper)[pri:0, instance:org.cts.oneframework.cucumber.testrunners.SmokeSuiteRunner@370736d9]" name="runScenario" duration-ms="1505" started-at="2019-12-06T09:00:29Z" description="Runs Cucumber Scenarios" data-provider="scenarios" finished-at="2019-12-06T09:00:31Z">
          <params>
            <param index="0">
              <value>
                <![CDATA["close browser"]]>
              </value>
            </param>
            <param index="1">
              <value>
                <![CDATA["Total_Fleet_AvisDAmendes"]]>
              </value>
            </param>
          </params>
          <reporter-output>
          </reporter-output>
        </test-method> <!-- runScenario -->
        <test-method status="PASS" signature="runScenario(cucumber.api.testng.PickleEventWrapper, cucumber.api.testng.CucumberFeatureWrapper)[pri:0, instance:org.cts.oneframework.cucumber.testrunners.SmokeSuiteRunner@370736d9]" name="runScenario" duration-ms="35494" started-at="2019-12-06T09:00:31Z" description="Runs Cucumber Scenarios" data-provider="scenarios" finished-at="2019-12-06T09:01:06Z">
          <params>
            <param index="0">
              <value>
                <![CDATA["TS_01_TC_01_Login_With_Valid_Credentials"]]>
              </value>
            </param>
            <param index="1">
              <value>
                <![CDATA["Total_Fleet_AvisDAmendes"]]>
              </value>
            </param>
          </params>
          <reporter-output>
          </reporter-output>
        </test-method> <!-- runScenario -->
        <test-method status="PASS" signature="runScenario(cucumber.api.testng.PickleEventWrapper, cucumber.api.testng.CucumberFeatureWrapper)[pri:0, instance:org.cts.oneframework.cucumber.testrunners.SmokeSuiteRunner@370736d9]" name="runScenario" duration-ms="30708" started-at="2019-12-06T09:01:06Z" description="Runs Cucumber Scenarios" data-provider="scenarios" finished-at="2019-12-06T09:01:37Z">
          <params>
            <param index="0">
              <value>
                <![CDATA["TS_35_TC_46_Verify if the user is able to apply date filters in fines list page amendes derniers jours tab"]]>
              </value>
            </param>
            <param index="1">
              <value>
                <![CDATA["Total_Fleet_AvisDAmendes"]]>
              </value>
            </param>
          </params>
          <reporter-output>
          </reporter-output>
        </test-method> <!-- runScenario -->
        <test-method status="FAIL" signature="runScenario(cucumber.api.testng.PickleEventWrapper, cucumber.api.testng.CucumberFeatureWrapper)[pri:0, instance:org.cts.oneframework.cucumber.testrunners.SmokeSuiteRunner@370736d9]" name="runScenario" duration-ms="3356" started-at="2019-12-06T09:01:37Z" description="Runs Cucumber Scenarios" data-provider="scenarios" finished-at="2019-12-06T09:01:40Z">
          <params>
            <param index="0">
              <value>
                <![CDATA["TS_35_TC_46_Verify if the user is able to apply date filters in fines list page amendes archives tab"]]>
              </value>
            </param>
            <param index="1">
              <value>
                <![CDATA["Total_Fleet_AvisDAmendes"]]>
              </value>
            </param>
          </params>
          <exception class="org.openqa.selenium.WebDriverException">
            <message>
              <![CDATA[unknown error: Element <span class="cell">...</span> is not clickable at point (118, 222). Other element would receive the click: <div class="ui-widget-overlay ui-front" style="z-index: 10001;"></div>
  (Session info: chrome=75.0.3770.90)
  (Driver info: chromedriver=2.44.609538 (b655c5a60b0b544917107a59d4153d4bf78e1b90),platform=Windows NT 10.0.17763 x86_64) (WARNING: The server did not provide any stacktrace information)
Command duration or timeout: 0 milliseconds
Build info: version: '3.13.0', revision: '2f0d292', time: '2018-06-25T15:24:21.231Z'
System info: host: 'PC339926', ip: '10.219.66.4', os.name: 'Windows 10', os.arch: 'amd64', os.version: '10.0', java.version: '1.8.0_181'
Driver info: org.openqa.selenium.chrome.ChromeDriver
Capabilities {acceptInsecureCerts: false, acceptSslCerts: false, applicationCacheEnabled: false, browserConnectionEnabled: false, browserName: chrome, chrome: {chromedriverVersion: 2.44.609538 (b655c5a60b0b54..., userDataDir: C:\Users\593611\AppData\Loc...}, cssSelectorsEnabled: true, databaseEnabled: false, goog:chromeOptions: {debuggerAddress: localhost:62968}, handlesAlerts: true, hasTouchScreen: false, javascriptEnabled: true, locationContextEnabled: true, mobileEmulationEnabled: false, nativeEvents: true, networkConnectionEnabled: false, pageLoadStrategy: normal, platform: XP, platformName: XP, rotatable: false, setWindowRect: true, takesHeapSnapshot: true, takesScreenshot: true, unexpectedAlertBehaviour: ignore, unhandledPromptBehavior: ignore, version: 75.0.3770.90, webStorageEnabled: true}
Session ID: 1fd792c7225a78abd99244c5533ea3a6]]>
            </message>
            <full-stacktrace>
              <![CDATA[org.openqa.selenium.WebDriverException: unknown error: Element <span class="cell">...</span> is not clickable at point (118, 222). Other element would receive the click: <div class="ui-widget-overlay ui-front" style="z-index: 10001;"></div>
  (Session info: chrome=75.0.3770.90)
  (Driver info: chromedriver=2.44.609538 (b655c5a60b0b544917107a59d4153d4bf78e1b90),platform=Windows NT 10.0.17763 x86_64) (WARNING: The server did not provide any stacktrace information)
Command duration or timeout: 0 milliseconds
Build info: version: '3.13.0', revision: '2f0d292', time: '2018-06-25T15:24:21.231Z'
System info: host: 'PC339926', ip: '10.219.66.4', os.name: 'Windows 10', os.arch: 'amd64', os.version: '10.0', java.version: '1.8.0_181'
Driver info: org.openqa.selenium.chrome.ChromeDriver
Capabilities {acceptInsecureCerts: false, acceptSslCerts: false, applicationCacheEnabled: false, browserConnectionEnabled: false, browserName: chrome, chrome: {chromedriverVersion: 2.44.609538 (b655c5a60b0b54..., userDataDir: C:\Users\593611\AppData\Loc...}, cssSelectorsEnabled: true, databaseEnabled: false, goog:chromeOptions: {debuggerAddress: localhost:62968}, handlesAlerts: true, hasTouchScreen: false, javascriptEnabled: true, locationContextEnabled: true, mobileEmulationEnabled: false, nativeEvents: true, networkConnectionEnabled: false, pageLoadStrategy: normal, platform: XP, platformName: XP, rotatable: false, setWindowRect: true, takesHeapSnapshot: true, takesScreenshot: true, unexpectedAlertBehaviour: ignore, unhandledPromptBehavior: ignore, version: 75.0.3770.90, webStorageEnabled: true}
Session ID: 1fd792c7225a78abd99244c5533ea3a6
at sun.reflect.NativeConstructorAccessorImpl.newInstance0(Native Method)
at sun.reflect.NativeConstructorAccessorImpl.newInstance(NativeConstructorAccessorImpl.java:62)
at sun.reflect.DelegatingConstructorAccessorImpl.newInstance(DelegatingConstructorAccessorImpl.java:45)
at java.lang.reflect.Constructor.newInstance(Constructor.java:423)
at org.openqa.selenium.remote.ErrorHandler.createThrowable(ErrorHandler.java:214)
at org.openqa.selenium.remote.ErrorHandler.throwIfResponseFailed(ErrorHandler.java:166)
at org.openqa.selenium.remote.http.JsonHttpResponseCodec.reconstructValue(JsonHttpResponseCodec.java:40)
at org.openqa.selenium.remote.http.AbstractHttpResponseCodec.decode(AbstractHttpResponseCodec.java:80)
at org.openqa.selenium.remote.http.AbstractHttpResponseCodec.decode(AbstractHttpResponseCodec.java:44)
at org.openqa.selenium.remote.HttpCommandExecutor.execute(HttpCommandExecutor.java:158)
at org.openqa.selenium.remote.service.DriverCommandExecutor.execute(DriverCommandExecutor.java:83)
at org.openqa.selenium.remote.RemoteWebDriver.execute(RemoteWebDriver.java:548)
at org.openqa.selenium.remote.RemoteWebElement.execute(RemoteWebElement.java:276)
at org.openqa.selenium.remote.RemoteWebElement.click(RemoteWebElement.java:83)
at org.cts.oneframework.utilities.BasePageObject.clickElement(BasePageObject.java:609)
at org.cts.oneframework.utilities.BasePageObject.clickElement(BasePageObject.java:599)
at org.cts.oneframework.cucumber.pages.AvisDAmendesPage.expandAlertesEtAmendese_LeftMenu(AvisDAmendesPage.java:203)
at org.cts.oneframework.cucumber.stepdefinition.AvisDAmendesStepDefs.user_clicks_on_Alertes_et_Amandes(AvisDAmendesStepDefs.java:19)
at ?.user clicks on Alertes_et_Amandes in left pane(src/test/resources/features/AvisDAmendes.feature:143)
]]>
            </full-stacktrace>
          </exception> <!-- org.openqa.selenium.WebDriverException -->
          <reporter-output>
          </reporter-output>
        </test-method> <!-- runScenario -->
        <test-method status="PASS" signature="runScenario(cucumber.api.testng.PickleEventWrapper, cucumber.api.testng.CucumberFeatureWrapper)[pri:0, instance:org.cts.oneframework.cucumber.testrunners.SmokeSuiteRunner@370736d9]" name="runScenario" duration-ms="1511" started-at="2019-12-06T09:01:40Z" description="Runs Cucumber Scenarios" data-provider="scenarios" finished-at="2019-12-06T09:01:42Z">
          <params>
            <param index="0">
              <value>
                <![CDATA["close browser"]]>
              </value>
            </param>
            <param index="1">
              <value>
                <![CDATA["Total_Fleet_AvisDAmendes"]]>
              </value>
            </param>
          </params>
          <reporter-output>
          </reporter-output>
        </test-method> <!-- runScenario -->
        <test-method status="PASS" signature="runScenario(cucumber.api.testng.PickleEventWrapper, cucumber.api.testng.CucumberFeatureWrapper)[pri:0, instance:org.cts.oneframework.cucumber.testrunners.SmokeSuiteRunner@370736d9]" name="runScenario" duration-ms="47089" started-at="2019-12-06T09:01:42Z" description="Runs Cucumber Scenarios" data-provider="scenarios" finished-at="2019-12-06T09:02:29Z">
          <params>
            <param index="0">
              <value>
                <![CDATA["TS_01_TC_01_Login_With_Valid_Credentials"]]>
              </value>
            </param>
            <param index="1">
              <value>
                <![CDATA["Total_Fleet_Campagnes"]]>
              </value>
            </param>
          </params>
          <reporter-output>
          </reporter-output>
        </test-method> <!-- runScenario -->
        <test-method status="FAIL" signature="runScenario(cucumber.api.testng.PickleEventWrapper, cucumber.api.testng.CucumberFeatureWrapper)[pri:0, instance:org.cts.oneframework.cucumber.testrunners.SmokeSuiteRunner@370736d9]" name="runScenario" duration-ms="4423" started-at="2019-12-06T09:02:29Z" description="Runs Cucumber Scenarios" data-provider="scenarios" finished-at="2019-12-06T09:02:33Z">
          <params>
            <param index="0">
              <value>
                <![CDATA["TS_25_TC_26_Navigation to Campgnes List Page"]]>
              </value>
            </param>
            <param index="1">
              <value>
                <![CDATA["Total_Fleet_Campagnes"]]>
              </value>
            </param>
          </params>
          <exception class="org.openqa.selenium.WebDriverException">
            <message>
              <![CDATA[unknown error: Element <span class="cell">...</span> is not clickable at point (130, 564). Other element would receive the click: <div class="ui-widget-overlay ui-front" style="z-index: 10001;"></div>
  (Session info: chrome=75.0.3770.90)
  (Driver info: chromedriver=2.44.609538 (b655c5a60b0b544917107a59d4153d4bf78e1b90),platform=Windows NT 10.0.17763 x86_64) (WARNING: The server did not provide any stacktrace information)
Command duration or timeout: 0 milliseconds
Build info: version: '3.13.0', revision: '2f0d292', time: '2018-06-25T15:24:21.231Z'
System info: host: 'PC339926', ip: '10.219.66.4', os.name: 'Windows 10', os.arch: 'amd64', os.version: '10.0', java.version: '1.8.0_181'
Driver info: org.openqa.selenium.chrome.ChromeDriver
Capabilities {acceptInsecureCerts: false, acceptSslCerts: false, applicationCacheEnabled: false, browserConnectionEnabled: false, browserName: chrome, chrome: {chromedriverVersion: 2.44.609538 (b655c5a60b0b54..., userDataDir: C:\Users\593611\AppData\Loc...}, cssSelectorsEnabled: true, databaseEnabled: false, goog:chromeOptions: {debuggerAddress: localhost:63043}, handlesAlerts: true, hasTouchScreen: false, javascriptEnabled: true, locationContextEnabled: true, mobileEmulationEnabled: false, nativeEvents: true, networkConnectionEnabled: false, pageLoadStrategy: normal, platform: XP, platformName: XP, rotatable: false, setWindowRect: true, takesHeapSnapshot: true, takesScreenshot: true, unexpectedAlertBehaviour: ignore, unhandledPromptBehavior: ignore, version: 75.0.3770.90, webStorageEnabled: true}
Session ID: a3966b4a2b37acc6d30395ede240fe1d]]>
            </message>
            <full-stacktrace>
              <![CDATA[org.openqa.selenium.WebDriverException: unknown error: Element <span class="cell">...</span> is not clickable at point (130, 564). Other element would receive the click: <div class="ui-widget-overlay ui-front" style="z-index: 10001;"></div>
  (Session info: chrome=75.0.3770.90)
  (Driver info: chromedriver=2.44.609538 (b655c5a60b0b544917107a59d4153d4bf78e1b90),platform=Windows NT 10.0.17763 x86_64) (WARNING: The server did not provide any stacktrace information)
Command duration or timeout: 0 milliseconds
Build info: version: '3.13.0', revision: '2f0d292', time: '2018-06-25T15:24:21.231Z'
System info: host: 'PC339926', ip: '10.219.66.4', os.name: 'Windows 10', os.arch: 'amd64', os.version: '10.0', java.version: '1.8.0_181'
Driver info: org.openqa.selenium.chrome.ChromeDriver
Capabilities {acceptInsecureCerts: false, acceptSslCerts: false, applicationCacheEnabled: false, browserConnectionEnabled: false, browserName: chrome, chrome: {chromedriverVersion: 2.44.609538 (b655c5a60b0b54..., userDataDir: C:\Users\593611\AppData\Loc...}, cssSelectorsEnabled: true, databaseEnabled: false, goog:chromeOptions: {debuggerAddress: localhost:63043}, handlesAlerts: true, hasTouchScreen: false, javascriptEnabled: true, locationContextEnabled: true, mobileEmulationEnabled: false, nativeEvents: true, networkConnectionEnabled: false, pageLoadStrategy: normal, platform: XP, platformName: XP, rotatable: false, setWindowRect: true, takesHeapSnapshot: true, takesScreenshot: true, unexpectedAlertBehaviour: ignore, unhandledPromptBehavior: ignore, version: 75.0.3770.90, webStorageEnabled: true}
Session ID: a3966b4a2b37acc6d30395ede240fe1d
at sun.reflect.NativeConstructorAccessorImpl.newInstance0(Native Method)
at sun.reflect.NativeConstructorAccessorImpl.newInstance(NativeConstructorAccessorImpl.java:62)
at sun.reflect.DelegatingConstructorAccessorImpl.newInstance(DelegatingConstructorAccessorImpl.java:45)
at java.lang.reflect.Constructor.newInstance(Constructor.java:423)
at org.openqa.selenium.remote.ErrorHandler.createThrowable(ErrorHandler.java:214)
at org.openqa.selenium.remote.ErrorHandler.throwIfResponseFailed(ErrorHandler.java:166)
at org.openqa.selenium.remote.http.JsonHttpResponseCodec.reconstructValue(JsonHttpResponseCodec.java:40)
at org.openqa.selenium.remote.http.AbstractHttpResponseCodec.decode(AbstractHttpResponseCodec.java:80)
at org.openqa.selenium.remote.http.AbstractHttpResponseCodec.decode(AbstractHttpResponseCodec.java:44)
at org.openqa.selenium.remote.HttpCommandExecutor.execute(HttpCommandExecutor.java:158)
at org.openqa.selenium.remote.service.DriverCommandExecutor.execute(DriverCommandExecutor.java:83)
at org.openqa.selenium.remote.RemoteWebDriver.execute(RemoteWebDriver.java:548)
at org.openqa.selenium.remote.RemoteWebElement.execute(RemoteWebElement.java:276)
at org.openqa.selenium.remote.RemoteWebElement.click(RemoteWebElement.java:83)
at org.cts.oneframework.utilities.BasePageObject.clickElement(BasePageObject.java:587)
at org.cts.oneframework.utilities.BasePageObject.clickElement(BasePageObject.java:578)
at org.cts.oneframework.cucumber.pages.CampagnesPage.clickCampagnesLinkOnLeftPane(CampagnesPage.java:59)
at org.cts.oneframework.cucumber.stepdefinition.CampagnesStepDefs.user_clicks_on_campaign_in_left_menu(CampagnesStepDefs.java:20)
at ?.user clicks on campaign in left menu(src/test/resources/features/Campagnes.feature:40)
]]>
            </full-stacktrace>
          </exception> <!-- org.openqa.selenium.WebDriverException -->
          <reporter-output>
          </reporter-output>
        </test-method> <!-- runScenario -->
        <test-method status="FAIL" signature="runScenario(cucumber.api.testng.PickleEventWrapper, cucumber.api.testng.CucumberFeatureWrapper)[pri:0, instance:org.cts.oneframework.cucumber.testrunners.SmokeSuiteRunner@370736d9]" name="runScenario" duration-ms="2553" started-at="2019-12-06T09:02:33Z" description="Runs Cucumber Scenarios" data-provider="scenarios" finished-at="2019-12-06T09:02:36Z">
          <params>
            <param index="0">
              <value>
                <![CDATA["TS_27_TC_28_Creation of Campagnes with Annuler Flow"]]>
              </value>
            </param>
            <param index="1">
              <value>
                <![CDATA["Total_Fleet_Campagnes"]]>
              </value>
            </param>
          </params>
          <exception class="java.lang.AssertionError">
            <message>
              <![CDATA[Nouvelle Campagnes Page is displayed]]>
            </message>
            <full-stacktrace>
              <![CDATA[java.lang.AssertionError: Nouvelle Campagnes Page is displayed
at org.testng.Assert.fail(Assert.java:96)
at org.cts.oneframework.utilities.AssertionLibrary.fail(AssertionLibrary.java:294)
at org.cts.oneframework.cucumber.pages.CampagnesPage.assertNouvelleCampagnesPageIsDisplayed(CampagnesPage.java:488)
at org.cts.oneframework.cucumber.stepdefinition.CampagnesStepDefs.nouvelle_campagne_page_should_be_displayed_and_user_inputs_fields_and_clicks_on_annuler_button(CampagnesStepDefs.java:39)
at ?.nouvelle campagne page should be displayed and user inputs Nom_De_La_Campagne_In_Nouvelle_Campagne_Page and clicks on annuler button to view campgnes list page(src/test/resources/features/Campagnes.feature:50)
]]>
            </full-stacktrace>
          </exception> <!-- java.lang.AssertionError -->
          <reporter-output>
          </reporter-output>
        </test-method> <!-- runScenario -->
        <test-method status="FAIL" signature="runScenario(cucumber.api.testng.PickleEventWrapper, cucumber.api.testng.CucumberFeatureWrapper)[pri:0, instance:org.cts.oneframework.cucumber.testrunners.SmokeSuiteRunner@370736d9]" name="runScenario" duration-ms="203414" started-at="2019-12-06T09:02:36Z" description="Runs Cucumber Scenarios" data-provider="scenarios" finished-at="2019-12-06T09:05:59Z">
          <params>
            <param index="0">
              <value>
                <![CDATA["TS_26_TC_27_Filter Campaign List With Dates"]]>
              </value>
            </param>
            <param index="1">
              <value>
                <![CDATA["Total_Fleet_Campagnes"]]>
              </value>
            </param>
          </params>
          <exception class="org.openqa.selenium.TimeoutException">
            <message>
              <![CDATA[Expected condition failed: waiting for org.cts.oneframework.utilities.BasePageObject$1@4f02d72f (tried for 200 second(s) with 1000 milliseconds interval)]]>
            </message>
            <full-stacktrace>
              <![CDATA[org.openqa.selenium.TimeoutException: Expected condition failed: waiting for org.cts.oneframework.utilities.BasePageObject$1@4f02d72f (tried for 200 second(s) with 1000 milliseconds interval)
at org.openqa.selenium.support.ui.WebDriverWait.timeoutException(WebDriverWait.java:81)
at org.openqa.selenium.support.ui.FluentWait.until(FluentWait.java:271)
at org.cts.oneframework.utilities.BasePageObject.getElement(BasePageObject.java:115)
at org.cts.oneframework.utilities.BasePageObject.clickElement(BasePageObject.java:587)
at org.cts.oneframework.utilities.BasePageObject.clickElement(BasePageObject.java:578)
at org.cts.oneframework.cucumber.pages.CampagnesPage.clickFiltrerLesResultatsInCampagnesListPage(CampagnesPage.java:138)
at org.cts.oneframework.cucumber.stepdefinition.CampagnesStepDefs.user_clicks_on_filtrer_les_resultats(CampagnesStepDefs.java:52)
at ?.user clicks on filtrer les resultats(src/test/resources/features/Campagnes.feature:62)
Caused by: org.openqa.selenium.NoSuchElementException: no such element: Unable to locate element: {"method":"xpath","selector":"//a[@class='icon btn-filtres']"}
  (Session info: chrome=75.0.3770.90)
  (Driver info: chromedriver=2.44.609538 (b655c5a60b0b544917107a59d4153d4bf78e1b90),platform=Windows NT 10.0.17763 x86_64) (WARNING: The server did not provide any stacktrace information)
Command duration or timeout: 0 milliseconds
For documentation on this error, please visit: http://seleniumhq.org/exceptions/no_such_element.html
Build info: version: '3.13.0', revision: '2f0d292', time: '2018-06-25T15:24:21.231Z'
System info: host: 'PC339926', ip: '10.219.66.4', os.name: 'Windows 10', os.arch: 'amd64', os.version: '10.0', java.version: '1.8.0_181'
Driver info: org.openqa.selenium.chrome.ChromeDriver
Capabilities {acceptInsecureCerts: false, acceptSslCerts: false, applicationCacheEnabled: false, browserConnectionEnabled: false, browserName: chrome, chrome: {chromedriverVersion: 2.44.609538 (b655c5a60b0b54..., userDataDir: C:\Users\593611\AppData\Loc...}, cssSelectorsEnabled: true, databaseEnabled: false, goog:chromeOptions: {debuggerAddress: localhost:63043}, handlesAlerts: true, hasTouchScreen: false, javascriptEnabled: true, locationContextEnabled: true, mobileEmulationEnabled: false, nativeEvents: true, networkConnectionEnabled: false, pageLoadStrategy: normal, platform: XP, platformName: XP, rotatable: false, setWindowRect: true, takesHeapSnapshot: true, takesScreenshot: true, unexpectedAlertBehaviour: ignore, unhandledPromptBehavior: ignore, version: 75.0.3770.90, webStorageEnabled: true}
Session ID: a3966b4a2b37acc6d30395ede240fe1d
*** Element info: {Using=xpath, value=//a[@class='icon btn-filtres']}
at sun.reflect.GeneratedConstructorAccessor66.newInstance(Unknown Source)
at sun.reflect.DelegatingConstructorAccessorImpl.newInstance(DelegatingConstructorAccessorImpl.java:45)
at java.lang.reflect.Constructor.newInstance(Constructor.java:423)
at org.openqa.selenium.remote.ErrorHandler.createThrowable(ErrorHandler.java:214)
at org.openqa.selenium.remote.ErrorHandler.throwIfResponseFailed(ErrorHandler.java:166)
at org.openqa.selenium.remote.http.JsonHttpResponseCodec.reconstructValue(JsonHttpResponseCodec.java:40)
at org.openqa.selenium.remote.http.AbstractHttpResponseCodec.decode(AbstractHttpResponseCodec.java:80)
at org.openqa.selenium.remote.http.AbstractHttpResponseCodec.decode(AbstractHttpResponseCodec.java:44)
at org.openqa.selenium.remote.HttpCommandExecutor.execute(HttpCommandExecutor.java:158)
at org.openqa.selenium.remote.service.DriverCommandExecutor.execute(DriverCommandExecutor.java:83)
at org.openqa.selenium.remote.RemoteWebDriver.execute(RemoteWebDriver.java:548)
at org.openqa.selenium.remote.RemoteWebDriver.findElement(RemoteWebDriver.java:322)
at org.openqa.selenium.remote.RemoteWebDriver.findElementByXPath(RemoteWebDriver.java:424)
at org.openqa.selenium.By$ByXPath.findElement(By.java:353)
at org.openqa.selenium.remote.RemoteWebDriver.findElement(RemoteWebDriver.java:314)
at org.cts.oneframework.utilities.BasePageObject$1.apply(BasePageObject.java:118)
at org.cts.oneframework.utilities.BasePageObject$1.apply(BasePageObject.java:1)
at org.openqa.selenium.support.ui.FluentWait.until(FluentWait.java:248)
at org.cts.oneframework.utilities.BasePageObject.getElement(BasePageObject.java:115)
at org.cts.oneframework.utilities.BasePageObject.clickElement(BasePageObject.java:587)
at org.cts.oneframework.utilities.BasePageObject.clickElement(BasePageObject.java:578)
at org.cts.oneframework.cucumber.pages.CampagnesPage.clickFiltrerLesResultatsInCampagnesListPage(CampagnesPage.java:138)
at org.cts.oneframework.cucumber.stepdefinition.CampagnesStepDefs.user_clicks_on_filtrer_les_resultats(CampagnesStepDefs.java:52)
at sun.reflect.NativeMethodAccessorImpl.invoke0(Native Method)
at sun.reflect.NativeMethodAccessorImpl.invoke(NativeMethodAccessorImpl.java:62)
at sun.reflect.DelegatingMethodAccessorImpl.invoke(DelegatingMethodAccessorImpl.java:43)
at java.lang.reflect.Method.invoke(Method.java:498)
at cucumber.runtime.Utils$1.call(Utils.java:26)
at cucumber.runtime.Timeout.timeout(Timeout.java:16)
at cucumber.runtime.Utils.invoke(Utils.java:20)
at cucumber.runtime.java.JavaStepDefinition.execute(JavaStepDefinition.java:49)
at cucumber.runner.PickleStepDefinitionMatch.runStep(PickleStepDefinitionMatch.java:50)
at cucumber.runner.TestStep.executeStep(TestStep.java:63)
at cucumber.runner.TestStep.run(TestStep.java:49)
at cucumber.runner.PickleStepTestStep.run(PickleStepTestStep.java:43)
at cucumber.runner.TestCase.run(TestCase.java:44)
at cucumber.runner.Runner.runPickle(Runner.java:40)
at cucumber.api.testng.TestNGCucumberRunner.runScenario(TestNGCucumberRunner.java:68)
at org.cts.oneframework.cucumber.AbstractTestNGCucumberTest.runScenario(AbstractTestNGCucumberTest.java:39)
at sun.reflect.GeneratedMethodAccessor8.invoke(Unknown Source)
at sun.reflect.DelegatingMethodAccessorImpl.invoke(DelegatingMethodAccessorImpl.java:43)
at java.lang.reflect.Method.invoke(Method.java:498)
at org.testng.internal.MethodInvocationHelper.invokeMethod(MethodInvocationHelper.java:124)
at org.testng.internal.Invoker.invokeMethod(Invoker.java:583)
at org.testng.internal.Invoker.invokeTestMethod(Invoker.java:719)
at org.testng.internal.Invoker.invokeTestMethods(Invoker.java:989)
at org.testng.internal.TestMethodWorker.invokeTestMethods(TestMethodWorker.java:125)
at org.testng.internal.TestMethodWorker.run(TestMethodWorker.java:109)
at java.util.concurrent.ThreadPoolExecutor.runWorker(ThreadPoolExecutor.java:1149)
at java.util.concurrent.ThreadPoolExecutor$Worker.run(ThreadPoolExecutor.java:624)
at java.lang.Thread.run(Thread.java:748)
]]>
            </full-stacktrace>
          </exception> <!-- org.openqa.selenium.TimeoutException -->
          <reporter-output>
          </reporter-output>
        </test-method> <!-- runScenario -->
        <test-method status="PASS" signature="runScenario(cucumber.api.testng.PickleEventWrapper, cucumber.api.testng.CucumberFeatureWrapper)[pri:0, instance:org.cts.oneframework.cucumber.testrunners.SmokeSuiteRunner@370736d9]" name="runScenario" duration-ms="1454" started-at="2019-12-06T09:05:59Z" description="Runs Cucumber Scenarios" data-provider="scenarios" finished-at="2019-12-06T09:06:01Z">
          <params>
            <param index="0">
              <value>
                <![CDATA["close browser"]]>
              </value>
            </param>
            <param index="1">
              <value>
                <![CDATA["Total_Fleet_Campagnes"]]>
              </value>
            </param>
          </params>
          <reporter-output>
          </reporter-output>
        </test-method> <!-- runScenario -->
        <test-method status="PASS" signature="runScenario(cucumber.api.testng.PickleEventWrapper, cucumber.api.testng.CucumberFeatureWrapper)[pri:0, instance:org.cts.oneframework.cucumber.testrunners.SmokeSuiteRunner@370736d9]" name="runScenario" duration-ms="34877" started-at="2019-12-06T09:06:01Z" description="Runs Cucumber Scenarios" data-provider="scenarios" finished-at="2019-12-06T09:06:36Z">
          <params>
            <param index="0">
              <value>
                <![CDATA["TS_01_TC_01_Login_With_Valid_Credentials"]]>
              </value>
            </param>
            <param index="1">
              <value>
                <![CDATA["Total_Fleet_CartesAndBadges"]]>
              </value>
            </param>
          </params>
          <reporter-output>
          </reporter-output>
        </test-method> <!-- runScenario -->
        <test-method status="PASS" signature="runScenario(cucumber.api.testng.PickleEventWrapper, cucumber.api.testng.CucumberFeatureWrapper)[pri:0, instance:org.cts.oneframework.cucumber.testrunners.SmokeSuiteRunner@370736d9]" name="runScenario" duration-ms="11749" started-at="2019-12-06T09:06:36Z" description="Runs Cucumber Scenarios" data-provider="scenarios" finished-at="2019-12-06T09:06:47Z">
          <params>
            <param index="0">
              <value>
                <![CDATA["TS_14_TC_15_Navigation to Cartes List Page"]]>
              </value>
            </param>
            <param index="1">
              <value>
                <![CDATA["Total_Fleet_CartesAndBadges"]]>
              </value>
            </param>
          </params>
          <reporter-output>
          </reporter-output>
        </test-method> <!-- runScenario -->
        <test-method status="PASS" signature="runScenario(cucumber.api.testng.PickleEventWrapper, cucumber.api.testng.CucumberFeatureWrapper)[pri:0, instance:org.cts.oneframework.cucumber.testrunners.SmokeSuiteRunner@370736d9]" name="runScenario" duration-ms="27469" started-at="2019-12-06T09:06:47Z" description="Runs Cucumber Scenarios" data-provider="scenarios" finished-at="2019-12-06T09:07:15Z">
          <params>
            <param index="0">
              <value>
                <![CDATA["TS_16_TC_17_Navigation to Cartes Detailed Page"]]>
              </value>
            </param>
            <param index="1">
              <value>
                <![CDATA["Total_Fleet_CartesAndBadges"]]>
              </value>
            </param>
          </params>
          <reporter-output>
          </reporter-output>
        </test-method> <!-- runScenario -->
        <test-method status="PASS" signature="runScenario(cucumber.api.testng.PickleEventWrapper, cucumber.api.testng.CucumberFeatureWrapper)[pri:0, instance:org.cts.oneframework.cucumber.testrunners.SmokeSuiteRunner@370736d9]" name="runScenario" duration-ms="1546" started-at="2019-12-06T09:07:15Z" description="Runs Cucumber Scenarios" data-provider="scenarios" finished-at="2019-12-06T09:07:16Z">
          <params>
            <param index="0">
              <value>
                <![CDATA["close browser"]]>
              </value>
            </param>
            <param index="1">
              <value>
                <![CDATA["Total_Fleet_CartesAndBadges"]]>
              </value>
            </param>
          </params>
          <reporter-output>
          </reporter-output>
        </test-method> <!-- runScenario -->
        <test-method status="PASS" signature="runScenario(cucumber.api.testng.PickleEventWrapper, cucumber.api.testng.CucumberFeatureWrapper)[pri:0, instance:org.cts.oneframework.cucumber.testrunners.SmokeSuiteRunner@370736d9]" name="runScenario" duration-ms="61452" started-at="2019-12-06T09:07:16Z" description="Runs Cucumber Scenarios" data-provider="scenarios" finished-at="2019-12-06T09:08:18Z">
          <params>
            <param index="0">
              <value>
                <![CDATA["TS_01_TC_01_Login_With_Valid_Credentials"]]>
              </value>
            </param>
            <param index="1">
              <value>
                <![CDATA["Total_Fleet_CartesAndBadges"]]>
              </value>
            </param>
          </params>
          <reporter-output>
          </reporter-output>
        </test-method> <!-- runScenario -->
        <test-method status="PASS" signature="runScenario(cucumber.api.testng.PickleEventWrapper, cucumber.api.testng.CucumberFeatureWrapper)[pri:0, instance:org.cts.oneframework.cucumber.testrunners.SmokeSuiteRunner@370736d9]" name="runScenario" duration-ms="11275" started-at="2019-12-06T09:08:18Z" description="Runs Cucumber Scenarios" data-provider="scenarios" finished-at="2019-12-06T09:08:29Z">
          <params>
            <param index="0">
              <value>
                <![CDATA["TS_18_TC_19_Navigation to Badge List Page"]]>
              </value>
            </param>
            <param index="1">
              <value>
                <![CDATA["Total_Fleet_CartesAndBadges"]]>
              </value>
            </param>
          </params>
          <reporter-output>
          </reporter-output>
        </test-method> <!-- runScenario -->
        <test-method status="PASS" signature="runScenario(cucumber.api.testng.PickleEventWrapper, cucumber.api.testng.CucumberFeatureWrapper)[pri:0, instance:org.cts.oneframework.cucumber.testrunners.SmokeSuiteRunner@370736d9]" name="runScenario" duration-ms="20672" started-at="2019-12-06T09:08:29Z" description="Runs Cucumber Scenarios" data-provider="scenarios" finished-at="2019-12-06T09:08:50Z">
          <params>
            <param index="0">
              <value>
                <![CDATA["TS_19_TC_20_Navigation to Badges Detailed Page"]]>
              </value>
            </param>
            <param index="1">
              <value>
                <![CDATA["Total_Fleet_CartesAndBadges"]]>
              </value>
            </param>
          </params>
          <reporter-output>
          </reporter-output>
        </test-method> <!-- runScenario -->
        <test-method status="PASS" signature="runScenario(cucumber.api.testng.PickleEventWrapper, cucumber.api.testng.CucumberFeatureWrapper)[pri:0, instance:org.cts.oneframework.cucumber.testrunners.SmokeSuiteRunner@370736d9]" name="runScenario" duration-ms="11185" started-at="2019-12-06T09:08:50Z" description="Runs Cucumber Scenarios" data-provider="scenarios" finished-at="2019-12-06T09:09:01Z">
          <params>
            <param index="0">
              <value>
                <![CDATA["TS_04_TC_04_Search Cartes from Common Rechercher at header of application"]]>
              </value>
            </param>
            <param index="1">
              <value>
                <![CDATA["Total_Fleet_CartesAndBadges"]]>
              </value>
            </param>
          </params>
          <reporter-output>
          </reporter-output>
        </test-method> <!-- runScenario -->
        <test-method status="PASS" signature="runScenario(cucumber.api.testng.PickleEventWrapper, cucumber.api.testng.CucumberFeatureWrapper)[pri:0, instance:org.cts.oneframework.cucumber.testrunners.SmokeSuiteRunner@370736d9]" name="runScenario" duration-ms="48141" started-at="2019-12-06T09:09:01Z" description="Runs Cucumber Scenarios" data-provider="scenarios" finished-at="2019-12-06T09:09:49Z">
          <params>
            <param index="0">
              <value>
                <![CDATA["TS_17_TC_18_Verification of Creation De Support page display for Carte"]]>
              </value>
            </param>
            <param index="1">
              <value>
                <![CDATA["Total_Fleet_CartesAndBadges"]]>
              </value>
            </param>
          </params>
          <reporter-output>
          </reporter-output>
        </test-method> <!-- runScenario -->
        <test-method status="PASS" signature="runScenario(cucumber.api.testng.PickleEventWrapper, cucumber.api.testng.CucumberFeatureWrapper)[pri:0, instance:org.cts.oneframework.cucumber.testrunners.SmokeSuiteRunner@370736d9]" name="runScenario" duration-ms="1477" started-at="2019-12-06T09:09:49Z" description="Runs Cucumber Scenarios" data-provider="scenarios" finished-at="2019-12-06T09:09:51Z">
          <params>
            <param index="0">
              <value>
                <![CDATA["close browser"]]>
              </value>
            </param>
            <param index="1">
              <value>
                <![CDATA["Total_Fleet_CartesAndBadges"]]>
              </value>
            </param>
          </params>
          <reporter-output>
          </reporter-output>
        </test-method> <!-- runScenario -->
        <test-method status="PASS" signature="runScenario(cucumber.api.testng.PickleEventWrapper, cucumber.api.testng.CucumberFeatureWrapper)[pri:0, instance:org.cts.oneframework.cucumber.testrunners.SmokeSuiteRunner@370736d9]" name="runScenario" duration-ms="34848" started-at="2019-12-06T09:09:51Z" description="Runs Cucumber Scenarios" data-provider="scenarios" finished-at="2019-12-06T09:10:26Z">
          <params>
            <param index="0">
              <value>
                <![CDATA["TS_01_TC_01_Login_With_Valid_Credentials"]]>
              </value>
            </param>
            <param index="1">
              <value>
                <![CDATA["Total_Fleet_CartesAndBadges"]]>
              </value>
            </param>
          </params>
          <reporter-output>
          </reporter-output>
        </test-method> <!-- runScenario -->
        <test-method status="FAIL" signature="runScenario(cucumber.api.testng.PickleEventWrapper, cucumber.api.testng.CucumberFeatureWrapper)[pri:0, instance:org.cts.oneframework.cucumber.testrunners.SmokeSuiteRunner@370736d9]" name="runScenario" duration-ms="324659" started-at="2019-12-06T09:10:26Z" description="Runs Cucumber Scenarios" data-provider="scenarios" finished-at="2019-12-06T09:15:50Z">
          <params>
            <param index="0">
              <value>
                <![CDATA["TS_20_TC_21_Verification of Creation De Support page display for Badge"]]>
              </value>
            </param>
            <param index="1">
              <value>
                <![CDATA["Total_Fleet_CartesAndBadges"]]>
              </value>
            </param>
          </params>
          <exception class="org.openqa.selenium.TimeoutException">
            <message>
              <![CDATA[Expected condition failed: waiting for visibility of element located by By.xpath: //table[@class='table_contenu']//*[contains(text(),'CREATION DE SUPPORT')] (tried for 200 second(s) with 1000 milliseconds interval)]]>
            </message>
            <full-stacktrace>
              <![CDATA[org.openqa.selenium.TimeoutException: Expected condition failed: waiting for visibility of element located by By.xpath: //table[@class='table_contenu']//*[contains(text(),'CREATION DE SUPPORT')] (tried for 200 second(s) with 1000 milliseconds interval)
at org.openqa.selenium.support.ui.WebDriverWait.timeoutException(WebDriverWait.java:81)
at org.openqa.selenium.support.ui.FluentWait.until(FluentWait.java:271)
at org.cts.oneframework.utilities.BasePageObject.waitForElementToLoad(BasePageObject.java:745)
at org.cts.oneframework.utilities.BasePageObject.waitForElementToLoad(BasePageObject.java:749)
at org.cts.oneframework.cucumber.pages.CartesAndBadgesPage.assertCreationDeSupportTitleAndFieldsInNouvelleCartesPage(CartesAndBadgesPage.java:1136)
at org.cts.oneframework.cucumber.stepdefinition.CartesAndBadgesStepDefs.creation_de_support_page_should_be_displayed_with_relevant_fields(CartesAndBadgesStepDefs.java:217)
at ?.creation de support page should be displayed with relevant fields(src/test/resources/features/CartesAndBadges.feature:198)
Caused by: org.openqa.selenium.NoSuchElementException: Cannot locate an element using By.xpath: //table[@class='table_contenu']//*[contains(text(),'CREATION DE SUPPORT')]
For documentation on this error, please visit: http://seleniumhq.org/exceptions/no_such_element.html
Build info: version: '3.13.0', revision: '2f0d292', time: '2018-06-25T15:24:21.231Z'
System info: host: 'PC339926', ip: '10.219.66.4', os.name: 'Windows 10', os.arch: 'amd64', os.version: '10.0', java.version: '1.8.0_181'
Driver info: driver.version: unknown
at org.openqa.selenium.support.ui.ExpectedConditions.lambda$findElement$0(ExpectedConditions.java:896)
at java.util.Optional.orElseThrow(Optional.java:290)
at org.openqa.selenium.support.ui.ExpectedConditions.findElement(ExpectedConditions.java:895)
at org.openqa.selenium.support.ui.ExpectedConditions.access$000(ExpectedConditions.java:44)
at org.openqa.selenium.support.ui.ExpectedConditions$7.apply(ExpectedConditions.java:206)
at org.openqa.selenium.support.ui.ExpectedConditions$7.apply(ExpectedConditions.java:202)
at org.openqa.selenium.support.ui.FluentWait.until(FluentWait.java:248)
at org.cts.oneframework.utilities.BasePageObject.waitForElementToLoad(BasePageObject.java:745)
at org.cts.oneframework.utilities.BasePageObject.waitForElementToLoad(BasePageObject.java:749)
at org.cts.oneframework.cucumber.pages.CartesAndBadgesPage.assertCreationDeSupportTitleAndFieldsInNouvelleCartesPage(CartesAndBadgesPage.java:1136)
at org.cts.oneframework.cucumber.stepdefinition.CartesAndBadgesStepDefs.creation_de_support_page_should_be_displayed_with_relevant_fields(CartesAndBadgesStepDefs.java:217)
at sun.reflect.NativeMethodAccessorImpl.invoke0(Native Method)
at sun.reflect.NativeMethodAccessorImpl.invoke(NativeMethodAccessorImpl.java:62)
at sun.reflect.DelegatingMethodAccessorImpl.invoke(DelegatingMethodAccessorImpl.java:43)
at java.lang.reflect.Method.invoke(Method.java:498)
at cucumber.runtime.Utils$1.call(Utils.java:26)
at cucumber.runtime.Timeout.timeout(Timeout.java:16)
at cucumber.runtime.Utils.invoke(Utils.java:20)
at cucumber.runtime.java.JavaStepDefinition.execute(JavaStepDefinition.java:49)
at cucumber.runner.PickleStepDefinitionMatch.runStep(PickleStepDefinitionMatch.java:50)
at cucumber.runner.TestStep.executeStep(TestStep.java:63)
at cucumber.runner.TestStep.run(TestStep.java:49)
at cucumber.runner.PickleStepTestStep.run(PickleStepTestStep.java:43)
at cucumber.runner.TestCase.run(TestCase.java:44)
at cucumber.runner.Runner.runPickle(Runner.java:40)
at cucumber.api.testng.TestNGCucumberRunner.runScenario(TestNGCucumberRunner.java:68)
at org.cts.oneframework.cucumber.AbstractTestNGCucumberTest.runScenario(AbstractTestNGCucumberTest.java:39)
at sun.reflect.GeneratedMethodAccessor8.invoke(Unknown Source)
at sun.reflect.DelegatingMethodAccessorImpl.invoke(DelegatingMethodAccessorImpl.java:43)
at java.lang.reflect.Method.invoke(Method.java:498)
at org.testng.internal.MethodInvocationHelper.invokeMethod(MethodInvocationHelper.java:124)
at org.testng.internal.Invoker.invokeMethod(Invoker.java:583)
at org.testng.internal.Invoker.invokeTestMethod(Invoker.java:719)
at org.testng.internal.Invoker.invokeTestMethods(Invoker.java:989)
at org.testng.internal.TestMethodWorker.invokeTestMethods(TestMethodWorker.java:125)
at org.testng.internal.TestMethodWorker.run(TestMethodWorker.java:109)
at java.util.concurrent.ThreadPoolExecutor.runWorker(ThreadPoolExecutor.java:1149)
at java.util.concurrent.ThreadPoolExecutor$Worker.run(ThreadPoolExecutor.java:624)
at java.lang.Thread.run(Thread.java:748)
]]>
            </full-stacktrace>
          </exception> <!-- org.openqa.selenium.TimeoutException -->
          <reporter-output>
          </reporter-output>
        </test-method> <!-- runScenario -->
        <test-method status="PASS" signature="runScenario(cucumber.api.testng.PickleEventWrapper, cucumber.api.testng.CucumberFeatureWrapper)[pri:0, instance:org.cts.oneframework.cucumber.testrunners.SmokeSuiteRunner@370736d9]" name="runScenario" duration-ms="1620" started-at="2019-12-06T09:15:50Z" description="Runs Cucumber Scenarios" data-provider="scenarios" finished-at="2019-12-06T09:15:52Z">
          <params>
            <param index="0">
              <value>
                <![CDATA["close browser"]]>
              </value>
            </param>
            <param index="1">
              <value>
                <![CDATA["Total_Fleet_CartesAndBadges"]]>
              </value>
            </param>
          </params>
          <reporter-output>
          </reporter-output>
        </test-method> <!-- runScenario -->
        <test-method status="PASS" signature="runScenario(cucumber.api.testng.PickleEventWrapper, cucumber.api.testng.CucumberFeatureWrapper)[pri:0, instance:org.cts.oneframework.cucumber.testrunners.SmokeSuiteRunner@370736d9]" name="runScenario" duration-ms="37788" started-at="2019-12-06T09:15:52Z" description="Runs Cucumber Scenarios" data-provider="scenarios" finished-at="2019-12-06T09:16:30Z">
          <params>
            <param index="0">
              <value>
                <![CDATA["TS_01_TC_01_Login_With_Valid_Credentials"]]>
              </value>
            </param>
            <param index="1">
              <value>
                <![CDATA["Total_Fleet_Collaborateurs"]]>
              </value>
            </param>
          </params>
          <reporter-output>
          </reporter-output>
        </test-method> <!-- runScenario -->
        <test-method status="PASS" signature="runScenario(cucumber.api.testng.PickleEventWrapper, cucumber.api.testng.CucumberFeatureWrapper)[pri:0, instance:org.cts.oneframework.cucumber.testrunners.SmokeSuiteRunner@370736d9]" name="runScenario" duration-ms="79785" started-at="2019-12-06T09:16:30Z" description="Runs Cucumber Scenarios" data-provider="scenarios" finished-at="2019-12-06T09:17:49Z">
          <params>
            <param index="0">
              <value>
                <![CDATA["TS_12_TC_13_Navigation to Contributor List Page"]]>
              </value>
            </param>
            <param index="1">
              <value>
                <![CDATA["Total_Fleet_Collaborateurs"]]>
              </value>
            </param>
          </params>
          <reporter-output>
          </reporter-output>
        </test-method> <!-- runScenario -->
        <test-method status="PASS" signature="runScenario(cucumber.api.testng.PickleEventWrapper, cucumber.api.testng.CucumberFeatureWrapper)[pri:0, instance:org.cts.oneframework.cucumber.testrunners.SmokeSuiteRunner@370736d9]" name="runScenario" duration-ms="1654" started-at="2019-12-06T09:17:49Z" description="Runs Cucumber Scenarios" data-provider="scenarios" finished-at="2019-12-06T09:17:51Z">
          <params>
            <param index="0">
              <value>
                <![CDATA["close browser"]]>
              </value>
            </param>
            <param index="1">
              <value>
                <![CDATA["Total_Fleet_Collaborateurs"]]>
              </value>
            </param>
          </params>
          <reporter-output>
          </reporter-output>
        </test-method> <!-- runScenario -->
        <test-method status="PASS" signature="runScenario(cucumber.api.testng.PickleEventWrapper, cucumber.api.testng.CucumberFeatureWrapper)[pri:0, instance:org.cts.oneframework.cucumber.testrunners.SmokeSuiteRunner@370736d9]" name="runScenario" duration-ms="39230" started-at="2019-12-06T09:17:51Z" description="Runs Cucumber Scenarios" data-provider="scenarios" finished-at="2019-12-06T09:18:30Z">
          <params>
            <param index="0">
              <value>
                <![CDATA["TS_01_TC_01_Login_With_Valid_Credentials"]]>
              </value>
            </param>
            <param index="1">
              <value>
                <![CDATA["Total_Fleet_Collaborateurs"]]>
              </value>
            </param>
          </params>
          <reporter-output>
          </reporter-output>
        </test-method> <!-- runScenario -->
        <test-method status="FAIL" signature="runScenario(cucumber.api.testng.PickleEventWrapper, cucumber.api.testng.CucumberFeatureWrapper)[pri:0, instance:org.cts.oneframework.cucumber.testrunners.SmokeSuiteRunner@370736d9]" name="runScenario" duration-ms="279620" started-at="2019-12-06T09:18:30Z" description="Runs Cucumber Scenarios" data-provider="scenarios" finished-at="2019-12-06T09:23:10Z">
          <params>
            <param index="0">
              <value>
                <![CDATA["TS_13_TC_14_Navigation to Contributor Detailed Page"]]>
              </value>
            </param>
            <param index="1">
              <value>
                <![CDATA["Total_Fleet_Collaborateurs"]]>
              </value>
            </param>
          </params>
          <exception class="org.openqa.selenium.TimeoutException">
            <message>
              <![CDATA[Expected condition failed: waiting for visibility of element located by By.xpath: //*[contains(text(),'Fiche collaborateur')] (tried for 200 second(s) with 1000 milliseconds interval)]]>
            </message>
            <full-stacktrace>
              <![CDATA[org.openqa.selenium.TimeoutException: Expected condition failed: waiting for visibility of element located by By.xpath: //*[contains(text(),'Fiche collaborateur')] (tried for 200 second(s) with 1000 milliseconds interval)
at org.openqa.selenium.support.ui.WebDriverWait.timeoutException(WebDriverWait.java:81)
at org.openqa.selenium.support.ui.FluentWait.until(FluentWait.java:271)
at org.cts.oneframework.utilities.BasePageObject.waitForElementToLoad(BasePageObject.java:745)
at org.cts.oneframework.utilities.BasePageObject.waitForElementToLoad(BasePageObject.java:749)
at org.cts.oneframework.cucumber.pages.CollaborateursPage.assertFicheCollaborateurTitleInDetailedPage(CollaborateursPage.java:391)
at org.cts.oneframework.cucumber.stepdefinition.CollaborateursStepDefs.collaborateur_Detailed_Page_should_be_displayed(CollaborateursStepDefs.java:51)
at ?.Collaborateur Detailed Page should be displayed with selected SelectCollaborateurNomInCollListPage and other tabs(src/test/resources/features/Collaborateurs.feature:81)
Caused by: org.openqa.selenium.NoSuchElementException: Cannot locate an element using By.xpath: //*[contains(text(),'Fiche collaborateur')]
For documentation on this error, please visit: http://seleniumhq.org/exceptions/no_such_element.html
Build info: version: '3.13.0', revision: '2f0d292', time: '2018-06-25T15:24:21.231Z'
System info: host: 'PC339926', ip: '10.219.66.4', os.name: 'Windows 10', os.arch: 'amd64', os.version: '10.0', java.version: '1.8.0_181'
Driver info: driver.version: unknown
at org.openqa.selenium.support.ui.ExpectedConditions.lambda$findElement$0(ExpectedConditions.java:896)
at java.util.Optional.orElseThrow(Optional.java:290)
at org.openqa.selenium.support.ui.ExpectedConditions.findElement(ExpectedConditions.java:895)
at org.openqa.selenium.support.ui.ExpectedConditions.access$000(ExpectedConditions.java:44)
at org.openqa.selenium.support.ui.ExpectedConditions$7.apply(ExpectedConditions.java:206)
at org.openqa.selenium.support.ui.ExpectedConditions$7.apply(ExpectedConditions.java:202)
at org.openqa.selenium.support.ui.FluentWait.until(FluentWait.java:248)
at org.cts.oneframework.utilities.BasePageObject.waitForElementToLoad(BasePageObject.java:745)
at org.cts.oneframework.utilities.BasePageObject.waitForElementToLoad(BasePageObject.java:749)
at org.cts.oneframework.cucumber.pages.CollaborateursPage.assertFicheCollaborateurTitleInDetailedPage(CollaborateursPage.java:391)
at org.cts.oneframework.cucumber.stepdefinition.CollaborateursStepDefs.collaborateur_Detailed_Page_should_be_displayed(CollaborateursStepDefs.java:51)
at sun.reflect.NativeMethodAccessorImpl.invoke0(Native Method)
at sun.reflect.NativeMethodAccessorImpl.invoke(NativeMethodAccessorImpl.java:62)
at sun.reflect.DelegatingMethodAccessorImpl.invoke(DelegatingMethodAccessorImpl.java:43)
at java.lang.reflect.Method.invoke(Method.java:498)
at cucumber.runtime.Utils$1.call(Utils.java:26)
at cucumber.runtime.Timeout.timeout(Timeout.java:16)
at cucumber.runtime.Utils.invoke(Utils.java:20)
at cucumber.runtime.java.JavaStepDefinition.execute(JavaStepDefinition.java:49)
at cucumber.runner.PickleStepDefinitionMatch.runStep(PickleStepDefinitionMatch.java:50)
at cucumber.runner.TestStep.executeStep(TestStep.java:63)
at cucumber.runner.TestStep.run(TestStep.java:49)
at cucumber.runner.PickleStepTestStep.run(PickleStepTestStep.java:43)
at cucumber.runner.TestCase.run(TestCase.java:44)
at cucumber.runner.Runner.runPickle(Runner.java:40)
at cucumber.api.testng.TestNGCucumberRunner.runScenario(TestNGCucumberRunner.java:68)
at org.cts.oneframework.cucumber.AbstractTestNGCucumberTest.runScenario(AbstractTestNGCucumberTest.java:39)
at sun.reflect.GeneratedMethodAccessor8.invoke(Unknown Source)
at sun.reflect.DelegatingMethodAccessorImpl.invoke(DelegatingMethodAccessorImpl.java:43)
at java.lang.reflect.Method.invoke(Method.java:498)
at org.testng.internal.MethodInvocationHelper.invokeMethod(MethodInvocationHelper.java:124)
at org.testng.internal.Invoker.invokeMethod(Invoker.java:583)
at org.testng.internal.Invoker.invokeTestMethod(Invoker.java:719)
at org.testng.internal.Invoker.invokeTestMethods(Invoker.java:989)
at org.testng.internal.TestMethodWorker.invokeTestMethods(TestMethodWorker.java:125)
at org.testng.internal.TestMethodWorker.run(TestMethodWorker.java:109)
at java.util.concurrent.ThreadPoolExecutor.runWorker(ThreadPoolExecutor.java:1149)
at java.util.concurrent.ThreadPoolExecutor$Worker.run(ThreadPoolExecutor.java:624)
at java.lang.Thread.run(Thread.java:748)
]]>
            </full-stacktrace>
          </exception> <!-- org.openqa.selenium.TimeoutException -->
          <reporter-output>
          </reporter-output>
        </test-method> <!-- runScenario -->
        <test-method status="PASS" signature="runScenario(cucumber.api.testng.PickleEventWrapper, cucumber.api.testng.CucumberFeatureWrapper)[pri:0, instance:org.cts.oneframework.cucumber.testrunners.SmokeSuiteRunner@370736d9]" name="runScenario" duration-ms="1468" started-at="2019-12-06T09:23:10Z" description="Runs Cucumber Scenarios" data-provider="scenarios" finished-at="2019-12-06T09:23:11Z">
          <params>
            <param index="0">
              <value>
                <![CDATA["close browser"]]>
              </value>
            </param>
            <param index="1">
              <value>
                <![CDATA["Total_Fleet_Collaborateurs"]]>
              </value>
            </param>
          </params>
          <reporter-output>
          </reporter-output>
        </test-method> <!-- runScenario -->
        <test-method status="PASS" signature="runScenario(cucumber.api.testng.PickleEventWrapper, cucumber.api.testng.CucumberFeatureWrapper)[pri:0, instance:org.cts.oneframework.cucumber.testrunners.SmokeSuiteRunner@370736d9]" name="runScenario" duration-ms="40246" started-at="2019-12-06T09:23:11Z" description="Runs Cucumber Scenarios" data-provider="scenarios" finished-at="2019-12-06T09:23:52Z">
          <params>
            <param index="0">
              <value>
                <![CDATA["TS_01_TC_01_Login_With_Valid_Credentials"]]>
              </value>
            </param>
            <param index="1">
              <value>
                <![CDATA["Total_Fleet_Collaborateurs"]]>
              </value>
            </param>
          </params>
          <reporter-output>
          </reporter-output>
        </test-method> <!-- runScenario -->
        <test-method status="PASS" signature="runScenario(cucumber.api.testng.PickleEventWrapper, cucumber.api.testng.CucumberFeatureWrapper)[pri:0, instance:org.cts.oneframework.cucumber.testrunners.SmokeSuiteRunner@370736d9]" name="runScenario" duration-ms="26000" started-at="2019-12-06T09:23:52Z" description="Runs Cucumber Scenarios" data-provider="scenarios" finished-at="2019-12-06T09:24:18Z">
          <params>
            <param index="0">
              <value>
                <![CDATA["TS_32_TC_43_Creation of Collaborateur with Annuler Flow"]]>
              </value>
            </param>
            <param index="1">
              <value>
                <![CDATA["Total_Fleet_Collaborateurs"]]>
              </value>
            </param>
          </params>
          <reporter-output>
          </reporter-output>
        </test-method> <!-- runScenario -->
        <test-method status="PASS" signature="runScenario(cucumber.api.testng.PickleEventWrapper, cucumber.api.testng.CucumberFeatureWrapper)[pri:0, instance:org.cts.oneframework.cucumber.testrunners.SmokeSuiteRunner@370736d9]" name="runScenario" duration-ms="1546" started-at="2019-12-06T09:24:18Z" description="Runs Cucumber Scenarios" data-provider="scenarios" finished-at="2019-12-06T09:24:19Z">
          <params>
            <param index="0">
              <value>
                <![CDATA["close browser"]]>
              </value>
            </param>
            <param index="1">
              <value>
                <![CDATA["Total_Fleet_Collaborateurs"]]>
              </value>
            </param>
          </params>
          <reporter-output>
          </reporter-output>
        </test-method> <!-- runScenario -->
        <test-method status="PASS" signature="runScenario(cucumber.api.testng.PickleEventWrapper, cucumber.api.testng.CucumberFeatureWrapper)[pri:0, instance:org.cts.oneframework.cucumber.testrunners.SmokeSuiteRunner@370736d9]" name="runScenario" duration-ms="39252" started-at="2019-12-06T09:24:19Z" description="Runs Cucumber Scenarios" data-provider="scenarios" finished-at="2019-12-06T09:24:58Z">
          <params>
            <param index="0">
              <value>
                <![CDATA["TS_01_TC_01_Login_With_Valid_Credentials"]]>
              </value>
            </param>
            <param index="1">
              <value>
                <![CDATA["Total_Fleet_ContratsFournisseurs"]]>
              </value>
            </param>
          </params>
          <reporter-output>
          </reporter-output>
        </test-method> <!-- runScenario -->
        <test-method status="PASS" signature="runScenario(cucumber.api.testng.PickleEventWrapper, cucumber.api.testng.CucumberFeatureWrapper)[pri:0, instance:org.cts.oneframework.cucumber.testrunners.SmokeSuiteRunner@370736d9]" name="runScenario" duration-ms="26317" started-at="2019-12-06T09:24:58Z" description="Runs Cucumber Scenarios" data-provider="scenarios" finished-at="2019-12-06T09:25:25Z">
          <params>
            <param index="0">
              <value>
                <![CDATA["TS_21_TS_22_TC_22_TC_23_Navigation to Contrats Fournisseurs List Page as well as Detailed Page"]]>
              </value>
            </param>
            <param index="1">
              <value>
                <![CDATA["Total_Fleet_ContratsFournisseurs"]]>
              </value>
            </param>
          </params>
          <reporter-output>
          </reporter-output>
        </test-method> <!-- runScenario -->
        <test-method status="PASS" signature="runScenario(cucumber.api.testng.PickleEventWrapper, cucumber.api.testng.CucumberFeatureWrapper)[pri:0, instance:org.cts.oneframework.cucumber.testrunners.SmokeSuiteRunner@370736d9]" name="runScenario" duration-ms="1517" started-at="2019-12-06T09:25:25Z" description="Runs Cucumber Scenarios" data-provider="scenarios" finished-at="2019-12-06T09:25:26Z">
          <params>
            <param index="0">
              <value>
                <![CDATA["close browser"]]>
              </value>
            </param>
            <param index="1">
              <value>
                <![CDATA["Total_Fleet_ContratsFournisseurs"]]>
              </value>
            </param>
          </params>
          <reporter-output>
          </reporter-output>
        </test-method> <!-- runScenario -->
        <test-method status="PASS" signature="runScenario(cucumber.api.testng.PickleEventWrapper, cucumber.api.testng.CucumberFeatureWrapper)[pri:0, instance:org.cts.oneframework.cucumber.testrunners.SmokeSuiteRunner@370736d9]" name="runScenario" duration-ms="35859" started-at="2019-12-06T09:25:26Z" description="Runs Cucumber Scenarios" data-provider="scenarios" finished-at="2019-12-06T09:26:02Z">
          <params>
            <param index="0">
              <value>
                <![CDATA["TS_01_TC_01_Login_With_Valid_Credentials"]]>
              </value>
            </param>
            <param index="1">
              <value>
                <![CDATA["Total_Fleet_Factures"]]>
              </value>
            </param>
          </params>
          <reporter-output>
          </reporter-output>
        </test-method> <!-- runScenario -->
        <test-method status="PASS" signature="runScenario(cucumber.api.testng.PickleEventWrapper, cucumber.api.testng.CucumberFeatureWrapper)[pri:0, instance:org.cts.oneframework.cucumber.testrunners.SmokeSuiteRunner@370736d9]" name="runScenario" duration-ms="17763" started-at="2019-12-06T09:26:02Z" description="Runs Cucumber Scenarios" data-provider="scenarios" finished-at="2019-12-06T09:26:20Z">
          <params>
            <param index="0">
              <value>
                <![CDATA["TS_23_TC_24_Navigation to Factures List Page"]]>
              </value>
            </param>
            <param index="1">
              <value>
                <![CDATA["Total_Fleet_Factures"]]>
              </value>
            </param>
          </params>
          <reporter-output>
          </reporter-output>
        </test-method> <!-- runScenario -->
        <test-method status="PASS" signature="runScenario(cucumber.api.testng.PickleEventWrapper, cucumber.api.testng.CucumberFeatureWrapper)[pri:0, instance:org.cts.oneframework.cucumber.testrunners.SmokeSuiteRunner@370736d9]" name="runScenario" duration-ms="16026" started-at="2019-12-06T09:26:20Z" description="Runs Cucumber Scenarios" data-provider="scenarios" finished-at="2019-12-06T09:26:36Z">
          <params>
            <param index="0">
              <value>
                <![CDATA["TS_38_TC_49_Manual Invoice Creation with Annuler Flow"]]>
              </value>
            </param>
            <param index="1">
              <value>
                <![CDATA["Total_Fleet_Factures"]]>
              </value>
            </param>
          </params>
          <reporter-output>
          </reporter-output>
        </test-method> <!-- runScenario -->
        <test-method status="PASS" signature="runScenario(cucumber.api.testng.PickleEventWrapper, cucumber.api.testng.CucumberFeatureWrapper)[pri:0, instance:org.cts.oneframework.cucumber.testrunners.SmokeSuiteRunner@370736d9]" name="runScenario" duration-ms="1644" started-at="2019-12-06T09:26:36Z" description="Runs Cucumber Scenarios" data-provider="scenarios" finished-at="2019-12-06T09:26:38Z">
          <params>
            <param index="0">
              <value>
                <![CDATA["close browser"]]>
              </value>
            </param>
            <param index="1">
              <value>
                <![CDATA["Total_Fleet_Factures"]]>
              </value>
            </param>
          </params>
          <reporter-output>
          </reporter-output>
        </test-method> <!-- runScenario -->
        <test-method status="PASS" signature="runScenario(cucumber.api.testng.PickleEventWrapper, cucumber.api.testng.CucumberFeatureWrapper)[pri:0, instance:org.cts.oneframework.cucumber.testrunners.SmokeSuiteRunner@370736d9]" name="runScenario" duration-ms="33836" started-at="2019-12-06T09:26:38Z" description="Runs Cucumber Scenarios" data-provider="scenarios" finished-at="2019-12-06T09:27:11Z">
          <params>
            <param index="0">
              <value>
                <![CDATA["TS_01_TC_01_Login_With_Valid_Credentials_Factures"]]>
              </value>
            </param>
            <param index="1">
              <value>
                <![CDATA["Total_Fleet_Factures"]]>
              </value>
            </param>
          </params>
          <reporter-output>
          </reporter-output>
        </test-method> <!-- runScenario -->
        <test-method status="FAIL" signature="runScenario(cucumber.api.testng.PickleEventWrapper, cucumber.api.testng.CucumberFeatureWrapper)[pri:0, instance:org.cts.oneframework.cucumber.testrunners.SmokeSuiteRunner@370736d9]" name="runScenario" duration-ms="36659" started-at="2019-12-06T09:27:11Z" description="Runs Cucumber Scenarios" data-provider="scenarios" finished-at="2019-12-06T09:27:48Z">
          <params>
            <param index="0">
              <value>
                <![CDATA["TS_24_TC_25_Verification of excel file download from Suivi D Integration Des Factures"]]>
              </value>
            </param>
            <param index="1">
              <value>
                <![CDATA["Total_Fleet_Factures"]]>
              </value>
            </param>
          </params>
          <exception class="java.lang.AssertionError">
            <message>
              <![CDATA[null]]>
            </message>
            <full-stacktrace>
              <![CDATA[java.lang.AssertionError: null
at org.testng.Assert.fail(Assert.java:96)
at org.testng.Assert.fail(Assert.java:103)
at org.cts.oneframework.utilities.AssertionLibrary.fail(AssertionLibrary.java:298)
at org.cts.oneframework.utilities.BasePageObject.readCSVHeader(BasePageObject.java:908)
at org.cts.oneframework.cucumber.pages.FacturesPage.readCSVOfFichier(FacturesPage.java:343)
at org.cts.oneframework.cucumber.stepdefinition.FacturesStepDefs.read_the_excel(FacturesStepDefs.java:117)
at ?.read the excel as Excel_ToBeCopiedIn_Suivi_D_Int_Des_Factues and check if excel contains Header_Title_In_FichierExcel_In_Suivi_D_Int_Des_Factures_Page(src/test/resources/features/Factures.feature:93)
]]>
            </full-stacktrace>
          </exception> <!-- java.lang.AssertionError -->
          <reporter-output>
          </reporter-output>
        </test-method> <!-- runScenario -->
        <test-method status="PASS" signature="runScenario(cucumber.api.testng.PickleEventWrapper, cucumber.api.testng.CucumberFeatureWrapper)[pri:0, instance:org.cts.oneframework.cucumber.testrunners.SmokeSuiteRunner@370736d9]" name="runScenario" duration-ms="1947" started-at="2019-12-06T09:27:48Z" description="Runs Cucumber Scenarios" data-provider="scenarios" finished-at="2019-12-06T09:27:50Z">
          <params>
            <param index="0">
              <value>
                <![CDATA["close browser"]]>
              </value>
            </param>
            <param index="1">
              <value>
                <![CDATA["Total_Fleet_Factures"]]>
              </value>
            </param>
          </params>
          <reporter-output>
          </reporter-output>
        </test-method> <!-- runScenario -->
        <test-method status="PASS" signature="runScenario(cucumber.api.testng.PickleEventWrapper, cucumber.api.testng.CucumberFeatureWrapper)[pri:0, instance:org.cts.oneframework.cucumber.testrunners.SmokeSuiteRunner@370736d9]" name="runScenario" duration-ms="34819" started-at="2019-12-06T09:27:50Z" description="Runs Cucumber Scenarios" data-provider="scenarios" finished-at="2019-12-06T09:28:25Z">
          <params>
            <param index="0">
              <value>
                <![CDATA["TS_01_TC_01_Login_With_Valid_Credentials"]]>
              </value>
            </param>
            <param index="1">
              <value>
                <![CDATA["Total_Fleet_Fiscalite"]]>
              </value>
            </param>
          </params>
          <reporter-output>
          </reporter-output>
        </test-method> <!-- runScenario -->
        <test-method status="PASS" signature="runScenario(cucumber.api.testng.PickleEventWrapper, cucumber.api.testng.CucumberFeatureWrapper)[pri:0, instance:org.cts.oneframework.cucumber.testrunners.SmokeSuiteRunner@370736d9]" name="runScenario" duration-ms="62071" started-at="2019-12-06T09:28:25Z" description="Runs Cucumber Scenarios" data-provider="scenarios" finished-at="2019-12-06T09:29:27Z">
          <params>
            <param index="0">
              <value>
                <![CDATA["TS_30_TC_31_verify all the five tabs are loading properly in the fiscalite portlet"]]>
              </value>
            </param>
            <param index="1">
              <value>
                <![CDATA["Total_Fleet_Fiscalite"]]>
              </value>
            </param>
          </params>
          <reporter-output>
          </reporter-output>
        </test-method> <!-- runScenario -->
        <test-method status="PASS" signature="runScenario(cucumber.api.testng.PickleEventWrapper, cucumber.api.testng.CucumberFeatureWrapper)[pri:0, instance:org.cts.oneframework.cucumber.testrunners.SmokeSuiteRunner@370736d9]" name="runScenario" duration-ms="33153" started-at="2019-12-06T09:29:27Z" description="Runs Cucumber Scenarios" data-provider="scenarios" finished-at="2019-12-06T09:30:00Z">
          <params>
            <param index="0">
              <value>
                <![CDATA["TS_30_TC_31_validation for ticpe and export"]]>
              </value>
            </param>
            <param index="1">
              <value>
                <![CDATA["Total_Fleet_Fiscalite"]]>
              </value>
            </param>
          </params>
          <reporter-output>
          </reporter-output>
        </test-method> <!-- runScenario -->
        <test-method status="PASS" signature="runScenario(cucumber.api.testng.PickleEventWrapper, cucumber.api.testng.CucumberFeatureWrapper)[pri:0, instance:org.cts.oneframework.cucumber.testrunners.SmokeSuiteRunner@370736d9]" name="runScenario" duration-ms="1679" started-at="2019-12-06T09:30:00Z" description="Runs Cucumber Scenarios" data-provider="scenarios" finished-at="2019-12-06T09:30:02Z">
          <params>
            <param index="0">
              <value>
                <![CDATA["close browser"]]>
              </value>
            </param>
            <param index="1">
              <value>
                <![CDATA["Total_Fleet_Fiscalite"]]>
              </value>
            </param>
          </params>
          <reporter-output>
          </reporter-output>
        </test-method> <!-- runScenario -->
        <test-method status="PASS" signature="runScenario(cucumber.api.testng.PickleEventWrapper, cucumber.api.testng.CucumberFeatureWrapper)[pri:0, instance:org.cts.oneframework.cucumber.testrunners.SmokeSuiteRunner@370736d9]" name="runScenario" duration-ms="42065" started-at="2019-12-06T09:30:02Z" description="Runs Cucumber Scenarios" data-provider="scenarios" finished-at="2019-12-06T09:30:44Z">
          <params>
            <param index="0">
              <value>
                <![CDATA["TS_01_TC_01_Login_With_Valid_Credentials"]]>
              </value>
            </param>
            <param index="1">
              <value>
                <![CDATA["Total_Fleet_Fiscalite"]]>
              </value>
            </param>
          </params>
          <reporter-output>
          </reporter-output>
        </test-method> <!-- runScenario -->
        <test-method status="FAIL" signature="runScenario(cucumber.api.testng.PickleEventWrapper, cucumber.api.testng.CucumberFeatureWrapper)[pri:0, instance:org.cts.oneframework.cucumber.testrunners.SmokeSuiteRunner@370736d9]" name="runScenario" duration-ms="26795" started-at="2019-12-06T09:30:44Z" description="Runs Cucumber Scenarios" data-provider="scenarios" finished-at="2019-12-06T09:31:11Z">
          <params>
            <param index="0">
              <value>
                <![CDATA["TS_27_TC_32_verify the filtres in all five tabs are working properly in the fiscalite portlet"]]>
              </value>
            </param>
            <param index="1">
              <value>
                <![CDATA["Total_Fleet_Fiscalite"]]>
              </value>
            </param>
          </params>
          <exception class="org.openqa.selenium.ElementNotVisibleException">
            <message>
              <![CDATA[element not interactable
  (Session info: chrome=75.0.3770.90)
  (Driver info: chromedriver=2.44.609538 (b655c5a60b0b544917107a59d4153d4bf78e1b90),platform=Windows NT 10.0.17763 x86_64) (WARNING: The server did not provide any stacktrace information)
Command duration or timeout: 0 milliseconds
Build info: version: '3.13.0', revision: '2f0d292', time: '2018-06-25T15:24:21.231Z'
System info: host: 'PC339926', ip: '10.219.66.4', os.name: 'Windows 10', os.arch: 'amd64', os.version: '10.0', java.version: '1.8.0_181'
Driver info: org.openqa.selenium.chrome.ChromeDriver
Capabilities {acceptInsecureCerts: false, acceptSslCerts: false, applicationCacheEnabled: false, browserConnectionEnabled: false, browserName: chrome, chrome: {chromedriverVersion: 2.44.609538 (b655c5a60b0b54..., userDataDir: C:\Users\593611\AppData\Loc...}, cssSelectorsEnabled: true, databaseEnabled: false, goog:chromeOptions: {debuggerAddress: localhost:64141}, handlesAlerts: true, hasTouchScreen: false, javascriptEnabled: true, locationContextEnabled: true, mobileEmulationEnabled: false, nativeEvents: true, networkConnectionEnabled: false, pageLoadStrategy: normal, platform: XP, platformName: XP, rotatable: false, setWindowRect: true, takesHeapSnapshot: true, takesScreenshot: true, unexpectedAlertBehaviour: ignore, unhandledPromptBehavior: ignore, version: 75.0.3770.90, webStorageEnabled: true}
Session ID: bae70913bea568e37293ad44369129bd]]>
            </message>
            <full-stacktrace>
              <![CDATA[org.openqa.selenium.ElementNotVisibleException: element not interactable
  (Session info: chrome=75.0.3770.90)
  (Driver info: chromedriver=2.44.609538 (b655c5a60b0b544917107a59d4153d4bf78e1b90),platform=Windows NT 10.0.17763 x86_64) (WARNING: The server did not provide any stacktrace information)
Command duration or timeout: 0 milliseconds
Build info: version: '3.13.0', revision: '2f0d292', time: '2018-06-25T15:24:21.231Z'
System info: host: 'PC339926', ip: '10.219.66.4', os.name: 'Windows 10', os.arch: 'amd64', os.version: '10.0', java.version: '1.8.0_181'
Driver info: org.openqa.selenium.chrome.ChromeDriver
Capabilities {acceptInsecureCerts: false, acceptSslCerts: false, applicationCacheEnabled: false, browserConnectionEnabled: false, browserName: chrome, chrome: {chromedriverVersion: 2.44.609538 (b655c5a60b0b54..., userDataDir: C:\Users\593611\AppData\Loc...}, cssSelectorsEnabled: true, databaseEnabled: false, goog:chromeOptions: {debuggerAddress: localhost:64141}, handlesAlerts: true, hasTouchScreen: false, javascriptEnabled: true, locationContextEnabled: true, mobileEmulationEnabled: false, nativeEvents: true, networkConnectionEnabled: false, pageLoadStrategy: normal, platform: XP, platformName: XP, rotatable: false, setWindowRect: true, takesHeapSnapshot: true, takesScreenshot: true, unexpectedAlertBehaviour: ignore, unhandledPromptBehavior: ignore, version: 75.0.3770.90, webStorageEnabled: true}
Session ID: bae70913bea568e37293ad44369129bd
at sun.reflect.NativeConstructorAccessorImpl.newInstance0(Native Method)
at sun.reflect.NativeConstructorAccessorImpl.newInstance(NativeConstructorAccessorImpl.java:62)
at sun.reflect.DelegatingConstructorAccessorImpl.newInstance(DelegatingConstructorAccessorImpl.java:45)
at java.lang.reflect.Constructor.newInstance(Constructor.java:423)
at org.openqa.selenium.remote.ErrorHandler.createThrowable(ErrorHandler.java:214)
at org.openqa.selenium.remote.ErrorHandler.throwIfResponseFailed(ErrorHandler.java:166)
at org.openqa.selenium.remote.http.JsonHttpResponseCodec.reconstructValue(JsonHttpResponseCodec.java:40)
at org.openqa.selenium.remote.http.AbstractHttpResponseCodec.decode(AbstractHttpResponseCodec.java:80)
at org.openqa.selenium.remote.http.AbstractHttpResponseCodec.decode(AbstractHttpResponseCodec.java:44)
at org.openqa.selenium.remote.HttpCommandExecutor.execute(HttpCommandExecutor.java:158)
at org.openqa.selenium.remote.service.DriverCommandExecutor.execute(DriverCommandExecutor.java:83)
at org.openqa.selenium.remote.RemoteWebDriver.execute(RemoteWebDriver.java:548)
at org.openqa.selenium.remote.RemoteWebElement.execute(RemoteWebElement.java:276)
at org.openqa.selenium.remote.RemoteWebElement.click(RemoteWebElement.java:83)
at org.cts.oneframework.utilities.BasePageObject.clickElement(BasePageObject.java:587)
at org.cts.oneframework.utilities.BasePageObject.clickElement(BasePageObject.java:578)
at org.cts.oneframework.cucumber.pages.FiscalitePage.clickVoirLeDetail(FiscalitePage.java:1304)
at org.cts.oneframework.cucumber.stepdefinition.FiscaliteStepDefs.applying_the_filter_in_all_the_five_tabs_then_values_in_the_tabs_should_be_displayed_accordingly(FiscaliteStepDefs.java:135)
at ?.applying the filter in all the five tabs then values in the tabs should be displayed accordingly EnterYearInExerciceFiscalDropdownTVSTab Select_Year_In_Du_Periode_In_AvantagesEnNatureTab Select_Month_In_Du_Periode_In_AvantagesEnNatureTab Select_Year_In_Au_Periode_In_AvantagesEnNatureTab Select_Month_In_Au_Periode_In_AvantagesEnNatureTab SelectMonthDuInPeriodeFilterTvaTab SelectYearIDunPeriodeFilterTvaTab SelectDateDuInPeriodeFilterTvaTab SelectMonthInAuPeriodeFilterTvaTab SelectYearInAuPeriodeFilterTvaTab SelectDateInAuPeriodeFilterTvaTab SelectMonthDuInDatedentreeauparFilterAndTab SelectYearIDunDatedentreeauparFilterAndTab SelectDateIDunDatedentreeauparFilterAndTab SelectMonthInAuDatedentreeauparFilterAndTab SelectYearInAuDatedentreeauparFilterAndTab SelectDateInAuDatedentreeauparFilterAndTab(src/test/resources/features/Fiscalite.feature:85)
]]>
            </full-stacktrace>
          </exception> <!-- org.openqa.selenium.ElementNotVisibleException -->
          <reporter-output>
          </reporter-output>
        </test-method> <!-- runScenario -->
        <test-method status="PASS" signature="runScenario(cucumber.api.testng.PickleEventWrapper, cucumber.api.testng.CucumberFeatureWrapper)[pri:0, instance:org.cts.oneframework.cucumber.testrunners.SmokeSuiteRunner@370736d9]" name="runScenario" duration-ms="1631" started-at="2019-12-06T09:31:11Z" description="Runs Cucumber Scenarios" data-provider="scenarios" finished-at="2019-12-06T09:31:12Z">
          <params>
            <param index="0">
              <value>
                <![CDATA["close browser"]]>
              </value>
            </param>
            <param index="1">
              <value>
                <![CDATA["Total_Fleet_Fiscalite"]]>
              </value>
            </param>
          </params>
          <reporter-output>
          </reporter-output>
        </test-method> <!-- runScenario -->
        <test-method status="PASS" signature="runScenario(cucumber.api.testng.PickleEventWrapper, cucumber.api.testng.CucumberFeatureWrapper)[pri:0, instance:org.cts.oneframework.cucumber.testrunners.SmokeSuiteRunner@370736d9]" name="runScenario" duration-ms="38154" started-at="2019-12-06T09:31:12Z" description="Runs Cucumber Scenarios" data-provider="scenarios" finished-at="2019-12-06T09:31:50Z">
          <params>
            <param index="0">
              <value>
                <![CDATA["TS_01_TC_01_Login_With_Valid_Credentials_Utilisateurs"]]>
              </value>
            </param>
            <param index="1">
              <value>
                <![CDATA["Total_Fleet_HeaderCompte"]]>
              </value>
            </param>
          </params>
          <reporter-output>
          </reporter-output>
        </test-method> <!-- runScenario -->
        <test-method status="PASS" signature="runScenario(cucumber.api.testng.PickleEventWrapper, cucumber.api.testng.CucumberFeatureWrapper)[pri:0, instance:org.cts.oneframework.cucumber.testrunners.SmokeSuiteRunner@370736d9]" name="runScenario" duration-ms="28825" started-at="2019-12-06T09:31:50Z" description="Runs Cucumber Scenarios" data-provider="scenarios" finished-at="2019-12-06T09:32:19Z">
          <params>
            <param index="0">
              <value>
                <![CDATA["TS_31_TC_41_New Secondary User Creation with Annuler Flow"]]>
              </value>
            </param>
            <param index="1">
              <value>
                <![CDATA["Total_Fleet_HeaderCompte"]]>
              </value>
            </param>
          </params>
          <reporter-output>
          </reporter-output>
        </test-method> <!-- runScenario -->
        <test-method status="PASS" signature="runScenario(cucumber.api.testng.PickleEventWrapper, cucumber.api.testng.CucumberFeatureWrapper)[pri:0, instance:org.cts.oneframework.cucumber.testrunners.SmokeSuiteRunner@370736d9]" name="runScenario" duration-ms="15874" started-at="2019-12-06T09:32:19Z" description="Runs Cucumber Scenarios" data-provider="scenarios" finished-at="2019-12-06T09:32:35Z">
          <params>
            <param index="0">
              <value>
                <![CDATA["TS_31_TC_42_Update Existing Secondary User with Annuler Flow"]]>
              </value>
            </param>
            <param index="1">
              <value>
                <![CDATA["Total_Fleet_HeaderCompte"]]>
              </value>
            </param>
          </params>
          <reporter-output>
          </reporter-output>
        </test-method> <!-- runScenario -->
        <test-method status="PASS" signature="runScenario(cucumber.api.testng.PickleEventWrapper, cucumber.api.testng.CucumberFeatureWrapper)[pri:0, instance:org.cts.oneframework.cucumber.testrunners.SmokeSuiteRunner@370736d9]" name="runScenario" duration-ms="11510" started-at="2019-12-06T09:32:35Z" description="Runs Cucumber Scenarios" data-provider="scenarios" finished-at="2019-12-06T09:32:47Z">
          <params>
            <param index="0">
              <value>
                <![CDATA["TS_30_TC_40_Update Personal Mail ID with Annuler Flow"]]>
              </value>
            </param>
            <param index="1">
              <value>
                <![CDATA["Total_Fleet_HeaderCompte"]]>
              </value>
            </param>
          </params>
          <reporter-output>
          </reporter-output>
        </test-method> <!-- runScenario -->
        <test-method status="PASS" signature="runScenario(cucumber.api.testng.PickleEventWrapper, cucumber.api.testng.CucumberFeatureWrapper)[pri:0, instance:org.cts.oneframework.cucumber.testrunners.SmokeSuiteRunner@370736d9]" name="runScenario" duration-ms="1658" started-at="2019-12-06T09:32:47Z" description="Runs Cucumber Scenarios" data-provider="scenarios" finished-at="2019-12-06T09:32:48Z">
          <params>
            <param index="0">
              <value>
                <![CDATA["close browser"]]>
              </value>
            </param>
            <param index="1">
              <value>
                <![CDATA["Total_Fleet_HeaderCompte"]]>
              </value>
            </param>
          </params>
          <reporter-output>
          </reporter-output>
        </test-method> <!-- runScenario -->
        <test-method status="PASS" signature="runScenario(cucumber.api.testng.PickleEventWrapper, cucumber.api.testng.CucumberFeatureWrapper)[pri:0, instance:org.cts.oneframework.cucumber.testrunners.SmokeSuiteRunner@370736d9]" name="runScenario" duration-ms="37604" started-at="2019-12-06T09:32:48Z" description="Runs Cucumber Scenarios" data-provider="scenarios" finished-at="2019-12-06T09:33:26Z">
          <params>
            <param index="0">
              <value>
                <![CDATA["TS_01_TC_01_Login With Valid Credentials"]]>
              </value>
            </param>
            <param index="1">
              <value>
                <![CDATA["Total_Fleet_Rapports"]]>
              </value>
            </param>
          </params>
          <reporter-output>
          </reporter-output>
        </test-method> <!-- runScenario -->
        <test-method status="PASS" signature="runScenario(cucumber.api.testng.PickleEventWrapper, cucumber.api.testng.CucumberFeatureWrapper)[pri:0, instance:org.cts.oneframework.cucumber.testrunners.SmokeSuiteRunner@370736d9]" name="runScenario" duration-ms="31254" started-at="2019-12-06T09:33:26Z" description="Runs Cucumber Scenarios" data-provider="scenarios" finished-at="2019-12-06T09:33:57Z">
          <params>
            <param index="0">
              <value>
                <![CDATA["TS_28_TC_33_Verify if the user is able to view and apply filter and download the Etat Vehicules Parc Complet report"]]>
              </value>
            </param>
            <param index="1">
              <value>
                <![CDATA["Total_Fleet_Rapports"]]>
              </value>
            </param>
          </params>
          <reporter-output>
          </reporter-output>
        </test-method> <!-- runScenario -->
        <test-method status="PASS" signature="runScenario(cucumber.api.testng.PickleEventWrapper, cucumber.api.testng.CucumberFeatureWrapper)[pri:0, instance:org.cts.oneframework.cucumber.testrunners.SmokeSuiteRunner@370736d9]" name="runScenario" duration-ms="2046" started-at="2019-12-06T09:33:57Z" description="Runs Cucumber Scenarios" data-provider="scenarios" finished-at="2019-12-06T09:33:59Z">
          <params>
            <param index="0">
              <value>
                <![CDATA["close browser"]]>
              </value>
            </param>
            <param index="1">
              <value>
                <![CDATA["Total_Fleet_Rapports"]]>
              </value>
            </param>
          </params>
          <reporter-output>
          </reporter-output>
        </test-method> <!-- runScenario -->
        <test-method status="PASS" signature="runScenario(cucumber.api.testng.PickleEventWrapper, cucumber.api.testng.CucumberFeatureWrapper)[pri:0, instance:org.cts.oneframework.cucumber.testrunners.SmokeSuiteRunner@370736d9]" name="runScenario" duration-ms="35632" started-at="2019-12-06T09:33:59Z" description="Runs Cucumber Scenarios" data-provider="scenarios" finished-at="2019-12-06T09:34:35Z">
          <params>
            <param index="0">
              <value>
                <![CDATA["TS_01_TC_01_Login With Valid Credentials"]]>
              </value>
            </param>
            <param index="1">
              <value>
                <![CDATA["Total_Fleet_Rapports"]]>
              </value>
            </param>
          </params>
          <reporter-output>
          </reporter-output>
        </test-method> <!-- runScenario -->
        <test-method status="FAIL" signature="runScenario(cucumber.api.testng.PickleEventWrapper, cucumber.api.testng.CucumberFeatureWrapper)[pri:0, instance:org.cts.oneframework.cucumber.testrunners.SmokeSuiteRunner@370736d9]" name="runScenario" duration-ms="20623" started-at="2019-12-06T09:34:35Z" description="Runs Cucumber Scenarios" data-provider="scenarios" finished-at="2019-12-06T09:34:55Z">
          <params>
            <param index="0">
              <value>
                <![CDATA["TS_28_TC_34_Verify if the user is able to view and apply filter and download the suivi consommation aux KM report"]]>
              </value>
            </param>
            <param index="1">
              <value>
                <![CDATA["Total_Fleet_Rapports"]]>
              </value>
            </param>
          </params>
          <exception class="java.lang.AssertionError">
            <message>
              <![CDATA[verify the presence of Pagination button in 'Suiviconsommationaux' Rapport page expected [true] but found [false]]]>
            </message>
            <full-stacktrace>
              <![CDATA[java.lang.AssertionError: verify the presence of Pagination button in 'Suiviconsommationaux' Rapport page expected [true] but found [false]
at org.testng.Assert.fail(Assert.java:96)
at org.testng.Assert.failNotEquals(Assert.java:776)
at org.testng.Assert.assertTrue(Assert.java:44)
at org.cts.oneframework.utilities.AssertionLibrary.assertTrue(AssertionLibrary.java:116)
at org.cts.oneframework.utilities.AssertionLibrary.assertTrue(AssertionLibrary.java:131)
at org.cts.oneframework.cucumber.pages.RapportsPage.AssetbtnPaginationInSuiviconsommationauxRapportPage(RapportsPage.java:1735)
at org.cts.oneframework.cucumber.stepdefinition.RapportsStepDefs.user_should_verify_all_the_links_are_available_in_the_suivi_consommation_aux_km_report(RapportsStepDefs.java:106)
at ?.system should show all the links available in the suivi consommation aux km report(src/test/resources/features/Rapports.feature:84)
]]>
            </full-stacktrace>
          </exception> <!-- java.lang.AssertionError -->
          <reporter-output>
          </reporter-output>
        </test-method> <!-- runScenario -->
        <test-method status="FAIL" signature="runScenario(cucumber.api.testng.PickleEventWrapper, cucumber.api.testng.CucumberFeatureWrapper)[pri:0, instance:org.cts.oneframework.cucumber.testrunners.SmokeSuiteRunner@370736d9]" name="runScenario" duration-ms="216180" started-at="2019-12-06T09:34:55Z" description="Runs Cucumber Scenarios" data-provider="scenarios" finished-at="2019-12-06T09:38:32Z">
          <params>
            <param index="0">
              <value>
                <![CDATA["TS_01_TC_01_Login With Valid Credentials"]]>
              </value>
            </param>
            <param index="1">
              <value>
                <![CDATA["Total_Fleet_Rapports"]]>
              </value>
            </param>
          </params>
          <exception class="org.openqa.selenium.TimeoutException">
            <message>
              <![CDATA[Expected condition failed: waiting for org.cts.oneframework.utilities.BasePageObject$1@61397b90 (tried for 200 second(s) with 1000 milliseconds interval)]]>
            </message>
            <full-stacktrace>
              <![CDATA[org.openqa.selenium.TimeoutException: Expected condition failed: waiting for org.cts.oneframework.utilities.BasePageObject$1@61397b90 (tried for 200 second(s) with 1000 milliseconds interval)
at org.openqa.selenium.support.ui.WebDriverWait.timeoutException(WebDriverWait.java:81)
at org.openqa.selenium.support.ui.FluentWait.until(FluentWait.java:271)
at org.cts.oneframework.utilities.BasePageObject.getElement(BasePageObject.java:115)
at org.cts.oneframework.utilities.BasePageObject.setInputValue(BasePageObject.java:326)
at org.cts.oneframework.utilities.BasePageObject.setInputValue(BasePageObject.java:315)
at org.cts.oneframework.cucumber.pages.CommonPage.setEmail(CommonPage.java:52)
at org.cts.oneframework.cucumber.stepdefinition.CommonStepDefs.user_inputs_login_credentials_and_click_se_connecter(CommonStepDefs.java:37)
at ?.user inputs Email and Motdepasse and clicks on Se_Connecter button(src/test/resources/features/Rapports.feature:100)
Caused by: org.openqa.selenium.NoSuchElementException: no such element: Unable to locate element: {"method":"xpath","selector":"//section[@id='container']//input[@name='username']"}
  (Session info: chrome=75.0.3770.90)
  (Driver info: chromedriver=2.44.609538 (b655c5a60b0b544917107a59d4153d4bf78e1b90),platform=Windows NT 10.0.17763 x86_64) (WARNING: The server did not provide any stacktrace information)
Command duration or timeout: 0 milliseconds
For documentation on this error, please visit: http://seleniumhq.org/exceptions/no_such_element.html
Build info: version: '3.13.0', revision: '2f0d292', time: '2018-06-25T15:24:21.231Z'
System info: host: 'PC339926', ip: '10.219.66.4', os.name: 'Windows 10', os.arch: 'amd64', os.version: '10.0', java.version: '1.8.0_181'
Driver info: org.openqa.selenium.chrome.ChromeDriver
Capabilities {acceptInsecureCerts: false, acceptSslCerts: false, applicationCacheEnabled: false, browserConnectionEnabled: false, browserName: chrome, chrome: {chromedriverVersion: 2.44.609538 (b655c5a60b0b54..., userDataDir: C:\Users\593611\AppData\Loc...}, cssSelectorsEnabled: true, databaseEnabled: false, goog:chromeOptions: {debuggerAddress: localhost:64377}, handlesAlerts: true, hasTouchScreen: false, javascriptEnabled: true, locationContextEnabled: true, mobileEmulationEnabled: false, nativeEvents: true, networkConnectionEnabled: false, pageLoadStrategy: normal, platform: XP, platformName: XP, rotatable: false, setWindowRect: true, takesHeapSnapshot: true, takesScreenshot: true, unexpectedAlertBehaviour: ignore, unhandledPromptBehavior: ignore, version: 75.0.3770.90, webStorageEnabled: true}
Session ID: ee2e7f3e831ff6f4367452cd4b4dcb43
*** Element info: {Using=xpath, value=//section[@id='container']//input[@name='username']}
at sun.reflect.GeneratedConstructorAccessor66.newInstance(Unknown Source)
at sun.reflect.DelegatingConstructorAccessorImpl.newInstance(DelegatingConstructorAccessorImpl.java:45)
at java.lang.reflect.Constructor.newInstance(Constructor.java:423)
at org.openqa.selenium.remote.ErrorHandler.createThrowable(ErrorHandler.java:214)
at org.openqa.selenium.remote.ErrorHandler.throwIfResponseFailed(ErrorHandler.java:166)
at org.openqa.selenium.remote.http.JsonHttpResponseCodec.reconstructValue(JsonHttpResponseCodec.java:40)
at org.openqa.selenium.remote.http.AbstractHttpResponseCodec.decode(AbstractHttpResponseCodec.java:80)
at org.openqa.selenium.remote.http.AbstractHttpResponseCodec.decode(AbstractHttpResponseCodec.java:44)
at org.openqa.selenium.remote.HttpCommandExecutor.execute(HttpCommandExecutor.java:158)
at org.openqa.selenium.remote.service.DriverCommandExecutor.execute(DriverCommandExecutor.java:83)
at org.openqa.selenium.remote.RemoteWebDriver.execute(RemoteWebDriver.java:548)
at org.openqa.selenium.remote.RemoteWebDriver.findElement(RemoteWebDriver.java:322)
at org.openqa.selenium.remote.RemoteWebDriver.findElementByXPath(RemoteWebDriver.java:424)
at org.openqa.selenium.By$ByXPath.findElement(By.java:353)
at org.openqa.selenium.remote.RemoteWebDriver.findElement(RemoteWebDriver.java:314)
at org.cts.oneframework.utilities.BasePageObject$1.apply(BasePageObject.java:118)
at org.cts.oneframework.utilities.BasePageObject$1.apply(BasePageObject.java:1)
at org.openqa.selenium.support.ui.FluentWait.until(FluentWait.java:248)
at org.cts.oneframework.utilities.BasePageObject.getElement(BasePageObject.java:115)
at org.cts.oneframework.utilities.BasePageObject.setInputValue(BasePageObject.java:326)
at org.cts.oneframework.utilities.BasePageObject.setInputValue(BasePageObject.java:315)
at org.cts.oneframework.cucumber.pages.CommonPage.setEmail(CommonPage.java:52)
at org.cts.oneframework.cucumber.stepdefinition.CommonStepDefs.user_inputs_login_credentials_and_click_se_connecter(CommonStepDefs.java:37)
at sun.reflect.GeneratedMethodAccessor11.invoke(Unknown Source)
at sun.reflect.DelegatingMethodAccessorImpl.invoke(DelegatingMethodAccessorImpl.java:43)
at java.lang.reflect.Method.invoke(Method.java:498)
at cucumber.runtime.Utils$1.call(Utils.java:26)
at cucumber.runtime.Timeout.timeout(Timeout.java:16)
at cucumber.runtime.Utils.invoke(Utils.java:20)
at cucumber.runtime.java.JavaStepDefinition.execute(JavaStepDefinition.java:49)
at cucumber.runner.PickleStepDefinitionMatch.runStep(PickleStepDefinitionMatch.java:50)
at cucumber.runner.TestStep.executeStep(TestStep.java:63)
at cucumber.runner.TestStep.run(TestStep.java:49)
at cucumber.runner.PickleStepTestStep.run(PickleStepTestStep.java:43)
at cucumber.runner.TestCase.run(TestCase.java:44)
at cucumber.runner.Runner.runPickle(Runner.java:40)
at cucumber.api.testng.TestNGCucumberRunner.runScenario(TestNGCucumberRunner.java:68)
at org.cts.oneframework.cucumber.AbstractTestNGCucumberTest.runScenario(AbstractTestNGCucumberTest.java:39)
at sun.reflect.GeneratedMethodAccessor8.invoke(Unknown Source)
at sun.reflect.DelegatingMethodAccessorImpl.invoke(DelegatingMethodAccessorImpl.java:43)
at java.lang.reflect.Method.invoke(Method.java:498)
at org.testng.internal.MethodInvocationHelper.invokeMethod(MethodInvocationHelper.java:124)
at org.testng.internal.Invoker.invokeMethod(Invoker.java:583)
at org.testng.internal.Invoker.invokeTestMethod(Invoker.java:719)
at org.testng.internal.Invoker.invokeTestMethods(Invoker.java:989)
at org.testng.internal.TestMethodWorker.invokeTestMethods(TestMethodWorker.java:125)
at org.testng.internal.TestMethodWorker.run(TestMethodWorker.java:109)
at java.util.concurrent.ThreadPoolExecutor.runWorker(ThreadPoolExecutor.java:1149)
at java.util.concurrent.ThreadPoolExecutor$Worker.run(ThreadPoolExecutor.java:624)
at java.lang.Thread.run(Thread.java:748)
]]>
            </full-stacktrace>
          </exception> <!-- org.openqa.selenium.TimeoutException -->
          <reporter-output>
          </reporter-output>
        </test-method> <!-- runScenario -->
        <test-method status="FAIL" signature="runScenario(cucumber.api.testng.PickleEventWrapper, cucumber.api.testng.CucumberFeatureWrapper)[pri:0, instance:org.cts.oneframework.cucumber.testrunners.SmokeSuiteRunner@370736d9]" name="runScenario" duration-ms="2140" started-at="2019-12-06T09:38:32Z" description="Runs Cucumber Scenarios" data-provider="scenarios" finished-at="2019-12-06T09:38:34Z">
          <params>
            <param index="0">
              <value>
                <![CDATA["TS_28_TC_35_Verify if the user is able to view and apply filter and download the suivi budgetaire factures total report"]]>
              </value>
            </param>
            <param index="1">
              <value>
                <![CDATA["Total_Fleet_Rapports"]]>
              </value>
            </param>
          </params>
          <exception class="org.openqa.selenium.WebDriverException">
            <message>
              <![CDATA[unknown error: Element <a href="#null" data-cc-event="click:dismiss" target="_blank" class="cc_btn cc_btn_accept_all">...</a> is not clickable at point (1259, 615). Other element would receive the click: <div class="ui-widget-overlay ui-front" style="z-index: 10001;"></div>
  (Session info: chrome=75.0.3770.90)
  (Driver info: chromedriver=2.44.609538 (b655c5a60b0b544917107a59d4153d4bf78e1b90),platform=Windows NT 10.0.17763 x86_64) (WARNING: The server did not provide any stacktrace information)
Command duration or timeout: 0 milliseconds
Build info: version: '3.13.0', revision: '2f0d292', time: '2018-06-25T15:24:21.231Z'
System info: host: 'PC339926', ip: '10.219.66.4', os.name: 'Windows 10', os.arch: 'amd64', os.version: '10.0', java.version: '1.8.0_181'
Driver info: org.openqa.selenium.chrome.ChromeDriver
Capabilities {acceptInsecureCerts: false, acceptSslCerts: false, applicationCacheEnabled: false, browserConnectionEnabled: false, browserName: chrome, chrome: {chromedriverVersion: 2.44.609538 (b655c5a60b0b54..., userDataDir: C:\Users\593611\AppData\Loc...}, cssSelectorsEnabled: true, databaseEnabled: false, goog:chromeOptions: {debuggerAddress: localhost:64377}, handlesAlerts: true, hasTouchScreen: false, javascriptEnabled: true, locationContextEnabled: true, mobileEmulationEnabled: false, nativeEvents: true, networkConnectionEnabled: false, pageLoadStrategy: normal, platform: XP, platformName: XP, rotatable: false, setWindowRect: true, takesHeapSnapshot: true, takesScreenshot: true, unexpectedAlertBehaviour: ignore, unhandledPromptBehavior: ignore, version: 75.0.3770.90, webStorageEnabled: true}
Session ID: ee2e7f3e831ff6f4367452cd4b4dcb43]]>
            </message>
            <full-stacktrace>
              <![CDATA[org.openqa.selenium.WebDriverException: unknown error: Element <a href="#null" data-cc-event="click:dismiss" target="_blank" class="cc_btn cc_btn_accept_all">...</a> is not clickable at point (1259, 615). Other element would receive the click: <div class="ui-widget-overlay ui-front" style="z-index: 10001;"></div>
  (Session info: chrome=75.0.3770.90)
  (Driver info: chromedriver=2.44.609538 (b655c5a60b0b544917107a59d4153d4bf78e1b90),platform=Windows NT 10.0.17763 x86_64) (WARNING: The server did not provide any stacktrace information)
Command duration or timeout: 0 milliseconds
Build info: version: '3.13.0', revision: '2f0d292', time: '2018-06-25T15:24:21.231Z'
System info: host: 'PC339926', ip: '10.219.66.4', os.name: 'Windows 10', os.arch: 'amd64', os.version: '10.0', java.version: '1.8.0_181'
Driver info: org.openqa.selenium.chrome.ChromeDriver
Capabilities {acceptInsecureCerts: false, acceptSslCerts: false, applicationCacheEnabled: false, browserConnectionEnabled: false, browserName: chrome, chrome: {chromedriverVersion: 2.44.609538 (b655c5a60b0b54..., userDataDir: C:\Users\593611\AppData\Loc...}, cssSelectorsEnabled: true, databaseEnabled: false, goog:chromeOptions: {debuggerAddress: localhost:64377}, handlesAlerts: true, hasTouchScreen: false, javascriptEnabled: true, locationContextEnabled: true, mobileEmulationEnabled: false, nativeEvents: true, networkConnectionEnabled: false, pageLoadStrategy: normal, platform: XP, platformName: XP, rotatable: false, setWindowRect: true, takesHeapSnapshot: true, takesScreenshot: true, unexpectedAlertBehaviour: ignore, unhandledPromptBehavior: ignore, version: 75.0.3770.90, webStorageEnabled: true}
Session ID: ee2e7f3e831ff6f4367452cd4b4dcb43
at sun.reflect.NativeConstructorAccessorImpl.newInstance0(Native Method)
at sun.reflect.NativeConstructorAccessorImpl.newInstance(NativeConstructorAccessorImpl.java:62)
at sun.reflect.DelegatingConstructorAccessorImpl.newInstance(DelegatingConstructorAccessorImpl.java:45)
at java.lang.reflect.Constructor.newInstance(Constructor.java:423)
at org.openqa.selenium.remote.ErrorHandler.createThrowable(ErrorHandler.java:214)
at org.openqa.selenium.remote.ErrorHandler.throwIfResponseFailed(ErrorHandler.java:166)
at org.openqa.selenium.remote.http.JsonHttpResponseCodec.reconstructValue(JsonHttpResponseCodec.java:40)
at org.openqa.selenium.remote.http.AbstractHttpResponseCodec.decode(AbstractHttpResponseCodec.java:80)
at org.openqa.selenium.remote.http.AbstractHttpResponseCodec.decode(AbstractHttpResponseCodec.java:44)
at org.openqa.selenium.remote.HttpCommandExecutor.execute(HttpCommandExecutor.java:158)
at org.openqa.selenium.remote.service.DriverCommandExecutor.execute(DriverCommandExecutor.java:83)
at org.openqa.selenium.remote.RemoteWebDriver.execute(RemoteWebDriver.java:548)
at org.openqa.selenium.remote.RemoteWebElement.execute(RemoteWebElement.java:276)
at org.openqa.selenium.remote.RemoteWebElement.click(RemoteWebElement.java:83)
at org.cts.oneframework.utilities.BasePageObject.clickElement(BasePageObject.java:587)
at org.cts.oneframework.utilities.BasePageObject.clickElement(BasePageObject.java:578)
at org.cts.oneframework.cucumber.pages.CommonPage.clickAccepterToAcceptCookiesInBottomOfThePage(CommonPage.java:115)
at org.cts.oneframework.cucumber.stepdefinition.CommonStepDefs.user_clicks_on_Accepter_in_page_footer_to_accept_cookies(CommonStepDefs.java:63)
at ?.user clicks on Accepter in page footer to accept cookies(src/test/resources/features/Rapports.feature:113)
]]>
            </full-stacktrace>
          </exception> <!-- org.openqa.selenium.WebDriverException -->
          <reporter-output>
          </reporter-output>
        </test-method> <!-- runScenario -->
        <test-method status="PASS" signature="runScenario(cucumber.api.testng.PickleEventWrapper, cucumber.api.testng.CucumberFeatureWrapper)[pri:0, instance:org.cts.oneframework.cucumber.testrunners.SmokeSuiteRunner@370736d9]" name="runScenario" duration-ms="1580" started-at="2019-12-06T09:38:34Z" description="Runs Cucumber Scenarios" data-provider="scenarios" finished-at="2019-12-06T09:38:35Z">
          <params>
            <param index="0">
              <value>
                <![CDATA["close browser"]]>
              </value>
            </param>
            <param index="1">
              <value>
                <![CDATA["Total_Fleet_Rapports"]]>
              </value>
            </param>
          </params>
          <reporter-output>
          </reporter-output>
        </test-method> <!-- runScenario -->
        <test-method status="PASS" signature="runScenario(cucumber.api.testng.PickleEventWrapper, cucumber.api.testng.CucumberFeatureWrapper)[pri:0, instance:org.cts.oneframework.cucumber.testrunners.SmokeSuiteRunner@370736d9]" name="runScenario" duration-ms="35977" started-at="2019-12-06T09:38:35Z" description="Runs Cucumber Scenarios" data-provider="scenarios" finished-at="2019-12-06T09:39:11Z">
          <params>
            <param index="0">
              <value>
                <![CDATA["TS_01_TC_01_Login_With_Valid_Credentials"]]>
              </value>
            </param>
            <param index="1">
              <value>
                <![CDATA["Total_Fleet_SuiviDesCouts"]]>
              </value>
            </param>
          </params>
          <reporter-output>
          </reporter-output>
        </test-method> <!-- runScenario -->
        <test-method status="PASS" signature="runScenario(cucumber.api.testng.PickleEventWrapper, cucumber.api.testng.CucumberFeatureWrapper)[pri:0, instance:org.cts.oneframework.cucumber.testrunners.SmokeSuiteRunner@370736d9]" name="runScenario" duration-ms="30274" started-at="2019-12-06T09:39:11Z" description="Runs Cucumber Scenarios" data-provider="scenarios" finished-at="2019-12-06T09:39:42Z">
          <params>
            <param index="0">
              <value>
                <![CDATA["TS_29_TC_36_Verify all the four tabs are loading properly in the Cost tracking portlet"]]>
              </value>
            </param>
            <param index="1">
              <value>
                <![CDATA["Total_Fleet_SuiviDesCouts"]]>
              </value>
            </param>
          </params>
          <reporter-output>
          </reporter-output>
        </test-method> <!-- runScenario -->
        <test-method status="FAIL" signature="runScenario(cucumber.api.testng.PickleEventWrapper, cucumber.api.testng.CucumberFeatureWrapper)[pri:0, instance:org.cts.oneframework.cucumber.testrunners.SmokeSuiteRunner@370736d9]" name="runScenario" duration-ms="2863" started-at="2019-12-06T09:39:42Z" description="Runs Cucumber Scenarios" data-provider="scenarios" finished-at="2019-12-06T09:39:45Z">
          <params>
            <param index="0">
              <value>
                <![CDATA["TS_29_TC_38_Verify if the user able to apply the filter in all the four tabs in cost tracking portlet"]]>
              </value>
            </param>
            <param index="1">
              <value>
                <![CDATA["Total_Fleet_SuiviDesCouts"]]>
              </value>
            </param>
          </params>
          <exception class="org.openqa.selenium.WebDriverException">
            <message>
              <![CDATA[unknown error: Element <span class="cell">...</span> is not clickable at point (130, 165). Other element would receive the click: <div class="ui-widget-overlay ui-front" style="z-index: 10001;"></div>
  (Session info: chrome=75.0.3770.90)
  (Driver info: chromedriver=2.44.609538 (b655c5a60b0b544917107a59d4153d4bf78e1b90),platform=Windows NT 10.0.17763 x86_64) (WARNING: The server did not provide any stacktrace information)
Command duration or timeout: 0 milliseconds
Build info: version: '3.13.0', revision: '2f0d292', time: '2018-06-25T15:24:21.231Z'
System info: host: 'PC339926', ip: '10.219.66.4', os.name: 'Windows 10', os.arch: 'amd64', os.version: '10.0', java.version: '1.8.0_181'
Driver info: org.openqa.selenium.chrome.ChromeDriver
Capabilities {acceptInsecureCerts: false, acceptSslCerts: false, applicationCacheEnabled: false, browserConnectionEnabled: false, browserName: chrome, chrome: {chromedriverVersion: 2.44.609538 (b655c5a60b0b54..., userDataDir: C:\Users\593611\AppData\Loc...}, cssSelectorsEnabled: true, databaseEnabled: false, goog:chromeOptions: {debuggerAddress: localhost:64484}, handlesAlerts: true, hasTouchScreen: false, javascriptEnabled: true, locationContextEnabled: true, mobileEmulationEnabled: false, nativeEvents: true, networkConnectionEnabled: false, pageLoadStrategy: normal, platform: XP, platformName: XP, rotatable: false, setWindowRect: true, takesHeapSnapshot: true, takesScreenshot: true, unexpectedAlertBehaviour: ignore, unhandledPromptBehavior: ignore, version: 75.0.3770.90, webStorageEnabled: true}
Session ID: ff8622ea5b7ecc7f3072c5ae88a6659c]]>
            </message>
            <full-stacktrace>
              <![CDATA[org.openqa.selenium.WebDriverException: unknown error: Element <span class="cell">...</span> is not clickable at point (130, 165). Other element would receive the click: <div class="ui-widget-overlay ui-front" style="z-index: 10001;"></div>
  (Session info: chrome=75.0.3770.90)
  (Driver info: chromedriver=2.44.609538 (b655c5a60b0b544917107a59d4153d4bf78e1b90),platform=Windows NT 10.0.17763 x86_64) (WARNING: The server did not provide any stacktrace information)
Command duration or timeout: 0 milliseconds
Build info: version: '3.13.0', revision: '2f0d292', time: '2018-06-25T15:24:21.231Z'
System info: host: 'PC339926', ip: '10.219.66.4', os.name: 'Windows 10', os.arch: 'amd64', os.version: '10.0', java.version: '1.8.0_181'
Driver info: org.openqa.selenium.chrome.ChromeDriver
Capabilities {acceptInsecureCerts: false, acceptSslCerts: false, applicationCacheEnabled: false, browserConnectionEnabled: false, browserName: chrome, chrome: {chromedriverVersion: 2.44.609538 (b655c5a60b0b54..., userDataDir: C:\Users\593611\AppData\Loc...}, cssSelectorsEnabled: true, databaseEnabled: false, goog:chromeOptions: {debuggerAddress: localhost:64484}, handlesAlerts: true, hasTouchScreen: false, javascriptEnabled: true, locationContextEnabled: true, mobileEmulationEnabled: false, nativeEvents: true, networkConnectionEnabled: false, pageLoadStrategy: normal, platform: XP, platformName: XP, rotatable: false, setWindowRect: true, takesHeapSnapshot: true, takesScreenshot: true, unexpectedAlertBehaviour: ignore, unhandledPromptBehavior: ignore, version: 75.0.3770.90, webStorageEnabled: true}
Session ID: ff8622ea5b7ecc7f3072c5ae88a6659c
at sun.reflect.NativeConstructorAccessorImpl.newInstance0(Native Method)
at sun.reflect.NativeConstructorAccessorImpl.newInstance(NativeConstructorAccessorImpl.java:62)
at sun.reflect.DelegatingConstructorAccessorImpl.newInstance(DelegatingConstructorAccessorImpl.java:45)
at java.lang.reflect.Constructor.newInstance(Constructor.java:423)
at org.openqa.selenium.remote.ErrorHandler.createThrowable(ErrorHandler.java:214)
at org.openqa.selenium.remote.ErrorHandler.throwIfResponseFailed(ErrorHandler.java:166)
at org.openqa.selenium.remote.http.JsonHttpResponseCodec.reconstructValue(JsonHttpResponseCodec.java:40)
at org.openqa.selenium.remote.http.AbstractHttpResponseCodec.decode(AbstractHttpResponseCodec.java:80)
at org.openqa.selenium.remote.http.AbstractHttpResponseCodec.decode(AbstractHttpResponseCodec.java:44)
at org.openqa.selenium.remote.HttpCommandExecutor.execute(HttpCommandExecutor.java:158)
at org.openqa.selenium.remote.service.DriverCommandExecutor.execute(DriverCommandExecutor.java:83)
at org.openqa.selenium.remote.RemoteWebDriver.execute(RemoteWebDriver.java:548)
at org.openqa.selenium.remote.RemoteWebElement.execute(RemoteWebElement.java:276)
at org.openqa.selenium.remote.RemoteWebElement.click(RemoteWebElement.java:83)
at org.cts.oneframework.utilities.BasePageObject.clickElement(BasePageObject.java:587)
at org.cts.oneframework.utilities.BasePageObject.clickElement(BasePageObject.java:578)
at org.cts.oneframework.cucumber.pages.SuiviDesCoutsPage.click_suiviDesCouts_leftPane(SuiviDesCoutsPage.java:95)
at org.cts.oneframework.cucumber.stepdefinition.SuiviDesCoutsStepDefs.user_clicks_on_suivi_des_couts_in_left_pane(SuiviDesCoutsStepDefs.java:22)
at ?.user clicks on suivi des couts in left pane(src/test/resources/features/SuiviDesCouts.feature:53)
]]>
            </full-stacktrace>
          </exception> <!-- org.openqa.selenium.WebDriverException -->
          <reporter-output>
          </reporter-output>
        </test-method> <!-- runScenario -->
        <test-method status="FAIL" signature="runScenario(cucumber.api.testng.PickleEventWrapper, cucumber.api.testng.CucumberFeatureWrapper)[pri:0, instance:org.cts.oneframework.cucumber.testrunners.SmokeSuiteRunner@370736d9]" name="runScenario" duration-ms="98" started-at="2019-12-06T09:39:45Z" description="Runs Cucumber Scenarios" data-provider="scenarios" finished-at="2019-12-06T09:39:45Z">
          <params>
            <param index="0">
              <value>
                <![CDATA["TS_29_TC_37_Verify excel download in Evolution Des Couts in Suivi Des Couts page"]]>
              </value>
            </param>
            <param index="1">
              <value>
                <![CDATA["Total_Fleet_SuiviDesCouts"]]>
              </value>
            </param>
          </params>
          <exception class="org.openqa.selenium.WebDriverException">
            <message>
              <![CDATA[unknown error: Element <a class=" accueil active" aria-labelledby="layout_3" href="https://fleetonline.pprod.uap.total.com/private/guest/home" role="menuitem">...</a> is not clickable at point (110, 108). Other element would receive the click: <div class="ui-widget-overlay ui-front" style="z-index: 10001;"></div>
  (Session info: chrome=75.0.3770.90)
  (Driver info: chromedriver=2.44.609538 (b655c5a60b0b544917107a59d4153d4bf78e1b90),platform=Windows NT 10.0.17763 x86_64) (WARNING: The server did not provide any stacktrace information)
Command duration or timeout: 0 milliseconds
Build info: version: '3.13.0', revision: '2f0d292', time: '2018-06-25T15:24:21.231Z'
System info: host: 'PC339926', ip: '10.219.66.4', os.name: 'Windows 10', os.arch: 'amd64', os.version: '10.0', java.version: '1.8.0_181'
Driver info: org.openqa.selenium.chrome.ChromeDriver
Capabilities {acceptInsecureCerts: false, acceptSslCerts: false, applicationCacheEnabled: false, browserConnectionEnabled: false, browserName: chrome, chrome: {chromedriverVersion: 2.44.609538 (b655c5a60b0b54..., userDataDir: C:\Users\593611\AppData\Loc...}, cssSelectorsEnabled: true, databaseEnabled: false, goog:chromeOptions: {debuggerAddress: localhost:64484}, handlesAlerts: true, hasTouchScreen: false, javascriptEnabled: true, locationContextEnabled: true, mobileEmulationEnabled: false, nativeEvents: true, networkConnectionEnabled: false, pageLoadStrategy: normal, platform: XP, platformName: XP, rotatable: false, setWindowRect: true, takesHeapSnapshot: true, takesScreenshot: true, unexpectedAlertBehaviour: ignore, unhandledPromptBehavior: ignore, version: 75.0.3770.90, webStorageEnabled: true}
Session ID: ff8622ea5b7ecc7f3072c5ae88a6659c]]>
            </message>
            <full-stacktrace>
              <![CDATA[org.openqa.selenium.WebDriverException: unknown error: Element <a class=" accueil active" aria-labelledby="layout_3" href="https://fleetonline.pprod.uap.total.com/private/guest/home" role="menuitem">...</a> is not clickable at point (110, 108). Other element would receive the click: <div class="ui-widget-overlay ui-front" style="z-index: 10001;"></div>
  (Session info: chrome=75.0.3770.90)
  (Driver info: chromedriver=2.44.609538 (b655c5a60b0b544917107a59d4153d4bf78e1b90),platform=Windows NT 10.0.17763 x86_64) (WARNING: The server did not provide any stacktrace information)
Command duration or timeout: 0 milliseconds
Build info: version: '3.13.0', revision: '2f0d292', time: '2018-06-25T15:24:21.231Z'
System info: host: 'PC339926', ip: '10.219.66.4', os.name: 'Windows 10', os.arch: 'amd64', os.version: '10.0', java.version: '1.8.0_181'
Driver info: org.openqa.selenium.chrome.ChromeDriver
Capabilities {acceptInsecureCerts: false, acceptSslCerts: false, applicationCacheEnabled: false, browserConnectionEnabled: false, browserName: chrome, chrome: {chromedriverVersion: 2.44.609538 (b655c5a60b0b54..., userDataDir: C:\Users\593611\AppData\Loc...}, cssSelectorsEnabled: true, databaseEnabled: false, goog:chromeOptions: {debuggerAddress: localhost:64484}, handlesAlerts: true, hasTouchScreen: false, javascriptEnabled: true, locationContextEnabled: true, mobileEmulationEnabled: false, nativeEvents: true, networkConnectionEnabled: false, pageLoadStrategy: normal, platform: XP, platformName: XP, rotatable: false, setWindowRect: true, takesHeapSnapshot: true, takesScreenshot: true, unexpectedAlertBehaviour: ignore, unhandledPromptBehavior: ignore, version: 75.0.3770.90, webStorageEnabled: true}
Session ID: ff8622ea5b7ecc7f3072c5ae88a6659c
at sun.reflect.NativeConstructorAccessorImpl.newInstance0(Native Method)
at sun.reflect.NativeConstructorAccessorImpl.newInstance(NativeConstructorAccessorImpl.java:62)
at sun.reflect.DelegatingConstructorAccessorImpl.newInstance(DelegatingConstructorAccessorImpl.java:45)
at java.lang.reflect.Constructor.newInstance(Constructor.java:423)
at org.openqa.selenium.remote.ErrorHandler.createThrowable(ErrorHandler.java:214)
at org.openqa.selenium.remote.ErrorHandler.throwIfResponseFailed(ErrorHandler.java:166)
at org.openqa.selenium.remote.http.JsonHttpResponseCodec.reconstructValue(JsonHttpResponseCodec.java:40)
at org.openqa.selenium.remote.http.AbstractHttpResponseCodec.decode(AbstractHttpResponseCodec.java:80)
at org.openqa.selenium.remote.http.AbstractHttpResponseCodec.decode(AbstractHttpResponseCodec.java:44)
at org.openqa.selenium.remote.HttpCommandExecutor.execute(HttpCommandExecutor.java:158)
at org.openqa.selenium.remote.service.DriverCommandExecutor.execute(DriverCommandExecutor.java:83)
at org.openqa.selenium.remote.RemoteWebDriver.execute(RemoteWebDriver.java:548)
at org.openqa.selenium.remote.RemoteWebElement.execute(RemoteWebElement.java:276)
at org.openqa.selenium.remote.RemoteWebElement.click(RemoteWebElement.java:83)
at org.cts.oneframework.utilities.BasePageObject.clickElement(BasePageObject.java:587)
at org.cts.oneframework.utilities.BasePageObject.clickElement(BasePageObject.java:578)
at org.cts.oneframework.cucumber.pages.CommonPage.clickAccueilLinkInLeftPane(CommonPage.java:101)
at org.cts.oneframework.cucumber.stepdefinition.CommonStepDefs.user_clicks_on_Accueil_in_left_pane_total_home_page_should_be_displayed(CommonStepDefs.java:54)
at ?.user clicks on Accueil in left pane total home page should be displayed(src/test/resources/features/SuiviDesCouts.feature:66)
]]>
            </full-stacktrace>
          </exception> <!-- org.openqa.selenium.WebDriverException -->
          <reporter-output>
          </reporter-output>
        </test-method> <!-- runScenario -->
        <test-method status="FAIL" signature="runScenario(cucumber.api.testng.PickleEventWrapper, cucumber.api.testng.CucumberFeatureWrapper)[pri:0, instance:org.cts.oneframework.cucumber.testrunners.SmokeSuiteRunner@370736d9]" name="runScenario" duration-ms="2506103" started-at="2019-12-06T09:39:45Z" description="Runs Cucumber Scenarios" data-provider="scenarios" finished-at="2019-12-06T10:21:31Z">
          <params>
            <param index="0">
              <value>
                <![CDATA["TS_29_TC_37_Verify excel download in Couts Moyens Par Collaborateur in Suivi Des Couts page"]]>
              </value>
            </param>
            <param index="1">
              <value>
                <![CDATA["Total_Fleet_SuiviDesCouts"]]>
              </value>
            </param>
          </params>
          <exception class="org.openqa.selenium.TimeoutException">
            <message>
              <![CDATA[Expected condition failed: waiting for org.cts.oneframework.utilities.BasePageObject$1@7d44cb (tried for 200 second(s) with 1000 milliseconds interval)]]>
            </message>
            <full-stacktrace>
              <![CDATA[org.openqa.selenium.TimeoutException: Expected condition failed: waiting for org.cts.oneframework.utilities.BasePageObject$1@7d44cb (tried for 200 second(s) with 1000 milliseconds interval)
at org.openqa.selenium.support.ui.WebDriverWait.timeoutException(WebDriverWait.java:81)
at org.openqa.selenium.support.ui.FluentWait.until(FluentWait.java:271)
at org.cts.oneframework.utilities.BasePageObject.getElement(BasePageObject.java:115)
at org.cts.oneframework.utilities.BasePageObject.clickElement(BasePageObject.java:587)
at org.cts.oneframework.utilities.BasePageObject.clickElement(BasePageObject.java:578)
at org.cts.oneframework.cucumber.pages.SuiviDesCoutsPage.click_coutsMoyensParCollaborateurTTCTab_SuiviDesCouts(SuiviDesCoutsPage.java:464)
at org.cts.oneframework.cucumber.stepdefinition.SuiviDesCoutsStepDefs.couts_moyens_par_collaborateur_tab_clicked(SuiviDesCoutsStepDefs.java:104)
at ?.couts moyens par collaborateur tab is selected(src/test/resources/features/SuiviDesCouts.feature:82)
Caused by: org.openqa.selenium.NoSuchElementException: no such element: Unable to locate element: {"method":"xpath","selector":"//*[contains(text(),'Cots moyens par collaborateur (TTC)')]"}
  (Session info: chrome=75.0.3770.90)
  (Driver info: chromedriver=2.44.609538 (b655c5a60b0b544917107a59d4153d4bf78e1b90),platform=Windows NT 10.0.17763 x86_64) (WARNING: The server did not provide any stacktrace information)
Command duration or timeout: 0 milliseconds
For documentation on this error, please visit: http://seleniumhq.org/exceptions/no_such_element.html
Build info: version: '3.13.0', revision: '2f0d292', time: '2018-06-25T15:24:21.231Z'
System info: host: 'PC339926', ip: '10.219.66.4', os.name: 'Windows 10', os.arch: 'amd64', os.version: '10.0', java.version: '1.8.0_181'
Driver info: org.openqa.selenium.chrome.ChromeDriver
Capabilities {acceptInsecureCerts: false, acceptSslCerts: false, applicationCacheEnabled: false, browserConnectionEnabled: false, browserName: chrome, chrome: {chromedriverVersion: 2.44.609538 (b655c5a60b0b54..., userDataDir: C:\Users\593611\AppData\Loc...}, cssSelectorsEnabled: true, databaseEnabled: false, goog:chromeOptions: {debuggerAddress: localhost:64484}, handlesAlerts: true, hasTouchScreen: false, javascriptEnabled: true, locationContextEnabled: true, mobileEmulationEnabled: false, nativeEvents: true, networkConnectionEnabled: false, pageLoadStrategy: normal, platform: XP, platformName: XP, rotatable: false, setWindowRect: true, takesHeapSnapshot: true, takesScreenshot: true, unexpectedAlertBehaviour: ignore, unhandledPromptBehavior: ignore, version: 75.0.3770.90, webStorageEnabled: true}
Session ID: ff8622ea5b7ecc7f3072c5ae88a6659c
*** Element info: {Using=xpath, value=//*[contains(text(),'Cots moyens par collaborateur (TTC)')]}
at sun.reflect.GeneratedConstructorAccessor66.newInstance(Unknown Source)
at sun.reflect.DelegatingConstructorAccessorImpl.newInstance(DelegatingConstructorAccessorImpl.java:45)
at java.lang.reflect.Constructor.newInstance(Constructor.java:423)
at org.openqa.selenium.remote.ErrorHandler.createThrowable(ErrorHandler.java:214)
at org.openqa.selenium.remote.ErrorHandler.throwIfResponseFailed(ErrorHandler.java:166)
at org.openqa.selenium.remote.http.JsonHttpResponseCodec.reconstructValue(JsonHttpResponseCodec.java:40)
at org.openqa.selenium.remote.http.AbstractHttpResponseCodec.decode(AbstractHttpResponseCodec.java:80)
at org.openqa.selenium.remote.http.AbstractHttpResponseCodec.decode(AbstractHttpResponseCodec.java:44)
at org.openqa.selenium.remote.HttpCommandExecutor.execute(HttpCommandExecutor.java:158)
at org.openqa.selenium.remote.service.DriverCommandExecutor.execute(DriverCommandExecutor.java:83)
at org.openqa.selenium.remote.RemoteWebDriver.execute(RemoteWebDriver.java:548)
at org.openqa.selenium.remote.RemoteWebDriver.findElement(RemoteWebDriver.java:322)
at org.openqa.selenium.remote.RemoteWebDriver.findElementByXPath(RemoteWebDriver.java:424)
at org.openqa.selenium.By$ByXPath.findElement(By.java:353)
at org.openqa.selenium.remote.RemoteWebDriver.findElement(RemoteWebDriver.java:314)
at org.cts.oneframework.utilities.BasePageObject$1.apply(BasePageObject.java:118)
at org.cts.oneframework.utilities.BasePageObject$1.apply(BasePageObject.java:1)
at org.openqa.selenium.support.ui.FluentWait.until(FluentWait.java:248)
at org.cts.oneframework.utilities.BasePageObject.getElement(BasePageObject.java:115)
at org.cts.oneframework.utilities.BasePageObject.clickElement(BasePageObject.java:587)
at org.cts.oneframework.utilities.BasePageObject.clickElement(BasePageObject.java:578)
at org.cts.oneframework.cucumber.pages.SuiviDesCoutsPage.click_coutsMoyensParCollaborateurTTCTab_SuiviDesCouts(SuiviDesCoutsPage.java:464)
at org.cts.oneframework.cucumber.stepdefinition.SuiviDesCoutsStepDefs.couts_moyens_par_collaborateur_tab_clicked(SuiviDesCoutsStepDefs.java:104)
at sun.reflect.NativeMethodAccessorImpl.invoke0(Native Method)
at sun.reflect.NativeMethodAccessorImpl.invoke(NativeMethodAccessorImpl.java:62)
at sun.reflect.DelegatingMethodAccessorImpl.invoke(DelegatingMethodAccessorImpl.java:43)
at java.lang.reflect.Method.invoke(Method.java:498)
at cucumber.runtime.Utils$1.call(Utils.java:26)
at cucumber.runtime.Timeout.timeout(Timeout.java:16)
at cucumber.runtime.Utils.invoke(Utils.java:20)
at cucumber.runtime.java.JavaStepDefinition.execute(JavaStepDefinition.java:49)
at cucumber.runner.PickleStepDefinitionMatch.runStep(PickleStepDefinitionMatch.java:50)
at cucumber.runner.TestStep.executeStep(TestStep.java:63)
at cucumber.runner.TestStep.run(TestStep.java:49)
at cucumber.runner.PickleStepTestStep.run(PickleStepTestStep.java:43)
at cucumber.runner.TestCase.run(TestCase.java:44)
at cucumber.runner.Runner.runPickle(Runner.java:40)
at cucumber.api.testng.TestNGCucumberRunner.runScenario(TestNGCucumberRunner.java:68)
at org.cts.oneframework.cucumber.AbstractTestNGCucumberTest.runScenario(AbstractTestNGCucumberTest.java:39)
at sun.reflect.GeneratedMethodAccessor8.invoke(Unknown Source)
at sun.reflect.DelegatingMethodAccessorImpl.invoke(DelegatingMethodAccessorImpl.java:43)
at java.lang.reflect.Method.invoke(Method.java:498)
at org.testng.internal.MethodInvocationHelper.invokeMethod(MethodInvocationHelper.java:124)
at org.testng.internal.Invoker.invokeMethod(Invoker.java:583)
at org.testng.internal.Invoker.invokeTestMethod(Invoker.java:719)
at org.testng.internal.Invoker.invokeTestMethods(Invoker.java:989)
at org.testng.internal.TestMethodWorker.invokeTestMethods(TestMethodWorker.java:125)
at org.testng.internal.TestMethodWorker.run(TestMethodWorker.java:109)
at java.util.concurrent.ThreadPoolExecutor.runWorker(ThreadPoolExecutor.java:1149)
at java.util.concurrent.ThreadPoolExecutor$Worker.run(ThreadPoolExecutor.java:624)
at java.lang.Thread.run(Thread.java:748)
]]>
            </full-stacktrace>
          </exception> <!-- org.openqa.selenium.TimeoutException -->
          <reporter-output>
          </reporter-output>
        </test-method> <!-- runScenario -->
        <test-method status="FAIL" signature="runScenario(cucumber.api.testng.PickleEventWrapper, cucumber.api.testng.CucumberFeatureWrapper)[pri:0, instance:org.cts.oneframework.cucumber.testrunners.SmokeSuiteRunner@370736d9]" name="runScenario" duration-ms="222493" started-at="2019-12-06T10:21:31Z" description="Runs Cucumber Scenarios" data-provider="scenarios" finished-at="2019-12-06T10:25:13Z">
          <params>
            <param index="0">
              <value>
                <![CDATA["TS_29_TC_37_Verify excel download in Couts Moyens Par Vehicule in Suivi Des Couts page"]]>
              </value>
            </param>
            <param index="1">
              <value>
                <![CDATA["Total_Fleet_SuiviDesCouts"]]>
              </value>
            </param>
          </params>
          <exception class="org.openqa.selenium.TimeoutException">
            <message>
              <![CDATA[Expected condition failed: waiting for org.cts.oneframework.utilities.BasePageObject$1@e2cd693 (tried for 200 second(s) with 1000 milliseconds interval)
Build info: version: '3.13.0', revision: '2f0d292', time: '2018-06-25T15:24:21.231Z'
System info: host: 'PC339926', ip: '10.219.66.4', os.name: 'Windows 10', os.arch: 'amd64', os.version: '10.0', java.version: '1.8.0_181'
Driver info: org.openqa.selenium.chrome.ChromeDriver
Capabilities {acceptInsecureCerts: false, acceptSslCerts: false, applicationCacheEnabled: false, browserConnectionEnabled: false, browserName: chrome, chrome: {chromedriverVersion: 2.44.609538 (b655c5a60b0b54..., userDataDir: C:\Users\593611\AppData\Loc...}, cssSelectorsEnabled: true, databaseEnabled: false, goog:chromeOptions: {debuggerAddress: localhost:64484}, handlesAlerts: true, hasTouchScreen: false, javascriptEnabled: true, locationContextEnabled: true, mobileEmulationEnabled: false, nativeEvents: true, networkConnectionEnabled: false, pageLoadStrategy: normal, platform: XP, platformName: XP, rotatable: false, setWindowRect: true, takesHeapSnapshot: true, takesScreenshot: true, unexpectedAlertBehaviour: ignore, unhandledPromptBehavior: ignore, version: 75.0.3770.90, webStorageEnabled: true}
Session ID: ff8622ea5b7ecc7f3072c5ae88a6659c]]>
            </message>
            <full-stacktrace>
              <![CDATA[org.openqa.selenium.TimeoutException: Expected condition failed: waiting for org.cts.oneframework.utilities.BasePageObject$1@e2cd693 (tried for 200 second(s) with 1000 milliseconds interval)
Build info: version: '3.13.0', revision: '2f0d292', time: '2018-06-25T15:24:21.231Z'
System info: host: 'PC339926', ip: '10.219.66.4', os.name: 'Windows 10', os.arch: 'amd64', os.version: '10.0', java.version: '1.8.0_181'
Driver info: org.openqa.selenium.chrome.ChromeDriver
Capabilities {acceptInsecureCerts: false, acceptSslCerts: false, applicationCacheEnabled: false, browserConnectionEnabled: false, browserName: chrome, chrome: {chromedriverVersion: 2.44.609538 (b655c5a60b0b54..., userDataDir: C:\Users\593611\AppData\Loc...}, cssSelectorsEnabled: true, databaseEnabled: false, goog:chromeOptions: {debuggerAddress: localhost:64484}, handlesAlerts: true, hasTouchScreen: false, javascriptEnabled: true, locationContextEnabled: true, mobileEmulationEnabled: false, nativeEvents: true, networkConnectionEnabled: false, pageLoadStrategy: normal, platform: XP, platformName: XP, rotatable: false, setWindowRect: true, takesHeapSnapshot: true, takesScreenshot: true, unexpectedAlertBehaviour: ignore, unhandledPromptBehavior: ignore, version: 75.0.3770.90, webStorageEnabled: true}
Session ID: ff8622ea5b7ecc7f3072c5ae88a6659c
at org.openqa.selenium.support.ui.WebDriverWait.timeoutException(WebDriverWait.java:81)
at org.openqa.selenium.support.ui.FluentWait.until(FluentWait.java:271)
at org.cts.oneframework.utilities.BasePageObject.getElement(BasePageObject.java:115)
at org.cts.oneframework.utilities.BasePageObject.clickElement(BasePageObject.java:587)
at org.cts.oneframework.utilities.BasePageObject.clickElement(BasePageObject.java:578)
at org.cts.oneframework.cucumber.pages.SuiviDesCoutsPage.click_coutsMoyensParvehiculeTTCTab_SuiviDesCouts(SuiviDesCoutsPage.java:481)
at org.cts.oneframework.cucumber.stepdefinition.SuiviDesCoutsStepDefs.couts_moyens_par_vehicule_tab_clicked(SuiviDesCoutsStepDefs.java:136)
at ?.couts moyens par vehicule tab is selected(src/test/resources/features/SuiviDesCouts.feature:96)
]]>
            </full-stacktrace>
          </exception> <!-- org.openqa.selenium.TimeoutException -->
          <reporter-output>
          </reporter-output>
        </test-method> <!-- runScenario -->
        <test-method status="PASS" signature="runScenario(cucumber.api.testng.PickleEventWrapper, cucumber.api.testng.CucumberFeatureWrapper)[pri:0, instance:org.cts.oneframework.cucumber.testrunners.SmokeSuiteRunner@370736d9]" name="runScenario" duration-ms="1563" started-at="2019-12-06T10:25:13Z" description="Runs Cucumber Scenarios" data-provider="scenarios" finished-at="2019-12-06T10:25:15Z">
          <params>
            <param index="0">
              <value>
                <![CDATA["close browser"]]>
              </value>
            </param>
            <param index="1">
              <value>
                <![CDATA["Total_Fleet_SuiviDesCouts"]]>
              </value>
            </param>
          </params>
          <reporter-output>
          </reporter-output>
        </test-method> <!-- runScenario -->
        <test-method status="PASS" signature="runScenario(cucumber.api.testng.PickleEventWrapper, cucumber.api.testng.CucumberFeatureWrapper)[pri:0, instance:org.cts.oneframework.cucumber.testrunners.SmokeSuiteRunner@370736d9]" name="runScenario" duration-ms="83277" started-at="2019-12-06T10:25:15Z" description="Runs Cucumber Scenarios" data-provider="scenarios" finished-at="2019-12-06T10:26:38Z">
          <params>
            <param index="0">
              <value>
                <![CDATA["TS_01_TC_01_Login_With_Valid_Credentials"]]>
              </value>
            </param>
            <param index="1">
              <value>
                <![CDATA["Total_Fleet_SuiviDesCouts"]]>
              </value>
            </param>
          </params>
          <reporter-output>
          </reporter-output>
        </test-method> <!-- runScenario -->
        <test-method status="FAIL" signature="runScenario(cucumber.api.testng.PickleEventWrapper, cucumber.api.testng.CucumberFeatureWrapper)[pri:0, instance:org.cts.oneframework.cucumber.testrunners.SmokeSuiteRunner@370736d9]" name="runScenario" duration-ms="96" started-at="2019-12-06T10:26:38Z" description="Runs Cucumber Scenarios" data-provider="scenarios" finished-at="2019-12-06T10:26:38Z">
          <params>
            <param index="0">
              <value>
                <![CDATA["TS_29_TC_37_Verify excel download in Suivi Des Transactions Total pre and post filter in Suivi Des Couts page"]]>
              </value>
            </param>
            <param index="1">
              <value>
                <![CDATA["Total_Fleet_SuiviDesCouts"]]>
              </value>
            </param>
          </params>
          <exception class="org.openqa.selenium.WebDriverException">
            <message>
              <![CDATA[unknown error: Element <span class="cell">...</span> is not clickable at point (130, 165). Other element would receive the click: <div class="ui-widget-overlay ui-front" style="z-index: 10001;"></div>
  (Session info: chrome=75.0.3770.90)
  (Driver info: chromedriver=2.44.609538 (b655c5a60b0b544917107a59d4153d4bf78e1b90),platform=Windows NT 10.0.17763 x86_64) (WARNING: The server did not provide any stacktrace information)
Command duration or timeout: 0 milliseconds
Build info: version: '3.13.0', revision: '2f0d292', time: '2018-06-25T15:24:21.231Z'
System info: host: 'PC339926', ip: '10.219.66.4', os.name: 'Windows 10', os.arch: 'amd64', os.version: '10.0', java.version: '1.8.0_181'
Driver info: org.openqa.selenium.chrome.ChromeDriver
Capabilities {acceptInsecureCerts: false, acceptSslCerts: false, applicationCacheEnabled: false, browserConnectionEnabled: false, browserName: chrome, chrome: {chromedriverVersion: 2.44.609538 (b655c5a60b0b54..., userDataDir: C:\Users\593611\AppData\Loc...}, cssSelectorsEnabled: true, databaseEnabled: false, goog:chromeOptions: {debuggerAddress: localhost:64835}, handlesAlerts: true, hasTouchScreen: false, javascriptEnabled: true, locationContextEnabled: true, mobileEmulationEnabled: false, nativeEvents: true, networkConnectionEnabled: false, pageLoadStrategy: normal, platform: XP, platformName: XP, rotatable: false, setWindowRect: true, takesHeapSnapshot: true, takesScreenshot: true, unexpectedAlertBehaviour: ignore, unhandledPromptBehavior: ignore, version: 75.0.3770.90, webStorageEnabled: true}
Session ID: 168cb2877a39fe2c725f4c7bf7e5a43b]]>
            </message>
            <full-stacktrace>
              <![CDATA[org.openqa.selenium.WebDriverException: unknown error: Element <span class="cell">...</span> is not clickable at point (130, 165). Other element would receive the click: <div class="ui-widget-overlay ui-front" style="z-index: 10001;"></div>
  (Session info: chrome=75.0.3770.90)
  (Driver info: chromedriver=2.44.609538 (b655c5a60b0b544917107a59d4153d4bf78e1b90),platform=Windows NT 10.0.17763 x86_64) (WARNING: The server did not provide any stacktrace information)
Command duration or timeout: 0 milliseconds
Build info: version: '3.13.0', revision: '2f0d292', time: '2018-06-25T15:24:21.231Z'
System info: host: 'PC339926', ip: '10.219.66.4', os.name: 'Windows 10', os.arch: 'amd64', os.version: '10.0', java.version: '1.8.0_181'
Driver info: org.openqa.selenium.chrome.ChromeDriver
Capabilities {acceptInsecureCerts: false, acceptSslCerts: false, applicationCacheEnabled: false, browserConnectionEnabled: false, browserName: chrome, chrome: {chromedriverVersion: 2.44.609538 (b655c5a60b0b54..., userDataDir: C:\Users\593611\AppData\Loc...}, cssSelectorsEnabled: true, databaseEnabled: false, goog:chromeOptions: {debuggerAddress: localhost:64835}, handlesAlerts: true, hasTouchScreen: false, javascriptEnabled: true, locationContextEnabled: true, mobileEmulationEnabled: false, nativeEvents: true, networkConnectionEnabled: false, pageLoadStrategy: normal, platform: XP, platformName: XP, rotatable: false, setWindowRect: true, takesHeapSnapshot: true, takesScreenshot: true, unexpectedAlertBehaviour: ignore, unhandledPromptBehavior: ignore, version: 75.0.3770.90, webStorageEnabled: true}
Session ID: 168cb2877a39fe2c725f4c7bf7e5a43b
at sun.reflect.NativeConstructorAccessorImpl.newInstance0(Native Method)
at sun.reflect.NativeConstructorAccessorImpl.newInstance(NativeConstructorAccessorImpl.java:62)
at sun.reflect.DelegatingConstructorAccessorImpl.newInstance(DelegatingConstructorAccessorImpl.java:45)
at java.lang.reflect.Constructor.newInstance(Constructor.java:423)
at org.openqa.selenium.remote.ErrorHandler.createThrowable(ErrorHandler.java:214)
at org.openqa.selenium.remote.ErrorHandler.throwIfResponseFailed(ErrorHandler.java:166)
at org.openqa.selenium.remote.http.JsonHttpResponseCodec.reconstructValue(JsonHttpResponseCodec.java:40)
at org.openqa.selenium.remote.http.AbstractHttpResponseCodec.decode(AbstractHttpResponseCodec.java:80)
at org.openqa.selenium.remote.http.AbstractHttpResponseCodec.decode(AbstractHttpResponseCodec.java:44)
at org.openqa.selenium.remote.HttpCommandExecutor.execute(HttpCommandExecutor.java:158)
at org.openqa.selenium.remote.service.DriverCommandExecutor.execute(DriverCommandExecutor.java:83)
at org.openqa.selenium.remote.RemoteWebDriver.execute(RemoteWebDriver.java:548)
at org.openqa.selenium.remote.RemoteWebElement.execute(RemoteWebElement.java:276)
at org.openqa.selenium.remote.RemoteWebElement.click(RemoteWebElement.java:83)
at org.cts.oneframework.utilities.BasePageObject.clickElement(BasePageObject.java:587)
at org.cts.oneframework.utilities.BasePageObject.clickElement(BasePageObject.java:578)
at org.cts.oneframework.cucumber.pages.SuiviDesCoutsPage.click_suiviDesCouts_leftPane(SuiviDesCoutsPage.java:95)
at org.cts.oneframework.cucumber.stepdefinition.SuiviDesCoutsStepDefs.user_clicks_on_suivi_des_couts_in_left_pane(SuiviDesCoutsStepDefs.java:22)
at ?.user clicks on suivi des couts in left pane(src/test/resources/features/SuiviDesCouts.feature:132)
]]>
            </full-stacktrace>
          </exception> <!-- org.openqa.selenium.WebDriverException -->
          <reporter-output>
          </reporter-output>
        </test-method> <!-- runScenario -->
        <test-method status="PASS" signature="runScenario(cucumber.api.testng.PickleEventWrapper, cucumber.api.testng.CucumberFeatureWrapper)[pri:0, instance:org.cts.oneframework.cucumber.testrunners.SmokeSuiteRunner@370736d9]" name="runScenario" duration-ms="1509" started-at="2019-12-06T10:26:38Z" description="Runs Cucumber Scenarios" data-provider="scenarios" finished-at="2019-12-06T10:26:40Z">
          <params>
            <param index="0">
              <value>
                <![CDATA["close browser"]]>
              </value>
            </param>
            <param index="1">
              <value>
                <![CDATA["Total_Fleet_SuiviDesCouts"]]>
              </value>
            </param>
          </params>
          <reporter-output>
          </reporter-output>
        </test-method> <!-- runScenario -->
        <test-method status="PASS" signature="runScenario(cucumber.api.testng.PickleEventWrapper, cucumber.api.testng.CucumberFeatureWrapper)[pri:0, instance:org.cts.oneframework.cucumber.testrunners.SmokeSuiteRunner@370736d9]" name="runScenario" duration-ms="31744" started-at="2019-12-06T10:26:40Z" description="Runs Cucumber Scenarios" data-provider="scenarios" finished-at="2019-12-06T10:27:11Z">
          <params>
            <param index="0">
              <value>
                <![CDATA["TS_01_TC_01_Login_With_Valid_Credentials"]]>
              </value>
            </param>
            <param index="1">
              <value>
                <![CDATA["Total_Fleet_TousVosVehicules"]]>
              </value>
            </param>
          </params>
          <reporter-output>
          </reporter-output>
        </test-method> <!-- runScenario -->
        <test-method status="FAIL" signature="runScenario(cucumber.api.testng.PickleEventWrapper, cucumber.api.testng.CucumberFeatureWrapper)[pri:0, instance:org.cts.oneframework.cucumber.testrunners.SmokeSuiteRunner@370736d9]" name="runScenario" duration-ms="211552" started-at="2019-12-06T10:27:11Z" description="Runs Cucumber Scenarios" data-provider="scenarios" finished-at="2019-12-06T10:30:43Z">
          <params>
            <param index="0">
              <value>
                <![CDATA["TS_10_TC_11_Upload file for existing vehicule"]]>
              </value>
            </param>
            <param index="1">
              <value>
                <![CDATA["Total_Fleet_TousVosVehicules"]]>
              </value>
            </param>
          </params>
          <exception class="org.openqa.selenium.TimeoutException">
            <message>
              <![CDATA[Expected condition failed: waiting for org.cts.oneframework.utilities.BasePageObject$1@19fbe549 (tried for 200 second(s) with 1000 milliseconds interval)]]>
            </message>
            <full-stacktrace>
              <![CDATA[org.openqa.selenium.TimeoutException: Expected condition failed: waiting for org.cts.oneframework.utilities.BasePageObject$1@19fbe549 (tried for 200 second(s) with 1000 milliseconds interval)
at org.openqa.selenium.support.ui.WebDriverWait.timeoutException(WebDriverWait.java:81)
at org.openqa.selenium.support.ui.FluentWait.until(FluentWait.java:271)
at org.cts.oneframework.utilities.BasePageObject.getElement(BasePageObject.java:115)
at org.cts.oneframework.utilities.BasePageObject.clickElement(BasePageObject.java:587)
at org.cts.oneframework.utilities.BasePageObject.clickElement(BasePageObject.java:578)
at org.cts.oneframework.cucumber.pages.TousVosVehiculesPage.click_vehicules_Votreparc(TousVosVehiculesPage.java:774)
at org.cts.oneframework.cucumber.stepdefinition.TousVosVehiculesStepDefs.user_clicks_on_vehicules_in_voter_parc_section(TousVosVehiculesStepDefs.java:17)
at ?.user clicks on vehicules in voter parc section(src/test/resources/features/TousVosVehicules.feature:45)
Caused by: org.openqa.selenium.NoSuchElementException: no such element: Unable to locate element: {"method":"xpath","selector":"//*[contains(@class,'texte vehicle-count multipleVehicle')]"}
  (Session info: chrome=75.0.3770.90)
  (Driver info: chromedriver=2.44.609538 (b655c5a60b0b544917107a59d4153d4bf78e1b90),platform=Windows NT 10.0.17763 x86_64) (WARNING: The server did not provide any stacktrace information)
Command duration or timeout: 0 milliseconds
For documentation on this error, please visit: http://seleniumhq.org/exceptions/no_such_element.html
Build info: version: '3.13.0', revision: '2f0d292', time: '2018-06-25T15:24:21.231Z'
System info: host: 'PC339926', ip: '10.219.66.4', os.name: 'Windows 10', os.arch: 'amd64', os.version: '10.0', java.version: '1.8.0_181'
Driver info: org.openqa.selenium.chrome.ChromeDriver
Capabilities {acceptInsecureCerts: false, acceptSslCerts: false, applicationCacheEnabled: false, browserConnectionEnabled: false, browserName: chrome, chrome: {chromedriverVersion: 2.44.609538 (b655c5a60b0b54..., userDataDir: C:\Users\593611\AppData\Loc...}, cssSelectorsEnabled: true, databaseEnabled: false, goog:chromeOptions: {debuggerAddress: localhost:64917}, handlesAlerts: true, hasTouchScreen: false, javascriptEnabled: true, locationContextEnabled: true, mobileEmulationEnabled: false, nativeEvents: true, networkConnectionEnabled: false, pageLoadStrategy: normal, platform: XP, platformName: XP, rotatable: false, setWindowRect: true, takesHeapSnapshot: true, takesScreenshot: true, unexpectedAlertBehaviour: ignore, unhandledPromptBehavior: ignore, version: 75.0.3770.90, webStorageEnabled: true}
Session ID: 33196452b36c64c88b8609868ec79594
*** Element info: {Using=xpath, value=//*[contains(@class,'texte vehicle-count multipleVehicle')]}
at sun.reflect.GeneratedConstructorAccessor66.newInstance(Unknown Source)
at sun.reflect.DelegatingConstructorAccessorImpl.newInstance(DelegatingConstructorAccessorImpl.java:45)
at java.lang.reflect.Constructor.newInstance(Constructor.java:423)
at org.openqa.selenium.remote.ErrorHandler.createThrowable(ErrorHandler.java:214)
at org.openqa.selenium.remote.ErrorHandler.throwIfResponseFailed(ErrorHandler.java:166)
at org.openqa.selenium.remote.http.JsonHttpResponseCodec.reconstructValue(JsonHttpResponseCodec.java:40)
at org.openqa.selenium.remote.http.AbstractHttpResponseCodec.decode(AbstractHttpResponseCodec.java:80)
at org.openqa.selenium.remote.http.AbstractHttpResponseCodec.decode(AbstractHttpResponseCodec.java:44)
at org.openqa.selenium.remote.HttpCommandExecutor.execute(HttpCommandExecutor.java:158)
at org.openqa.selenium.remote.service.DriverCommandExecutor.execute(DriverCommandExecutor.java:83)
at org.openqa.selenium.remote.RemoteWebDriver.execute(RemoteWebDriver.java:548)
at org.openqa.selenium.remote.RemoteWebDriver.findElement(RemoteWebDriver.java:322)
at org.openqa.selenium.remote.RemoteWebDriver.findElementByXPath(RemoteWebDriver.java:424)
at org.openqa.selenium.By$ByXPath.findElement(By.java:353)
at org.openqa.selenium.remote.RemoteWebDriver.findElement(RemoteWebDriver.java:314)
at org.cts.oneframework.utilities.BasePageObject$1.apply(BasePageObject.java:118)
at org.cts.oneframework.utilities.BasePageObject$1.apply(BasePageObject.java:1)
at org.openqa.selenium.support.ui.FluentWait.until(FluentWait.java:248)
at org.cts.oneframework.utilities.BasePageObject.getElement(BasePageObject.java:115)
at org.cts.oneframework.utilities.BasePageObject.clickElement(BasePageObject.java:587)
at org.cts.oneframework.utilities.BasePageObject.clickElement(BasePageObject.java:578)
at org.cts.oneframework.cucumber.pages.TousVosVehiculesPage.click_vehicules_Votreparc(TousVosVehiculesPage.java:774)
at org.cts.oneframework.cucumber.stepdefinition.TousVosVehiculesStepDefs.user_clicks_on_vehicules_in_voter_parc_section(TousVosVehiculesStepDefs.java:17)
at sun.reflect.NativeMethodAccessorImpl.invoke0(Native Method)
at sun.reflect.NativeMethodAccessorImpl.invoke(NativeMethodAccessorImpl.java:62)
at sun.reflect.DelegatingMethodAccessorImpl.invoke(DelegatingMethodAccessorImpl.java:43)
at java.lang.reflect.Method.invoke(Method.java:498)
at cucumber.runtime.Utils$1.call(Utils.java:26)
at cucumber.runtime.Timeout.timeout(Timeout.java:16)
at cucumber.runtime.Utils.invoke(Utils.java:20)
at cucumber.runtime.java.JavaStepDefinition.execute(JavaStepDefinition.java:49)
at cucumber.runner.PickleStepDefinitionMatch.runStep(PickleStepDefinitionMatch.java:50)
at cucumber.runner.TestStep.executeStep(TestStep.java:63)
at cucumber.runner.TestStep.run(TestStep.java:49)
at cucumber.runner.PickleStepTestStep.run(PickleStepTestStep.java:43)
at cucumber.runner.TestCase.run(TestCase.java:44)
at cucumber.runner.Runner.runPickle(Runner.java:40)
at cucumber.api.testng.TestNGCucumberRunner.runScenario(TestNGCucumberRunner.java:68)
at org.cts.oneframework.cucumber.AbstractTestNGCucumberTest.runScenario(AbstractTestNGCucumberTest.java:39)
at sun.reflect.GeneratedMethodAccessor8.invoke(Unknown Source)
at sun.reflect.DelegatingMethodAccessorImpl.invoke(DelegatingMethodAccessorImpl.java:43)
at java.lang.reflect.Method.invoke(Method.java:498)
at org.testng.internal.MethodInvocationHelper.invokeMethod(MethodInvocationHelper.java:124)
at org.testng.internal.Invoker.invokeMethod(Invoker.java:583)
at org.testng.internal.Invoker.invokeTestMethod(Invoker.java:719)
at org.testng.internal.Invoker.invokeTestMethods(Invoker.java:989)
at org.testng.internal.TestMethodWorker.invokeTestMethods(TestMethodWorker.java:125)
at org.testng.internal.TestMethodWorker.run(TestMethodWorker.java:109)
at java.util.concurrent.ThreadPoolExecutor.runWorker(ThreadPoolExecutor.java:1149)
at java.util.concurrent.ThreadPoolExecutor$Worker.run(ThreadPoolExecutor.java:624)
at java.lang.Thread.run(Thread.java:748)
]]>
            </full-stacktrace>
          </exception> <!-- org.openqa.selenium.TimeoutException -->
          <reporter-output>
          </reporter-output>
        </test-method> <!-- runScenario -->
        <test-method status="FAIL" signature="runScenario(cucumber.api.testng.PickleEventWrapper, cucumber.api.testng.CucumberFeatureWrapper)[pri:0, instance:org.cts.oneframework.cucumber.testrunners.SmokeSuiteRunner@370736d9]" name="runScenario" duration-ms="24913" started-at="2019-12-06T10:30:43Z" description="Runs Cucumber Scenarios" data-provider="scenarios" finished-at="2019-12-06T10:31:08Z">
          <params>
            <param index="0">
              <value>
                <![CDATA["TS_04_TC_05_Search the vehicules from Rechercher at the top of application"]]>
              </value>
            </param>
            <param index="1">
              <value>
                <![CDATA["Total_Fleet_TousVosVehicules"]]>
              </value>
            </param>
          </params>
          <exception class="org.openqa.selenium.WebDriverException">
            <message>
              <![CDATA[chrome not reachable
  (Session info: chrome=75.0.3770.90)
  (Driver info: chromedriver=2.44.609538 (b655c5a60b0b544917107a59d4153d4bf78e1b90),platform=Windows NT 10.0.17763 x86_64) (WARNING: The server did not provide any stacktrace information)
Command duration or timeout: 0 milliseconds
Build info: version: '3.13.0', revision: '2f0d292', time: '2018-06-25T15:24:21.231Z'
System info: host: 'PC339926', ip: '10.219.66.4', os.name: 'Windows 10', os.arch: 'amd64', os.version: '10.0', java.version: '1.8.0_181'
Driver info: org.openqa.selenium.chrome.ChromeDriver
Capabilities {acceptInsecureCerts: false, acceptSslCerts: false, applicationCacheEnabled: false, browserConnectionEnabled: false, browserName: chrome, chrome: {chromedriverVersion: 2.44.609538 (b655c5a60b0b54..., userDataDir: C:\Users\593611\AppData\Loc...}, cssSelectorsEnabled: true, databaseEnabled: false, goog:chromeOptions: {debuggerAddress: localhost:64917}, handlesAlerts: true, hasTouchScreen: false, javascriptEnabled: true, locationContextEnabled: true, mobileEmulationEnabled: false, nativeEvents: true, networkConnectionEnabled: false, pageLoadStrategy: normal, platform: XP, platformName: XP, rotatable: false, setWindowRect: true, takesHeapSnapshot: true, takesScreenshot: true, unexpectedAlertBehaviour: ignore, unhandledPromptBehavior: ignore, version: 75.0.3770.90, webStorageEnabled: true}
Session ID: 33196452b36c64c88b8609868ec79594
*** Element info: {Using=xpath, value=//*[@id='iconSearch']}]]>
            </message>
            <full-stacktrace>
              <![CDATA[org.openqa.selenium.WebDriverException: chrome not reachable
  (Session info: chrome=75.0.3770.90)
  (Driver info: chromedriver=2.44.609538 (b655c5a60b0b544917107a59d4153d4bf78e1b90),platform=Windows NT 10.0.17763 x86_64) (WARNING: The server did not provide any stacktrace information)
Command duration or timeout: 0 milliseconds
Build info: version: '3.13.0', revision: '2f0d292', time: '2018-06-25T15:24:21.231Z'
System info: host: 'PC339926', ip: '10.219.66.4', os.name: 'Windows 10', os.arch: 'amd64', os.version: '10.0', java.version: '1.8.0_181'
Driver info: org.openqa.selenium.chrome.ChromeDriver
Capabilities {acceptInsecureCerts: false, acceptSslCerts: false, applicationCacheEnabled: false, browserConnectionEnabled: false, browserName: chrome, chrome: {chromedriverVersion: 2.44.609538 (b655c5a60b0b54..., userDataDir: C:\Users\593611\AppData\Loc...}, cssSelectorsEnabled: true, databaseEnabled: false, goog:chromeOptions: {debuggerAddress: localhost:64917}, handlesAlerts: true, hasTouchScreen: false, javascriptEnabled: true, locationContextEnabled: true, mobileEmulationEnabled: false, nativeEvents: true, networkConnectionEnabled: false, pageLoadStrategy: normal, platform: XP, platformName: XP, rotatable: false, setWindowRect: true, takesHeapSnapshot: true, takesScreenshot: true, unexpectedAlertBehaviour: ignore, unhandledPromptBehavior: ignore, version: 75.0.3770.90, webStorageEnabled: true}
Session ID: 33196452b36c64c88b8609868ec79594
*** Element info: {Using=xpath, value=//*[@id='iconSearch']}
at sun.reflect.NativeConstructorAccessorImpl.newInstance0(Native Method)
at sun.reflect.NativeConstructorAccessorImpl.newInstance(NativeConstructorAccessorImpl.java:62)
at sun.reflect.DelegatingConstructorAccessorImpl.newInstance(DelegatingConstructorAccessorImpl.java:45)
at java.lang.reflect.Constructor.newInstance(Constructor.java:423)
at org.openqa.selenium.remote.ErrorHandler.createThrowable(ErrorHandler.java:214)
at org.openqa.selenium.remote.ErrorHandler.throwIfResponseFailed(ErrorHandler.java:166)
at org.openqa.selenium.remote.http.JsonHttpResponseCodec.reconstructValue(JsonHttpResponseCodec.java:40)
at org.openqa.selenium.remote.http.AbstractHttpResponseCodec.decode(AbstractHttpResponseCodec.java:80)
at org.openqa.selenium.remote.http.AbstractHttpResponseCodec.decode(AbstractHttpResponseCodec.java:44)
at org.openqa.selenium.remote.HttpCommandExecutor.execute(HttpCommandExecutor.java:158)
at org.openqa.selenium.remote.service.DriverCommandExecutor.execute(DriverCommandExecutor.java:83)
at org.openqa.selenium.remote.RemoteWebDriver.execute(RemoteWebDriver.java:548)
at org.openqa.selenium.remote.RemoteWebDriver.findElement(RemoteWebDriver.java:322)
at org.openqa.selenium.remote.RemoteWebDriver.findElementByXPath(RemoteWebDriver.java:424)
at org.openqa.selenium.By$ByXPath.findElement(By.java:353)
at org.openqa.selenium.remote.RemoteWebDriver.findElement(RemoteWebDriver.java:314)
at org.cts.oneframework.utilities.BasePageObject$1.apply(BasePageObject.java:118)
at org.cts.oneframework.utilities.BasePageObject$1.apply(BasePageObject.java:1)
at org.openqa.selenium.support.ui.FluentWait.until(FluentWait.java:248)
at org.cts.oneframework.utilities.BasePageObject.getElement(BasePageObject.java:115)
at org.cts.oneframework.utilities.BasePageObject.clickElement(BasePageObject.java:587)
at org.cts.oneframework.utilities.BasePageObject.clickElement(BasePageObject.java:578)
at org.cts.oneframework.cucumber.pages.TousVosVehiculesPage.click_dropdown_Rechercher(TousVosVehiculesPage.java:1425)
at org.cts.oneframework.cucumber.stepdefinition.TousVosVehiculesStepDefs.user_select_the_vehicule_option_from_Rechercher_drop_down(TousVosVehiculesStepDefs.java:336)
at ?.user select the vehicule option from Rechercher drop down(src/test/resources/features/TousVosVehicules.feature:67)
]]>
            </full-stacktrace>
          </exception> <!-- org.openqa.selenium.WebDriverException -->
          <reporter-output>
          </reporter-output>
        </test-method> <!-- runScenario -->
        <test-method status="PASS" signature="runScenario(cucumber.api.testng.PickleEventWrapper, cucumber.api.testng.CucumberFeatureWrapper)[pri:0, instance:org.cts.oneframework.cucumber.testrunners.SmokeSuiteRunner@370736d9]" name="runScenario" duration-ms="1181" started-at="2019-12-06T10:31:08Z" description="Runs Cucumber Scenarios" data-provider="scenarios" finished-at="2019-12-06T10:31:09Z">
          <params>
            <param index="0">
              <value>
                <![CDATA["close browser"]]>
              </value>
            </param>
            <param index="1">
              <value>
                <![CDATA["Total_Fleet_TousVosVehicules"]]>
              </value>
            </param>
          </params>
          <reporter-output>
          </reporter-output>
        </test-method> <!-- runScenario -->
        <test-method status="PASS" signature="runScenario(cucumber.api.testng.PickleEventWrapper, cucumber.api.testng.CucumberFeatureWrapper)[pri:0, instance:org.cts.oneframework.cucumber.testrunners.SmokeSuiteRunner@370736d9]" name="runScenario" duration-ms="89169" started-at="2019-12-06T10:31:09Z" description="Runs Cucumber Scenarios" data-provider="scenarios" finished-at="2019-12-06T10:32:38Z">
          <params>
            <param index="0">
              <value>
                <![CDATA["TS_01_TC_01_Login_With_Valid_Credentials"]]>
              </value>
            </param>
            <param index="1">
              <value>
                <![CDATA["Total_Fleet_TousVosVehicules"]]>
              </value>
            </param>
          </params>
          <reporter-output>
          </reporter-output>
        </test-method> <!-- runScenario -->
        <test-method status="FAIL" signature="runScenario(cucumber.api.testng.PickleEventWrapper, cucumber.api.testng.CucumberFeatureWrapper)[pri:0, instance:org.cts.oneframework.cucumber.testrunners.SmokeSuiteRunner@370736d9]" name="runScenario" duration-ms="17737" started-at="2019-12-06T10:32:38Z" description="Runs Cucumber Scenarios" data-provider="scenarios" finished-at="2019-12-06T10:32:56Z">
          <params>
            <param index="0">
              <value>
                <![CDATA["TS_07_TC_08_Navigate to the vehicule list page from the counts portlet and search for a vehicule in the list"]]>
              </value>
            </param>
            <param index="1">
              <value>
                <![CDATA["Total_Fleet_TousVosVehicules"]]>
              </value>
            </param>
          </params>
          <exception class="org.openqa.selenium.ElementNotVisibleException">
            <message>
              <![CDATA[element not interactable
  (Session info: chrome=75.0.3770.90)
  (Driver info: chromedriver=2.44.609538 (b655c5a60b0b544917107a59d4153d4bf78e1b90),platform=Windows NT 10.0.17763 x86_64) (WARNING: The server did not provide any stacktrace information)
Command duration or timeout: 0 milliseconds
Build info: version: '3.13.0', revision: '2f0d292', time: '2018-06-25T15:24:21.231Z'
System info: host: 'PC339926', ip: '10.219.66.4', os.name: 'Windows 10', os.arch: 'amd64', os.version: '10.0', java.version: '1.8.0_181'
Driver info: org.openqa.selenium.chrome.ChromeDriver
Capabilities {acceptInsecureCerts: false, acceptSslCerts: false, applicationCacheEnabled: false, browserConnectionEnabled: false, browserName: chrome, chrome: {chromedriverVersion: 2.44.609538 (b655c5a60b0b54..., userDataDir: C:\Users\593611\AppData\Loc...}, cssSelectorsEnabled: true, databaseEnabled: false, goog:chromeOptions: {debuggerAddress: localhost:65036}, handlesAlerts: true, hasTouchScreen: false, javascriptEnabled: true, locationContextEnabled: true, mobileEmulationEnabled: false, nativeEvents: true, networkConnectionEnabled: false, pageLoadStrategy: normal, platform: XP, platformName: XP, rotatable: false, setWindowRect: true, takesHeapSnapshot: true, takesScreenshot: true, unexpectedAlertBehaviour: ignore, unhandledPromptBehavior: ignore, version: 75.0.3770.90, webStorageEnabled: true}
Session ID: b2197c0247566ace70e1e6b02d8d86b8]]>
            </message>
            <full-stacktrace>
              <![CDATA[org.openqa.selenium.ElementNotVisibleException: element not interactable
  (Session info: chrome=75.0.3770.90)
  (Driver info: chromedriver=2.44.609538 (b655c5a60b0b544917107a59d4153d4bf78e1b90),platform=Windows NT 10.0.17763 x86_64) (WARNING: The server did not provide any stacktrace information)
Command duration or timeout: 0 milliseconds
Build info: version: '3.13.0', revision: '2f0d292', time: '2018-06-25T15:24:21.231Z'
System info: host: 'PC339926', ip: '10.219.66.4', os.name: 'Windows 10', os.arch: 'amd64', os.version: '10.0', java.version: '1.8.0_181'
Driver info: org.openqa.selenium.chrome.ChromeDriver
Capabilities {acceptInsecureCerts: false, acceptSslCerts: false, applicationCacheEnabled: false, browserConnectionEnabled: false, browserName: chrome, chrome: {chromedriverVersion: 2.44.609538 (b655c5a60b0b54..., userDataDir: C:\Users\593611\AppData\Loc...}, cssSelectorsEnabled: true, databaseEnabled: false, goog:chromeOptions: {debuggerAddress: localhost:65036}, handlesAlerts: true, hasTouchScreen: false, javascriptEnabled: true, locationContextEnabled: true, mobileEmulationEnabled: false, nativeEvents: true, networkConnectionEnabled: false, pageLoadStrategy: normal, platform: XP, platformName: XP, rotatable: false, setWindowRect: true, takesHeapSnapshot: true, takesScreenshot: true, unexpectedAlertBehaviour: ignore, unhandledPromptBehavior: ignore, version: 75.0.3770.90, webStorageEnabled: true}
Session ID: b2197c0247566ace70e1e6b02d8d86b8
at sun.reflect.NativeConstructorAccessorImpl.newInstance0(Native Method)
at sun.reflect.NativeConstructorAccessorImpl.newInstance(NativeConstructorAccessorImpl.java:62)
at sun.reflect.DelegatingConstructorAccessorImpl.newInstance(DelegatingConstructorAccessorImpl.java:45)
at java.lang.reflect.Constructor.newInstance(Constructor.java:423)
at org.openqa.selenium.remote.ErrorHandler.createThrowable(ErrorHandler.java:214)
at org.openqa.selenium.remote.ErrorHandler.throwIfResponseFailed(ErrorHandler.java:166)
at org.openqa.selenium.remote.http.JsonHttpResponseCodec.reconstructValue(JsonHttpResponseCodec.java:40)
at org.openqa.selenium.remote.http.AbstractHttpResponseCodec.decode(AbstractHttpResponseCodec.java:80)
at org.openqa.selenium.remote.http.AbstractHttpResponseCodec.decode(AbstractHttpResponseCodec.java:44)
at org.openqa.selenium.remote.HttpCommandExecutor.execute(HttpCommandExecutor.java:158)
at org.openqa.selenium.remote.service.DriverCommandExecutor.execute(DriverCommandExecutor.java:83)
at org.openqa.selenium.remote.RemoteWebDriver.execute(RemoteWebDriver.java:548)
at org.openqa.selenium.remote.RemoteWebElement.execute(RemoteWebElement.java:276)
at org.openqa.selenium.remote.RemoteWebElement.click(RemoteWebElement.java:83)
at org.cts.oneframework.utilities.BasePageObject.clickElement(BasePageObject.java:587)
at org.cts.oneframework.utilities.BasePageObject.clickElement(BasePageObject.java:578)
at org.cts.oneframework.cucumber.pages.TousVosVehiculesPage.click_vehicules_Votreparc(TousVosVehiculesPage.java:774)
at org.cts.oneframework.cucumber.stepdefinition.TousVosVehiculesStepDefs.user_clicks_on_vehicules_in_voter_parc_section(TousVosVehiculesStepDefs.java:17)
at ?.user clicks on vehicules in voter parc section(src/test/resources/features/TousVosVehicules.feature:105)
]]>
            </full-stacktrace>
          </exception> <!-- org.openqa.selenium.ElementNotVisibleException -->
          <reporter-output>
          </reporter-output>
        </test-method> <!-- runScenario -->
        <test-method status="FAIL" signature="runScenario(cucumber.api.testng.PickleEventWrapper, cucumber.api.testng.CucumberFeatureWrapper)[pri:0, instance:org.cts.oneframework.cucumber.testrunners.SmokeSuiteRunner@370736d9]" name="runScenario" duration-ms="168" started-at="2019-12-06T10:32:56Z" description="Runs Cucumber Scenarios" data-provider="scenarios" finished-at="2019-12-06T10:32:56Z">
          <params>
            <param index="0">
              <value>
                <![CDATA["TS_08_TC_09_verify if the User is able to create vehicule with AAA call"]]>
              </value>
            </param>
            <param index="1">
              <value>
                <![CDATA["Total_Fleet_TousVosVehicules"]]>
              </value>
            </param>
          </params>
          <exception class="org.openqa.selenium.WebDriverException">
            <message>
              <![CDATA[unknown error: Element <a class=" accueil active" aria-labelledby="layout_3" href="https://fleetonline.pprod.uap.total.com/private/guest/home" role="menuitem">...</a> is not clickable at point (110, 108). Other element would receive the click: <div class="ui-widget-overlay ui-front" style="z-index: 10001;"></div>
  (Session info: chrome=75.0.3770.90)
  (Driver info: chromedriver=2.44.609538 (b655c5a60b0b544917107a59d4153d4bf78e1b90),platform=Windows NT 10.0.17763 x86_64) (WARNING: The server did not provide any stacktrace information)
Command duration or timeout: 0 milliseconds
Build info: version: '3.13.0', revision: '2f0d292', time: '2018-06-25T15:24:21.231Z'
System info: host: 'PC339926', ip: '10.219.66.4', os.name: 'Windows 10', os.arch: 'amd64', os.version: '10.0', java.version: '1.8.0_181'
Driver info: org.openqa.selenium.chrome.ChromeDriver
Capabilities {acceptInsecureCerts: false, acceptSslCerts: false, applicationCacheEnabled: false, browserConnectionEnabled: false, browserName: chrome, chrome: {chromedriverVersion: 2.44.609538 (b655c5a60b0b54..., userDataDir: C:\Users\593611\AppData\Loc...}, cssSelectorsEnabled: true, databaseEnabled: false, goog:chromeOptions: {debuggerAddress: localhost:65036}, handlesAlerts: true, hasTouchScreen: false, javascriptEnabled: true, locationContextEnabled: true, mobileEmulationEnabled: false, nativeEvents: true, networkConnectionEnabled: false, pageLoadStrategy: normal, platform: XP, platformName: XP, rotatable: false, setWindowRect: true, takesHeapSnapshot: true, takesScreenshot: true, unexpectedAlertBehaviour: ignore, unhandledPromptBehavior: ignore, version: 75.0.3770.90, webStorageEnabled: true}
Session ID: b2197c0247566ace70e1e6b02d8d86b8]]>
            </message>
            <full-stacktrace>
              <![CDATA[org.openqa.selenium.WebDriverException: unknown error: Element <a class=" accueil active" aria-labelledby="layout_3" href="https://fleetonline.pprod.uap.total.com/private/guest/home" role="menuitem">...</a> is not clickable at point (110, 108). Other element would receive the click: <div class="ui-widget-overlay ui-front" style="z-index: 10001;"></div>
  (Session info: chrome=75.0.3770.90)
  (Driver info: chromedriver=2.44.609538 (b655c5a60b0b544917107a59d4153d4bf78e1b90),platform=Windows NT 10.0.17763 x86_64) (WARNING: The server did not provide any stacktrace information)
Command duration or timeout: 0 milliseconds
Build info: version: '3.13.0', revision: '2f0d292', time: '2018-06-25T15:24:21.231Z'
System info: host: 'PC339926', ip: '10.219.66.4', os.name: 'Windows 10', os.arch: 'amd64', os.version: '10.0', java.version: '1.8.0_181'
Driver info: org.openqa.selenium.chrome.ChromeDriver
Capabilities {acceptInsecureCerts: false, acceptSslCerts: false, applicationCacheEnabled: false, browserConnectionEnabled: false, browserName: chrome, chrome: {chromedriverVersion: 2.44.609538 (b655c5a60b0b54..., userDataDir: C:\Users\593611\AppData\Loc...}, cssSelectorsEnabled: true, databaseEnabled: false, goog:chromeOptions: {debuggerAddress: localhost:65036}, handlesAlerts: true, hasTouchScreen: false, javascriptEnabled: true, locationContextEnabled: true, mobileEmulationEnabled: false, nativeEvents: true, networkConnectionEnabled: false, pageLoadStrategy: normal, platform: XP, platformName: XP, rotatable: false, setWindowRect: true, takesHeapSnapshot: true, takesScreenshot: true, unexpectedAlertBehaviour: ignore, unhandledPromptBehavior: ignore, version: 75.0.3770.90, webStorageEnabled: true}
Session ID: b2197c0247566ace70e1e6b02d8d86b8
at sun.reflect.NativeConstructorAccessorImpl.newInstance0(Native Method)
at sun.reflect.NativeConstructorAccessorImpl.newInstance(NativeConstructorAccessorImpl.java:62)
at sun.reflect.DelegatingConstructorAccessorImpl.newInstance(DelegatingConstructorAccessorImpl.java:45)
at java.lang.reflect.Constructor.newInstance(Constructor.java:423)
at org.openqa.selenium.remote.ErrorHandler.createThrowable(ErrorHandler.java:214)
at org.openqa.selenium.remote.ErrorHandler.throwIfResponseFailed(ErrorHandler.java:166)
at org.openqa.selenium.remote.http.JsonHttpResponseCodec.reconstructValue(JsonHttpResponseCodec.java:40)
at org.openqa.selenium.remote.http.AbstractHttpResponseCodec.decode(AbstractHttpResponseCodec.java:80)
at org.openqa.selenium.remote.http.AbstractHttpResponseCodec.decode(AbstractHttpResponseCodec.java:44)
at org.openqa.selenium.remote.HttpCommandExecutor.execute(HttpCommandExecutor.java:158)
at org.openqa.selenium.remote.service.DriverCommandExecutor.execute(DriverCommandExecutor.java:83)
at org.openqa.selenium.remote.RemoteWebDriver.execute(RemoteWebDriver.java:548)
at org.openqa.selenium.remote.RemoteWebElement.execute(RemoteWebElement.java:276)
at org.openqa.selenium.remote.RemoteWebElement.click(RemoteWebElement.java:83)
at org.cts.oneframework.utilities.BasePageObject.clickElement(BasePageObject.java:587)
at org.cts.oneframework.utilities.BasePageObject.clickElement(BasePageObject.java:578)
at org.cts.oneframework.cucumber.pages.CommonPage.clickAccueilLinkInLeftPane(CommonPage.java:101)
at org.cts.oneframework.cucumber.stepdefinition.CommonStepDefs.user_clicks_on_Accueil_in_left_pane_total_home_page_should_be_displayed(CommonStepDefs.java:54)
at ?.user clicks on Accueil in left pane total home page should be displayed(src/test/resources/features/TousVosVehicules.feature:120)
]]>
            </full-stacktrace>
          </exception> <!-- org.openqa.selenium.WebDriverException -->
          <reporter-output>
          </reporter-output>
        </test-method> <!-- runScenario -->
        <test-method status="PASS" signature="runScenario(cucumber.api.testng.PickleEventWrapper, cucumber.api.testng.CucumberFeatureWrapper)[pri:0, instance:org.cts.oneframework.cucumber.testrunners.SmokeSuiteRunner@370736d9]" name="runScenario" duration-ms="2056" started-at="2019-12-06T10:32:56Z" description="Runs Cucumber Scenarios" data-provider="scenarios" finished-at="2019-12-06T10:32:58Z">
          <params>
            <param index="0">
              <value>
                <![CDATA["close browser"]]>
              </value>
            </param>
            <param index="1">
              <value>
                <![CDATA["Total_Fleet_TousVosVehicules"]]>
              </value>
            </param>
          </params>
          <reporter-output>
          </reporter-output>
        </test-method> <!-- runScenario -->
        <test-method status="PASS" signature="runScenario(cucumber.api.testng.PickleEventWrapper, cucumber.api.testng.CucumberFeatureWrapper)[pri:0, instance:org.cts.oneframework.cucumber.testrunners.SmokeSuiteRunner@370736d9]" name="runScenario" duration-ms="17292" started-at="2019-12-06T10:32:58Z" description="Runs Cucumber Scenarios" data-provider="scenarios" finished-at="2019-12-06T10:33:16Z">
          <params>
            <param index="0">
              <value>
                <![CDATA["TS_01_TC_01_Login_With_Valid_Credentials"]]>
              </value>
            </param>
            <param index="1">
              <value>
                <![CDATA["Total_Fleet_TousVosVehicules"]]>
              </value>
            </param>
          </params>
          <reporter-output>
          </reporter-output>
        </test-method> <!-- runScenario -->
        <test-method status="FAIL" signature="runScenario(cucumber.api.testng.PickleEventWrapper, cucumber.api.testng.CucumberFeatureWrapper)[pri:0, instance:org.cts.oneframework.cucumber.testrunners.SmokeSuiteRunner@370736d9]" name="runScenario" duration-ms="21264" started-at="2019-12-06T10:33:16Z" description="Runs Cucumber Scenarios" data-provider="scenarios" finished-at="2019-12-06T10:33:37Z">
          <params>
            <param index="0">
              <value>
                <![CDATA["TS_09_TC_10_Create a contrat for the vehicule from the detailed page"]]>
              </value>
            </param>
            <param index="1">
              <value>
                <![CDATA["Total_Fleet_TousVosVehicules"]]>
              </value>
            </param>
          </params>
          <exception class="org.openqa.selenium.WebDriverException">
            <message>
              <![CDATA[unknown error: Element <a class=" accueil active" aria-labelledby="layout_3" href="https://fleetonline.pprod.uap.total.com/private/guest/home" role="menuitem">...</a> is not clickable at point (110, 108). Other element would receive the click: <div class="ui-widget-overlay ui-front" style="z-index: 10001;"></div>
  (Session info: chrome=75.0.3770.90)
  (Driver info: chromedriver=2.44.609538 (b655c5a60b0b544917107a59d4153d4bf78e1b90),platform=Windows NT 10.0.17763 x86_64) (WARNING: The server did not provide any stacktrace information)
Command duration or timeout: 0 milliseconds
Build info: version: '3.13.0', revision: '2f0d292', time: '2018-06-25T15:24:21.231Z'
System info: host: 'PC339926', ip: '10.219.66.4', os.name: 'Windows 10', os.arch: 'amd64', os.version: '10.0', java.version: '1.8.0_181'
Driver info: org.openqa.selenium.chrome.ChromeDriver
Capabilities {acceptInsecureCerts: false, acceptSslCerts: false, applicationCacheEnabled: false, browserConnectionEnabled: false, browserName: chrome, chrome: {chromedriverVersion: 2.44.609538 (b655c5a60b0b54..., userDataDir: C:\Users\593611\AppData\Loc...}, cssSelectorsEnabled: true, databaseEnabled: false, goog:chromeOptions: {debuggerAddress: localhost:65130}, handlesAlerts: true, hasTouchScreen: false, javascriptEnabled: true, locationContextEnabled: true, mobileEmulationEnabled: false, nativeEvents: true, networkConnectionEnabled: false, pageLoadStrategy: normal, platform: XP, platformName: XP, rotatable: false, setWindowRect: true, takesHeapSnapshot: true, takesScreenshot: true, unexpectedAlertBehaviour: ignore, unhandledPromptBehavior: ignore, version: 75.0.3770.90, webStorageEnabled: true}
Session ID: fc1162356c7d5df29982374a6a2df139]]>
            </message>
            <full-stacktrace>
              <![CDATA[org.openqa.selenium.WebDriverException: unknown error: Element <a class=" accueil active" aria-labelledby="layout_3" href="https://fleetonline.pprod.uap.total.com/private/guest/home" role="menuitem">...</a> is not clickable at point (110, 108). Other element would receive the click: <div class="ui-widget-overlay ui-front" style="z-index: 10001;"></div>
  (Session info: chrome=75.0.3770.90)
  (Driver info: chromedriver=2.44.609538 (b655c5a60b0b544917107a59d4153d4bf78e1b90),platform=Windows NT 10.0.17763 x86_64) (WARNING: The server did not provide any stacktrace information)
Command duration or timeout: 0 milliseconds
Build info: version: '3.13.0', revision: '2f0d292', time: '2018-06-25T15:24:21.231Z'
System info: host: 'PC339926', ip: '10.219.66.4', os.name: 'Windows 10', os.arch: 'amd64', os.version: '10.0', java.version: '1.8.0_181'
Driver info: org.openqa.selenium.chrome.ChromeDriver
Capabilities {acceptInsecureCerts: false, acceptSslCerts: false, applicationCacheEnabled: false, browserConnectionEnabled: false, browserName: chrome, chrome: {chromedriverVersion: 2.44.609538 (b655c5a60b0b54..., userDataDir: C:\Users\593611\AppData\Loc...}, cssSelectorsEnabled: true, databaseEnabled: false, goog:chromeOptions: {debuggerAddress: localhost:65130}, handlesAlerts: true, hasTouchScreen: false, javascriptEnabled: true, locationContextEnabled: true, mobileEmulationEnabled: false, nativeEvents: true, networkConnectionEnabled: false, pageLoadStrategy: normal, platform: XP, platformName: XP, rotatable: false, setWindowRect: true, takesHeapSnapshot: true, takesScreenshot: true, unexpectedAlertBehaviour: ignore, unhandledPromptBehavior: ignore, version: 75.0.3770.90, webStorageEnabled: true}
Session ID: fc1162356c7d5df29982374a6a2df139
at sun.reflect.NativeConstructorAccessorImpl.newInstance0(Native Method)
at sun.reflect.NativeConstructorAccessorImpl.newInstance(NativeConstructorAccessorImpl.java:62)
at sun.reflect.DelegatingConstructorAccessorImpl.newInstance(DelegatingConstructorAccessorImpl.java:45)
at java.lang.reflect.Constructor.newInstance(Constructor.java:423)
at org.openqa.selenium.remote.ErrorHandler.createThrowable(ErrorHandler.java:214)
at org.openqa.selenium.remote.ErrorHandler.throwIfResponseFailed(ErrorHandler.java:166)
at org.openqa.selenium.remote.http.JsonHttpResponseCodec.reconstructValue(JsonHttpResponseCodec.java:40)
at org.openqa.selenium.remote.http.AbstractHttpResponseCodec.decode(AbstractHttpResponseCodec.java:80)
at org.openqa.selenium.remote.http.AbstractHttpResponseCodec.decode(AbstractHttpResponseCodec.java:44)
at org.openqa.selenium.remote.HttpCommandExecutor.execute(HttpCommandExecutor.java:158)
at org.openqa.selenium.remote.service.DriverCommandExecutor.execute(DriverCommandExecutor.java:83)
at org.openqa.selenium.remote.RemoteWebDriver.execute(RemoteWebDriver.java:548)
at org.openqa.selenium.remote.RemoteWebElement.execute(RemoteWebElement.java:276)
at org.openqa.selenium.remote.RemoteWebElement.click(RemoteWebElement.java:83)
at org.cts.oneframework.utilities.BasePageObject.clickElement(BasePageObject.java:587)
at org.cts.oneframework.utilities.BasePageObject.clickElement(BasePageObject.java:578)
at org.cts.oneframework.cucumber.pages.CommonPage.clickAccueilLinkInLeftPane(CommonPage.java:101)
at org.cts.oneframework.cucumber.stepdefinition.CommonStepDefs.user_clicks_on_Accueil_in_left_pane_total_home_page_should_be_displayed(CommonStepDefs.java:54)
at ?.user clicks on Accueil in left pane total home page should be displayed(src/test/resources/features/TousVosVehicules.feature:171)
]]>
            </full-stacktrace>
          </exception> <!-- org.openqa.selenium.WebDriverException -->
          <reporter-output>
          </reporter-output>
        </test-method> <!-- runScenario -->
        <test-method status="FAIL" signature="runScenario(cucumber.api.testng.PickleEventWrapper, cucumber.api.testng.CucumberFeatureWrapper)[pri:0, instance:org.cts.oneframework.cucumber.testrunners.SmokeSuiteRunner@370736d9]" name="runScenario" duration-ms="52942" started-at="2019-12-06T10:33:37Z" description="Runs Cucumber Scenarios" data-provider="scenarios" finished-at="2019-12-06T10:34:30Z">
          <params>
            <param index="0">
              <value>
                <![CDATA["TS_09_TC_10_Validation for contrat tab"]]>
              </value>
            </param>
            <param index="1">
              <value>
                <![CDATA["Total_Fleet_TousVosVehicules"]]>
              </value>
            </param>
          </params>
          <exception class="org.openqa.selenium.WebDriverException">
            <message>
              <![CDATA[chrome not reachable
  (Session info: chrome=75.0.3770.90)
  (Driver info: chromedriver=2.44.609538 (b655c5a60b0b544917107a59d4153d4bf78e1b90),platform=Windows NT 10.0.17763 x86_64) (WARNING: The server did not provide any stacktrace information)
Command duration or timeout: 0 milliseconds
Build info: version: '3.13.0', revision: '2f0d292', time: '2018-06-25T15:24:21.231Z'
System info: host: 'PC339926', ip: '10.219.66.4', os.name: 'Windows 10', os.arch: 'amd64', os.version: '10.0', java.version: '1.8.0_181'
Driver info: org.openqa.selenium.chrome.ChromeDriver
Capabilities {acceptInsecureCerts: false, acceptSslCerts: false, applicationCacheEnabled: false, browserConnectionEnabled: false, browserName: chrome, chrome: {chromedriverVersion: 2.44.609538 (b655c5a60b0b54..., userDataDir: C:\Users\593611\AppData\Loc...}, cssSelectorsEnabled: true, databaseEnabled: false, goog:chromeOptions: {debuggerAddress: localhost:65130}, handlesAlerts: true, hasTouchScreen: false, javascriptEnabled: true, locationContextEnabled: true, mobileEmulationEnabled: false, nativeEvents: true, networkConnectionEnabled: false, pageLoadStrategy: normal, platform: XP, platformName: XP, rotatable: false, setWindowRect: true, takesHeapSnapshot: true, takesScreenshot: true, unexpectedAlertBehaviour: ignore, unhandledPromptBehavior: ignore, version: 75.0.3770.90, webStorageEnabled: true}
Session ID: fc1162356c7d5df29982374a6a2df139
*** Element info: {Using=xpath, value=//*[contains(@id,'typeOfContract-container')]/ancestor::node()[1]}]]>
            </message>
            <full-stacktrace>
              <![CDATA[org.openqa.selenium.WebDriverException: chrome not reachable
  (Session info: chrome=75.0.3770.90)
  (Driver info: chromedriver=2.44.609538 (b655c5a60b0b544917107a59d4153d4bf78e1b90),platform=Windows NT 10.0.17763 x86_64) (WARNING: The server did not provide any stacktrace information)
Command duration or timeout: 0 milliseconds
Build info: version: '3.13.0', revision: '2f0d292', time: '2018-06-25T15:24:21.231Z'
System info: host: 'PC339926', ip: '10.219.66.4', os.name: 'Windows 10', os.arch: 'amd64', os.version: '10.0', java.version: '1.8.0_181'
Driver info: org.openqa.selenium.chrome.ChromeDriver
Capabilities {acceptInsecureCerts: false, acceptSslCerts: false, applicationCacheEnabled: false, browserConnectionEnabled: false, browserName: chrome, chrome: {chromedriverVersion: 2.44.609538 (b655c5a60b0b54..., userDataDir: C:\Users\593611\AppData\Loc...}, cssSelectorsEnabled: true, databaseEnabled: false, goog:chromeOptions: {debuggerAddress: localhost:65130}, handlesAlerts: true, hasTouchScreen: false, javascriptEnabled: true, locationContextEnabled: true, mobileEmulationEnabled: false, nativeEvents: true, networkConnectionEnabled: false, pageLoadStrategy: normal, platform: XP, platformName: XP, rotatable: false, setWindowRect: true, takesHeapSnapshot: true, takesScreenshot: true, unexpectedAlertBehaviour: ignore, unhandledPromptBehavior: ignore, version: 75.0.3770.90, webStorageEnabled: true}
Session ID: fc1162356c7d5df29982374a6a2df139
*** Element info: {Using=xpath, value=//*[contains(@id,'typeOfContract-container')]/ancestor::node()[1]}
at sun.reflect.NativeConstructorAccessorImpl.newInstance0(Native Method)
at sun.reflect.NativeConstructorAccessorImpl.newInstance(NativeConstructorAccessorImpl.java:62)
at sun.reflect.DelegatingConstructorAccessorImpl.newInstance(DelegatingConstructorAccessorImpl.java:45)
at java.lang.reflect.Constructor.newInstance(Constructor.java:423)
at org.openqa.selenium.remote.ErrorHandler.createThrowable(ErrorHandler.java:214)
at org.openqa.selenium.remote.ErrorHandler.throwIfResponseFailed(ErrorHandler.java:166)
at org.openqa.selenium.remote.http.JsonHttpResponseCodec.reconstructValue(JsonHttpResponseCodec.java:40)
at org.openqa.selenium.remote.http.AbstractHttpResponseCodec.decode(AbstractHttpResponseCodec.java:80)
at org.openqa.selenium.remote.http.AbstractHttpResponseCodec.decode(AbstractHttpResponseCodec.java:44)
at org.openqa.selenium.remote.HttpCommandExecutor.execute(HttpCommandExecutor.java:158)
at org.openqa.selenium.remote.service.DriverCommandExecutor.execute(DriverCommandExecutor.java:83)
at org.openqa.selenium.remote.RemoteWebDriver.execute(RemoteWebDriver.java:548)
at org.openqa.selenium.remote.RemoteWebDriver.findElements(RemoteWebDriver.java:349)
at org.openqa.selenium.remote.RemoteWebDriver.findElementsByXPath(RemoteWebDriver.java:428)
at org.openqa.selenium.By$ByXPath.findElements(By.java:348)
at org.openqa.selenium.remote.RemoteWebDriver.findElements(RemoteWebDriver.java:310)
at org.openqa.selenium.support.ui.ExpectedConditions.findElement(ExpectedConditions.java:895)
at org.openqa.selenium.support.ui.ExpectedConditions.access$000(ExpectedConditions.java:44)
at org.openqa.selenium.support.ui.ExpectedConditions$7.apply(ExpectedConditions.java:206)
at org.openqa.selenium.support.ui.ExpectedConditions$7.apply(ExpectedConditions.java:202)
at org.openqa.selenium.support.ui.FluentWait.until(FluentWait.java:248)
at org.cts.oneframework.utilities.BasePageObject.waitForElementToLoad(BasePageObject.java:745)
at org.cts.oneframework.utilities.BasePageObject.waitForElementToLoad(BasePageObject.java:749)
at org.cts.oneframework.cucumber.pages.TousVosVehiculesPage.click_DropDownTypeDeContrat_contratCreation_vehicule(TousVosVehiculesPage.java:342)
at org.cts.oneframework.cucumber.stepdefinition.TousVosVehiculesStepDefs.user_should_verify_the_fields_in_contrat_tab_for_all_the_types_Location_courte_duree_Location_moyenne_duree_Location_longue_duree_Locationavec_option_d_achat_Indemnite_Kilometrique_and_Contrat_type_Achat(TousVosVehiculesStepDefs.java:152)
at ?.user should verify the fields in contrat tab for all the types ContrattypeLCD ContrattypeLMD ContrattypeLLD ContrattypeLOA ContrattypeIK and ContrattypeAchat(src/test/resources/features/TousVosVehicules.feature:192)
]]>
            </full-stacktrace>
          </exception> <!-- org.openqa.selenium.WebDriverException -->
          <reporter-output>
          </reporter-output>
        </test-method> <!-- runScenario -->
        <test-method status="PASS" signature="runScenario(cucumber.api.testng.PickleEventWrapper, cucumber.api.testng.CucumberFeatureWrapper)[pri:0, instance:org.cts.oneframework.cucumber.testrunners.SmokeSuiteRunner@370736d9]" name="runScenario" duration-ms="1532" started-at="2019-12-06T10:34:30Z" description="Runs Cucumber Scenarios" data-provider="scenarios" finished-at="2019-12-06T10:34:31Z">
          <params>
            <param index="0">
              <value>
                <![CDATA["close browser"]]>
              </value>
            </param>
            <param index="1">
              <value>
                <![CDATA["Total_Fleet_TousVosVehicules"]]>
              </value>
            </param>
          </params>
          <reporter-output>
          </reporter-output>
        </test-method> <!-- runScenario -->
        <test-method status="PASS" signature="runScenario(cucumber.api.testng.PickleEventWrapper, cucumber.api.testng.CucumberFeatureWrapper)[pri:0, instance:org.cts.oneframework.cucumber.testrunners.SmokeSuiteRunner@370736d9]" name="runScenario" duration-ms="18668" started-at="2019-12-06T10:34:31Z" description="Runs Cucumber Scenarios" data-provider="scenarios" finished-at="2019-12-06T10:34:50Z">
          <params>
            <param index="0">
              <value>
                <![CDATA["TS_01_TC_01_Login_With_Valid_Credentials"]]>
              </value>
            </param>
            <param index="1">
              <value>
                <![CDATA["Total_Fleet_TousVosVehicules"]]>
              </value>
            </param>
          </params>
          <reporter-output>
          </reporter-output>
        </test-method> <!-- runScenario -->
        <test-method status="FAIL" signature="runScenario(cucumber.api.testng.PickleEventWrapper, cucumber.api.testng.CucumberFeatureWrapper)[pri:0, instance:org.cts.oneframework.cucumber.testrunners.SmokeSuiteRunner@370736d9]" name="runScenario" duration-ms="18209" started-at="2019-12-06T10:34:50Z" description="Runs Cucumber Scenarios" data-provider="scenarios" finished-at="2019-12-06T10:35:08Z">
          <params>
            <param index="0">
              <value>
                <![CDATA["TS_11_TC_12_Navigation to Vehicules Detailed Page"]]>
              </value>
            </param>
            <param index="1">
              <value>
                <![CDATA["Total_Fleet_TousVosVehicules"]]>
              </value>
            </param>
          </params>
          <exception class="org.openqa.selenium.ElementNotVisibleException">
            <message>
              <![CDATA[element not interactable
  (Session info: chrome=75.0.3770.90)
  (Driver info: chromedriver=2.44.609538 (b655c5a60b0b544917107a59d4153d4bf78e1b90),platform=Windows NT 10.0.17763 x86_64) (WARNING: The server did not provide any stacktrace information)
Command duration or timeout: 0 milliseconds
Build info: version: '3.13.0', revision: '2f0d292', time: '2018-06-25T15:24:21.231Z'
System info: host: 'PC339926', ip: '10.219.66.4', os.name: 'Windows 10', os.arch: 'amd64', os.version: '10.0', java.version: '1.8.0_181'
Driver info: org.openqa.selenium.chrome.ChromeDriver
Capabilities {acceptInsecureCerts: false, acceptSslCerts: false, applicationCacheEnabled: false, browserConnectionEnabled: false, browserName: chrome, chrome: {chromedriverVersion: 2.44.609538 (b655c5a60b0b54..., userDataDir: C:\Users\593611\AppData\Loc...}, cssSelectorsEnabled: true, databaseEnabled: false, goog:chromeOptions: {debuggerAddress: localhost:65237}, handlesAlerts: true, hasTouchScreen: false, javascriptEnabled: true, locationContextEnabled: true, mobileEmulationEnabled: false, nativeEvents: true, networkConnectionEnabled: false, pageLoadStrategy: normal, platform: XP, platformName: XP, rotatable: false, setWindowRect: true, takesHeapSnapshot: true, takesScreenshot: true, unexpectedAlertBehaviour: ignore, unhandledPromptBehavior: ignore, version: 75.0.3770.90, webStorageEnabled: true}
Session ID: e423218907a1876552f1f0cf85b427b0]]>
            </message>
            <full-stacktrace>
              <![CDATA[org.openqa.selenium.ElementNotVisibleException: element not interactable
  (Session info: chrome=75.0.3770.90)
  (Driver info: chromedriver=2.44.609538 (b655c5a60b0b544917107a59d4153d4bf78e1b90),platform=Windows NT 10.0.17763 x86_64) (WARNING: The server did not provide any stacktrace information)
Command duration or timeout: 0 milliseconds
Build info: version: '3.13.0', revision: '2f0d292', time: '2018-06-25T15:24:21.231Z'
System info: host: 'PC339926', ip: '10.219.66.4', os.name: 'Windows 10', os.arch: 'amd64', os.version: '10.0', java.version: '1.8.0_181'
Driver info: org.openqa.selenium.chrome.ChromeDriver
Capabilities {acceptInsecureCerts: false, acceptSslCerts: false, applicationCacheEnabled: false, browserConnectionEnabled: false, browserName: chrome, chrome: {chromedriverVersion: 2.44.609538 (b655c5a60b0b54..., userDataDir: C:\Users\593611\AppData\Loc...}, cssSelectorsEnabled: true, databaseEnabled: false, goog:chromeOptions: {debuggerAddress: localhost:65237}, handlesAlerts: true, hasTouchScreen: false, javascriptEnabled: true, locationContextEnabled: true, mobileEmulationEnabled: false, nativeEvents: true, networkConnectionEnabled: false, pageLoadStrategy: normal, platform: XP, platformName: XP, rotatable: false, setWindowRect: true, takesHeapSnapshot: true, takesScreenshot: true, unexpectedAlertBehaviour: ignore, unhandledPromptBehavior: ignore, version: 75.0.3770.90, webStorageEnabled: true}
Session ID: e423218907a1876552f1f0cf85b427b0
at sun.reflect.NativeConstructorAccessorImpl.newInstance0(Native Method)
at sun.reflect.NativeConstructorAccessorImpl.newInstance(NativeConstructorAccessorImpl.java:62)
at sun.reflect.DelegatingConstructorAccessorImpl.newInstance(DelegatingConstructorAccessorImpl.java:45)
at java.lang.reflect.Constructor.newInstance(Constructor.java:423)
at org.openqa.selenium.remote.ErrorHandler.createThrowable(ErrorHandler.java:214)
at org.openqa.selenium.remote.ErrorHandler.throwIfResponseFailed(ErrorHandler.java:166)
at org.openqa.selenium.remote.http.JsonHttpResponseCodec.reconstructValue(JsonHttpResponseCodec.java:40)
at org.openqa.selenium.remote.http.AbstractHttpResponseCodec.decode(AbstractHttpResponseCodec.java:80)
at org.openqa.selenium.remote.http.AbstractHttpResponseCodec.decode(AbstractHttpResponseCodec.java:44)
at org.openqa.selenium.remote.HttpCommandExecutor.execute(HttpCommandExecutor.java:158)
at org.openqa.selenium.remote.service.DriverCommandExecutor.execute(DriverCommandExecutor.java:83)
at org.openqa.selenium.remote.RemoteWebDriver.execute(RemoteWebDriver.java:548)
at org.openqa.selenium.remote.RemoteWebElement.execute(RemoteWebElement.java:276)
at org.openqa.selenium.remote.RemoteWebElement.click(RemoteWebElement.java:83)
at org.cts.oneframework.utilities.BasePageObject.clickElement(BasePageObject.java:587)
at org.cts.oneframework.utilities.BasePageObject.clickElement(BasePageObject.java:578)
at org.cts.oneframework.cucumber.pages.TousVosVehiculesPage.click_vehicules_Votreparc(TousVosVehiculesPage.java:774)
at org.cts.oneframework.cucumber.stepdefinition.TousVosVehiculesStepDefs.user_clicks_on_vehicules_in_voter_parc_section(TousVosVehiculesStepDefs.java:17)
at ?.user clicks on vehicules in voter parc section(src/test/resources/features/TousVosVehicules.feature:228)
]]>
            </full-stacktrace>
          </exception> <!-- org.openqa.selenium.ElementNotVisibleException -->
          <reporter-output>
          </reporter-output>
        </test-method> <!-- runScenario -->
        <test-method status="FAIL" signature="runScenario(cucumber.api.testng.PickleEventWrapper, cucumber.api.testng.CucumberFeatureWrapper)[pri:0, instance:org.cts.oneframework.cucumber.testrunners.SmokeSuiteRunner@370736d9]" name="runScenario" duration-ms="128" started-at="2019-12-06T10:35:08Z" description="Runs Cucumber Scenarios" data-provider="scenarios" finished-at="2019-12-06T10:35:08Z">
          <params>
            <param index="0">
              <value>
                <![CDATA["TS_37_TC_48_To select un vehicule existant tab in contributor detailed page for aen setup"]]>
              </value>
            </param>
            <param index="1">
              <value>
                <![CDATA["Total_Fleet_TousVosVehicules"]]>
              </value>
            </param>
          </params>
          <exception class="org.openqa.selenium.WebDriverException">
            <message>
              <![CDATA[unknown error: Element <a class=" accueil active" aria-labelledby="layout_3" href="https://fleetonline.pprod.uap.total.com/private/guest/home" role="menuitem">...</a> is not clickable at point (110, 108). Other element would receive the click: <div class="ui-widget-overlay ui-front" style="z-index: 10001;"></div>
  (Session info: chrome=75.0.3770.90)
  (Driver info: chromedriver=2.44.609538 (b655c5a60b0b544917107a59d4153d4bf78e1b90),platform=Windows NT 10.0.17763 x86_64) (WARNING: The server did not provide any stacktrace information)
Command duration or timeout: 0 milliseconds
Build info: version: '3.13.0', revision: '2f0d292', time: '2018-06-25T15:24:21.231Z'
System info: host: 'PC339926', ip: '10.219.66.4', os.name: 'Windows 10', os.arch: 'amd64', os.version: '10.0', java.version: '1.8.0_181'
Driver info: org.openqa.selenium.chrome.ChromeDriver
Capabilities {acceptInsecureCerts: false, acceptSslCerts: false, applicationCacheEnabled: false, browserConnectionEnabled: false, browserName: chrome, chrome: {chromedriverVersion: 2.44.609538 (b655c5a60b0b54..., userDataDir: C:\Users\593611\AppData\Loc...}, cssSelectorsEnabled: true, databaseEnabled: false, goog:chromeOptions: {debuggerAddress: localhost:65237}, handlesAlerts: true, hasTouchScreen: false, javascriptEnabled: true, locationContextEnabled: true, mobileEmulationEnabled: false, nativeEvents: true, networkConnectionEnabled: false, pageLoadStrategy: normal, platform: XP, platformName: XP, rotatable: false, setWindowRect: true, takesHeapSnapshot: true, takesScreenshot: true, unexpectedAlertBehaviour: ignore, unhandledPromptBehavior: ignore, version: 75.0.3770.90, webStorageEnabled: true}
Session ID: e423218907a1876552f1f0cf85b427b0]]>
            </message>
            <full-stacktrace>
              <![CDATA[org.openqa.selenium.WebDriverException: unknown error: Element <a class=" accueil active" aria-labelledby="layout_3" href="https://fleetonline.pprod.uap.total.com/private/guest/home" role="menuitem">...</a> is not clickable at point (110, 108). Other element would receive the click: <div class="ui-widget-overlay ui-front" style="z-index: 10001;"></div>
  (Session info: chrome=75.0.3770.90)
  (Driver info: chromedriver=2.44.609538 (b655c5a60b0b544917107a59d4153d4bf78e1b90),platform=Windows NT 10.0.17763 x86_64) (WARNING: The server did not provide any stacktrace information)
Command duration or timeout: 0 milliseconds
Build info: version: '3.13.0', revision: '2f0d292', time: '2018-06-25T15:24:21.231Z'
System info: host: 'PC339926', ip: '10.219.66.4', os.name: 'Windows 10', os.arch: 'amd64', os.version: '10.0', java.version: '1.8.0_181'
Driver info: org.openqa.selenium.chrome.ChromeDriver
Capabilities {acceptInsecureCerts: false, acceptSslCerts: false, applicationCacheEnabled: false, browserConnectionEnabled: false, browserName: chrome, chrome: {chromedriverVersion: 2.44.609538 (b655c5a60b0b54..., userDataDir: C:\Users\593611\AppData\Loc...}, cssSelectorsEnabled: true, databaseEnabled: false, goog:chromeOptions: {debuggerAddress: localhost:65237}, handlesAlerts: true, hasTouchScreen: false, javascriptEnabled: true, locationContextEnabled: true, mobileEmulationEnabled: false, nativeEvents: true, networkConnectionEnabled: false, pageLoadStrategy: normal, platform: XP, platformName: XP, rotatable: false, setWindowRect: true, takesHeapSnapshot: true, takesScreenshot: true, unexpectedAlertBehaviour: ignore, unhandledPromptBehavior: ignore, version: 75.0.3770.90, webStorageEnabled: true}
Session ID: e423218907a1876552f1f0cf85b427b0
at sun.reflect.NativeConstructorAccessorImpl.newInstance0(Native Method)
at sun.reflect.NativeConstructorAccessorImpl.newInstance(NativeConstructorAccessorImpl.java:62)
at sun.reflect.DelegatingConstructorAccessorImpl.newInstance(DelegatingConstructorAccessorImpl.java:45)
at java.lang.reflect.Constructor.newInstance(Constructor.java:423)
at org.openqa.selenium.remote.ErrorHandler.createThrowable(ErrorHandler.java:214)
at org.openqa.selenium.remote.ErrorHandler.throwIfResponseFailed(ErrorHandler.java:166)
at org.openqa.selenium.remote.http.JsonHttpResponseCodec.reconstructValue(JsonHttpResponseCodec.java:40)
at org.openqa.selenium.remote.http.AbstractHttpResponseCodec.decode(AbstractHttpResponseCodec.java:80)
at org.openqa.selenium.remote.http.AbstractHttpResponseCodec.decode(AbstractHttpResponseCodec.java:44)
at org.openqa.selenium.remote.HttpCommandExecutor.execute(HttpCommandExecutor.java:158)
at org.openqa.selenium.remote.service.DriverCommandExecutor.execute(DriverCommandExecutor.java:83)
at org.openqa.selenium.remote.RemoteWebDriver.execute(RemoteWebDriver.java:548)
at org.openqa.selenium.remote.RemoteWebElement.execute(RemoteWebElement.java:276)
at org.openqa.selenium.remote.RemoteWebElement.click(RemoteWebElement.java:83)
at org.cts.oneframework.utilities.BasePageObject.clickElement(BasePageObject.java:587)
at org.cts.oneframework.utilities.BasePageObject.clickElement(BasePageObject.java:578)
at org.cts.oneframework.cucumber.pages.CommonPage.clickAccueilLinkInLeftPane(CommonPage.java:101)
at org.cts.oneframework.cucumber.stepdefinition.CommonStepDefs.user_clicks_on_Accueil_in_left_pane_total_home_page_should_be_displayed(CommonStepDefs.java:54)
at ?.user clicks on Accueil in left pane total home page should be displayed(src/test/resources/features/TousVosVehicules.feature:245)
]]>
            </full-stacktrace>
          </exception> <!-- org.openqa.selenium.WebDriverException -->
          <reporter-output>
          </reporter-output>
        </test-method> <!-- runScenario -->
        <test-method status="FAIL" signature="runScenario(cucumber.api.testng.PickleEventWrapper, cucumber.api.testng.CucumberFeatureWrapper)[pri:0, instance:org.cts.oneframework.cucumber.testrunners.SmokeSuiteRunner@370736d9]" name="runScenario" duration-ms="41014" started-at="2019-12-06T10:35:08Z" description="Runs Cucumber Scenarios" data-provider="scenarios" finished-at="2019-12-06T10:35:49Z">
          <params>
            <param index="0">
              <value>
                <![CDATA["TS_37_TC_48_To assign a vehicle for contributor with AEN set up"]]>
              </value>
            </param>
            <param index="1">
              <value>
                <![CDATA["Total_Fleet_TousVosVehicules"]]>
              </value>
            </param>
          </params>
          <exception class="org.openqa.selenium.WebDriverException">
            <message>
              <![CDATA[chrome not reachable
  (Session info: chrome=75.0.3770.90)
  (Driver info: chromedriver=2.44.609538 (b655c5a60b0b544917107a59d4153d4bf78e1b90),platform=Windows NT 10.0.17763 x86_64) (WARNING: The server did not provide any stacktrace information)
Command duration or timeout: 0 milliseconds
Build info: version: '3.13.0', revision: '2f0d292', time: '2018-06-25T15:24:21.231Z'
System info: host: 'PC339926', ip: '10.219.66.4', os.name: 'Windows 10', os.arch: 'amd64', os.version: '10.0', java.version: '1.8.0_181'
Driver info: org.openqa.selenium.chrome.ChromeDriver
Capabilities {acceptInsecureCerts: false, acceptSslCerts: false, applicationCacheEnabled: false, browserConnectionEnabled: false, browserName: chrome, chrome: {chromedriverVersion: 2.44.609538 (b655c5a60b0b54..., userDataDir: C:\Users\593611\AppData\Loc...}, cssSelectorsEnabled: true, databaseEnabled: false, goog:chromeOptions: {debuggerAddress: localhost:65237}, handlesAlerts: true, hasTouchScreen: false, javascriptEnabled: true, locationContextEnabled: true, mobileEmulationEnabled: false, nativeEvents: true, networkConnectionEnabled: false, pageLoadStrategy: normal, platform: XP, platformName: XP, rotatable: false, setWindowRect: true, takesHeapSnapshot: true, takesScreenshot: true, unexpectedAlertBehaviour: ignore, unhandledPromptBehavior: ignore, version: 75.0.3770.90, webStorageEnabled: true}
Session ID: e423218907a1876552f1f0cf85b427b0
*** Element info: {Using=xpath, value=//*[@id='selectVehicleSpan']//*[contains(@role,'combobox')]}]]>
            </message>
            <full-stacktrace>
              <![CDATA[org.openqa.selenium.WebDriverException: chrome not reachable
  (Session info: chrome=75.0.3770.90)
  (Driver info: chromedriver=2.44.609538 (b655c5a60b0b544917107a59d4153d4bf78e1b90),platform=Windows NT 10.0.17763 x86_64) (WARNING: The server did not provide any stacktrace information)
Command duration or timeout: 0 milliseconds
Build info: version: '3.13.0', revision: '2f0d292', time: '2018-06-25T15:24:21.231Z'
System info: host: 'PC339926', ip: '10.219.66.4', os.name: 'Windows 10', os.arch: 'amd64', os.version: '10.0', java.version: '1.8.0_181'
Driver info: org.openqa.selenium.chrome.ChromeDriver
Capabilities {acceptInsecureCerts: false, acceptSslCerts: false, applicationCacheEnabled: false, browserConnectionEnabled: false, browserName: chrome, chrome: {chromedriverVersion: 2.44.609538 (b655c5a60b0b54..., userDataDir: C:\Users\593611\AppData\Loc...}, cssSelectorsEnabled: true, databaseEnabled: false, goog:chromeOptions: {debuggerAddress: localhost:65237}, handlesAlerts: true, hasTouchScreen: false, javascriptEnabled: true, locationContextEnabled: true, mobileEmulationEnabled: false, nativeEvents: true, networkConnectionEnabled: false, pageLoadStrategy: normal, platform: XP, platformName: XP, rotatable: false, setWindowRect: true, takesHeapSnapshot: true, takesScreenshot: true, unexpectedAlertBehaviour: ignore, unhandledPromptBehavior: ignore, version: 75.0.3770.90, webStorageEnabled: true}
Session ID: e423218907a1876552f1f0cf85b427b0
*** Element info: {Using=xpath, value=//*[@id='selectVehicleSpan']//*[contains(@role,'combobox')]}
at sun.reflect.NativeConstructorAccessorImpl.newInstance0(Native Method)
at sun.reflect.NativeConstructorAccessorImpl.newInstance(NativeConstructorAccessorImpl.java:62)
at sun.reflect.DelegatingConstructorAccessorImpl.newInstance(DelegatingConstructorAccessorImpl.java:45)
at java.lang.reflect.Constructor.newInstance(Constructor.java:423)
at org.openqa.selenium.remote.ErrorHandler.createThrowable(ErrorHandler.java:214)
at org.openqa.selenium.remote.ErrorHandler.throwIfResponseFailed(ErrorHandler.java:166)
at org.openqa.selenium.remote.http.JsonHttpResponseCodec.reconstructValue(JsonHttpResponseCodec.java:40)
at org.openqa.selenium.remote.http.AbstractHttpResponseCodec.decode(AbstractHttpResponseCodec.java:80)
at org.openqa.selenium.remote.http.AbstractHttpResponseCodec.decode(AbstractHttpResponseCodec.java:44)
at org.openqa.selenium.remote.HttpCommandExecutor.execute(HttpCommandExecutor.java:158)
at org.openqa.selenium.remote.service.DriverCommandExecutor.execute(DriverCommandExecutor.java:83)
at org.openqa.selenium.remote.RemoteWebDriver.execute(RemoteWebDriver.java:548)
at org.openqa.selenium.remote.RemoteWebDriver.findElement(RemoteWebDriver.java:322)
at org.openqa.selenium.remote.RemoteWebDriver.findElementByXPath(RemoteWebDriver.java:424)
at org.openqa.selenium.By$ByXPath.findElement(By.java:353)
at org.openqa.selenium.remote.RemoteWebDriver.findElement(RemoteWebDriver.java:314)
at org.cts.oneframework.utilities.BasePageObject$1.apply(BasePageObject.java:118)
at org.cts.oneframework.utilities.BasePageObject$1.apply(BasePageObject.java:1)
at org.openqa.selenium.support.ui.FluentWait.until(FluentWait.java:248)
at org.cts.oneframework.utilities.BasePageObject.getElement(BasePageObject.java:115)
at org.cts.oneframework.utilities.BasePageObject.clickElement(BasePageObject.java:587)
at org.cts.oneframework.utilities.BasePageObject.clickElement(BasePageObject.java:578)
at org.cts.oneframework.cucumber.pages.TousVosVehiculesPage.click_vehiculeIDDropdown_selectionnerunvehiculeexistantPopupCollaborateurDetailedPage(TousVosVehiculesPage.java:196)
at org.cts.oneframework.cucumber.stepdefinition.TousVosVehiculesStepDefs.user_should_click_suivant_button_by_entering_all_the_mandate_fields_in_selectionner_un_vehicule_existant_tab(TousVosVehiculesStepDefs.java:282)
at ?.user should click suivant button by entering all the mandate fields such asEntervehiculeIDinSelectionnerunvehiculeexistantpopup SelectDateInDateDEffetInCollaborateurDetailedPage SelectMonthInDateDEffetInCollaborateurDetailedPage SelectYearInDateDEffetInCollaborateurDetailedPage enterhhDateEtHeureDeffetVehiculeAssignment entermmDateEtHeureDeffetVehiculeAssignmentin selectionner un vehicule existant tab(src/test/resources/features/TousVosVehicules.feature:264)
]]>
            </full-stacktrace>
          </exception> <!-- org.openqa.selenium.WebDriverException -->
          <reporter-output>
          </reporter-output>
        </test-method> <!-- runScenario -->
        <test-method status="PASS" signature="runScenario(cucumber.api.testng.PickleEventWrapper, cucumber.api.testng.CucumberFeatureWrapper)[pri:0, instance:org.cts.oneframework.cucumber.testrunners.SmokeSuiteRunner@370736d9]" name="runScenario" duration-ms="1109" started-at="2019-12-06T10:35:49Z" description="Runs Cucumber Scenarios" data-provider="scenarios" finished-at="2019-12-06T10:35:50Z">
          <params>
            <param index="0">
              <value>
                <![CDATA["close browser"]]>
              </value>
            </param>
            <param index="1">
              <value>
                <![CDATA["Total_Fleet_TousVosVehicules"]]>
              </value>
            </param>
          </params>
          <reporter-output>
          </reporter-output>
        </test-method> <!-- runScenario -->
        <test-method status="PASS" signature="runScenario(cucumber.api.testng.PickleEventWrapper, cucumber.api.testng.CucumberFeatureWrapper)[pri:0, instance:org.cts.oneframework.cucumber.testrunners.SmokeSuiteRunner@370736d9]" name="runScenario" duration-ms="34752" started-at="2019-12-06T10:35:50Z" description="Runs Cucumber Scenarios" data-provider="scenarios" finished-at="2019-12-06T10:36:25Z">
          <params>
            <param index="0">
              <value>
                <![CDATA["TS_01_TC_01_Login_With_Valid_Credentials_Vos_Alertes"]]>
              </value>
            </param>
            <param index="1">
              <value>
                <![CDATA["Total_Fleet_Factures"]]>
              </value>
            </param>
          </params>
          <reporter-output>
          </reporter-output>
        </test-method> <!-- runScenario -->
        <test-method status="PASS" signature="runScenario(cucumber.api.testng.PickleEventWrapper, cucumber.api.testng.CucumberFeatureWrapper)[pri:0, instance:org.cts.oneframework.cucumber.testrunners.SmokeSuiteRunner@370736d9]" name="runScenario" duration-ms="36575" started-at="2019-12-06T10:36:25Z" description="Runs Cucumber Scenarios" data-provider="scenarios" finished-at="2019-12-06T10:37:02Z">
          <params>
            <param index="0">
              <value>
                <![CDATA["TS_28_TC_29_Validate Alertes List Page"]]>
              </value>
            </param>
            <param index="1">
              <value>
                <![CDATA["Total_Fleet_Factures"]]>
              </value>
            </param>
          </params>
          <reporter-output>
          </reporter-output>
        </test-method> <!-- runScenario -->
        <test-method status="FAIL" signature="runScenario(cucumber.api.testng.PickleEventWrapper, cucumber.api.testng.CucumberFeatureWrapper)[pri:0, instance:org.cts.oneframework.cucumber.testrunners.SmokeSuiteRunner@370736d9]" name="runScenario" duration-ms="3322" started-at="2019-12-06T10:37:02Z" description="Runs Cucumber Scenarios" data-provider="scenarios" finished-at="2019-12-06T10:37:05Z">
          <params>
            <param index="0">
              <value>
                <![CDATA["TS_29_TC_30_Validate Date De Declenchment Filter in Alertes List Page"]]>
              </value>
            </param>
            <param index="1">
              <value>
                <![CDATA["Total_Fleet_Factures"]]>
              </value>
            </param>
          </params>
          <exception class="org.openqa.selenium.WebDriverException">
            <message>
              <![CDATA[unknown error: Element <a oncontextmenu="return false;" class="open alerts_and_fines " aria-labelledby="layout_5" href="https://fleetonline.pprod.uap.total.com/private/guest/alerts-and-fines" aria-haspopup="true" role="menuitem">...</a> is not clickable at point (110, 222). Other element would receive the click: <div class="ui-widget-overlay ui-front" style="z-index: 10001;"></div>
  (Session info: chrome=75.0.3770.90)
  (Driver info: chromedriver=2.44.609538 (b655c5a60b0b544917107a59d4153d4bf78e1b90),platform=Windows NT 10.0.17763 x86_64) (WARNING: The server did not provide any stacktrace information)
Command duration or timeout: 0 milliseconds
Build info: version: '3.13.0', revision: '2f0d292', time: '2018-06-25T15:24:21.231Z'
System info: host: 'PC339926', ip: '10.219.66.4', os.name: 'Windows 10', os.arch: 'amd64', os.version: '10.0', java.version: '1.8.0_181'
Driver info: org.openqa.selenium.chrome.ChromeDriver
Capabilities {acceptInsecureCerts: false, acceptSslCerts: false, applicationCacheEnabled: false, browserConnectionEnabled: false, browserName: chrome, chrome: {chromedriverVersion: 2.44.609538 (b655c5a60b0b54..., userDataDir: C:\Users\593611\AppData\Loc...}, cssSelectorsEnabled: true, databaseEnabled: false, goog:chromeOptions: {debuggerAddress: localhost:65318}, handlesAlerts: true, hasTouchScreen: false, javascriptEnabled: true, locationContextEnabled: true, mobileEmulationEnabled: false, nativeEvents: true, networkConnectionEnabled: false, pageLoadStrategy: normal, platform: XP, platformName: XP, rotatable: false, setWindowRect: true, takesHeapSnapshot: true, takesScreenshot: true, unexpectedAlertBehaviour: ignore, unhandledPromptBehavior: ignore, version: 75.0.3770.90, webStorageEnabled: true}
Session ID: 134505ea789dcb48548c459a1562defb]]>
            </message>
            <full-stacktrace>
              <![CDATA[org.openqa.selenium.WebDriverException: unknown error: Element <a oncontextmenu="return false;" class="open alerts_and_fines " aria-labelledby="layout_5" href="https://fleetonline.pprod.uap.total.com/private/guest/alerts-and-fines" aria-haspopup="true" role="menuitem">...</a> is not clickable at point (110, 222). Other element would receive the click: <div class="ui-widget-overlay ui-front" style="z-index: 10001;"></div>
  (Session info: chrome=75.0.3770.90)
  (Driver info: chromedriver=2.44.609538 (b655c5a60b0b544917107a59d4153d4bf78e1b90),platform=Windows NT 10.0.17763 x86_64) (WARNING: The server did not provide any stacktrace information)
Command duration or timeout: 0 milliseconds
Build info: version: '3.13.0', revision: '2f0d292', time: '2018-06-25T15:24:21.231Z'
System info: host: 'PC339926', ip: '10.219.66.4', os.name: 'Windows 10', os.arch: 'amd64', os.version: '10.0', java.version: '1.8.0_181'
Driver info: org.openqa.selenium.chrome.ChromeDriver
Capabilities {acceptInsecureCerts: false, acceptSslCerts: false, applicationCacheEnabled: false, browserConnectionEnabled: false, browserName: chrome, chrome: {chromedriverVersion: 2.44.609538 (b655c5a60b0b54..., userDataDir: C:\Users\593611\AppData\Loc...}, cssSelectorsEnabled: true, databaseEnabled: false, goog:chromeOptions: {debuggerAddress: localhost:65318}, handlesAlerts: true, hasTouchScreen: false, javascriptEnabled: true, locationContextEnabled: true, mobileEmulationEnabled: false, nativeEvents: true, networkConnectionEnabled: false, pageLoadStrategy: normal, platform: XP, platformName: XP, rotatable: false, setWindowRect: true, takesHeapSnapshot: true, takesScreenshot: true, unexpectedAlertBehaviour: ignore, unhandledPromptBehavior: ignore, version: 75.0.3770.90, webStorageEnabled: true}
Session ID: 134505ea789dcb48548c459a1562defb
at sun.reflect.NativeConstructorAccessorImpl.newInstance0(Native Method)
at sun.reflect.NativeConstructorAccessorImpl.newInstance(NativeConstructorAccessorImpl.java:62)
at sun.reflect.DelegatingConstructorAccessorImpl.newInstance(DelegatingConstructorAccessorImpl.java:45)
at java.lang.reflect.Constructor.newInstance(Constructor.java:423)
at org.openqa.selenium.remote.ErrorHandler.createThrowable(ErrorHandler.java:214)
at org.openqa.selenium.remote.ErrorHandler.throwIfResponseFailed(ErrorHandler.java:166)
at org.openqa.selenium.remote.http.JsonHttpResponseCodec.reconstructValue(JsonHttpResponseCodec.java:40)
at org.openqa.selenium.remote.http.AbstractHttpResponseCodec.decode(AbstractHttpResponseCodec.java:80)
at org.openqa.selenium.remote.http.AbstractHttpResponseCodec.decode(AbstractHttpResponseCodec.java:44)
at org.openqa.selenium.remote.HttpCommandExecutor.execute(HttpCommandExecutor.java:158)
at org.openqa.selenium.remote.service.DriverCommandExecutor.execute(DriverCommandExecutor.java:83)
at org.openqa.selenium.remote.RemoteWebDriver.execute(RemoteWebDriver.java:548)
at org.openqa.selenium.remote.RemoteWebElement.execute(RemoteWebElement.java:276)
at org.openqa.selenium.remote.RemoteWebElement.click(RemoteWebElement.java:83)
at org.cts.oneframework.utilities.BasePageObject.clickElement(BasePageObject.java:587)
at org.cts.oneframework.utilities.BasePageObject.clickElement(BasePageObject.java:578)
at org.cts.oneframework.cucumber.pages.VosAlertesPage.clickImgAlertesDeAmendesInLeftPane(VosAlertesPage.java:55)
at org.cts.oneframework.cucumber.stepdefinition.VosAlertesStepDefs.vos_alertes_under_alertes_et_amendes_is_clicked_on_left_pane(VosAlertesStepDefs.java:21)
at ?.vos alertes under alertes et amendes is clicked on left pane(src/test/resources/features/VosAlertes.feature:55)
]]>
            </full-stacktrace>
          </exception> <!-- org.openqa.selenium.WebDriverException -->
          <reporter-output>
          </reporter-output>
        </test-method> <!-- runScenario -->
        <test-method status="PASS" signature="runScenario(cucumber.api.testng.PickleEventWrapper, cucumber.api.testng.CucumberFeatureWrapper)[pri:0, instance:org.cts.oneframework.cucumber.testrunners.SmokeSuiteRunner@370736d9]" name="runScenario" duration-ms="1464" started-at="2019-12-06T10:37:05Z" description="Runs Cucumber Scenarios" data-provider="scenarios" finished-at="2019-12-06T10:37:07Z">
          <params>
            <param index="0">
              <value>
                <![CDATA["close browser"]]>
              </value>
            </param>
            <param index="1">
              <value>
                <![CDATA["Total_Fleet_Factures"]]>
              </value>
            </param>
          </params>
          <reporter-output>
          </reporter-output>
        </test-method> <!-- runScenario -->
        <test-method status="PASS" signature="tearDownClass()[pri:0, instance:org.cts.oneframework.cucumber.testrunners.SmokeSuiteRunner@370736d9]" name="tearDownClass" is-config="true" duration-ms="1797" started-at="2019-12-06T10:37:07Z" finished-at="2019-12-06T10:37:08Z">
          <reporter-output>
          </reporter-output>
        </test-method> <!-- tearDownClass -->
      </class> <!-- org.cts.oneframework.cucumber.testrunners.SmokeSuiteRunner -->
    </test> <!-- TotalFleetSmokeTestCases -->
  </suite> <!-- TotalFleetSmokeSuite -->
</testng-results>
