<html>
<head>
<title>TestNG:  TotalFleetSmokeTestCases</title>
<link href="../testng.css" rel="stylesheet" type="text/css" />
<link href="../my-testng.css" rel="stylesheet" type="text/css" />

<style type="text/css">
.log { display: none;} 
.stack-trace { display: none;} 
</style>
<script type="text/javascript">
<!--
function flip(e) {
  current = e.style.display;
  if (current == 'block') {
    e.style.display = 'none';
    return 0;
  }
  else {
    e.style.display = 'block';
    return 1;
  }
}

function toggleBox(szDivId, elem, msg1, msg2)
{
  var res = -1;  if (document.getElementById) {
    res = flip(document.getElementById(szDivId));
  }
  else if (document.all) {
    // this is the way old msie versions work
    res = flip(document.all[szDivId]);
  }
  if(elem) {
    if(res == 0) elem.innerHTML = msg1; else elem.innerHTML = msg2;
  }

}

function toggleAllBoxes() {
  if (document.getElementsByTagName) {
    d = document.getElementsByTagName('div');
    for (i = 0; i < d.length; i++) {
      if (d[i].className == 'log') {
        flip(d[i]);
      }
    }
  }
}

// -->
</script>

</head>
<body>
<h2 align='center'>TotalFleetSmokeTestCases</h2><table border='1' align="center">
<tr>
<td>Tests passed/Failed/Skipped:</td><td>79/26/0</td>
</tr><tr>
<td>Started on:</td><td>Fri Dec 06 14:26:49 IST 2019</td>
</tr>
<tr><td>Total time:</td><td>6019 seconds (6019249 ms)</td>
</tr><tr>
<td>Included groups:</td><td></td>
</tr><tr>
<td>Excluded groups:</td><td></td>
</tr>
</table><p/>
<small><i>(Hover the method name to see the test class name)</i></small><p/>
<table width='100%' border='1' class='invocation-failed'>
<tr><td colspan='4' align='center'><b>FAILED TESTS</b></td></tr>
<tr><td><b>Test method</b></td>
<td width="30%"><b>Exception</b></td>
<td width="10%"><b>Time (seconds)</b></td>
<td><b>Instance</b></td>
</tr>
<tr>
<td title='org.cts.oneframework.cucumber.testrunners.SmokeSuiteRunner.runScenario()'><b>runScenario</b><br>Test class: org.cts.oneframework.cucumber.testrunners.SmokeSuiteRunner<br>Test method: Runs Cucumber Scenarios<br>Parameters: "TS_35_TC_46_Verify if the user is able to apply date filters in fines list page amendes archives tab", "Total_Fleet_AvisDAmendes"</td>
<td><div><pre>org.openqa.selenium.WebDriverException: unknown error: Element &lt;span class=&quot;cell&quot;&gt;...&lt;/span&gt; is not clickable at point (118, 222). Other element would receive the click: &lt;div class=&quot;ui-widget-overlay ui-front&quot; style=&quot;z-index: 10001;&quot;&gt;&lt;/div&gt;
  (Session info: chrome=75.0.3770.90)
  (Driver info: chromedriver=2.44.609538 (b655c5a60b0b544917107a59d4153d4bf78e1b90),platform=Windows NT 10.0.17763 x86_64) (WARNING: The server did not provide any stacktrace information)
Command duration or timeout: 0 milliseconds
Build info: version: &apos;3.13.0&apos;, revision: &apos;2f0d292&apos;, time: &apos;2018-06-25T15:24:21.231Z&apos;
System info: host: &apos;PC339926&apos;, ip: &apos;10.219.66.4&apos;, os.name: &apos;Windows 10&apos;, os.arch: &apos;amd64&apos;, os.version: &apos;10.0&apos;, java.version: &apos;1.8.0_181&apos;
Driver info: org.openqa.selenium.chrome.ChromeDriver
Capabilities {acceptInsecureCerts: false, acceptSslCerts: false, applicationCacheEnabled: false, browserConnectionEnabled: false, browserName: chrome, chrome: {chromedriverVersion: 2.44.609538 (b655c5a60b0b54..., userDataDir: C:\Users\593611\AppData\Loc...}, cssSelectorsEnabled: true, databaseEnabled: false, goog:chromeOptions: {debuggerAddress: localhost:62968}, handlesAlerts: true, hasTouchScreen: false, javascriptEnabled: true, locationContextEnabled: true, mobileEmulationEnabled: false, nativeEvents: true, networkConnectionEnabled: false, pageLoadStrategy: normal, platform: XP, platformName: XP, rotatable: false, setWindowRect: true, takesHeapSnapshot: true, takesScreenshot: true, unexpectedAlertBehaviour: ignore, unhandledPromptBehavior: ignore, version: 75.0.3770.90, webStorageEnabled: true}
Session ID: 1fd792c7225a78abd99244c5533ea3a6
	at org.openqa.selenium.remote.ErrorHandler.createThrowable(ErrorHandler.java:214)
	at org.openqa.selenium.remote.ErrorHandler.throwIfResponseFailed(ErrorHandler.java:166)
	at org.openqa.selenium.remote.http.JsonHttpResponseCodec.reconstructValue(JsonHttpResponseCodec.java:40)
	at org.openqa.selenium.remote.http.AbstractHttpResponseCodec.decode(AbstractHttpResponseCodec.java:80)
	at org.openqa.selenium.remote.http.AbstractHttpResponseCodec.decode(AbstractHttpResponseCodec.java:44)
	at org.openqa.selenium.remote.HttpCommandExecutor.execute(HttpCommandExecutor.java:158)
	at org.openqa.selenium.remote.service.DriverCommandExecutor.execute(DriverCommandExecutor.java:83)
	at org.openqa.selenium.remote.RemoteWebDriver.execute(RemoteWebDriver.java:548)
	at org.openqa.selenium.remote.RemoteWebElement.execute(RemoteWebElement.java:276)
	at org.openqa.selenium.remote.RemoteWebElement.click(RemoteWebElement.java:83)
	at org.cts.oneframework.utilities.BasePageObject.clickElement(BasePageObject.java:609)
	at org.cts.oneframework.utilities.BasePageObject.clickElement(BasePageObject.java:599)
	at org.cts.oneframework.cucumber.pages.AvisDAmendesPage.expandAlertesEtAmendese_LeftMenu(AvisDAmendesPage.java:203)
	at org.cts.oneframework.cucumber.stepdefinition.AvisDAmendesStepDefs.user_clicks_on_Alertes_et_Amandes(AvisDAmendesStepDefs.java:19)
	at ?.user clicks on Alertes_et_Amandes in left pane(src/test/resources/features/AvisDAmendes.feature:143)
... Removed 4 stack frames</pre></div><a href='#' onClick='toggleBox("stack-trace787568041", this, "Click to show all stack frames", "Click to hide stack frames")'>Click to show all stack frames</a>
<div class='stack-trace' id='stack-trace787568041'><pre>org.openqa.selenium.WebDriverException: unknown error: Element &lt;span class=&quot;cell&quot;&gt;...&lt;/span&gt; is not clickable at point (118, 222). Other element would receive the click: &lt;div class=&quot;ui-widget-overlay ui-front&quot; style=&quot;z-index: 10001;&quot;&gt;&lt;/div&gt;
  (Session info: chrome=75.0.3770.90)
  (Driver info: chromedriver=2.44.609538 (b655c5a60b0b544917107a59d4153d4bf78e1b90),platform=Windows NT 10.0.17763 x86_64) (WARNING: The server did not provide any stacktrace information)
Command duration or timeout: 0 milliseconds
Build info: version: &apos;3.13.0&apos;, revision: &apos;2f0d292&apos;, time: &apos;2018-06-25T15:24:21.231Z&apos;
System info: host: &apos;PC339926&apos;, ip: &apos;10.219.66.4&apos;, os.name: &apos;Windows 10&apos;, os.arch: &apos;amd64&apos;, os.version: &apos;10.0&apos;, java.version: &apos;1.8.0_181&apos;
Driver info: org.openqa.selenium.chrome.ChromeDriver
Capabilities {acceptInsecureCerts: false, acceptSslCerts: false, applicationCacheEnabled: false, browserConnectionEnabled: false, browserName: chrome, chrome: {chromedriverVersion: 2.44.609538 (b655c5a60b0b54..., userDataDir: C:\Users\593611\AppData\Loc...}, cssSelectorsEnabled: true, databaseEnabled: false, goog:chromeOptions: {debuggerAddress: localhost:62968}, handlesAlerts: true, hasTouchScreen: false, javascriptEnabled: true, locationContextEnabled: true, mobileEmulationEnabled: false, nativeEvents: true, networkConnectionEnabled: false, pageLoadStrategy: normal, platform: XP, platformName: XP, rotatable: false, setWindowRect: true, takesHeapSnapshot: true, takesScreenshot: true, unexpectedAlertBehaviour: ignore, unhandledPromptBehavior: ignore, version: 75.0.3770.90, webStorageEnabled: true}
Session ID: 1fd792c7225a78abd99244c5533ea3a6
	at sun.reflect.NativeConstructorAccessorImpl.newInstance0(Native Method)
	at sun.reflect.NativeConstructorAccessorImpl.newInstance(NativeConstructorAccessorImpl.java:62)
	at sun.reflect.DelegatingConstructorAccessorImpl.newInstance(DelegatingConstructorAccessorImpl.java:45)
	at java.lang.reflect.Constructor.newInstance(Constructor.java:423)
	at org.openqa.selenium.remote.ErrorHandler.createThrowable(ErrorHandler.java:214)
	at org.openqa.selenium.remote.ErrorHandler.throwIfResponseFailed(ErrorHandler.java:166)
	at org.openqa.selenium.remote.http.JsonHttpResponseCodec.reconstructValue(JsonHttpResponseCodec.java:40)
	at org.openqa.selenium.remote.http.AbstractHttpResponseCodec.decode(AbstractHttpResponseCodec.java:80)
	at org.openqa.selenium.remote.http.AbstractHttpResponseCodec.decode(AbstractHttpResponseCodec.java:44)
	at org.openqa.selenium.remote.HttpCommandExecutor.execute(HttpCommandExecutor.java:158)
	at org.openqa.selenium.remote.service.DriverCommandExecutor.execute(DriverCommandExecutor.java:83)
	at org.openqa.selenium.remote.RemoteWebDriver.execute(RemoteWebDriver.java:548)
	at org.openqa.selenium.remote.RemoteWebElement.execute(RemoteWebElement.java:276)
	at org.openqa.selenium.remote.RemoteWebElement.click(RemoteWebElement.java:83)
	at org.cts.oneframework.utilities.BasePageObject.clickElement(BasePageObject.java:609)
	at org.cts.oneframework.utilities.BasePageObject.clickElement(BasePageObject.java:599)
	at org.cts.oneframework.cucumber.pages.AvisDAmendesPage.expandAlertesEtAmendese_LeftMenu(AvisDAmendesPage.java:203)
	at org.cts.oneframework.cucumber.stepdefinition.AvisDAmendesStepDefs.user_clicks_on_Alertes_et_Amandes(AvisDAmendesStepDefs.java:19)
	at ?.user clicks on Alertes_et_Amandes in left pane(src/test/resources/features/AvisDAmendes.feature:143)
</pre></div></td>
<td>3</td>
<td>org.cts.oneframework.cucumber.testrunners.SmokeSuiteRunner@370736d9</td></tr>
<tr>
<td title='org.cts.oneframework.cucumber.testrunners.SmokeSuiteRunner.runScenario()'><b>runScenario</b><br>Test class: org.cts.oneframework.cucumber.testrunners.SmokeSuiteRunner<br>Test method: Runs Cucumber Scenarios<br>Parameters: "TS_25_TC_26_Navigation to Campgnes List Page", "Total_Fleet_Campagnes"</td>
<td><div><pre>org.openqa.selenium.WebDriverException: unknown error: Element &lt;span class=&quot;cell&quot;&gt;...&lt;/span&gt; is not clickable at point (130, 564). Other element would receive the click: &lt;div class=&quot;ui-widget-overlay ui-front&quot; style=&quot;z-index: 10001;&quot;&gt;&lt;/div&gt;
  (Session info: chrome=75.0.3770.90)
  (Driver info: chromedriver=2.44.609538 (b655c5a60b0b544917107a59d4153d4bf78e1b90),platform=Windows NT 10.0.17763 x86_64) (WARNING: The server did not provide any stacktrace information)
Command duration or timeout: 0 milliseconds
Build info: version: &apos;3.13.0&apos;, revision: &apos;2f0d292&apos;, time: &apos;2018-06-25T15:24:21.231Z&apos;
System info: host: &apos;PC339926&apos;, ip: &apos;10.219.66.4&apos;, os.name: &apos;Windows 10&apos;, os.arch: &apos;amd64&apos;, os.version: &apos;10.0&apos;, java.version: &apos;1.8.0_181&apos;
Driver info: org.openqa.selenium.chrome.ChromeDriver
Capabilities {acceptInsecureCerts: false, acceptSslCerts: false, applicationCacheEnabled: false, browserConnectionEnabled: false, browserName: chrome, chrome: {chromedriverVersion: 2.44.609538 (b655c5a60b0b54..., userDataDir: C:\Users\593611\AppData\Loc...}, cssSelectorsEnabled: true, databaseEnabled: false, goog:chromeOptions: {debuggerAddress: localhost:63043}, handlesAlerts: true, hasTouchScreen: false, javascriptEnabled: true, locationContextEnabled: true, mobileEmulationEnabled: false, nativeEvents: true, networkConnectionEnabled: false, pageLoadStrategy: normal, platform: XP, platformName: XP, rotatable: false, setWindowRect: true, takesHeapSnapshot: true, takesScreenshot: true, unexpectedAlertBehaviour: ignore, unhandledPromptBehavior: ignore, version: 75.0.3770.90, webStorageEnabled: true}
Session ID: a3966b4a2b37acc6d30395ede240fe1d
	at org.openqa.selenium.remote.ErrorHandler.createThrowable(ErrorHandler.java:214)
	at org.openqa.selenium.remote.ErrorHandler.throwIfResponseFailed(ErrorHandler.java:166)
	at org.openqa.selenium.remote.http.JsonHttpResponseCodec.reconstructValue(JsonHttpResponseCodec.java:40)
	at org.openqa.selenium.remote.http.AbstractHttpResponseCodec.decode(AbstractHttpResponseCodec.java:80)
	at org.openqa.selenium.remote.http.AbstractHttpResponseCodec.decode(AbstractHttpResponseCodec.java:44)
	at org.openqa.selenium.remote.HttpCommandExecutor.execute(HttpCommandExecutor.java:158)
	at org.openqa.selenium.remote.service.DriverCommandExecutor.execute(DriverCommandExecutor.java:83)
	at org.openqa.selenium.remote.RemoteWebDriver.execute(RemoteWebDriver.java:548)
	at org.openqa.selenium.remote.RemoteWebElement.execute(RemoteWebElement.java:276)
	at org.openqa.selenium.remote.RemoteWebElement.click(RemoteWebElement.java:83)
	at org.cts.oneframework.utilities.BasePageObject.clickElement(BasePageObject.java:587)
	at org.cts.oneframework.utilities.BasePageObject.clickElement(BasePageObject.java:578)
	at org.cts.oneframework.cucumber.pages.CampagnesPage.clickCampagnesLinkOnLeftPane(CampagnesPage.java:59)
	at org.cts.oneframework.cucumber.stepdefinition.CampagnesStepDefs.user_clicks_on_campaign_in_left_menu(CampagnesStepDefs.java:20)
	at ?.user clicks on campaign in left menu(src/test/resources/features/Campagnes.feature:40)
... Removed 4 stack frames</pre></div><a href='#' onClick='toggleBox("stack-trace1572050699", this, "Click to show all stack frames", "Click to hide stack frames")'>Click to show all stack frames</a>
<div class='stack-trace' id='stack-trace1572050699'><pre>org.openqa.selenium.WebDriverException: unknown error: Element &lt;span class=&quot;cell&quot;&gt;...&lt;/span&gt; is not clickable at point (130, 564). Other element would receive the click: &lt;div class=&quot;ui-widget-overlay ui-front&quot; style=&quot;z-index: 10001;&quot;&gt;&lt;/div&gt;
  (Session info: chrome=75.0.3770.90)
  (Driver info: chromedriver=2.44.609538 (b655c5a60b0b544917107a59d4153d4bf78e1b90),platform=Windows NT 10.0.17763 x86_64) (WARNING: The server did not provide any stacktrace information)
Command duration or timeout: 0 milliseconds
Build info: version: &apos;3.13.0&apos;, revision: &apos;2f0d292&apos;, time: &apos;2018-06-25T15:24:21.231Z&apos;
System info: host: &apos;PC339926&apos;, ip: &apos;10.219.66.4&apos;, os.name: &apos;Windows 10&apos;, os.arch: &apos;amd64&apos;, os.version: &apos;10.0&apos;, java.version: &apos;1.8.0_181&apos;
Driver info: org.openqa.selenium.chrome.ChromeDriver
Capabilities {acceptInsecureCerts: false, acceptSslCerts: false, applicationCacheEnabled: false, browserConnectionEnabled: false, browserName: chrome, chrome: {chromedriverVersion: 2.44.609538 (b655c5a60b0b54..., userDataDir: C:\Users\593611\AppData\Loc...}, cssSelectorsEnabled: true, databaseEnabled: false, goog:chromeOptions: {debuggerAddress: localhost:63043}, handlesAlerts: true, hasTouchScreen: false, javascriptEnabled: true, locationContextEnabled: true, mobileEmulationEnabled: false, nativeEvents: true, networkConnectionEnabled: false, pageLoadStrategy: normal, platform: XP, platformName: XP, rotatable: false, setWindowRect: true, takesHeapSnapshot: true, takesScreenshot: true, unexpectedAlertBehaviour: ignore, unhandledPromptBehavior: ignore, version: 75.0.3770.90, webStorageEnabled: true}
Session ID: a3966b4a2b37acc6d30395ede240fe1d
	at sun.reflect.NativeConstructorAccessorImpl.newInstance0(Native Method)
	at sun.reflect.NativeConstructorAccessorImpl.newInstance(NativeConstructorAccessorImpl.java:62)
	at sun.reflect.DelegatingConstructorAccessorImpl.newInstance(DelegatingConstructorAccessorImpl.java:45)
	at java.lang.reflect.Constructor.newInstance(Constructor.java:423)
	at org.openqa.selenium.remote.ErrorHandler.createThrowable(ErrorHandler.java:214)
	at org.openqa.selenium.remote.ErrorHandler.throwIfResponseFailed(ErrorHandler.java:166)
	at org.openqa.selenium.remote.http.JsonHttpResponseCodec.reconstructValue(JsonHttpResponseCodec.java:40)
	at org.openqa.selenium.remote.http.AbstractHttpResponseCodec.decode(AbstractHttpResponseCodec.java:80)
	at org.openqa.selenium.remote.http.AbstractHttpResponseCodec.decode(AbstractHttpResponseCodec.java:44)
	at org.openqa.selenium.remote.HttpCommandExecutor.execute(HttpCommandExecutor.java:158)
	at org.openqa.selenium.remote.service.DriverCommandExecutor.execute(DriverCommandExecutor.java:83)
	at org.openqa.selenium.remote.RemoteWebDriver.execute(RemoteWebDriver.java:548)
	at org.openqa.selenium.remote.RemoteWebElement.execute(RemoteWebElement.java:276)
	at org.openqa.selenium.remote.RemoteWebElement.click(RemoteWebElement.java:83)
	at org.cts.oneframework.utilities.BasePageObject.clickElement(BasePageObject.java:587)
	at org.cts.oneframework.utilities.BasePageObject.clickElement(BasePageObject.java:578)
	at org.cts.oneframework.cucumber.pages.CampagnesPage.clickCampagnesLinkOnLeftPane(CampagnesPage.java:59)
	at org.cts.oneframework.cucumber.stepdefinition.CampagnesStepDefs.user_clicks_on_campaign_in_left_menu(CampagnesStepDefs.java:20)
	at ?.user clicks on campaign in left menu(src/test/resources/features/Campagnes.feature:40)
</pre></div></td>
<td>4</td>
<td>org.cts.oneframework.cucumber.testrunners.SmokeSuiteRunner@370736d9</td></tr>
<tr>
<td title='org.cts.oneframework.cucumber.testrunners.SmokeSuiteRunner.runScenario()'><b>runScenario</b><br>Test class: org.cts.oneframework.cucumber.testrunners.SmokeSuiteRunner<br>Test method: Runs Cucumber Scenarios<br>Parameters: "TS_27_TC_28_Creation of Campagnes with Annuler Flow", "Total_Fleet_Campagnes"</td>
<td><div><pre>java.lang.AssertionError: Nouvelle Campagnes Page is displayed
	at org.cts.oneframework.utilities.AssertionLibrary.fail(AssertionLibrary.java:294)
	at org.cts.oneframework.cucumber.pages.CampagnesPage.assertNouvelleCampagnesPageIsDisplayed(CampagnesPage.java:488)
	at org.cts.oneframework.cucumber.stepdefinition.CampagnesStepDefs.nouvelle_campagne_page_should_be_displayed_and_user_inputs_fields_and_clicks_on_annuler_button(CampagnesStepDefs.java:39)
	at ?.nouvelle campagne page should be displayed and user inputs Nom_De_La_Campagne_In_Nouvelle_Campagne_Page and clicks on annuler button to view campgnes list page(src/test/resources/features/Campagnes.feature:50)
... Removed 1 stack frames</pre></div><a href='#' onClick='toggleBox("stack-trace1096195397", this, "Click to show all stack frames", "Click to hide stack frames")'>Click to show all stack frames</a>
<div class='stack-trace' id='stack-trace1096195397'><pre>java.lang.AssertionError: Nouvelle Campagnes Page is displayed
	at org.testng.Assert.fail(Assert.java:96)
	at org.cts.oneframework.utilities.AssertionLibrary.fail(AssertionLibrary.java:294)
	at org.cts.oneframework.cucumber.pages.CampagnesPage.assertNouvelleCampagnesPageIsDisplayed(CampagnesPage.java:488)
	at org.cts.oneframework.cucumber.stepdefinition.CampagnesStepDefs.nouvelle_campagne_page_should_be_displayed_and_user_inputs_fields_and_clicks_on_annuler_button(CampagnesStepDefs.java:39)
	at ?.nouvelle campagne page should be displayed and user inputs Nom_De_La_Campagne_In_Nouvelle_Campagne_Page and clicks on annuler button to view campgnes list page(src/test/resources/features/Campagnes.feature:50)
</pre></div></td>
<td>2</td>
<td>org.cts.oneframework.cucumber.testrunners.SmokeSuiteRunner@370736d9</td></tr>
<tr>
<td title='org.cts.oneframework.cucumber.testrunners.SmokeSuiteRunner.runScenario()'><b>runScenario</b><br>Test class: org.cts.oneframework.cucumber.testrunners.SmokeSuiteRunner<br>Test method: Runs Cucumber Scenarios<br>Parameters: "TS_26_TC_27_Filter Campaign List With Dates", "Total_Fleet_Campagnes"</td>
<td><div><pre>org.openqa.selenium.TimeoutException: Expected condition failed: waiting for org.cts.oneframework.utilities.BasePageObject$1@4f02d72f (tried for 200 second(s) with 1000 milliseconds interval)
	at org.openqa.selenium.support.ui.WebDriverWait.timeoutException(WebDriverWait.java:81)
	at org.openqa.selenium.support.ui.FluentWait.until(FluentWait.java:271)
	at org.cts.oneframework.utilities.BasePageObject.getElement(BasePageObject.java:115)
	at org.cts.oneframework.utilities.BasePageObject.clickElement(BasePageObject.java:587)
	at org.cts.oneframework.utilities.BasePageObject.clickElement(BasePageObject.java:578)
	at org.cts.oneframework.cucumber.pages.CampagnesPage.clickFiltrerLesResultatsInCampagnesListPage(CampagnesPage.java:138)
	at org.cts.oneframework.cucumber.stepdefinition.CampagnesStepDefs.user_clicks_on_filtrer_les_resultats(CampagnesStepDefs.java:52)
	at ?.user clicks on filtrer les resultats(src/test/resources/features/Campagnes.feature:62)
Caused by: org.openqa.selenium.NoSuchElementException: no such element: Unable to locate element: {&quot;method&quot;:&quot;xpath&quot;,&quot;selector&quot;:&quot;//a[@class=&apos;icon btn-filtres&apos;]&quot;}
  (Session info: chrome=75.0.3770.90)
  (Driver info: chromedriver=2.44.609538 (b655c5a60b0b544917107a59d4153d4bf78e1b90),platform=Windows NT 10.0.17763 x86_64) (WARNING: The server did not provide any stacktrace information)
Command duration or timeout: 0 milliseconds
For documentation on this error, please visit: http://seleniumhq.org/exceptions/no_such_element.html
Build info: version: &apos;3.13.0&apos;, revision: &apos;2f0d292&apos;, time: &apos;2018-06-25T15:24:21.231Z&apos;
System info: host: &apos;PC339926&apos;, ip: &apos;10.219.66.4&apos;, os.name: &apos;Windows 10&apos;, os.arch: &apos;amd64&apos;, os.version: &apos;10.0&apos;, java.version: &apos;1.8.0_181&apos;
Driver info: org.openqa.selenium.chrome.ChromeDriver
Capabilities {acceptInsecureCerts: false, acceptSslCerts: false, applicationCacheEnabled: false, browserConnectionEnabled: false, browserName: chrome, chrome: {chromedriverVersion: 2.44.609538 (b655c5a60b0b54..., userDataDir: C:\Users\593611\AppData\Loc...}, cssSelectorsEnabled: true, databaseEnabled: false, goog:chromeOptions: {debuggerAddress: localhost:63043}, handlesAlerts: true, hasTouchScreen: false, javascriptEnabled: true, locationContextEnabled: true, mobileEmulationEnabled: false, nativeEvents: true, networkConnectionEnabled: false, pageLoadStrategy: normal, platform: XP, platformName: XP, rotatable: false, setWindowRect: true, takesHeapSnapshot: true, takesScreenshot: true, unexpectedAlertBehaviour: ignore, unhandledPromptBehavior: ignore, version: 75.0.3770.90, webStorageEnabled: true}
Session ID: a3966b4a2b37acc6d30395ede240fe1d
*** Element info: {Using=xpath, value=//a[@class=&apos;icon btn-filtres&apos;]}
	at org.openqa.selenium.remote.ErrorHandler.createThrowable(ErrorHandler.java:214)
	at org.openqa.selenium.remote.ErrorHandler.throwIfResponseFailed(ErrorHandler.java:166)
	at org.openqa.selenium.remote.http.JsonHttpResponseCodec.reconstructValue(JsonHttpResponseCodec.java:40)
	at org.openqa.selenium.remote.http.AbstractHttpResponseCodec.decode(AbstractHttpResponseCodec.java:80)
	at org.openqa.selenium.remote.http.AbstractHttpResponseCodec.decode(AbstractHttpResponseCodec.java:44)
	at org.openqa.selenium.remote.HttpCommandExecutor.execute(HttpCommandExecutor.java:158)
	at org.openqa.selenium.remote.service.DriverCommandExecutor.execute(DriverCommandExecutor.java:83)
	at org.openqa.selenium.remote.RemoteWebDriver.execute(RemoteWebDriver.java:548)
	at org.openqa.selenium.remote.RemoteWebDriver.findElement(RemoteWebDriver.java:322)
	at org.openqa.selenium.remote.RemoteWebDriver.findElementByXPath(RemoteWebDriver.java:424)
	at org.openqa.selenium.By$ByXPath.findElement(By.java:353)
	at org.openqa.selenium.remote.RemoteWebDriver.findElement(RemoteWebDriver.java:314)
	at org.cts.oneframework.utilities.BasePageObject$1.apply(BasePageObject.java:118)
	at org.cts.oneframework.utilities.BasePageObject$1.apply(BasePageObject.java:1)
	at org.openqa.selenium.support.ui.FluentWait.until(FluentWait.java:248)
	at org.cts.oneframework.utilities.BasePageObject.getElement(BasePageObject.java:115)
	at org.cts.oneframework.utilities.BasePageObject.clickElement(BasePageObject.java:587)
	at org.cts.oneframework.utilities.BasePageObject.clickElement(BasePageObject.java:578)
	at org.cts.oneframework.cucumber.pages.CampagnesPage.clickFiltrerLesResultatsInCampagnesListPage(CampagnesPage.java:138)
	at org.cts.oneframework.cucumber.stepdefinition.CampagnesStepDefs.user_clicks_on_filtrer_les_resultats(CampagnesStepDefs.java:52)
	at cucumber.runtime.Utils$1.call(Utils.java:26)
	at cucumber.runtime.Timeout.timeout(Timeout.java:16)
	at cucumber.runtime.Utils.invoke(Utils.java:20)
	at cucumber.runtime.java.JavaStepDefinition.execute(JavaStepDefinition.java:49)
	at cucumber.runner.PickleStepDefinitionMatch.runStep(PickleStepDefinitionMatch.java:50)
	at cucumber.runner.TestStep.executeStep(TestStep.java:63)
	at cucumber.runner.TestStep.run(TestStep.java:49)
	at cucumber.runner.PickleStepTestStep.run(PickleStepTestStep.java:43)
	at cucumber.runner.TestCase.run(TestCase.java:44)
	at cucumber.runner.Runner.runPickle(Runner.java:40)
	at cucumber.api.testng.TestNGCucumberRunner.runScenario(TestNGCucumberRunner.java:68)
	at org.cts.oneframework.cucumber.AbstractTestNGCucumberTest.runScenario(AbstractTestNGCucumberTest.java:39)
	at java.util.concurrent.ThreadPoolExecutor.runWorker(ThreadPoolExecutor.java:1149)
	at java.util.concurrent.ThreadPoolExecutor$Worker.run(ThreadPoolExecutor.java:624)
	at java.lang.Thread.run(Thread.java:748)
... Removed 16 stack frames</pre></div><a href='#' onClick='toggleBox("stack-trace1814521361", this, "Click to show all stack frames", "Click to hide stack frames")'>Click to show all stack frames</a>
<div class='stack-trace' id='stack-trace1814521361'><pre>org.openqa.selenium.TimeoutException: Expected condition failed: waiting for org.cts.oneframework.utilities.BasePageObject$1@4f02d72f (tried for 200 second(s) with 1000 milliseconds interval)
	at org.openqa.selenium.support.ui.WebDriverWait.timeoutException(WebDriverWait.java:81)
	at org.openqa.selenium.support.ui.FluentWait.until(FluentWait.java:271)
	at org.cts.oneframework.utilities.BasePageObject.getElement(BasePageObject.java:115)
	at org.cts.oneframework.utilities.BasePageObject.clickElement(BasePageObject.java:587)
	at org.cts.oneframework.utilities.BasePageObject.clickElement(BasePageObject.java:578)
	at org.cts.oneframework.cucumber.pages.CampagnesPage.clickFiltrerLesResultatsInCampagnesListPage(CampagnesPage.java:138)
	at org.cts.oneframework.cucumber.stepdefinition.CampagnesStepDefs.user_clicks_on_filtrer_les_resultats(CampagnesStepDefs.java:52)
	at ?.user clicks on filtrer les resultats(src/test/resources/features/Campagnes.feature:62)
Caused by: org.openqa.selenium.NoSuchElementException: no such element: Unable to locate element: {&quot;method&quot;:&quot;xpath&quot;,&quot;selector&quot;:&quot;//a[@class=&apos;icon btn-filtres&apos;]&quot;}
  (Session info: chrome=75.0.3770.90)
  (Driver info: chromedriver=2.44.609538 (b655c5a60b0b544917107a59d4153d4bf78e1b90),platform=Windows NT 10.0.17763 x86_64) (WARNING: The server did not provide any stacktrace information)
Command duration or timeout: 0 milliseconds
For documentation on this error, please visit: http://seleniumhq.org/exceptions/no_such_element.html
Build info: version: &apos;3.13.0&apos;, revision: &apos;2f0d292&apos;, time: &apos;2018-06-25T15:24:21.231Z&apos;
System info: host: &apos;PC339926&apos;, ip: &apos;10.219.66.4&apos;, os.name: &apos;Windows 10&apos;, os.arch: &apos;amd64&apos;, os.version: &apos;10.0&apos;, java.version: &apos;1.8.0_181&apos;
Driver info: org.openqa.selenium.chrome.ChromeDriver
Capabilities {acceptInsecureCerts: false, acceptSslCerts: false, applicationCacheEnabled: false, browserConnectionEnabled: false, browserName: chrome, chrome: {chromedriverVersion: 2.44.609538 (b655c5a60b0b54..., userDataDir: C:\Users\593611\AppData\Loc...}, cssSelectorsEnabled: true, databaseEnabled: false, goog:chromeOptions: {debuggerAddress: localhost:63043}, handlesAlerts: true, hasTouchScreen: false, javascriptEnabled: true, locationContextEnabled: true, mobileEmulationEnabled: false, nativeEvents: true, networkConnectionEnabled: false, pageLoadStrategy: normal, platform: XP, platformName: XP, rotatable: false, setWindowRect: true, takesHeapSnapshot: true, takesScreenshot: true, unexpectedAlertBehaviour: ignore, unhandledPromptBehavior: ignore, version: 75.0.3770.90, webStorageEnabled: true}
Session ID: a3966b4a2b37acc6d30395ede240fe1d
*** Element info: {Using=xpath, value=//a[@class=&apos;icon btn-filtres&apos;]}
	at sun.reflect.GeneratedConstructorAccessor66.newInstance(Unknown Source)
	at sun.reflect.DelegatingConstructorAccessorImpl.newInstance(DelegatingConstructorAccessorImpl.java:45)
	at java.lang.reflect.Constructor.newInstance(Constructor.java:423)
	at org.openqa.selenium.remote.ErrorHandler.createThrowable(ErrorHandler.java:214)
	at org.openqa.selenium.remote.ErrorHandler.throwIfResponseFailed(ErrorHandler.java:166)
	at org.openqa.selenium.remote.http.JsonHttpResponseCodec.reconstructValue(JsonHttpResponseCodec.java:40)
	at org.openqa.selenium.remote.http.AbstractHttpResponseCodec.decode(AbstractHttpResponseCodec.java:80)
	at org.openqa.selenium.remote.http.AbstractHttpResponseCodec.decode(AbstractHttpResponseCodec.java:44)
	at org.openqa.selenium.remote.HttpCommandExecutor.execute(HttpCommandExecutor.java:158)
	at org.openqa.selenium.remote.service.DriverCommandExecutor.execute(DriverCommandExecutor.java:83)
	at org.openqa.selenium.remote.RemoteWebDriver.execute(RemoteWebDriver.java:548)
	at org.openqa.selenium.remote.RemoteWebDriver.findElement(RemoteWebDriver.java:322)
	at org.openqa.selenium.remote.RemoteWebDriver.findElementByXPath(RemoteWebDriver.java:424)
	at org.openqa.selenium.By$ByXPath.findElement(By.java:353)
	at org.openqa.selenium.remote.RemoteWebDriver.findElement(RemoteWebDriver.java:314)
	at org.cts.oneframework.utilities.BasePageObject$1.apply(BasePageObject.java:118)
	at org.cts.oneframework.utilities.BasePageObject$1.apply(BasePageObject.java:1)
	at org.openqa.selenium.support.ui.FluentWait.until(FluentWait.java:248)
	at org.cts.oneframework.utilities.BasePageObject.getElement(BasePageObject.java:115)
	at org.cts.oneframework.utilities.BasePageObject.clickElement(BasePageObject.java:587)
	at org.cts.oneframework.utilities.BasePageObject.clickElement(BasePageObject.java:578)
	at org.cts.oneframework.cucumber.pages.CampagnesPage.clickFiltrerLesResultatsInCampagnesListPage(CampagnesPage.java:138)
	at org.cts.oneframework.cucumber.stepdefinition.CampagnesStepDefs.user_clicks_on_filtrer_les_resultats(CampagnesStepDefs.java:52)
	at sun.reflect.NativeMethodAccessorImpl.invoke0(Native Method)
	at sun.reflect.NativeMethodAccessorImpl.invoke(NativeMethodAccessorImpl.java:62)
	at sun.reflect.DelegatingMethodAccessorImpl.invoke(DelegatingMethodAccessorImpl.java:43)
	at java.lang.reflect.Method.invoke(Method.java:498)
	at cucumber.runtime.Utils$1.call(Utils.java:26)
	at cucumber.runtime.Timeout.timeout(Timeout.java:16)
	at cucumber.runtime.Utils.invoke(Utils.java:20)
	at cucumber.runtime.java.JavaStepDefinition.execute(JavaStepDefinition.java:49)
	at cucumber.runner.PickleStepDefinitionMatch.runStep(PickleStepDefinitionMatch.java:50)
	at cucumber.runner.TestStep.executeStep(TestStep.java:63)
	at cucumber.runner.TestStep.run(TestStep.java:49)
	at cucumber.runner.PickleStepTestStep.run(PickleStepTestStep.java:43)
	at cucumber.runner.TestCase.run(TestCase.java:44)
	at cucumber.runner.Runner.runPickle(Runner.java:40)
	at cucumber.api.testng.TestNGCucumberRunner.runScenario(TestNGCucumberRunner.java:68)
	at org.cts.oneframework.cucumber.AbstractTestNGCucumberTest.runScenario(AbstractTestNGCucumberTest.java:39)
	at sun.reflect.GeneratedMethodAccessor8.invoke(Unknown Source)
	at sun.reflect.DelegatingMethodAccessorImpl.invoke(DelegatingMethodAccessorImpl.java:43)
	at java.lang.reflect.Method.invoke(Method.java:498)
	at org.testng.internal.MethodInvocationHelper.invokeMethod(MethodInvocationHelper.java:124)
	at org.testng.internal.Invoker.invokeMethod(Invoker.java:583)
	at org.testng.internal.Invoker.invokeTestMethod(Invoker.java:719)
	at org.testng.internal.Invoker.invokeTestMethods(Invoker.java:989)
	at org.testng.internal.TestMethodWorker.invokeTestMethods(TestMethodWorker.java:125)
	at org.testng.internal.TestMethodWorker.run(TestMethodWorker.java:109)
	at java.util.concurrent.ThreadPoolExecutor.runWorker(ThreadPoolExecutor.java:1149)
	at java.util.concurrent.ThreadPoolExecutor$Worker.run(ThreadPoolExecutor.java:624)
	at java.lang.Thread.run(Thread.java:748)
</pre></div></td>
<td>203</td>
<td>org.cts.oneframework.cucumber.testrunners.SmokeSuiteRunner@370736d9</td></tr>
<tr>
<td title='org.cts.oneframework.cucumber.testrunners.SmokeSuiteRunner.runScenario()'><b>runScenario</b><br>Test class: org.cts.oneframework.cucumber.testrunners.SmokeSuiteRunner<br>Test method: Runs Cucumber Scenarios<br>Parameters: "TS_20_TC_21_Verification of Creation De Support page display for Badge", "Total_Fleet_CartesAndBadges"</td>
<td><div><pre>org.openqa.selenium.TimeoutException: Expected condition failed: waiting for visibility of element located by By.xpath: //table[@class=&apos;table_contenu&apos;]//*[contains(text(),&apos;CREATION DE SUPPORT&apos;)] (tried for 200 second(s) with 1000 milliseconds interval)
	at org.openqa.selenium.support.ui.WebDriverWait.timeoutException(WebDriverWait.java:81)
	at org.openqa.selenium.support.ui.FluentWait.until(FluentWait.java:271)
	at org.cts.oneframework.utilities.BasePageObject.waitForElementToLoad(BasePageObject.java:745)
	at org.cts.oneframework.utilities.BasePageObject.waitForElementToLoad(BasePageObject.java:749)
	at org.cts.oneframework.cucumber.pages.CartesAndBadgesPage.assertCreationDeSupportTitleAndFieldsInNouvelleCartesPage(CartesAndBadgesPage.java:1136)
	at org.cts.oneframework.cucumber.stepdefinition.CartesAndBadgesStepDefs.creation_de_support_page_should_be_displayed_with_relevant_fields(CartesAndBadgesStepDefs.java:217)
	at ?.creation de support page should be displayed with relevant fields(src/test/resources/features/CartesAndBadges.feature:198)
Caused by: org.openqa.selenium.NoSuchElementException: Cannot locate an element using By.xpath: //table[@class=&apos;table_contenu&apos;]//*[contains(text(),&apos;CREATION DE SUPPORT&apos;)]
For documentation on this error, please visit: http://seleniumhq.org/exceptions/no_such_element.html
Build info: version: &apos;3.13.0&apos;, revision: &apos;2f0d292&apos;, time: &apos;2018-06-25T15:24:21.231Z&apos;
System info: host: &apos;PC339926&apos;, ip: &apos;10.219.66.4&apos;, os.name: &apos;Windows 10&apos;, os.arch: &apos;amd64&apos;, os.version: &apos;10.0&apos;, java.version: &apos;1.8.0_181&apos;
Driver info: driver.version: unknown
	at org.openqa.selenium.support.ui.ExpectedConditions.lambda$findElement$0(ExpectedConditions.java:896)
	at java.util.Optional.orElseThrow(Optional.java:290)
	at org.openqa.selenium.support.ui.ExpectedConditions.findElement(ExpectedConditions.java:895)
	at org.openqa.selenium.support.ui.ExpectedConditions.access$000(ExpectedConditions.java:44)
	at org.openqa.selenium.support.ui.ExpectedConditions$7.apply(ExpectedConditions.java:206)
	at org.openqa.selenium.support.ui.ExpectedConditions$7.apply(ExpectedConditions.java:202)
	at org.openqa.selenium.support.ui.FluentWait.until(FluentWait.java:248)
	at org.cts.oneframework.utilities.BasePageObject.waitForElementToLoad(BasePageObject.java:745)
	at org.cts.oneframework.utilities.BasePageObject.waitForElementToLoad(BasePageObject.java:749)
	at org.cts.oneframework.cucumber.pages.CartesAndBadgesPage.assertCreationDeSupportTitleAndFieldsInNouvelleCartesPage(CartesAndBadgesPage.java:1136)
	at org.cts.oneframework.cucumber.stepdefinition.CartesAndBadgesStepDefs.creation_de_support_page_should_be_displayed_with_relevant_fields(CartesAndBadgesStepDefs.java:217)
	at cucumber.runtime.Utils$1.call(Utils.java:26)
	at cucumber.runtime.Timeout.timeout(Timeout.java:16)
	at cucumber.runtime.Utils.invoke(Utils.java:20)
	at cucumber.runtime.java.JavaStepDefinition.execute(JavaStepDefinition.java:49)
	at cucumber.runner.PickleStepDefinitionMatch.runStep(PickleStepDefinitionMatch.java:50)
	at cucumber.runner.TestStep.executeStep(TestStep.java:63)
	at cucumber.runner.TestStep.run(TestStep.java:49)
	at cucumber.runner.PickleStepTestStep.run(PickleStepTestStep.java:43)
	at cucumber.runner.TestCase.run(TestCase.java:44)
	at cucumber.runner.Runner.runPickle(Runner.java:40)
	at cucumber.api.testng.TestNGCucumberRunner.runScenario(TestNGCucumberRunner.java:68)
	at org.cts.oneframework.cucumber.AbstractTestNGCucumberTest.runScenario(AbstractTestNGCucumberTest.java:39)
	at java.util.concurrent.ThreadPoolExecutor.runWorker(ThreadPoolExecutor.java:1149)
	at java.util.concurrent.ThreadPoolExecutor$Worker.run(ThreadPoolExecutor.java:624)
	at java.lang.Thread.run(Thread.java:748)
... Removed 13 stack frames</pre></div><a href='#' onClick='toggleBox("stack-trace503169900", this, "Click to show all stack frames", "Click to hide stack frames")'>Click to show all stack frames</a>
<div class='stack-trace' id='stack-trace503169900'><pre>org.openqa.selenium.TimeoutException: Expected condition failed: waiting for visibility of element located by By.xpath: //table[@class=&apos;table_contenu&apos;]//*[contains(text(),&apos;CREATION DE SUPPORT&apos;)] (tried for 200 second(s) with 1000 milliseconds interval)
	at org.openqa.selenium.support.ui.WebDriverWait.timeoutException(WebDriverWait.java:81)
	at org.openqa.selenium.support.ui.FluentWait.until(FluentWait.java:271)
	at org.cts.oneframework.utilities.BasePageObject.waitForElementToLoad(BasePageObject.java:745)
	at org.cts.oneframework.utilities.BasePageObject.waitForElementToLoad(BasePageObject.java:749)
	at org.cts.oneframework.cucumber.pages.CartesAndBadgesPage.assertCreationDeSupportTitleAndFieldsInNouvelleCartesPage(CartesAndBadgesPage.java:1136)
	at org.cts.oneframework.cucumber.stepdefinition.CartesAndBadgesStepDefs.creation_de_support_page_should_be_displayed_with_relevant_fields(CartesAndBadgesStepDefs.java:217)
	at ?.creation de support page should be displayed with relevant fields(src/test/resources/features/CartesAndBadges.feature:198)
Caused by: org.openqa.selenium.NoSuchElementException: Cannot locate an element using By.xpath: //table[@class=&apos;table_contenu&apos;]//*[contains(text(),&apos;CREATION DE SUPPORT&apos;)]
For documentation on this error, please visit: http://seleniumhq.org/exceptions/no_such_element.html
Build info: version: &apos;3.13.0&apos;, revision: &apos;2f0d292&apos;, time: &apos;2018-06-25T15:24:21.231Z&apos;
System info: host: &apos;PC339926&apos;, ip: &apos;10.219.66.4&apos;, os.name: &apos;Windows 10&apos;, os.arch: &apos;amd64&apos;, os.version: &apos;10.0&apos;, java.version: &apos;1.8.0_181&apos;
Driver info: driver.version: unknown
	at org.openqa.selenium.support.ui.ExpectedConditions.lambda$findElement$0(ExpectedConditions.java:896)
	at java.util.Optional.orElseThrow(Optional.java:290)
	at org.openqa.selenium.support.ui.ExpectedConditions.findElement(ExpectedConditions.java:895)
	at org.openqa.selenium.support.ui.ExpectedConditions.access$000(ExpectedConditions.java:44)
	at org.openqa.selenium.support.ui.ExpectedConditions$7.apply(ExpectedConditions.java:206)
	at org.openqa.selenium.support.ui.ExpectedConditions$7.apply(ExpectedConditions.java:202)
	at org.openqa.selenium.support.ui.FluentWait.until(FluentWait.java:248)
	at org.cts.oneframework.utilities.BasePageObject.waitForElementToLoad(BasePageObject.java:745)
	at org.cts.oneframework.utilities.BasePageObject.waitForElementToLoad(BasePageObject.java:749)
	at org.cts.oneframework.cucumber.pages.CartesAndBadgesPage.assertCreationDeSupportTitleAndFieldsInNouvelleCartesPage(CartesAndBadgesPage.java:1136)
	at org.cts.oneframework.cucumber.stepdefinition.CartesAndBadgesStepDefs.creation_de_support_page_should_be_displayed_with_relevant_fields(CartesAndBadgesStepDefs.java:217)
	at sun.reflect.NativeMethodAccessorImpl.invoke0(Native Method)
	at sun.reflect.NativeMethodAccessorImpl.invoke(NativeMethodAccessorImpl.java:62)
	at sun.reflect.DelegatingMethodAccessorImpl.invoke(DelegatingMethodAccessorImpl.java:43)
	at java.lang.reflect.Method.invoke(Method.java:498)
	at cucumber.runtime.Utils$1.call(Utils.java:26)
	at cucumber.runtime.Timeout.timeout(Timeout.java:16)
	at cucumber.runtime.Utils.invoke(Utils.java:20)
	at cucumber.runtime.java.JavaStepDefinition.execute(JavaStepDefinition.java:49)
	at cucumber.runner.PickleStepDefinitionMatch.runStep(PickleStepDefinitionMatch.java:50)
	at cucumber.runner.TestStep.executeStep(TestStep.java:63)
	at cucumber.runner.TestStep.run(TestStep.java:49)
	at cucumber.runner.PickleStepTestStep.run(PickleStepTestStep.java:43)
	at cucumber.runner.TestCase.run(TestCase.java:44)
	at cucumber.runner.Runner.runPickle(Runner.java:40)
	at cucumber.api.testng.TestNGCucumberRunner.runScenario(TestNGCucumberRunner.java:68)
	at org.cts.oneframework.cucumber.AbstractTestNGCucumberTest.runScenario(AbstractTestNGCucumberTest.java:39)
	at sun.reflect.GeneratedMethodAccessor8.invoke(Unknown Source)
	at sun.reflect.DelegatingMethodAccessorImpl.invoke(DelegatingMethodAccessorImpl.java:43)
	at java.lang.reflect.Method.invoke(Method.java:498)
	at org.testng.internal.MethodInvocationHelper.invokeMethod(MethodInvocationHelper.java:124)
	at org.testng.internal.Invoker.invokeMethod(Invoker.java:583)
	at org.testng.internal.Invoker.invokeTestMethod(Invoker.java:719)
	at org.testng.internal.Invoker.invokeTestMethods(Invoker.java:989)
	at org.testng.internal.TestMethodWorker.invokeTestMethods(TestMethodWorker.java:125)
	at org.testng.internal.TestMethodWorker.run(TestMethodWorker.java:109)
	at java.util.concurrent.ThreadPoolExecutor.runWorker(ThreadPoolExecutor.java:1149)
	at java.util.concurrent.ThreadPoolExecutor$Worker.run(ThreadPoolExecutor.java:624)
	at java.lang.Thread.run(Thread.java:748)
</pre></div></td>
<td>324</td>
<td>org.cts.oneframework.cucumber.testrunners.SmokeSuiteRunner@370736d9</td></tr>
<tr>
<td title='org.cts.oneframework.cucumber.testrunners.SmokeSuiteRunner.runScenario()'><b>runScenario</b><br>Test class: org.cts.oneframework.cucumber.testrunners.SmokeSuiteRunner<br>Test method: Runs Cucumber Scenarios<br>Parameters: "TS_13_TC_14_Navigation to Contributor Detailed Page", "Total_Fleet_Collaborateurs"</td>
<td><div><pre>org.openqa.selenium.TimeoutException: Expected condition failed: waiting for visibility of element located by By.xpath: //*[contains(text(),&apos;Fiche collaborateur&apos;)] (tried for 200 second(s) with 1000 milliseconds interval)
	at org.openqa.selenium.support.ui.WebDriverWait.timeoutException(WebDriverWait.java:81)
	at org.openqa.selenium.support.ui.FluentWait.until(FluentWait.java:271)
	at org.cts.oneframework.utilities.BasePageObject.waitForElementToLoad(BasePageObject.java:745)
	at org.cts.oneframework.utilities.BasePageObject.waitForElementToLoad(BasePageObject.java:749)
	at org.cts.oneframework.cucumber.pages.CollaborateursPage.assertFicheCollaborateurTitleInDetailedPage(CollaborateursPage.java:391)
	at org.cts.oneframework.cucumber.stepdefinition.CollaborateursStepDefs.collaborateur_Detailed_Page_should_be_displayed(CollaborateursStepDefs.java:51)
	at ?.Collaborateur Detailed Page should be displayed with selected SelectCollaborateurNomInCollListPage and other tabs(src/test/resources/features/Collaborateurs.feature:81)
Caused by: org.openqa.selenium.NoSuchElementException: Cannot locate an element using By.xpath: //*[contains(text(),&apos;Fiche collaborateur&apos;)]
For documentation on this error, please visit: http://seleniumhq.org/exceptions/no_such_element.html
Build info: version: &apos;3.13.0&apos;, revision: &apos;2f0d292&apos;, time: &apos;2018-06-25T15:24:21.231Z&apos;
System info: host: &apos;PC339926&apos;, ip: &apos;10.219.66.4&apos;, os.name: &apos;Windows 10&apos;, os.arch: &apos;amd64&apos;, os.version: &apos;10.0&apos;, java.version: &apos;1.8.0_181&apos;
Driver info: driver.version: unknown
	at org.openqa.selenium.support.ui.ExpectedConditions.lambda$findElement$0(ExpectedConditions.java:896)
	at java.util.Optional.orElseThrow(Optional.java:290)
	at org.openqa.selenium.support.ui.ExpectedConditions.findElement(ExpectedConditions.java:895)
	at org.openqa.selenium.support.ui.ExpectedConditions.access$000(ExpectedConditions.java:44)
	at org.openqa.selenium.support.ui.ExpectedConditions$7.apply(ExpectedConditions.java:206)
	at org.openqa.selenium.support.ui.ExpectedConditions$7.apply(ExpectedConditions.java:202)
	at org.openqa.selenium.support.ui.FluentWait.until(FluentWait.java:248)
	at org.cts.oneframework.utilities.BasePageObject.waitForElementToLoad(BasePageObject.java:745)
	at org.cts.oneframework.utilities.BasePageObject.waitForElementToLoad(BasePageObject.java:749)
	at org.cts.oneframework.cucumber.pages.CollaborateursPage.assertFicheCollaborateurTitleInDetailedPage(CollaborateursPage.java:391)
	at org.cts.oneframework.cucumber.stepdefinition.CollaborateursStepDefs.collaborateur_Detailed_Page_should_be_displayed(CollaborateursStepDefs.java:51)
	at cucumber.runtime.Utils$1.call(Utils.java:26)
	at cucumber.runtime.Timeout.timeout(Timeout.java:16)
	at cucumber.runtime.Utils.invoke(Utils.java:20)
	at cucumber.runtime.java.JavaStepDefinition.execute(JavaStepDefinition.java:49)
	at cucumber.runner.PickleStepDefinitionMatch.runStep(PickleStepDefinitionMatch.java:50)
	at cucumber.runner.TestStep.executeStep(TestStep.java:63)
	at cucumber.runner.TestStep.run(TestStep.java:49)
	at cucumber.runner.PickleStepTestStep.run(PickleStepTestStep.java:43)
	at cucumber.runner.TestCase.run(TestCase.java:44)
	at cucumber.runner.Runner.runPickle(Runner.java:40)
	at cucumber.api.testng.TestNGCucumberRunner.runScenario(TestNGCucumberRunner.java:68)
	at org.cts.oneframework.cucumber.AbstractTestNGCucumberTest.runScenario(AbstractTestNGCucumberTest.java:39)
	at java.util.concurrent.ThreadPoolExecutor.runWorker(ThreadPoolExecutor.java:1149)
	at java.util.concurrent.ThreadPoolExecutor$Worker.run(ThreadPoolExecutor.java:624)
	at java.lang.Thread.run(Thread.java:748)
... Removed 13 stack frames</pre></div><a href='#' onClick='toggleBox("stack-trace2051147207", this, "Click to show all stack frames", "Click to hide stack frames")'>Click to show all stack frames</a>
<div class='stack-trace' id='stack-trace2051147207'><pre>org.openqa.selenium.TimeoutException: Expected condition failed: waiting for visibility of element located by By.xpath: //*[contains(text(),&apos;Fiche collaborateur&apos;)] (tried for 200 second(s) with 1000 milliseconds interval)
	at org.openqa.selenium.support.ui.WebDriverWait.timeoutException(WebDriverWait.java:81)
	at org.openqa.selenium.support.ui.FluentWait.until(FluentWait.java:271)
	at org.cts.oneframework.utilities.BasePageObject.waitForElementToLoad(BasePageObject.java:745)
	at org.cts.oneframework.utilities.BasePageObject.waitForElementToLoad(BasePageObject.java:749)
	at org.cts.oneframework.cucumber.pages.CollaborateursPage.assertFicheCollaborateurTitleInDetailedPage(CollaborateursPage.java:391)
	at org.cts.oneframework.cucumber.stepdefinition.CollaborateursStepDefs.collaborateur_Detailed_Page_should_be_displayed(CollaborateursStepDefs.java:51)
	at ?.Collaborateur Detailed Page should be displayed with selected SelectCollaborateurNomInCollListPage and other tabs(src/test/resources/features/Collaborateurs.feature:81)
Caused by: org.openqa.selenium.NoSuchElementException: Cannot locate an element using By.xpath: //*[contains(text(),&apos;Fiche collaborateur&apos;)]
For documentation on this error, please visit: http://seleniumhq.org/exceptions/no_such_element.html
Build info: version: &apos;3.13.0&apos;, revision: &apos;2f0d292&apos;, time: &apos;2018-06-25T15:24:21.231Z&apos;
System info: host: &apos;PC339926&apos;, ip: &apos;10.219.66.4&apos;, os.name: &apos;Windows 10&apos;, os.arch: &apos;amd64&apos;, os.version: &apos;10.0&apos;, java.version: &apos;1.8.0_181&apos;
Driver info: driver.version: unknown
	at org.openqa.selenium.support.ui.ExpectedConditions.lambda$findElement$0(ExpectedConditions.java:896)
	at java.util.Optional.orElseThrow(Optional.java:290)
	at org.openqa.selenium.support.ui.ExpectedConditions.findElement(ExpectedConditions.java:895)
	at org.openqa.selenium.support.ui.ExpectedConditions.access$000(ExpectedConditions.java:44)
	at org.openqa.selenium.support.ui.ExpectedConditions$7.apply(ExpectedConditions.java:206)
	at org.openqa.selenium.support.ui.ExpectedConditions$7.apply(ExpectedConditions.java:202)
	at org.openqa.selenium.support.ui.FluentWait.until(FluentWait.java:248)
	at org.cts.oneframework.utilities.BasePageObject.waitForElementToLoad(BasePageObject.java:745)
	at org.cts.oneframework.utilities.BasePageObject.waitForElementToLoad(BasePageObject.java:749)
	at org.cts.oneframework.cucumber.pages.CollaborateursPage.assertFicheCollaborateurTitleInDetailedPage(CollaborateursPage.java:391)
	at org.cts.oneframework.cucumber.stepdefinition.CollaborateursStepDefs.collaborateur_Detailed_Page_should_be_displayed(CollaborateursStepDefs.java:51)
	at sun.reflect.NativeMethodAccessorImpl.invoke0(Native Method)
	at sun.reflect.NativeMethodAccessorImpl.invoke(NativeMethodAccessorImpl.java:62)
	at sun.reflect.DelegatingMethodAccessorImpl.invoke(DelegatingMethodAccessorImpl.java:43)
	at java.lang.reflect.Method.invoke(Method.java:498)
	at cucumber.runtime.Utils$1.call(Utils.java:26)
	at cucumber.runtime.Timeout.timeout(Timeout.java:16)
	at cucumber.runtime.Utils.invoke(Utils.java:20)
	at cucumber.runtime.java.JavaStepDefinition.execute(JavaStepDefinition.java:49)
	at cucumber.runner.PickleStepDefinitionMatch.runStep(PickleStepDefinitionMatch.java:50)
	at cucumber.runner.TestStep.executeStep(TestStep.java:63)
	at cucumber.runner.TestStep.run(TestStep.java:49)
	at cucumber.runner.PickleStepTestStep.run(PickleStepTestStep.java:43)
	at cucumber.runner.TestCase.run(TestCase.java:44)
	at cucumber.runner.Runner.runPickle(Runner.java:40)
	at cucumber.api.testng.TestNGCucumberRunner.runScenario(TestNGCucumberRunner.java:68)
	at org.cts.oneframework.cucumber.AbstractTestNGCucumberTest.runScenario(AbstractTestNGCucumberTest.java:39)
	at sun.reflect.GeneratedMethodAccessor8.invoke(Unknown Source)
	at sun.reflect.DelegatingMethodAccessorImpl.invoke(DelegatingMethodAccessorImpl.java:43)
	at java.lang.reflect.Method.invoke(Method.java:498)
	at org.testng.internal.MethodInvocationHelper.invokeMethod(MethodInvocationHelper.java:124)
	at org.testng.internal.Invoker.invokeMethod(Invoker.java:583)
	at org.testng.internal.Invoker.invokeTestMethod(Invoker.java:719)
	at org.testng.internal.Invoker.invokeTestMethods(Invoker.java:989)
	at org.testng.internal.TestMethodWorker.invokeTestMethods(TestMethodWorker.java:125)
	at org.testng.internal.TestMethodWorker.run(TestMethodWorker.java:109)
	at java.util.concurrent.ThreadPoolExecutor.runWorker(ThreadPoolExecutor.java:1149)
	at java.util.concurrent.ThreadPoolExecutor$Worker.run(ThreadPoolExecutor.java:624)
	at java.lang.Thread.run(Thread.java:748)
</pre></div></td>
<td>279</td>
<td>org.cts.oneframework.cucumber.testrunners.SmokeSuiteRunner@370736d9</td></tr>
<tr>
<td title='org.cts.oneframework.cucumber.testrunners.SmokeSuiteRunner.runScenario()'><b>runScenario</b><br>Test class: org.cts.oneframework.cucumber.testrunners.SmokeSuiteRunner<br>Test method: Runs Cucumber Scenarios<br>Parameters: "TS_24_TC_25_Verification of excel file download from Suivi D Integration Des Factures", "Total_Fleet_Factures"</td>
<td><div><pre>java.lang.AssertionError: null
	at org.cts.oneframework.utilities.AssertionLibrary.fail(AssertionLibrary.java:298)
	at org.cts.oneframework.utilities.BasePageObject.readCSVHeader(BasePageObject.java:908)
	at org.cts.oneframework.cucumber.pages.FacturesPage.readCSVOfFichier(FacturesPage.java:343)
	at org.cts.oneframework.cucumber.stepdefinition.FacturesStepDefs.read_the_excel(FacturesStepDefs.java:117)
	at ?.read the excel as Excel_ToBeCopiedIn_Suivi_D_Int_Des_Factues and check if excel contains Header_Title_In_FichierExcel_In_Suivi_D_Int_Des_Factures_Page(src/test/resources/features/Factures.feature:93)
... Removed 2 stack frames</pre></div><a href='#' onClick='toggleBox("stack-trace761122326", this, "Click to show all stack frames", "Click to hide stack frames")'>Click to show all stack frames</a>
<div class='stack-trace' id='stack-trace761122326'><pre>java.lang.AssertionError: null
	at org.testng.Assert.fail(Assert.java:96)
	at org.testng.Assert.fail(Assert.java:103)
	at org.cts.oneframework.utilities.AssertionLibrary.fail(AssertionLibrary.java:298)
	at org.cts.oneframework.utilities.BasePageObject.readCSVHeader(BasePageObject.java:908)
	at org.cts.oneframework.cucumber.pages.FacturesPage.readCSVOfFichier(FacturesPage.java:343)
	at org.cts.oneframework.cucumber.stepdefinition.FacturesStepDefs.read_the_excel(FacturesStepDefs.java:117)
	at ?.read the excel as Excel_ToBeCopiedIn_Suivi_D_Int_Des_Factues and check if excel contains Header_Title_In_FichierExcel_In_Suivi_D_Int_Des_Factures_Page(src/test/resources/features/Factures.feature:93)
</pre></div></td>
<td>36</td>
<td>org.cts.oneframework.cucumber.testrunners.SmokeSuiteRunner@370736d9</td></tr>
<tr>
<td title='org.cts.oneframework.cucumber.testrunners.SmokeSuiteRunner.runScenario()'><b>runScenario</b><br>Test class: org.cts.oneframework.cucumber.testrunners.SmokeSuiteRunner<br>Test method: Runs Cucumber Scenarios<br>Parameters: "TS_27_TC_32_verify the filtres in all five tabs are working properly in the fiscalite portlet", "Total_Fleet_Fiscalite"</td>
<td><div><pre>org.openqa.selenium.ElementNotVisibleException: element not interactable
  (Session info: chrome=75.0.3770.90)
  (Driver info: chromedriver=2.44.609538 (b655c5a60b0b544917107a59d4153d4bf78e1b90),platform=Windows NT 10.0.17763 x86_64) (WARNING: The server did not provide any stacktrace information)
Command duration or timeout: 0 milliseconds
Build info: version: &apos;3.13.0&apos;, revision: &apos;2f0d292&apos;, time: &apos;2018-06-25T15:24:21.231Z&apos;
System info: host: &apos;PC339926&apos;, ip: &apos;10.219.66.4&apos;, os.name: &apos;Windows 10&apos;, os.arch: &apos;amd64&apos;, os.version: &apos;10.0&apos;, java.version: &apos;1.8.0_181&apos;
Driver info: org.openqa.selenium.chrome.ChromeDriver
Capabilities {acceptInsecureCerts: false, acceptSslCerts: false, applicationCacheEnabled: false, browserConnectionEnabled: false, browserName: chrome, chrome: {chromedriverVersion: 2.44.609538 (b655c5a60b0b54..., userDataDir: C:\Users\593611\AppData\Loc...}, cssSelectorsEnabled: true, databaseEnabled: false, goog:chromeOptions: {debuggerAddress: localhost:64141}, handlesAlerts: true, hasTouchScreen: false, javascriptEnabled: true, locationContextEnabled: true, mobileEmulationEnabled: false, nativeEvents: true, networkConnectionEnabled: false, pageLoadStrategy: normal, platform: XP, platformName: XP, rotatable: false, setWindowRect: true, takesHeapSnapshot: true, takesScreenshot: true, unexpectedAlertBehaviour: ignore, unhandledPromptBehavior: ignore, version: 75.0.3770.90, webStorageEnabled: true}
Session ID: bae70913bea568e37293ad44369129bd
	at org.openqa.selenium.remote.ErrorHandler.createThrowable(ErrorHandler.java:214)
	at org.openqa.selenium.remote.ErrorHandler.throwIfResponseFailed(ErrorHandler.java:166)
	at org.openqa.selenium.remote.http.JsonHttpResponseCodec.reconstructValue(JsonHttpResponseCodec.java:40)
	at org.openqa.selenium.remote.http.AbstractHttpResponseCodec.decode(AbstractHttpResponseCodec.java:80)
	at org.openqa.selenium.remote.http.AbstractHttpResponseCodec.decode(AbstractHttpResponseCodec.java:44)
	at org.openqa.selenium.remote.HttpCommandExecutor.execute(HttpCommandExecutor.java:158)
	at org.openqa.selenium.remote.service.DriverCommandExecutor.execute(DriverCommandExecutor.java:83)
	at org.openqa.selenium.remote.RemoteWebDriver.execute(RemoteWebDriver.java:548)
	at org.openqa.selenium.remote.RemoteWebElement.execute(RemoteWebElement.java:276)
	at org.openqa.selenium.remote.RemoteWebElement.click(RemoteWebElement.java:83)
	at org.cts.oneframework.utilities.BasePageObject.clickElement(BasePageObject.java:587)
	at org.cts.oneframework.utilities.BasePageObject.clickElement(BasePageObject.java:578)
	at org.cts.oneframework.cucumber.pages.FiscalitePage.clickVoirLeDetail(FiscalitePage.java:1304)
	at org.cts.oneframework.cucumber.stepdefinition.FiscaliteStepDefs.applying_the_filter_in_all_the_five_tabs_then_values_in_the_tabs_should_be_displayed_accordingly(FiscaliteStepDefs.java:135)
	at ?.applying the filter in all the five tabs then values in the tabs should be displayed accordingly EnterYearInExerciceFiscalDropdownTVSTab Select_Year_In_Du_Periode_In_AvantagesEnNatureTab Select_Month_In_Du_Periode_In_AvantagesEnNatureTab Select_Year_In_Au_Periode_In_AvantagesEnNatureTab Select_Month_In_Au_Periode_In_AvantagesEnNatureTab SelectMonthDuInPeriodeFilterTvaTab SelectYearIDunPeriodeFilterTvaTab SelectDateDuInPeriodeFilterTvaTab SelectMonthInAuPeriodeFilterTvaTab SelectYearInAuPeriodeFilterTvaTab SelectDateInAuPeriodeFilterTvaTab SelectMonthDuInDatedentreeauparFilterAndTab SelectYearIDunDatedentreeauparFilterAndTab SelectDateIDunDatedentreeauparFilterAndTab SelectMonthInAuDatedentreeauparFilterAndTab SelectYearInAuDatedentreeauparFilterAndTab SelectDateInAuDatedentreeauparFilterAndTab(src/test/resources/features/Fiscalite.feature:85)
... Removed 4 stack frames</pre></div><a href='#' onClick='toggleBox("stack-trace1418079259", this, "Click to show all stack frames", "Click to hide stack frames")'>Click to show all stack frames</a>
<div class='stack-trace' id='stack-trace1418079259'><pre>org.openqa.selenium.ElementNotVisibleException: element not interactable
  (Session info: chrome=75.0.3770.90)
  (Driver info: chromedriver=2.44.609538 (b655c5a60b0b544917107a59d4153d4bf78e1b90),platform=Windows NT 10.0.17763 x86_64) (WARNING: The server did not provide any stacktrace information)
Command duration or timeout: 0 milliseconds
Build info: version: &apos;3.13.0&apos;, revision: &apos;2f0d292&apos;, time: &apos;2018-06-25T15:24:21.231Z&apos;
System info: host: &apos;PC339926&apos;, ip: &apos;10.219.66.4&apos;, os.name: &apos;Windows 10&apos;, os.arch: &apos;amd64&apos;, os.version: &apos;10.0&apos;, java.version: &apos;1.8.0_181&apos;
Driver info: org.openqa.selenium.chrome.ChromeDriver
Capabilities {acceptInsecureCerts: false, acceptSslCerts: false, applicationCacheEnabled: false, browserConnectionEnabled: false, browserName: chrome, chrome: {chromedriverVersion: 2.44.609538 (b655c5a60b0b54..., userDataDir: C:\Users\593611\AppData\Loc...}, cssSelectorsEnabled: true, databaseEnabled: false, goog:chromeOptions: {debuggerAddress: localhost:64141}, handlesAlerts: true, hasTouchScreen: false, javascriptEnabled: true, locationContextEnabled: true, mobileEmulationEnabled: false, nativeEvents: true, networkConnectionEnabled: false, pageLoadStrategy: normal, platform: XP, platformName: XP, rotatable: false, setWindowRect: true, takesHeapSnapshot: true, takesScreenshot: true, unexpectedAlertBehaviour: ignore, unhandledPromptBehavior: ignore, version: 75.0.3770.90, webStorageEnabled: true}
Session ID: bae70913bea568e37293ad44369129bd
	at sun.reflect.NativeConstructorAccessorImpl.newInstance0(Native Method)
	at sun.reflect.NativeConstructorAccessorImpl.newInstance(NativeConstructorAccessorImpl.java:62)
	at sun.reflect.DelegatingConstructorAccessorImpl.newInstance(DelegatingConstructorAccessorImpl.java:45)
	at java.lang.reflect.Constructor.newInstance(Constructor.java:423)
	at org.openqa.selenium.remote.ErrorHandler.createThrowable(ErrorHandler.java:214)
	at org.openqa.selenium.remote.ErrorHandler.throwIfResponseFailed(ErrorHandler.java:166)
	at org.openqa.selenium.remote.http.JsonHttpResponseCodec.reconstructValue(JsonHttpResponseCodec.java:40)
	at org.openqa.selenium.remote.http.AbstractHttpResponseCodec.decode(AbstractHttpResponseCodec.java:80)
	at org.openqa.selenium.remote.http.AbstractHttpResponseCodec.decode(AbstractHttpResponseCodec.java:44)
	at org.openqa.selenium.remote.HttpCommandExecutor.execute(HttpCommandExecutor.java:158)
	at org.openqa.selenium.remote.service.DriverCommandExecutor.execute(DriverCommandExecutor.java:83)
	at org.openqa.selenium.remote.RemoteWebDriver.execute(RemoteWebDriver.java:548)
	at org.openqa.selenium.remote.RemoteWebElement.execute(RemoteWebElement.java:276)
	at org.openqa.selenium.remote.RemoteWebElement.click(RemoteWebElement.java:83)
	at org.cts.oneframework.utilities.BasePageObject.clickElement(BasePageObject.java:587)
	at org.cts.oneframework.utilities.BasePageObject.clickElement(BasePageObject.java:578)
	at org.cts.oneframework.cucumber.pages.FiscalitePage.clickVoirLeDetail(FiscalitePage.java:1304)
	at org.cts.oneframework.cucumber.stepdefinition.FiscaliteStepDefs.applying_the_filter_in_all_the_five_tabs_then_values_in_the_tabs_should_be_displayed_accordingly(FiscaliteStepDefs.java:135)
	at ?.applying the filter in all the five tabs then values in the tabs should be displayed accordingly EnterYearInExerciceFiscalDropdownTVSTab Select_Year_In_Du_Periode_In_AvantagesEnNatureTab Select_Month_In_Du_Periode_In_AvantagesEnNatureTab Select_Year_In_Au_Periode_In_AvantagesEnNatureTab Select_Month_In_Au_Periode_In_AvantagesEnNatureTab SelectMonthDuInPeriodeFilterTvaTab SelectYearIDunPeriodeFilterTvaTab SelectDateDuInPeriodeFilterTvaTab SelectMonthInAuPeriodeFilterTvaTab SelectYearInAuPeriodeFilterTvaTab SelectDateInAuPeriodeFilterTvaTab SelectMonthDuInDatedentreeauparFilterAndTab SelectYearIDunDatedentreeauparFilterAndTab SelectDateIDunDatedentreeauparFilterAndTab SelectMonthInAuDatedentreeauparFilterAndTab SelectYearInAuDatedentreeauparFilterAndTab SelectDateInAuDatedentreeauparFilterAndTab(src/test/resources/features/Fiscalite.feature:85)
</pre></div></td>
<td>26</td>
<td>org.cts.oneframework.cucumber.testrunners.SmokeSuiteRunner@370736d9</td></tr>
<tr>
<td title='org.cts.oneframework.cucumber.testrunners.SmokeSuiteRunner.runScenario()'><b>runScenario</b><br>Test class: org.cts.oneframework.cucumber.testrunners.SmokeSuiteRunner<br>Test method: Runs Cucumber Scenarios<br>Parameters: "TS_28_TC_34_Verify if the user is able to view and apply filter and download the suivi consommation aux KM report", "Total_Fleet_Rapports"</td>
<td><div><pre>java.lang.AssertionError: verify the presence of Pagination button in &apos;Suiviconsommationaux&apos; Rapport page expected [true] but found [false]
	at org.cts.oneframework.utilities.AssertionLibrary.assertTrue(AssertionLibrary.java:116)
	at org.cts.oneframework.utilities.AssertionLibrary.assertTrue(AssertionLibrary.java:131)
	at org.cts.oneframework.cucumber.pages.RapportsPage.AssetbtnPaginationInSuiviconsommationauxRapportPage(RapportsPage.java:1735)
	at org.cts.oneframework.cucumber.stepdefinition.RapportsStepDefs.user_should_verify_all_the_links_are_available_in_the_suivi_consommation_aux_km_report(RapportsStepDefs.java:106)
	at ?.system should show all the links available in the suivi consommation aux km report(src/test/resources/features/Rapports.feature:84)
... Removed 3 stack frames</pre></div><a href='#' onClick='toggleBox("stack-trace208854809", this, "Click to show all stack frames", "Click to hide stack frames")'>Click to show all stack frames</a>
<div class='stack-trace' id='stack-trace208854809'><pre>java.lang.AssertionError: verify the presence of Pagination button in &apos;Suiviconsommationaux&apos; Rapport page expected [true] but found [false]
	at org.testng.Assert.fail(Assert.java:96)
	at org.testng.Assert.failNotEquals(Assert.java:776)
	at org.testng.Assert.assertTrue(Assert.java:44)
	at org.cts.oneframework.utilities.AssertionLibrary.assertTrue(AssertionLibrary.java:116)
	at org.cts.oneframework.utilities.AssertionLibrary.assertTrue(AssertionLibrary.java:131)
	at org.cts.oneframework.cucumber.pages.RapportsPage.AssetbtnPaginationInSuiviconsommationauxRapportPage(RapportsPage.java:1735)
	at org.cts.oneframework.cucumber.stepdefinition.RapportsStepDefs.user_should_verify_all_the_links_are_available_in_the_suivi_consommation_aux_km_report(RapportsStepDefs.java:106)
	at ?.system should show all the links available in the suivi consommation aux km report(src/test/resources/features/Rapports.feature:84)
</pre></div></td>
<td>20</td>
<td>org.cts.oneframework.cucumber.testrunners.SmokeSuiteRunner@370736d9</td></tr>
<tr>
<td title='org.cts.oneframework.cucumber.testrunners.SmokeSuiteRunner.runScenario()'><b>runScenario</b><br>Test class: org.cts.oneframework.cucumber.testrunners.SmokeSuiteRunner<br>Test method: Runs Cucumber Scenarios<br>Parameters: "TS_01_TC_01_Login With Valid Credentials", "Total_Fleet_Rapports"</td>
<td><div><pre>org.openqa.selenium.TimeoutException: Expected condition failed: waiting for org.cts.oneframework.utilities.BasePageObject$1@61397b90 (tried for 200 second(s) with 1000 milliseconds interval)
	at org.openqa.selenium.support.ui.WebDriverWait.timeoutException(WebDriverWait.java:81)
	at org.openqa.selenium.support.ui.FluentWait.until(FluentWait.java:271)
	at org.cts.oneframework.utilities.BasePageObject.getElement(BasePageObject.java:115)
	at org.cts.oneframework.utilities.BasePageObject.setInputValue(BasePageObject.java:326)
	at org.cts.oneframework.utilities.BasePageObject.setInputValue(BasePageObject.java:315)
	at org.cts.oneframework.cucumber.pages.CommonPage.setEmail(CommonPage.java:52)
	at org.cts.oneframework.cucumber.stepdefinition.CommonStepDefs.user_inputs_login_credentials_and_click_se_connecter(CommonStepDefs.java:37)
	at ?.user inputs Email and Motdepasse and clicks on Se_Connecter button(src/test/resources/features/Rapports.feature:100)
Caused by: org.openqa.selenium.NoSuchElementException: no such element: Unable to locate element: {&quot;method&quot;:&quot;xpath&quot;,&quot;selector&quot;:&quot;//section[@id=&apos;container&apos;]//input[@name=&apos;username&apos;]&quot;}
  (Session info: chrome=75.0.3770.90)
  (Driver info: chromedriver=2.44.609538 (b655c5a60b0b544917107a59d4153d4bf78e1b90),platform=Windows NT 10.0.17763 x86_64) (WARNING: The server did not provide any stacktrace information)
Command duration or timeout: 0 milliseconds
For documentation on this error, please visit: http://seleniumhq.org/exceptions/no_such_element.html
Build info: version: &apos;3.13.0&apos;, revision: &apos;2f0d292&apos;, time: &apos;2018-06-25T15:24:21.231Z&apos;
System info: host: &apos;PC339926&apos;, ip: &apos;10.219.66.4&apos;, os.name: &apos;Windows 10&apos;, os.arch: &apos;amd64&apos;, os.version: &apos;10.0&apos;, java.version: &apos;1.8.0_181&apos;
Driver info: org.openqa.selenium.chrome.ChromeDriver
Capabilities {acceptInsecureCerts: false, acceptSslCerts: false, applicationCacheEnabled: false, browserConnectionEnabled: false, browserName: chrome, chrome: {chromedriverVersion: 2.44.609538 (b655c5a60b0b54..., userDataDir: C:\Users\593611\AppData\Loc...}, cssSelectorsEnabled: true, databaseEnabled: false, goog:chromeOptions: {debuggerAddress: localhost:64377}, handlesAlerts: true, hasTouchScreen: false, javascriptEnabled: true, locationContextEnabled: true, mobileEmulationEnabled: false, nativeEvents: true, networkConnectionEnabled: false, pageLoadStrategy: normal, platform: XP, platformName: XP, rotatable: false, setWindowRect: true, takesHeapSnapshot: true, takesScreenshot: true, unexpectedAlertBehaviour: ignore, unhandledPromptBehavior: ignore, version: 75.0.3770.90, webStorageEnabled: true}
Session ID: ee2e7f3e831ff6f4367452cd4b4dcb43
*** Element info: {Using=xpath, value=//section[@id=&apos;container&apos;]//input[@name=&apos;username&apos;]}
	at org.openqa.selenium.remote.ErrorHandler.createThrowable(ErrorHandler.java:214)
	at org.openqa.selenium.remote.ErrorHandler.throwIfResponseFailed(ErrorHandler.java:166)
	at org.openqa.selenium.remote.http.JsonHttpResponseCodec.reconstructValue(JsonHttpResponseCodec.java:40)
	at org.openqa.selenium.remote.http.AbstractHttpResponseCodec.decode(AbstractHttpResponseCodec.java:80)
	at org.openqa.selenium.remote.http.AbstractHttpResponseCodec.decode(AbstractHttpResponseCodec.java:44)
	at org.openqa.selenium.remote.HttpCommandExecutor.execute(HttpCommandExecutor.java:158)
	at org.openqa.selenium.remote.service.DriverCommandExecutor.execute(DriverCommandExecutor.java:83)
	at org.openqa.selenium.remote.RemoteWebDriver.execute(RemoteWebDriver.java:548)
	at org.openqa.selenium.remote.RemoteWebDriver.findElement(RemoteWebDriver.java:322)
	at org.openqa.selenium.remote.RemoteWebDriver.findElementByXPath(RemoteWebDriver.java:424)
	at org.openqa.selenium.By$ByXPath.findElement(By.java:353)
	at org.openqa.selenium.remote.RemoteWebDriver.findElement(RemoteWebDriver.java:314)
	at org.cts.oneframework.utilities.BasePageObject$1.apply(BasePageObject.java:118)
	at org.cts.oneframework.utilities.BasePageObject$1.apply(BasePageObject.java:1)
	at org.openqa.selenium.support.ui.FluentWait.until(FluentWait.java:248)
	at org.cts.oneframework.utilities.BasePageObject.getElement(BasePageObject.java:115)
	at org.cts.oneframework.utilities.BasePageObject.setInputValue(BasePageObject.java:326)
	at org.cts.oneframework.utilities.BasePageObject.setInputValue(BasePageObject.java:315)
	at org.cts.oneframework.cucumber.pages.CommonPage.setEmail(CommonPage.java:52)
	at org.cts.oneframework.cucumber.stepdefinition.CommonStepDefs.user_inputs_login_credentials_and_click_se_connecter(CommonStepDefs.java:37)
	at cucumber.runtime.Utils$1.call(Utils.java:26)
	at cucumber.runtime.Timeout.timeout(Timeout.java:16)
	at cucumber.runtime.Utils.invoke(Utils.java:20)
	at cucumber.runtime.java.JavaStepDefinition.execute(JavaStepDefinition.java:49)
	at cucumber.runner.PickleStepDefinitionMatch.runStep(PickleStepDefinitionMatch.java:50)
	at cucumber.runner.TestStep.executeStep(TestStep.java:63)
	at cucumber.runner.TestStep.run(TestStep.java:49)
	at cucumber.runner.PickleStepTestStep.run(PickleStepTestStep.java:43)
	at cucumber.runner.TestCase.run(TestCase.java:44)
	at cucumber.runner.Runner.runPickle(Runner.java:40)
	at cucumber.api.testng.TestNGCucumberRunner.runScenario(TestNGCucumberRunner.java:68)
	at org.cts.oneframework.cucumber.AbstractTestNGCucumberTest.runScenario(AbstractTestNGCucumberTest.java:39)
	at java.util.concurrent.ThreadPoolExecutor.runWorker(ThreadPoolExecutor.java:1149)
	at java.util.concurrent.ThreadPoolExecutor$Worker.run(ThreadPoolExecutor.java:624)
	at java.lang.Thread.run(Thread.java:748)
... Removed 15 stack frames</pre></div><a href='#' onClick='toggleBox("stack-trace1267656217", this, "Click to show all stack frames", "Click to hide stack frames")'>Click to show all stack frames</a>
<div class='stack-trace' id='stack-trace1267656217'><pre>org.openqa.selenium.TimeoutException: Expected condition failed: waiting for org.cts.oneframework.utilities.BasePageObject$1@61397b90 (tried for 200 second(s) with 1000 milliseconds interval)
	at org.openqa.selenium.support.ui.WebDriverWait.timeoutException(WebDriverWait.java:81)
	at org.openqa.selenium.support.ui.FluentWait.until(FluentWait.java:271)
	at org.cts.oneframework.utilities.BasePageObject.getElement(BasePageObject.java:115)
	at org.cts.oneframework.utilities.BasePageObject.setInputValue(BasePageObject.java:326)
	at org.cts.oneframework.utilities.BasePageObject.setInputValue(BasePageObject.java:315)
	at org.cts.oneframework.cucumber.pages.CommonPage.setEmail(CommonPage.java:52)
	at org.cts.oneframework.cucumber.stepdefinition.CommonStepDefs.user_inputs_login_credentials_and_click_se_connecter(CommonStepDefs.java:37)
	at ?.user inputs Email and Motdepasse and clicks on Se_Connecter button(src/test/resources/features/Rapports.feature:100)
Caused by: org.openqa.selenium.NoSuchElementException: no such element: Unable to locate element: {&quot;method&quot;:&quot;xpath&quot;,&quot;selector&quot;:&quot;//section[@id=&apos;container&apos;]//input[@name=&apos;username&apos;]&quot;}
  (Session info: chrome=75.0.3770.90)
  (Driver info: chromedriver=2.44.609538 (b655c5a60b0b544917107a59d4153d4bf78e1b90),platform=Windows NT 10.0.17763 x86_64) (WARNING: The server did not provide any stacktrace information)
Command duration or timeout: 0 milliseconds
For documentation on this error, please visit: http://seleniumhq.org/exceptions/no_such_element.html
Build info: version: &apos;3.13.0&apos;, revision: &apos;2f0d292&apos;, time: &apos;2018-06-25T15:24:21.231Z&apos;
System info: host: &apos;PC339926&apos;, ip: &apos;10.219.66.4&apos;, os.name: &apos;Windows 10&apos;, os.arch: &apos;amd64&apos;, os.version: &apos;10.0&apos;, java.version: &apos;1.8.0_181&apos;
Driver info: org.openqa.selenium.chrome.ChromeDriver
Capabilities {acceptInsecureCerts: false, acceptSslCerts: false, applicationCacheEnabled: false, browserConnectionEnabled: false, browserName: chrome, chrome: {chromedriverVersion: 2.44.609538 (b655c5a60b0b54..., userDataDir: C:\Users\593611\AppData\Loc...}, cssSelectorsEnabled: true, databaseEnabled: false, goog:chromeOptions: {debuggerAddress: localhost:64377}, handlesAlerts: true, hasTouchScreen: false, javascriptEnabled: true, locationContextEnabled: true, mobileEmulationEnabled: false, nativeEvents: true, networkConnectionEnabled: false, pageLoadStrategy: normal, platform: XP, platformName: XP, rotatable: false, setWindowRect: true, takesHeapSnapshot: true, takesScreenshot: true, unexpectedAlertBehaviour: ignore, unhandledPromptBehavior: ignore, version: 75.0.3770.90, webStorageEnabled: true}
Session ID: ee2e7f3e831ff6f4367452cd4b4dcb43
*** Element info: {Using=xpath, value=//section[@id=&apos;container&apos;]//input[@name=&apos;username&apos;]}
	at sun.reflect.GeneratedConstructorAccessor66.newInstance(Unknown Source)
	at sun.reflect.DelegatingConstructorAccessorImpl.newInstance(DelegatingConstructorAccessorImpl.java:45)
	at java.lang.reflect.Constructor.newInstance(Constructor.java:423)
	at org.openqa.selenium.remote.ErrorHandler.createThrowable(ErrorHandler.java:214)
	at org.openqa.selenium.remote.ErrorHandler.throwIfResponseFailed(ErrorHandler.java:166)
	at org.openqa.selenium.remote.http.JsonHttpResponseCodec.reconstructValue(JsonHttpResponseCodec.java:40)
	at org.openqa.selenium.remote.http.AbstractHttpResponseCodec.decode(AbstractHttpResponseCodec.java:80)
	at org.openqa.selenium.remote.http.AbstractHttpResponseCodec.decode(AbstractHttpResponseCodec.java:44)
	at org.openqa.selenium.remote.HttpCommandExecutor.execute(HttpCommandExecutor.java:158)
	at org.openqa.selenium.remote.service.DriverCommandExecutor.execute(DriverCommandExecutor.java:83)
	at org.openqa.selenium.remote.RemoteWebDriver.execute(RemoteWebDriver.java:548)
	at org.openqa.selenium.remote.RemoteWebDriver.findElement(RemoteWebDriver.java:322)
	at org.openqa.selenium.remote.RemoteWebDriver.findElementByXPath(RemoteWebDriver.java:424)
	at org.openqa.selenium.By$ByXPath.findElement(By.java:353)
	at org.openqa.selenium.remote.RemoteWebDriver.findElement(RemoteWebDriver.java:314)
	at org.cts.oneframework.utilities.BasePageObject$1.apply(BasePageObject.java:118)
	at org.cts.oneframework.utilities.BasePageObject$1.apply(BasePageObject.java:1)
	at org.openqa.selenium.support.ui.FluentWait.until(FluentWait.java:248)
	at org.cts.oneframework.utilities.BasePageObject.getElement(BasePageObject.java:115)
	at org.cts.oneframework.utilities.BasePageObject.setInputValue(BasePageObject.java:326)
	at org.cts.oneframework.utilities.BasePageObject.setInputValue(BasePageObject.java:315)
	at org.cts.oneframework.cucumber.pages.CommonPage.setEmail(CommonPage.java:52)
	at org.cts.oneframework.cucumber.stepdefinition.CommonStepDefs.user_inputs_login_credentials_and_click_se_connecter(CommonStepDefs.java:37)
	at sun.reflect.GeneratedMethodAccessor11.invoke(Unknown Source)
	at sun.reflect.DelegatingMethodAccessorImpl.invoke(DelegatingMethodAccessorImpl.java:43)
	at java.lang.reflect.Method.invoke(Method.java:498)
	at cucumber.runtime.Utils$1.call(Utils.java:26)
	at cucumber.runtime.Timeout.timeout(Timeout.java:16)
	at cucumber.runtime.Utils.invoke(Utils.java:20)
	at cucumber.runtime.java.JavaStepDefinition.execute(JavaStepDefinition.java:49)
	at cucumber.runner.PickleStepDefinitionMatch.runStep(PickleStepDefinitionMatch.java:50)
	at cucumber.runner.TestStep.executeStep(TestStep.java:63)
	at cucumber.runner.TestStep.run(TestStep.java:49)
	at cucumber.runner.PickleStepTestStep.run(PickleStepTestStep.java:43)
	at cucumber.runner.TestCase.run(TestCase.java:44)
	at cucumber.runner.Runner.runPickle(Runner.java:40)
	at cucumber.api.testng.TestNGCucumberRunner.runScenario(TestNGCucumberRunner.java:68)
	at org.cts.oneframework.cucumber.AbstractTestNGCucumberTest.runScenario(AbstractTestNGCucumberTest.java:39)
	at sun.reflect.GeneratedMethodAccessor8.invoke(Unknown Source)
	at sun.reflect.DelegatingMethodAccessorImpl.invoke(DelegatingMethodAccessorImpl.java:43)
	at java.lang.reflect.Method.invoke(Method.java:498)
	at org.testng.internal.MethodInvocationHelper.invokeMethod(MethodInvocationHelper.java:124)
	at org.testng.internal.Invoker.invokeMethod(Invoker.java:583)
	at org.testng.internal.Invoker.invokeTestMethod(Invoker.java:719)
	at org.testng.internal.Invoker.invokeTestMethods(Invoker.java:989)
	at org.testng.internal.TestMethodWorker.invokeTestMethods(TestMethodWorker.java:125)
	at org.testng.internal.TestMethodWorker.run(TestMethodWorker.java:109)
	at java.util.concurrent.ThreadPoolExecutor.runWorker(ThreadPoolExecutor.java:1149)
	at java.util.concurrent.ThreadPoolExecutor$Worker.run(ThreadPoolExecutor.java:624)
	at java.lang.Thread.run(Thread.java:748)
</pre></div></td>
<td>216</td>
<td>org.cts.oneframework.cucumber.testrunners.SmokeSuiteRunner@370736d9</td></tr>
<tr>
<td title='org.cts.oneframework.cucumber.testrunners.SmokeSuiteRunner.runScenario()'><b>runScenario</b><br>Test class: org.cts.oneframework.cucumber.testrunners.SmokeSuiteRunner<br>Test method: Runs Cucumber Scenarios<br>Parameters: "TS_28_TC_35_Verify if the user is able to view and apply filter and download the suivi budgetaire factures total report", "Total_Fleet_Rapports"</td>
<td><div><pre>org.openqa.selenium.WebDriverException: unknown error: Element &lt;a href=&quot;#null&quot; data-cc-event=&quot;click:dismiss&quot; target=&quot;_blank&quot; class=&quot;cc_btn cc_btn_accept_all&quot;&gt;...&lt;/a&gt; is not clickable at point (1259, 615). Other element would receive the click: &lt;div class=&quot;ui-widget-overlay ui-front&quot; style=&quot;z-index: 10001;&quot;&gt;&lt;/div&gt;
  (Session info: chrome=75.0.3770.90)
  (Driver info: chromedriver=2.44.609538 (b655c5a60b0b544917107a59d4153d4bf78e1b90),platform=Windows NT 10.0.17763 x86_64) (WARNING: The server did not provide any stacktrace information)
Command duration or timeout: 0 milliseconds
Build info: version: &apos;3.13.0&apos;, revision: &apos;2f0d292&apos;, time: &apos;2018-06-25T15:24:21.231Z&apos;
System info: host: &apos;PC339926&apos;, ip: &apos;10.219.66.4&apos;, os.name: &apos;Windows 10&apos;, os.arch: &apos;amd64&apos;, os.version: &apos;10.0&apos;, java.version: &apos;1.8.0_181&apos;
Driver info: org.openqa.selenium.chrome.ChromeDriver
Capabilities {acceptInsecureCerts: false, acceptSslCerts: false, applicationCacheEnabled: false, browserConnectionEnabled: false, browserName: chrome, chrome: {chromedriverVersion: 2.44.609538 (b655c5a60b0b54..., userDataDir: C:\Users\593611\AppData\Loc...}, cssSelectorsEnabled: true, databaseEnabled: false, goog:chromeOptions: {debuggerAddress: localhost:64377}, handlesAlerts: true, hasTouchScreen: false, javascriptEnabled: true, locationContextEnabled: true, mobileEmulationEnabled: false, nativeEvents: true, networkConnectionEnabled: false, pageLoadStrategy: normal, platform: XP, platformName: XP, rotatable: false, setWindowRect: true, takesHeapSnapshot: true, takesScreenshot: true, unexpectedAlertBehaviour: ignore, unhandledPromptBehavior: ignore, version: 75.0.3770.90, webStorageEnabled: true}
Session ID: ee2e7f3e831ff6f4367452cd4b4dcb43
	at org.openqa.selenium.remote.ErrorHandler.createThrowable(ErrorHandler.java:214)
	at org.openqa.selenium.remote.ErrorHandler.throwIfResponseFailed(ErrorHandler.java:166)
	at org.openqa.selenium.remote.http.JsonHttpResponseCodec.reconstructValue(JsonHttpResponseCodec.java:40)
	at org.openqa.selenium.remote.http.AbstractHttpResponseCodec.decode(AbstractHttpResponseCodec.java:80)
	at org.openqa.selenium.remote.http.AbstractHttpResponseCodec.decode(AbstractHttpResponseCodec.java:44)
	at org.openqa.selenium.remote.HttpCommandExecutor.execute(HttpCommandExecutor.java:158)
	at org.openqa.selenium.remote.service.DriverCommandExecutor.execute(DriverCommandExecutor.java:83)
	at org.openqa.selenium.remote.RemoteWebDriver.execute(RemoteWebDriver.java:548)
	at org.openqa.selenium.remote.RemoteWebElement.execute(RemoteWebElement.java:276)
	at org.openqa.selenium.remote.RemoteWebElement.click(RemoteWebElement.java:83)
	at org.cts.oneframework.utilities.BasePageObject.clickElement(BasePageObject.java:587)
	at org.cts.oneframework.utilities.BasePageObject.clickElement(BasePageObject.java:578)
	at org.cts.oneframework.cucumber.pages.CommonPage.clickAccepterToAcceptCookiesInBottomOfThePage(CommonPage.java:115)
	at org.cts.oneframework.cucumber.stepdefinition.CommonStepDefs.user_clicks_on_Accepter_in_page_footer_to_accept_cookies(CommonStepDefs.java:63)
	at ?.user clicks on Accepter in page footer to accept cookies(src/test/resources/features/Rapports.feature:113)
... Removed 4 stack frames</pre></div><a href='#' onClick='toggleBox("stack-trace237614408", this, "Click to show all stack frames", "Click to hide stack frames")'>Click to show all stack frames</a>
<div class='stack-trace' id='stack-trace237614408'><pre>org.openqa.selenium.WebDriverException: unknown error: Element &lt;a href=&quot;#null&quot; data-cc-event=&quot;click:dismiss&quot; target=&quot;_blank&quot; class=&quot;cc_btn cc_btn_accept_all&quot;&gt;...&lt;/a&gt; is not clickable at point (1259, 615). Other element would receive the click: &lt;div class=&quot;ui-widget-overlay ui-front&quot; style=&quot;z-index: 10001;&quot;&gt;&lt;/div&gt;
  (Session info: chrome=75.0.3770.90)
  (Driver info: chromedriver=2.44.609538 (b655c5a60b0b544917107a59d4153d4bf78e1b90),platform=Windows NT 10.0.17763 x86_64) (WARNING: The server did not provide any stacktrace information)
Command duration or timeout: 0 milliseconds
Build info: version: &apos;3.13.0&apos;, revision: &apos;2f0d292&apos;, time: &apos;2018-06-25T15:24:21.231Z&apos;
System info: host: &apos;PC339926&apos;, ip: &apos;10.219.66.4&apos;, os.name: &apos;Windows 10&apos;, os.arch: &apos;amd64&apos;, os.version: &apos;10.0&apos;, java.version: &apos;1.8.0_181&apos;
Driver info: org.openqa.selenium.chrome.ChromeDriver
Capabilities {acceptInsecureCerts: false, acceptSslCerts: false, applicationCacheEnabled: false, browserConnectionEnabled: false, browserName: chrome, chrome: {chromedriverVersion: 2.44.609538 (b655c5a60b0b54..., userDataDir: C:\Users\593611\AppData\Loc...}, cssSelectorsEnabled: true, databaseEnabled: false, goog:chromeOptions: {debuggerAddress: localhost:64377}, handlesAlerts: true, hasTouchScreen: false, javascriptEnabled: true, locationContextEnabled: true, mobileEmulationEnabled: false, nativeEvents: true, networkConnectionEnabled: false, pageLoadStrategy: normal, platform: XP, platformName: XP, rotatable: false, setWindowRect: true, takesHeapSnapshot: true, takesScreenshot: true, unexpectedAlertBehaviour: ignore, unhandledPromptBehavior: ignore, version: 75.0.3770.90, webStorageEnabled: true}
Session ID: ee2e7f3e831ff6f4367452cd4b4dcb43
	at sun.reflect.NativeConstructorAccessorImpl.newInstance0(Native Method)
	at sun.reflect.NativeConstructorAccessorImpl.newInstance(NativeConstructorAccessorImpl.java:62)
	at sun.reflect.DelegatingConstructorAccessorImpl.newInstance(DelegatingConstructorAccessorImpl.java:45)
	at java.lang.reflect.Constructor.newInstance(Constructor.java:423)
	at org.openqa.selenium.remote.ErrorHandler.createThrowable(ErrorHandler.java:214)
	at org.openqa.selenium.remote.ErrorHandler.throwIfResponseFailed(ErrorHandler.java:166)
	at org.openqa.selenium.remote.http.JsonHttpResponseCodec.reconstructValue(JsonHttpResponseCodec.java:40)
	at org.openqa.selenium.remote.http.AbstractHttpResponseCodec.decode(AbstractHttpResponseCodec.java:80)
	at org.openqa.selenium.remote.http.AbstractHttpResponseCodec.decode(AbstractHttpResponseCodec.java:44)
	at org.openqa.selenium.remote.HttpCommandExecutor.execute(HttpCommandExecutor.java:158)
	at org.openqa.selenium.remote.service.DriverCommandExecutor.execute(DriverCommandExecutor.java:83)
	at org.openqa.selenium.remote.RemoteWebDriver.execute(RemoteWebDriver.java:548)
	at org.openqa.selenium.remote.RemoteWebElement.execute(RemoteWebElement.java:276)
	at org.openqa.selenium.remote.RemoteWebElement.click(RemoteWebElement.java:83)
	at org.cts.oneframework.utilities.BasePageObject.clickElement(BasePageObject.java:587)
	at org.cts.oneframework.utilities.BasePageObject.clickElement(BasePageObject.java:578)
	at org.cts.oneframework.cucumber.pages.CommonPage.clickAccepterToAcceptCookiesInBottomOfThePage(CommonPage.java:115)
	at org.cts.oneframework.cucumber.stepdefinition.CommonStepDefs.user_clicks_on_Accepter_in_page_footer_to_accept_cookies(CommonStepDefs.java:63)
	at ?.user clicks on Accepter in page footer to accept cookies(src/test/resources/features/Rapports.feature:113)
</pre></div></td>
<td>2</td>
<td>org.cts.oneframework.cucumber.testrunners.SmokeSuiteRunner@370736d9</td></tr>
<tr>
<td title='org.cts.oneframework.cucumber.testrunners.SmokeSuiteRunner.runScenario()'><b>runScenario</b><br>Test class: org.cts.oneframework.cucumber.testrunners.SmokeSuiteRunner<br>Test method: Runs Cucumber Scenarios<br>Parameters: "TS_29_TC_38_Verify if the user able to apply the filter in all the four tabs in cost tracking portlet", "Total_Fleet_SuiviDesCouts"</td>
<td><div><pre>org.openqa.selenium.WebDriverException: unknown error: Element &lt;span class=&quot;cell&quot;&gt;...&lt;/span&gt; is not clickable at point (130, 165). Other element would receive the click: &lt;div class=&quot;ui-widget-overlay ui-front&quot; style=&quot;z-index: 10001;&quot;&gt;&lt;/div&gt;
  (Session info: chrome=75.0.3770.90)
  (Driver info: chromedriver=2.44.609538 (b655c5a60b0b544917107a59d4153d4bf78e1b90),platform=Windows NT 10.0.17763 x86_64) (WARNING: The server did not provide any stacktrace information)
Command duration or timeout: 0 milliseconds
Build info: version: &apos;3.13.0&apos;, revision: &apos;2f0d292&apos;, time: &apos;2018-06-25T15:24:21.231Z&apos;
System info: host: &apos;PC339926&apos;, ip: &apos;10.219.66.4&apos;, os.name: &apos;Windows 10&apos;, os.arch: &apos;amd64&apos;, os.version: &apos;10.0&apos;, java.version: &apos;1.8.0_181&apos;
Driver info: org.openqa.selenium.chrome.ChromeDriver
Capabilities {acceptInsecureCerts: false, acceptSslCerts: false, applicationCacheEnabled: false, browserConnectionEnabled: false, browserName: chrome, chrome: {chromedriverVersion: 2.44.609538 (b655c5a60b0b54..., userDataDir: C:\Users\593611\AppData\Loc...}, cssSelectorsEnabled: true, databaseEnabled: false, goog:chromeOptions: {debuggerAddress: localhost:64484}, handlesAlerts: true, hasTouchScreen: false, javascriptEnabled: true, locationContextEnabled: true, mobileEmulationEnabled: false, nativeEvents: true, networkConnectionEnabled: false, pageLoadStrategy: normal, platform: XP, platformName: XP, rotatable: false, setWindowRect: true, takesHeapSnapshot: true, takesScreenshot: true, unexpectedAlertBehaviour: ignore, unhandledPromptBehavior: ignore, version: 75.0.3770.90, webStorageEnabled: true}
Session ID: ff8622ea5b7ecc7f3072c5ae88a6659c
	at org.openqa.selenium.remote.ErrorHandler.createThrowable(ErrorHandler.java:214)
	at org.openqa.selenium.remote.ErrorHandler.throwIfResponseFailed(ErrorHandler.java:166)
	at org.openqa.selenium.remote.http.JsonHttpResponseCodec.reconstructValue(JsonHttpResponseCodec.java:40)
	at org.openqa.selenium.remote.http.AbstractHttpResponseCodec.decode(AbstractHttpResponseCodec.java:80)
	at org.openqa.selenium.remote.http.AbstractHttpResponseCodec.decode(AbstractHttpResponseCodec.java:44)
	at org.openqa.selenium.remote.HttpCommandExecutor.execute(HttpCommandExecutor.java:158)
	at org.openqa.selenium.remote.service.DriverCommandExecutor.execute(DriverCommandExecutor.java:83)
	at org.openqa.selenium.remote.RemoteWebDriver.execute(RemoteWebDriver.java:548)
	at org.openqa.selenium.remote.RemoteWebElement.execute(RemoteWebElement.java:276)
	at org.openqa.selenium.remote.RemoteWebElement.click(RemoteWebElement.java:83)
	at org.cts.oneframework.utilities.BasePageObject.clickElement(BasePageObject.java:587)
	at org.cts.oneframework.utilities.BasePageObject.clickElement(BasePageObject.java:578)
	at org.cts.oneframework.cucumber.pages.SuiviDesCoutsPage.click_suiviDesCouts_leftPane(SuiviDesCoutsPage.java:95)
	at org.cts.oneframework.cucumber.stepdefinition.SuiviDesCoutsStepDefs.user_clicks_on_suivi_des_couts_in_left_pane(SuiviDesCoutsStepDefs.java:22)
	at ?.user clicks on suivi des couts in left pane(src/test/resources/features/SuiviDesCouts.feature:53)
... Removed 4 stack frames</pre></div><a href='#' onClick='toggleBox("stack-trace140094326", this, "Click to show all stack frames", "Click to hide stack frames")'>Click to show all stack frames</a>
<div class='stack-trace' id='stack-trace140094326'><pre>org.openqa.selenium.WebDriverException: unknown error: Element &lt;span class=&quot;cell&quot;&gt;...&lt;/span&gt; is not clickable at point (130, 165). Other element would receive the click: &lt;div class=&quot;ui-widget-overlay ui-front&quot; style=&quot;z-index: 10001;&quot;&gt;&lt;/div&gt;
  (Session info: chrome=75.0.3770.90)
  (Driver info: chromedriver=2.44.609538 (b655c5a60b0b544917107a59d4153d4bf78e1b90),platform=Windows NT 10.0.17763 x86_64) (WARNING: The server did not provide any stacktrace information)
Command duration or timeout: 0 milliseconds
Build info: version: &apos;3.13.0&apos;, revision: &apos;2f0d292&apos;, time: &apos;2018-06-25T15:24:21.231Z&apos;
System info: host: &apos;PC339926&apos;, ip: &apos;10.219.66.4&apos;, os.name: &apos;Windows 10&apos;, os.arch: &apos;amd64&apos;, os.version: &apos;10.0&apos;, java.version: &apos;1.8.0_181&apos;
Driver info: org.openqa.selenium.chrome.ChromeDriver
Capabilities {acceptInsecureCerts: false, acceptSslCerts: false, applicationCacheEnabled: false, browserConnectionEnabled: false, browserName: chrome, chrome: {chromedriverVersion: 2.44.609538 (b655c5a60b0b54..., userDataDir: C:\Users\593611\AppData\Loc...}, cssSelectorsEnabled: true, databaseEnabled: false, goog:chromeOptions: {debuggerAddress: localhost:64484}, handlesAlerts: true, hasTouchScreen: false, javascriptEnabled: true, locationContextEnabled: true, mobileEmulationEnabled: false, nativeEvents: true, networkConnectionEnabled: false, pageLoadStrategy: normal, platform: XP, platformName: XP, rotatable: false, setWindowRect: true, takesHeapSnapshot: true, takesScreenshot: true, unexpectedAlertBehaviour: ignore, unhandledPromptBehavior: ignore, version: 75.0.3770.90, webStorageEnabled: true}
Session ID: ff8622ea5b7ecc7f3072c5ae88a6659c
	at sun.reflect.NativeConstructorAccessorImpl.newInstance0(Native Method)
	at sun.reflect.NativeConstructorAccessorImpl.newInstance(NativeConstructorAccessorImpl.java:62)
	at sun.reflect.DelegatingConstructorAccessorImpl.newInstance(DelegatingConstructorAccessorImpl.java:45)
	at java.lang.reflect.Constructor.newInstance(Constructor.java:423)
	at org.openqa.selenium.remote.ErrorHandler.createThrowable(ErrorHandler.java:214)
	at org.openqa.selenium.remote.ErrorHandler.throwIfResponseFailed(ErrorHandler.java:166)
	at org.openqa.selenium.remote.http.JsonHttpResponseCodec.reconstructValue(JsonHttpResponseCodec.java:40)
	at org.openqa.selenium.remote.http.AbstractHttpResponseCodec.decode(AbstractHttpResponseCodec.java:80)
	at org.openqa.selenium.remote.http.AbstractHttpResponseCodec.decode(AbstractHttpResponseCodec.java:44)
	at org.openqa.selenium.remote.HttpCommandExecutor.execute(HttpCommandExecutor.java:158)
	at org.openqa.selenium.remote.service.DriverCommandExecutor.execute(DriverCommandExecutor.java:83)
	at org.openqa.selenium.remote.RemoteWebDriver.execute(RemoteWebDriver.java:548)
	at org.openqa.selenium.remote.RemoteWebElement.execute(RemoteWebElement.java:276)
	at org.openqa.selenium.remote.RemoteWebElement.click(RemoteWebElement.java:83)
	at org.cts.oneframework.utilities.BasePageObject.clickElement(BasePageObject.java:587)
	at org.cts.oneframework.utilities.BasePageObject.clickElement(BasePageObject.java:578)
	at org.cts.oneframework.cucumber.pages.SuiviDesCoutsPage.click_suiviDesCouts_leftPane(SuiviDesCoutsPage.java:95)
	at org.cts.oneframework.cucumber.stepdefinition.SuiviDesCoutsStepDefs.user_clicks_on_suivi_des_couts_in_left_pane(SuiviDesCoutsStepDefs.java:22)
	at ?.user clicks on suivi des couts in left pane(src/test/resources/features/SuiviDesCouts.feature:53)
</pre></div></td>
<td>2</td>
<td>org.cts.oneframework.cucumber.testrunners.SmokeSuiteRunner@370736d9</td></tr>
<tr>
<td title='org.cts.oneframework.cucumber.testrunners.SmokeSuiteRunner.runScenario()'><b>runScenario</b><br>Test class: org.cts.oneframework.cucumber.testrunners.SmokeSuiteRunner<br>Test method: Runs Cucumber Scenarios<br>Parameters: "TS_29_TC_37_Verify excel download in Evolution Des Couts in Suivi Des Couts page", "Total_Fleet_SuiviDesCouts"</td>
<td><div><pre>org.openqa.selenium.WebDriverException: unknown error: Element &lt;a class=&quot; accueil active&quot; aria-labelledby=&quot;layout_3&quot; href=&quot;https://fleetonline.pprod.uap.total.com/private/guest/home&quot; role=&quot;menuitem&quot;&gt;...&lt;/a&gt; is not clickable at point (110, 108). Other element would receive the click: &lt;div class=&quot;ui-widget-overlay ui-front&quot; style=&quot;z-index: 10001;&quot;&gt;&lt;/div&gt;
  (Session info: chrome=75.0.3770.90)
  (Driver info: chromedriver=2.44.609538 (b655c5a60b0b544917107a59d4153d4bf78e1b90),platform=Windows NT 10.0.17763 x86_64) (WARNING: The server did not provide any stacktrace information)
Command duration or timeout: 0 milliseconds
Build info: version: &apos;3.13.0&apos;, revision: &apos;2f0d292&apos;, time: &apos;2018-06-25T15:24:21.231Z&apos;
System info: host: &apos;PC339926&apos;, ip: &apos;10.219.66.4&apos;, os.name: &apos;Windows 10&apos;, os.arch: &apos;amd64&apos;, os.version: &apos;10.0&apos;, java.version: &apos;1.8.0_181&apos;
Driver info: org.openqa.selenium.chrome.ChromeDriver
Capabilities {acceptInsecureCerts: false, acceptSslCerts: false, applicationCacheEnabled: false, browserConnectionEnabled: false, browserName: chrome, chrome: {chromedriverVersion: 2.44.609538 (b655c5a60b0b54..., userDataDir: C:\Users\593611\AppData\Loc...}, cssSelectorsEnabled: true, databaseEnabled: false, goog:chromeOptions: {debuggerAddress: localhost:64484}, handlesAlerts: true, hasTouchScreen: false, javascriptEnabled: true, locationContextEnabled: true, mobileEmulationEnabled: false, nativeEvents: true, networkConnectionEnabled: false, pageLoadStrategy: normal, platform: XP, platformName: XP, rotatable: false, setWindowRect: true, takesHeapSnapshot: true, takesScreenshot: true, unexpectedAlertBehaviour: ignore, unhandledPromptBehavior: ignore, version: 75.0.3770.90, webStorageEnabled: true}
Session ID: ff8622ea5b7ecc7f3072c5ae88a6659c
	at org.openqa.selenium.remote.ErrorHandler.createThrowable(ErrorHandler.java:214)
	at org.openqa.selenium.remote.ErrorHandler.throwIfResponseFailed(ErrorHandler.java:166)
	at org.openqa.selenium.remote.http.JsonHttpResponseCodec.reconstructValue(JsonHttpResponseCodec.java:40)
	at org.openqa.selenium.remote.http.AbstractHttpResponseCodec.decode(AbstractHttpResponseCodec.java:80)
	at org.openqa.selenium.remote.http.AbstractHttpResponseCodec.decode(AbstractHttpResponseCodec.java:44)
	at org.openqa.selenium.remote.HttpCommandExecutor.execute(HttpCommandExecutor.java:158)
	at org.openqa.selenium.remote.service.DriverCommandExecutor.execute(DriverCommandExecutor.java:83)
	at org.openqa.selenium.remote.RemoteWebDriver.execute(RemoteWebDriver.java:548)
	at org.openqa.selenium.remote.RemoteWebElement.execute(RemoteWebElement.java:276)
	at org.openqa.selenium.remote.RemoteWebElement.click(RemoteWebElement.java:83)
	at org.cts.oneframework.utilities.BasePageObject.clickElement(BasePageObject.java:587)
	at org.cts.oneframework.utilities.BasePageObject.clickElement(BasePageObject.java:578)
	at org.cts.oneframework.cucumber.pages.CommonPage.clickAccueilLinkInLeftPane(CommonPage.java:101)
	at org.cts.oneframework.cucumber.stepdefinition.CommonStepDefs.user_clicks_on_Accueil_in_left_pane_total_home_page_should_be_displayed(CommonStepDefs.java:54)
	at ?.user clicks on Accueil in left pane total home page should be displayed(src/test/resources/features/SuiviDesCouts.feature:66)
... Removed 4 stack frames</pre></div><a href='#' onClick='toggleBox("stack-trace2018168552", this, "Click to show all stack frames", "Click to hide stack frames")'>Click to show all stack frames</a>
<div class='stack-trace' id='stack-trace2018168552'><pre>org.openqa.selenium.WebDriverException: unknown error: Element &lt;a class=&quot; accueil active&quot; aria-labelledby=&quot;layout_3&quot; href=&quot;https://fleetonline.pprod.uap.total.com/private/guest/home&quot; role=&quot;menuitem&quot;&gt;...&lt;/a&gt; is not clickable at point (110, 108). Other element would receive the click: &lt;div class=&quot;ui-widget-overlay ui-front&quot; style=&quot;z-index: 10001;&quot;&gt;&lt;/div&gt;
  (Session info: chrome=75.0.3770.90)
  (Driver info: chromedriver=2.44.609538 (b655c5a60b0b544917107a59d4153d4bf78e1b90),platform=Windows NT 10.0.17763 x86_64) (WARNING: The server did not provide any stacktrace information)
Command duration or timeout: 0 milliseconds
Build info: version: &apos;3.13.0&apos;, revision: &apos;2f0d292&apos;, time: &apos;2018-06-25T15:24:21.231Z&apos;
System info: host: &apos;PC339926&apos;, ip: &apos;10.219.66.4&apos;, os.name: &apos;Windows 10&apos;, os.arch: &apos;amd64&apos;, os.version: &apos;10.0&apos;, java.version: &apos;1.8.0_181&apos;
Driver info: org.openqa.selenium.chrome.ChromeDriver
Capabilities {acceptInsecureCerts: false, acceptSslCerts: false, applicationCacheEnabled: false, browserConnectionEnabled: false, browserName: chrome, chrome: {chromedriverVersion: 2.44.609538 (b655c5a60b0b54..., userDataDir: C:\Users\593611\AppData\Loc...}, cssSelectorsEnabled: true, databaseEnabled: false, goog:chromeOptions: {debuggerAddress: localhost:64484}, handlesAlerts: true, hasTouchScreen: false, javascriptEnabled: true, locationContextEnabled: true, mobileEmulationEnabled: false, nativeEvents: true, networkConnectionEnabled: false, pageLoadStrategy: normal, platform: XP, platformName: XP, rotatable: false, setWindowRect: true, takesHeapSnapshot: true, takesScreenshot: true, unexpectedAlertBehaviour: ignore, unhandledPromptBehavior: ignore, version: 75.0.3770.90, webStorageEnabled: true}
Session ID: ff8622ea5b7ecc7f3072c5ae88a6659c
	at sun.reflect.NativeConstructorAccessorImpl.newInstance0(Native Method)
	at sun.reflect.NativeConstructorAccessorImpl.newInstance(NativeConstructorAccessorImpl.java:62)
	at sun.reflect.DelegatingConstructorAccessorImpl.newInstance(DelegatingConstructorAccessorImpl.java:45)
	at java.lang.reflect.Constructor.newInstance(Constructor.java:423)
	at org.openqa.selenium.remote.ErrorHandler.createThrowable(ErrorHandler.java:214)
	at org.openqa.selenium.remote.ErrorHandler.throwIfResponseFailed(ErrorHandler.java:166)
	at org.openqa.selenium.remote.http.JsonHttpResponseCodec.reconstructValue(JsonHttpResponseCodec.java:40)
	at org.openqa.selenium.remote.http.AbstractHttpResponseCodec.decode(AbstractHttpResponseCodec.java:80)
	at org.openqa.selenium.remote.http.AbstractHttpResponseCodec.decode(AbstractHttpResponseCodec.java:44)
	at org.openqa.selenium.remote.HttpCommandExecutor.execute(HttpCommandExecutor.java:158)
	at org.openqa.selenium.remote.service.DriverCommandExecutor.execute(DriverCommandExecutor.java:83)
	at org.openqa.selenium.remote.RemoteWebDriver.execute(RemoteWebDriver.java:548)
	at org.openqa.selenium.remote.RemoteWebElement.execute(RemoteWebElement.java:276)
	at org.openqa.selenium.remote.RemoteWebElement.click(RemoteWebElement.java:83)
	at org.cts.oneframework.utilities.BasePageObject.clickElement(BasePageObject.java:587)
	at org.cts.oneframework.utilities.BasePageObject.clickElement(BasePageObject.java:578)
	at org.cts.oneframework.cucumber.pages.CommonPage.clickAccueilLinkInLeftPane(CommonPage.java:101)
	at org.cts.oneframework.cucumber.stepdefinition.CommonStepDefs.user_clicks_on_Accueil_in_left_pane_total_home_page_should_be_displayed(CommonStepDefs.java:54)
	at ?.user clicks on Accueil in left pane total home page should be displayed(src/test/resources/features/SuiviDesCouts.feature:66)
</pre></div></td>
<td>0</td>
<td>org.cts.oneframework.cucumber.testrunners.SmokeSuiteRunner@370736d9</td></tr>
<tr>
<td title='org.cts.oneframework.cucumber.testrunners.SmokeSuiteRunner.runScenario()'><b>runScenario</b><br>Test class: org.cts.oneframework.cucumber.testrunners.SmokeSuiteRunner<br>Test method: Runs Cucumber Scenarios<br>Parameters: "TS_29_TC_37_Verify excel download in Couts Moyens Par Collaborateur in Suivi Des Couts page", "Total_Fleet_SuiviDesCouts"</td>
<td><div><pre>org.openqa.selenium.TimeoutException: Expected condition failed: waiting for org.cts.oneframework.utilities.BasePageObject$1@7d44cb (tried for 200 second(s) with 1000 milliseconds interval)
	at org.openqa.selenium.support.ui.WebDriverWait.timeoutException(WebDriverWait.java:81)
	at org.openqa.selenium.support.ui.FluentWait.until(FluentWait.java:271)
	at org.cts.oneframework.utilities.BasePageObject.getElement(BasePageObject.java:115)
	at org.cts.oneframework.utilities.BasePageObject.clickElement(BasePageObject.java:587)
	at org.cts.oneframework.utilities.BasePageObject.clickElement(BasePageObject.java:578)
	at org.cts.oneframework.cucumber.pages.SuiviDesCoutsPage.click_coutsMoyensParCollaborateurTTCTab_SuiviDesCouts(SuiviDesCoutsPage.java:464)
	at org.cts.oneframework.cucumber.stepdefinition.SuiviDesCoutsStepDefs.couts_moyens_par_collaborateur_tab_clicked(SuiviDesCoutsStepDefs.java:104)
	at ?.couts moyens par collaborateur tab is selected(src/test/resources/features/SuiviDesCouts.feature:82)
Caused by: org.openqa.selenium.NoSuchElementException: no such element: Unable to locate element: {&quot;method&quot;:&quot;xpath&quot;,&quot;selector&quot;:&quot;//*[contains(text(),&apos;Cots moyens par collaborateur (TTC)&apos;)]&quot;}
  (Session info: chrome=75.0.3770.90)
  (Driver info: chromedriver=2.44.609538 (b655c5a60b0b544917107a59d4153d4bf78e1b90),platform=Windows NT 10.0.17763 x86_64) (WARNING: The server did not provide any stacktrace information)
Command duration or timeout: 0 milliseconds
For documentation on this error, please visit: http://seleniumhq.org/exceptions/no_such_element.html
Build info: version: &apos;3.13.0&apos;, revision: &apos;2f0d292&apos;, time: &apos;2018-06-25T15:24:21.231Z&apos;
System info: host: &apos;PC339926&apos;, ip: &apos;10.219.66.4&apos;, os.name: &apos;Windows 10&apos;, os.arch: &apos;amd64&apos;, os.version: &apos;10.0&apos;, java.version: &apos;1.8.0_181&apos;
Driver info: org.openqa.selenium.chrome.ChromeDriver
Capabilities {acceptInsecureCerts: false, acceptSslCerts: false, applicationCacheEnabled: false, browserConnectionEnabled: false, browserName: chrome, chrome: {chromedriverVersion: 2.44.609538 (b655c5a60b0b54..., userDataDir: C:\Users\593611\AppData\Loc...}, cssSelectorsEnabled: true, databaseEnabled: false, goog:chromeOptions: {debuggerAddress: localhost:64484}, handlesAlerts: true, hasTouchScreen: false, javascriptEnabled: true, locationContextEnabled: true, mobileEmulationEnabled: false, nativeEvents: true, networkConnectionEnabled: false, pageLoadStrategy: normal, platform: XP, platformName: XP, rotatable: false, setWindowRect: true, takesHeapSnapshot: true, takesScreenshot: true, unexpectedAlertBehaviour: ignore, unhandledPromptBehavior: ignore, version: 75.0.3770.90, webStorageEnabled: true}
Session ID: ff8622ea5b7ecc7f3072c5ae88a6659c
*** Element info: {Using=xpath, value=//*[contains(text(),&apos;Cots moyens par collaborateur (TTC)&apos;)]}
	at org.openqa.selenium.remote.ErrorHandler.createThrowable(ErrorHandler.java:214)
	at org.openqa.selenium.remote.ErrorHandler.throwIfResponseFailed(ErrorHandler.java:166)
	at org.openqa.selenium.remote.http.JsonHttpResponseCodec.reconstructValue(JsonHttpResponseCodec.java:40)
	at org.openqa.selenium.remote.http.AbstractHttpResponseCodec.decode(AbstractHttpResponseCodec.java:80)
	at org.openqa.selenium.remote.http.AbstractHttpResponseCodec.decode(AbstractHttpResponseCodec.java:44)
	at org.openqa.selenium.remote.HttpCommandExecutor.execute(HttpCommandExecutor.java:158)
	at org.openqa.selenium.remote.service.DriverCommandExecutor.execute(DriverCommandExecutor.java:83)
	at org.openqa.selenium.remote.RemoteWebDriver.execute(RemoteWebDriver.java:548)
	at org.openqa.selenium.remote.RemoteWebDriver.findElement(RemoteWebDriver.java:322)
	at org.openqa.selenium.remote.RemoteWebDriver.findElementByXPath(RemoteWebDriver.java:424)
	at org.openqa.selenium.By$ByXPath.findElement(By.java:353)
	at org.openqa.selenium.remote.RemoteWebDriver.findElement(RemoteWebDriver.java:314)
	at org.cts.oneframework.utilities.BasePageObject$1.apply(BasePageObject.java:118)
	at org.cts.oneframework.utilities.BasePageObject$1.apply(BasePageObject.java:1)
	at org.openqa.selenium.support.ui.FluentWait.until(FluentWait.java:248)
	at org.cts.oneframework.utilities.BasePageObject.getElement(BasePageObject.java:115)
	at org.cts.oneframework.utilities.BasePageObject.clickElement(BasePageObject.java:587)
	at org.cts.oneframework.utilities.BasePageObject.clickElement(BasePageObject.java:578)
	at org.cts.oneframework.cucumber.pages.SuiviDesCoutsPage.click_coutsMoyensParCollaborateurTTCTab_SuiviDesCouts(SuiviDesCoutsPage.java:464)
	at org.cts.oneframework.cucumber.stepdefinition.SuiviDesCoutsStepDefs.couts_moyens_par_collaborateur_tab_clicked(SuiviDesCoutsStepDefs.java:104)
	at cucumber.runtime.Utils$1.call(Utils.java:26)
	at cucumber.runtime.Timeout.timeout(Timeout.java:16)
	at cucumber.runtime.Utils.invoke(Utils.java:20)
	at cucumber.runtime.java.JavaStepDefinition.execute(JavaStepDefinition.java:49)
	at cucumber.runner.PickleStepDefinitionMatch.runStep(PickleStepDefinitionMatch.java:50)
	at cucumber.runner.TestStep.executeStep(TestStep.java:63)
	at cucumber.runner.TestStep.run(TestStep.java:49)
	at cucumber.runner.PickleStepTestStep.run(PickleStepTestStep.java:43)
	at cucumber.runner.TestCase.run(TestCase.java:44)
	at cucumber.runner.Runner.runPickle(Runner.java:40)
	at cucumber.api.testng.TestNGCucumberRunner.runScenario(TestNGCucumberRunner.java:68)
	at org.cts.oneframework.cucumber.AbstractTestNGCucumberTest.runScenario(AbstractTestNGCucumberTest.java:39)
	at java.util.concurrent.ThreadPoolExecutor.runWorker(ThreadPoolExecutor.java:1149)
	at java.util.concurrent.ThreadPoolExecutor$Worker.run(ThreadPoolExecutor.java:624)
	at java.lang.Thread.run(Thread.java:748)
... Removed 16 stack frames</pre></div><a href='#' onClick='toggleBox("stack-trace1354237753", this, "Click to show all stack frames", "Click to hide stack frames")'>Click to show all stack frames</a>
<div class='stack-trace' id='stack-trace1354237753'><pre>org.openqa.selenium.TimeoutException: Expected condition failed: waiting for org.cts.oneframework.utilities.BasePageObject$1@7d44cb (tried for 200 second(s) with 1000 milliseconds interval)
	at org.openqa.selenium.support.ui.WebDriverWait.timeoutException(WebDriverWait.java:81)
	at org.openqa.selenium.support.ui.FluentWait.until(FluentWait.java:271)
	at org.cts.oneframework.utilities.BasePageObject.getElement(BasePageObject.java:115)
	at org.cts.oneframework.utilities.BasePageObject.clickElement(BasePageObject.java:587)
	at org.cts.oneframework.utilities.BasePageObject.clickElement(BasePageObject.java:578)
	at org.cts.oneframework.cucumber.pages.SuiviDesCoutsPage.click_coutsMoyensParCollaborateurTTCTab_SuiviDesCouts(SuiviDesCoutsPage.java:464)
	at org.cts.oneframework.cucumber.stepdefinition.SuiviDesCoutsStepDefs.couts_moyens_par_collaborateur_tab_clicked(SuiviDesCoutsStepDefs.java:104)
	at ?.couts moyens par collaborateur tab is selected(src/test/resources/features/SuiviDesCouts.feature:82)
Caused by: org.openqa.selenium.NoSuchElementException: no such element: Unable to locate element: {&quot;method&quot;:&quot;xpath&quot;,&quot;selector&quot;:&quot;//*[contains(text(),&apos;Cots moyens par collaborateur (TTC)&apos;)]&quot;}
  (Session info: chrome=75.0.3770.90)
  (Driver info: chromedriver=2.44.609538 (b655c5a60b0b544917107a59d4153d4bf78e1b90),platform=Windows NT 10.0.17763 x86_64) (WARNING: The server did not provide any stacktrace information)
Command duration or timeout: 0 milliseconds
For documentation on this error, please visit: http://seleniumhq.org/exceptions/no_such_element.html
Build info: version: &apos;3.13.0&apos;, revision: &apos;2f0d292&apos;, time: &apos;2018-06-25T15:24:21.231Z&apos;
System info: host: &apos;PC339926&apos;, ip: &apos;10.219.66.4&apos;, os.name: &apos;Windows 10&apos;, os.arch: &apos;amd64&apos;, os.version: &apos;10.0&apos;, java.version: &apos;1.8.0_181&apos;
Driver info: org.openqa.selenium.chrome.ChromeDriver
Capabilities {acceptInsecureCerts: false, acceptSslCerts: false, applicationCacheEnabled: false, browserConnectionEnabled: false, browserName: chrome, chrome: {chromedriverVersion: 2.44.609538 (b655c5a60b0b54..., userDataDir: C:\Users\593611\AppData\Loc...}, cssSelectorsEnabled: true, databaseEnabled: false, goog:chromeOptions: {debuggerAddress: localhost:64484}, handlesAlerts: true, hasTouchScreen: false, javascriptEnabled: true, locationContextEnabled: true, mobileEmulationEnabled: false, nativeEvents: true, networkConnectionEnabled: false, pageLoadStrategy: normal, platform: XP, platformName: XP, rotatable: false, setWindowRect: true, takesHeapSnapshot: true, takesScreenshot: true, unexpectedAlertBehaviour: ignore, unhandledPromptBehavior: ignore, version: 75.0.3770.90, webStorageEnabled: true}
Session ID: ff8622ea5b7ecc7f3072c5ae88a6659c
*** Element info: {Using=xpath, value=//*[contains(text(),&apos;Cots moyens par collaborateur (TTC)&apos;)]}
	at sun.reflect.GeneratedConstructorAccessor66.newInstance(Unknown Source)
	at sun.reflect.DelegatingConstructorAccessorImpl.newInstance(DelegatingConstructorAccessorImpl.java:45)
	at java.lang.reflect.Constructor.newInstance(Constructor.java:423)
	at org.openqa.selenium.remote.ErrorHandler.createThrowable(ErrorHandler.java:214)
	at org.openqa.selenium.remote.ErrorHandler.throwIfResponseFailed(ErrorHandler.java:166)
	at org.openqa.selenium.remote.http.JsonHttpResponseCodec.reconstructValue(JsonHttpResponseCodec.java:40)
	at org.openqa.selenium.remote.http.AbstractHttpResponseCodec.decode(AbstractHttpResponseCodec.java:80)
	at org.openqa.selenium.remote.http.AbstractHttpResponseCodec.decode(AbstractHttpResponseCodec.java:44)
	at org.openqa.selenium.remote.HttpCommandExecutor.execute(HttpCommandExecutor.java:158)
	at org.openqa.selenium.remote.service.DriverCommandExecutor.execute(DriverCommandExecutor.java:83)
	at org.openqa.selenium.remote.RemoteWebDriver.execute(RemoteWebDriver.java:548)
	at org.openqa.selenium.remote.RemoteWebDriver.findElement(RemoteWebDriver.java:322)
	at org.openqa.selenium.remote.RemoteWebDriver.findElementByXPath(RemoteWebDriver.java:424)
	at org.openqa.selenium.By$ByXPath.findElement(By.java:353)
	at org.openqa.selenium.remote.RemoteWebDriver.findElement(RemoteWebDriver.java:314)
	at org.cts.oneframework.utilities.BasePageObject$1.apply(BasePageObject.java:118)
	at org.cts.oneframework.utilities.BasePageObject$1.apply(BasePageObject.java:1)
	at org.openqa.selenium.support.ui.FluentWait.until(FluentWait.java:248)
	at org.cts.oneframework.utilities.BasePageObject.getElement(BasePageObject.java:115)
	at org.cts.oneframework.utilities.BasePageObject.clickElement(BasePageObject.java:587)
	at org.cts.oneframework.utilities.BasePageObject.clickElement(BasePageObject.java:578)
	at org.cts.oneframework.cucumber.pages.SuiviDesCoutsPage.click_coutsMoyensParCollaborateurTTCTab_SuiviDesCouts(SuiviDesCoutsPage.java:464)
	at org.cts.oneframework.cucumber.stepdefinition.SuiviDesCoutsStepDefs.couts_moyens_par_collaborateur_tab_clicked(SuiviDesCoutsStepDefs.java:104)
	at sun.reflect.NativeMethodAccessorImpl.invoke0(Native Method)
	at sun.reflect.NativeMethodAccessorImpl.invoke(NativeMethodAccessorImpl.java:62)
	at sun.reflect.DelegatingMethodAccessorImpl.invoke(DelegatingMethodAccessorImpl.java:43)
	at java.lang.reflect.Method.invoke(Method.java:498)
	at cucumber.runtime.Utils$1.call(Utils.java:26)
	at cucumber.runtime.Timeout.timeout(Timeout.java:16)
	at cucumber.runtime.Utils.invoke(Utils.java:20)
	at cucumber.runtime.java.JavaStepDefinition.execute(JavaStepDefinition.java:49)
	at cucumber.runner.PickleStepDefinitionMatch.runStep(PickleStepDefinitionMatch.java:50)
	at cucumber.runner.TestStep.executeStep(TestStep.java:63)
	at cucumber.runner.TestStep.run(TestStep.java:49)
	at cucumber.runner.PickleStepTestStep.run(PickleStepTestStep.java:43)
	at cucumber.runner.TestCase.run(TestCase.java:44)
	at cucumber.runner.Runner.runPickle(Runner.java:40)
	at cucumber.api.testng.TestNGCucumberRunner.runScenario(TestNGCucumberRunner.java:68)
	at org.cts.oneframework.cucumber.AbstractTestNGCucumberTest.runScenario(AbstractTestNGCucumberTest.java:39)
	at sun.reflect.GeneratedMethodAccessor8.invoke(Unknown Source)
	at sun.reflect.DelegatingMethodAccessorImpl.invoke(DelegatingMethodAccessorImpl.java:43)
	at java.lang.reflect.Method.invoke(Method.java:498)
	at org.testng.internal.MethodInvocationHelper.invokeMethod(MethodInvocationHelper.java:124)
	at org.testng.internal.Invoker.invokeMethod(Invoker.java:583)
	at org.testng.internal.Invoker.invokeTestMethod(Invoker.java:719)
	at org.testng.internal.Invoker.invokeTestMethods(Invoker.java:989)
	at org.testng.internal.TestMethodWorker.invokeTestMethods(TestMethodWorker.java:125)
	at org.testng.internal.TestMethodWorker.run(TestMethodWorker.java:109)
	at java.util.concurrent.ThreadPoolExecutor.runWorker(ThreadPoolExecutor.java:1149)
	at java.util.concurrent.ThreadPoolExecutor$Worker.run(ThreadPoolExecutor.java:624)
	at java.lang.Thread.run(Thread.java:748)
</pre></div></td>
<td>2506</td>
<td>org.cts.oneframework.cucumber.testrunners.SmokeSuiteRunner@370736d9</td></tr>
<tr>
<td title='org.cts.oneframework.cucumber.testrunners.SmokeSuiteRunner.runScenario()'><b>runScenario</b><br>Test class: org.cts.oneframework.cucumber.testrunners.SmokeSuiteRunner<br>Test method: Runs Cucumber Scenarios<br>Parameters: "TS_29_TC_37_Verify excel download in Couts Moyens Par Vehicule in Suivi Des Couts page", "Total_Fleet_SuiviDesCouts"</td>
<td><div><pre>org.openqa.selenium.TimeoutException: Expected condition failed: waiting for org.cts.oneframework.utilities.BasePageObject$1@e2cd693 (tried for 200 second(s) with 1000 milliseconds interval)
Build info: version: &apos;3.13.0&apos;, revision: &apos;2f0d292&apos;, time: &apos;2018-06-25T15:24:21.231Z&apos;
System info: host: &apos;PC339926&apos;, ip: &apos;10.219.66.4&apos;, os.name: &apos;Windows 10&apos;, os.arch: &apos;amd64&apos;, os.version: &apos;10.0&apos;, java.version: &apos;1.8.0_181&apos;
Driver info: org.openqa.selenium.chrome.ChromeDriver
Capabilities {acceptInsecureCerts: false, acceptSslCerts: false, applicationCacheEnabled: false, browserConnectionEnabled: false, browserName: chrome, chrome: {chromedriverVersion: 2.44.609538 (b655c5a60b0b54..., userDataDir: C:\Users\593611\AppData\Loc...}, cssSelectorsEnabled: true, databaseEnabled: false, goog:chromeOptions: {debuggerAddress: localhost:64484}, handlesAlerts: true, hasTouchScreen: false, javascriptEnabled: true, locationContextEnabled: true, mobileEmulationEnabled: false, nativeEvents: true, networkConnectionEnabled: false, pageLoadStrategy: normal, platform: XP, platformName: XP, rotatable: false, setWindowRect: true, takesHeapSnapshot: true, takesScreenshot: true, unexpectedAlertBehaviour: ignore, unhandledPromptBehavior: ignore, version: 75.0.3770.90, webStorageEnabled: true}
Session ID: ff8622ea5b7ecc7f3072c5ae88a6659c
	at org.openqa.selenium.support.ui.WebDriverWait.timeoutException(WebDriverWait.java:81)
	at org.openqa.selenium.support.ui.FluentWait.until(FluentWait.java:271)
	at org.cts.oneframework.utilities.BasePageObject.getElement(BasePageObject.java:115)
	at org.cts.oneframework.utilities.BasePageObject.clickElement(BasePageObject.java:587)
	at org.cts.oneframework.utilities.BasePageObject.clickElement(BasePageObject.java:578)
	at org.cts.oneframework.cucumber.pages.SuiviDesCoutsPage.click_coutsMoyensParvehiculeTTCTab_SuiviDesCouts(SuiviDesCoutsPage.java:481)
	at org.cts.oneframework.cucumber.stepdefinition.SuiviDesCoutsStepDefs.couts_moyens_par_vehicule_tab_clicked(SuiviDesCoutsStepDefs.java:136)
	at ?.couts moyens par vehicule tab is selected(src/test/resources/features/SuiviDesCouts.feature:96)
</pre></div><a href='#' onClick='toggleBox("stack-trace652671621", this, "Click to show all stack frames", "Click to hide stack frames")'>Click to show all stack frames</a>
<div class='stack-trace' id='stack-trace652671621'><pre>org.openqa.selenium.TimeoutException: Expected condition failed: waiting for org.cts.oneframework.utilities.BasePageObject$1@e2cd693 (tried for 200 second(s) with 1000 milliseconds interval)
Build info: version: &apos;3.13.0&apos;, revision: &apos;2f0d292&apos;, time: &apos;2018-06-25T15:24:21.231Z&apos;
System info: host: &apos;PC339926&apos;, ip: &apos;10.219.66.4&apos;, os.name: &apos;Windows 10&apos;, os.arch: &apos;amd64&apos;, os.version: &apos;10.0&apos;, java.version: &apos;1.8.0_181&apos;
Driver info: org.openqa.selenium.chrome.ChromeDriver
Capabilities {acceptInsecureCerts: false, acceptSslCerts: false, applicationCacheEnabled: false, browserConnectionEnabled: false, browserName: chrome, chrome: {chromedriverVersion: 2.44.609538 (b655c5a60b0b54..., userDataDir: C:\Users\593611\AppData\Loc...}, cssSelectorsEnabled: true, databaseEnabled: false, goog:chromeOptions: {debuggerAddress: localhost:64484}, handlesAlerts: true, hasTouchScreen: false, javascriptEnabled: true, locationContextEnabled: true, mobileEmulationEnabled: false, nativeEvents: true, networkConnectionEnabled: false, pageLoadStrategy: normal, platform: XP, platformName: XP, rotatable: false, setWindowRect: true, takesHeapSnapshot: true, takesScreenshot: true, unexpectedAlertBehaviour: ignore, unhandledPromptBehavior: ignore, version: 75.0.3770.90, webStorageEnabled: true}
Session ID: ff8622ea5b7ecc7f3072c5ae88a6659c
	at org.openqa.selenium.support.ui.WebDriverWait.timeoutException(WebDriverWait.java:81)
	at org.openqa.selenium.support.ui.FluentWait.until(FluentWait.java:271)
	at org.cts.oneframework.utilities.BasePageObject.getElement(BasePageObject.java:115)
	at org.cts.oneframework.utilities.BasePageObject.clickElement(BasePageObject.java:587)
	at org.cts.oneframework.utilities.BasePageObject.clickElement(BasePageObject.java:578)
	at org.cts.oneframework.cucumber.pages.SuiviDesCoutsPage.click_coutsMoyensParvehiculeTTCTab_SuiviDesCouts(SuiviDesCoutsPage.java:481)
	at org.cts.oneframework.cucumber.stepdefinition.SuiviDesCoutsStepDefs.couts_moyens_par_vehicule_tab_clicked(SuiviDesCoutsStepDefs.java:136)
	at ?.couts moyens par vehicule tab is selected(src/test/resources/features/SuiviDesCouts.feature:96)
</pre></div></td>
<td>222</td>
<td>org.cts.oneframework.cucumber.testrunners.SmokeSuiteRunner@370736d9</td></tr>
<tr>
<td title='org.cts.oneframework.cucumber.testrunners.SmokeSuiteRunner.runScenario()'><b>runScenario</b><br>Test class: org.cts.oneframework.cucumber.testrunners.SmokeSuiteRunner<br>Test method: Runs Cucumber Scenarios<br>Parameters: "TS_29_TC_37_Verify excel download in Suivi Des Transactions Total pre and post filter in Suivi Des Couts page", "Total_Fleet_SuiviDesCouts"</td>
<td><div><pre>org.openqa.selenium.WebDriverException: unknown error: Element &lt;span class=&quot;cell&quot;&gt;...&lt;/span&gt; is not clickable at point (130, 165). Other element would receive the click: &lt;div class=&quot;ui-widget-overlay ui-front&quot; style=&quot;z-index: 10001;&quot;&gt;&lt;/div&gt;
  (Session info: chrome=75.0.3770.90)
  (Driver info: chromedriver=2.44.609538 (b655c5a60b0b544917107a59d4153d4bf78e1b90),platform=Windows NT 10.0.17763 x86_64) (WARNING: The server did not provide any stacktrace information)
Command duration or timeout: 0 milliseconds
Build info: version: &apos;3.13.0&apos;, revision: &apos;2f0d292&apos;, time: &apos;2018-06-25T15:24:21.231Z&apos;
System info: host: &apos;PC339926&apos;, ip: &apos;10.219.66.4&apos;, os.name: &apos;Windows 10&apos;, os.arch: &apos;amd64&apos;, os.version: &apos;10.0&apos;, java.version: &apos;1.8.0_181&apos;
Driver info: org.openqa.selenium.chrome.ChromeDriver
Capabilities {acceptInsecureCerts: false, acceptSslCerts: false, applicationCacheEnabled: false, browserConnectionEnabled: false, browserName: chrome, chrome: {chromedriverVersion: 2.44.609538 (b655c5a60b0b54..., userDataDir: C:\Users\593611\AppData\Loc...}, cssSelectorsEnabled: true, databaseEnabled: false, goog:chromeOptions: {debuggerAddress: localhost:64835}, handlesAlerts: true, hasTouchScreen: false, javascriptEnabled: true, locationContextEnabled: true, mobileEmulationEnabled: false, nativeEvents: true, networkConnectionEnabled: false, pageLoadStrategy: normal, platform: XP, platformName: XP, rotatable: false, setWindowRect: true, takesHeapSnapshot: true, takesScreenshot: true, unexpectedAlertBehaviour: ignore, unhandledPromptBehavior: ignore, version: 75.0.3770.90, webStorageEnabled: true}
Session ID: 168cb2877a39fe2c725f4c7bf7e5a43b
	at org.openqa.selenium.remote.ErrorHandler.createThrowable(ErrorHandler.java:214)
	at org.openqa.selenium.remote.ErrorHandler.throwIfResponseFailed(ErrorHandler.java:166)
	at org.openqa.selenium.remote.http.JsonHttpResponseCodec.reconstructValue(JsonHttpResponseCodec.java:40)
	at org.openqa.selenium.remote.http.AbstractHttpResponseCodec.decode(AbstractHttpResponseCodec.java:80)
	at org.openqa.selenium.remote.http.AbstractHttpResponseCodec.decode(AbstractHttpResponseCodec.java:44)
	at org.openqa.selenium.remote.HttpCommandExecutor.execute(HttpCommandExecutor.java:158)
	at org.openqa.selenium.remote.service.DriverCommandExecutor.execute(DriverCommandExecutor.java:83)
	at org.openqa.selenium.remote.RemoteWebDriver.execute(RemoteWebDriver.java:548)
	at org.openqa.selenium.remote.RemoteWebElement.execute(RemoteWebElement.java:276)
	at org.openqa.selenium.remote.RemoteWebElement.click(RemoteWebElement.java:83)
	at org.cts.oneframework.utilities.BasePageObject.clickElement(BasePageObject.java:587)
	at org.cts.oneframework.utilities.BasePageObject.clickElement(BasePageObject.java:578)
	at org.cts.oneframework.cucumber.pages.SuiviDesCoutsPage.click_suiviDesCouts_leftPane(SuiviDesCoutsPage.java:95)
	at org.cts.oneframework.cucumber.stepdefinition.SuiviDesCoutsStepDefs.user_clicks_on_suivi_des_couts_in_left_pane(SuiviDesCoutsStepDefs.java:22)
	at ?.user clicks on suivi des couts in left pane(src/test/resources/features/SuiviDesCouts.feature:132)
... Removed 4 stack frames</pre></div><a href='#' onClick='toggleBox("stack-trace252425444", this, "Click to show all stack frames", "Click to hide stack frames")'>Click to show all stack frames</a>
<div class='stack-trace' id='stack-trace252425444'><pre>org.openqa.selenium.WebDriverException: unknown error: Element &lt;span class=&quot;cell&quot;&gt;...&lt;/span&gt; is not clickable at point (130, 165). Other element would receive the click: &lt;div class=&quot;ui-widget-overlay ui-front&quot; style=&quot;z-index: 10001;&quot;&gt;&lt;/div&gt;
  (Session info: chrome=75.0.3770.90)
  (Driver info: chromedriver=2.44.609538 (b655c5a60b0b544917107a59d4153d4bf78e1b90),platform=Windows NT 10.0.17763 x86_64) (WARNING: The server did not provide any stacktrace information)
Command duration or timeout: 0 milliseconds
Build info: version: &apos;3.13.0&apos;, revision: &apos;2f0d292&apos;, time: &apos;2018-06-25T15:24:21.231Z&apos;
System info: host: &apos;PC339926&apos;, ip: &apos;10.219.66.4&apos;, os.name: &apos;Windows 10&apos;, os.arch: &apos;amd64&apos;, os.version: &apos;10.0&apos;, java.version: &apos;1.8.0_181&apos;
Driver info: org.openqa.selenium.chrome.ChromeDriver
Capabilities {acceptInsecureCerts: false, acceptSslCerts: false, applicationCacheEnabled: false, browserConnectionEnabled: false, browserName: chrome, chrome: {chromedriverVersion: 2.44.609538 (b655c5a60b0b54..., userDataDir: C:\Users\593611\AppData\Loc...}, cssSelectorsEnabled: true, databaseEnabled: false, goog:chromeOptions: {debuggerAddress: localhost:64835}, handlesAlerts: true, hasTouchScreen: false, javascriptEnabled: true, locationContextEnabled: true, mobileEmulationEnabled: false, nativeEvents: true, networkConnectionEnabled: false, pageLoadStrategy: normal, platform: XP, platformName: XP, rotatable: false, setWindowRect: true, takesHeapSnapshot: true, takesScreenshot: true, unexpectedAlertBehaviour: ignore, unhandledPromptBehavior: ignore, version: 75.0.3770.90, webStorageEnabled: true}
Session ID: 168cb2877a39fe2c725f4c7bf7e5a43b
	at sun.reflect.NativeConstructorAccessorImpl.newInstance0(Native Method)
	at sun.reflect.NativeConstructorAccessorImpl.newInstance(NativeConstructorAccessorImpl.java:62)
	at sun.reflect.DelegatingConstructorAccessorImpl.newInstance(DelegatingConstructorAccessorImpl.java:45)
	at java.lang.reflect.Constructor.newInstance(Constructor.java:423)
	at org.openqa.selenium.remote.ErrorHandler.createThrowable(ErrorHandler.java:214)
	at org.openqa.selenium.remote.ErrorHandler.throwIfResponseFailed(ErrorHandler.java:166)
	at org.openqa.selenium.remote.http.JsonHttpResponseCodec.reconstructValue(JsonHttpResponseCodec.java:40)
	at org.openqa.selenium.remote.http.AbstractHttpResponseCodec.decode(AbstractHttpResponseCodec.java:80)
	at org.openqa.selenium.remote.http.AbstractHttpResponseCodec.decode(AbstractHttpResponseCodec.java:44)
	at org.openqa.selenium.remote.HttpCommandExecutor.execute(HttpCommandExecutor.java:158)
	at org.openqa.selenium.remote.service.DriverCommandExecutor.execute(DriverCommandExecutor.java:83)
	at org.openqa.selenium.remote.RemoteWebDriver.execute(RemoteWebDriver.java:548)
	at org.openqa.selenium.remote.RemoteWebElement.execute(RemoteWebElement.java:276)
	at org.openqa.selenium.remote.RemoteWebElement.click(RemoteWebElement.java:83)
	at org.cts.oneframework.utilities.BasePageObject.clickElement(BasePageObject.java:587)
	at org.cts.oneframework.utilities.BasePageObject.clickElement(BasePageObject.java:578)
	at org.cts.oneframework.cucumber.pages.SuiviDesCoutsPage.click_suiviDesCouts_leftPane(SuiviDesCoutsPage.java:95)
	at org.cts.oneframework.cucumber.stepdefinition.SuiviDesCoutsStepDefs.user_clicks_on_suivi_des_couts_in_left_pane(SuiviDesCoutsStepDefs.java:22)
	at ?.user clicks on suivi des couts in left pane(src/test/resources/features/SuiviDesCouts.feature:132)
</pre></div></td>
<td>0</td>
<td>org.cts.oneframework.cucumber.testrunners.SmokeSuiteRunner@370736d9</td></tr>
<tr>
<td title='org.cts.oneframework.cucumber.testrunners.SmokeSuiteRunner.runScenario()'><b>runScenario</b><br>Test class: org.cts.oneframework.cucumber.testrunners.SmokeSuiteRunner<br>Test method: Runs Cucumber Scenarios<br>Parameters: "TS_10_TC_11_Upload file for existing vehicule", "Total_Fleet_TousVosVehicules"</td>
<td><div><pre>org.openqa.selenium.TimeoutException: Expected condition failed: waiting for org.cts.oneframework.utilities.BasePageObject$1@19fbe549 (tried for 200 second(s) with 1000 milliseconds interval)
	at org.openqa.selenium.support.ui.WebDriverWait.timeoutException(WebDriverWait.java:81)
	at org.openqa.selenium.support.ui.FluentWait.until(FluentWait.java:271)
	at org.cts.oneframework.utilities.BasePageObject.getElement(BasePageObject.java:115)
	at org.cts.oneframework.utilities.BasePageObject.clickElement(BasePageObject.java:587)
	at org.cts.oneframework.utilities.BasePageObject.clickElement(BasePageObject.java:578)
	at org.cts.oneframework.cucumber.pages.TousVosVehiculesPage.click_vehicules_Votreparc(TousVosVehiculesPage.java:774)
	at org.cts.oneframework.cucumber.stepdefinition.TousVosVehiculesStepDefs.user_clicks_on_vehicules_in_voter_parc_section(TousVosVehiculesStepDefs.java:17)
	at ?.user clicks on vehicules in voter parc section(src/test/resources/features/TousVosVehicules.feature:45)
Caused by: org.openqa.selenium.NoSuchElementException: no such element: Unable to locate element: {&quot;method&quot;:&quot;xpath&quot;,&quot;selector&quot;:&quot;//*[contains(@class,&apos;texte vehicle-count multipleVehicle&apos;)]&quot;}
  (Session info: chrome=75.0.3770.90)
  (Driver info: chromedriver=2.44.609538 (b655c5a60b0b544917107a59d4153d4bf78e1b90),platform=Windows NT 10.0.17763 x86_64) (WARNING: The server did not provide any stacktrace information)
Command duration or timeout: 0 milliseconds
For documentation on this error, please visit: http://seleniumhq.org/exceptions/no_such_element.html
Build info: version: &apos;3.13.0&apos;, revision: &apos;2f0d292&apos;, time: &apos;2018-06-25T15:24:21.231Z&apos;
System info: host: &apos;PC339926&apos;, ip: &apos;10.219.66.4&apos;, os.name: &apos;Windows 10&apos;, os.arch: &apos;amd64&apos;, os.version: &apos;10.0&apos;, java.version: &apos;1.8.0_181&apos;
Driver info: org.openqa.selenium.chrome.ChromeDriver
Capabilities {acceptInsecureCerts: false, acceptSslCerts: false, applicationCacheEnabled: false, browserConnectionEnabled: false, browserName: chrome, chrome: {chromedriverVersion: 2.44.609538 (b655c5a60b0b54..., userDataDir: C:\Users\593611\AppData\Loc...}, cssSelectorsEnabled: true, databaseEnabled: false, goog:chromeOptions: {debuggerAddress: localhost:64917}, handlesAlerts: true, hasTouchScreen: false, javascriptEnabled: true, locationContextEnabled: true, mobileEmulationEnabled: false, nativeEvents: true, networkConnectionEnabled: false, pageLoadStrategy: normal, platform: XP, platformName: XP, rotatable: false, setWindowRect: true, takesHeapSnapshot: true, takesScreenshot: true, unexpectedAlertBehaviour: ignore, unhandledPromptBehavior: ignore, version: 75.0.3770.90, webStorageEnabled: true}
Session ID: 33196452b36c64c88b8609868ec79594
*** Element info: {Using=xpath, value=//*[contains(@class,&apos;texte vehicle-count multipleVehicle&apos;)]}
	at org.openqa.selenium.remote.ErrorHandler.createThrowable(ErrorHandler.java:214)
	at org.openqa.selenium.remote.ErrorHandler.throwIfResponseFailed(ErrorHandler.java:166)
	at org.openqa.selenium.remote.http.JsonHttpResponseCodec.reconstructValue(JsonHttpResponseCodec.java:40)
	at org.openqa.selenium.remote.http.AbstractHttpResponseCodec.decode(AbstractHttpResponseCodec.java:80)
	at org.openqa.selenium.remote.http.AbstractHttpResponseCodec.decode(AbstractHttpResponseCodec.java:44)
	at org.openqa.selenium.remote.HttpCommandExecutor.execute(HttpCommandExecutor.java:158)
	at org.openqa.selenium.remote.service.DriverCommandExecutor.execute(DriverCommandExecutor.java:83)
	at org.openqa.selenium.remote.RemoteWebDriver.execute(RemoteWebDriver.java:548)
	at org.openqa.selenium.remote.RemoteWebDriver.findElement(RemoteWebDriver.java:322)
	at org.openqa.selenium.remote.RemoteWebDriver.findElementByXPath(RemoteWebDriver.java:424)
	at org.openqa.selenium.By$ByXPath.findElement(By.java:353)
	at org.openqa.selenium.remote.RemoteWebDriver.findElement(RemoteWebDriver.java:314)
	at org.cts.oneframework.utilities.BasePageObject$1.apply(BasePageObject.java:118)
	at org.cts.oneframework.utilities.BasePageObject$1.apply(BasePageObject.java:1)
	at org.openqa.selenium.support.ui.FluentWait.until(FluentWait.java:248)
	at org.cts.oneframework.utilities.BasePageObject.getElement(BasePageObject.java:115)
	at org.cts.oneframework.utilities.BasePageObject.clickElement(BasePageObject.java:587)
	at org.cts.oneframework.utilities.BasePageObject.clickElement(BasePageObject.java:578)
	at org.cts.oneframework.cucumber.pages.TousVosVehiculesPage.click_vehicules_Votreparc(TousVosVehiculesPage.java:774)
	at org.cts.oneframework.cucumber.stepdefinition.TousVosVehiculesStepDefs.user_clicks_on_vehicules_in_voter_parc_section(TousVosVehiculesStepDefs.java:17)
	at cucumber.runtime.Utils$1.call(Utils.java:26)
	at cucumber.runtime.Timeout.timeout(Timeout.java:16)
	at cucumber.runtime.Utils.invoke(Utils.java:20)
	at cucumber.runtime.java.JavaStepDefinition.execute(JavaStepDefinition.java:49)
	at cucumber.runner.PickleStepDefinitionMatch.runStep(PickleStepDefinitionMatch.java:50)
	at cucumber.runner.TestStep.executeStep(TestStep.java:63)
	at cucumber.runner.TestStep.run(TestStep.java:49)
	at cucumber.runner.PickleStepTestStep.run(PickleStepTestStep.java:43)
	at cucumber.runner.TestCase.run(TestCase.java:44)
	at cucumber.runner.Runner.runPickle(Runner.java:40)
	at cucumber.api.testng.TestNGCucumberRunner.runScenario(TestNGCucumberRunner.java:68)
	at org.cts.oneframework.cucumber.AbstractTestNGCucumberTest.runScenario(AbstractTestNGCucumberTest.java:39)
	at java.util.concurrent.ThreadPoolExecutor.runWorker(ThreadPoolExecutor.java:1149)
	at java.util.concurrent.ThreadPoolExecutor$Worker.run(ThreadPoolExecutor.java:624)
	at java.lang.Thread.run(Thread.java:748)
... Removed 16 stack frames</pre></div><a href='#' onClick='toggleBox("stack-trace301480781", this, "Click to show all stack frames", "Click to hide stack frames")'>Click to show all stack frames</a>
<div class='stack-trace' id='stack-trace301480781'><pre>org.openqa.selenium.TimeoutException: Expected condition failed: waiting for org.cts.oneframework.utilities.BasePageObject$1@19fbe549 (tried for 200 second(s) with 1000 milliseconds interval)
	at org.openqa.selenium.support.ui.WebDriverWait.timeoutException(WebDriverWait.java:81)
	at org.openqa.selenium.support.ui.FluentWait.until(FluentWait.java:271)
	at org.cts.oneframework.utilities.BasePageObject.getElement(BasePageObject.java:115)
	at org.cts.oneframework.utilities.BasePageObject.clickElement(BasePageObject.java:587)
	at org.cts.oneframework.utilities.BasePageObject.clickElement(BasePageObject.java:578)
	at org.cts.oneframework.cucumber.pages.TousVosVehiculesPage.click_vehicules_Votreparc(TousVosVehiculesPage.java:774)
	at org.cts.oneframework.cucumber.stepdefinition.TousVosVehiculesStepDefs.user_clicks_on_vehicules_in_voter_parc_section(TousVosVehiculesStepDefs.java:17)
	at ?.user clicks on vehicules in voter parc section(src/test/resources/features/TousVosVehicules.feature:45)
Caused by: org.openqa.selenium.NoSuchElementException: no such element: Unable to locate element: {&quot;method&quot;:&quot;xpath&quot;,&quot;selector&quot;:&quot;//*[contains(@class,&apos;texte vehicle-count multipleVehicle&apos;)]&quot;}
  (Session info: chrome=75.0.3770.90)
  (Driver info: chromedriver=2.44.609538 (b655c5a60b0b544917107a59d4153d4bf78e1b90),platform=Windows NT 10.0.17763 x86_64) (WARNING: The server did not provide any stacktrace information)
Command duration or timeout: 0 milliseconds
For documentation on this error, please visit: http://seleniumhq.org/exceptions/no_such_element.html
Build info: version: &apos;3.13.0&apos;, revision: &apos;2f0d292&apos;, time: &apos;2018-06-25T15:24:21.231Z&apos;
System info: host: &apos;PC339926&apos;, ip: &apos;10.219.66.4&apos;, os.name: &apos;Windows 10&apos;, os.arch: &apos;amd64&apos;, os.version: &apos;10.0&apos;, java.version: &apos;1.8.0_181&apos;
Driver info: org.openqa.selenium.chrome.ChromeDriver
Capabilities {acceptInsecureCerts: false, acceptSslCerts: false, applicationCacheEnabled: false, browserConnectionEnabled: false, browserName: chrome, chrome: {chromedriverVersion: 2.44.609538 (b655c5a60b0b54..., userDataDir: C:\Users\593611\AppData\Loc...}, cssSelectorsEnabled: true, databaseEnabled: false, goog:chromeOptions: {debuggerAddress: localhost:64917}, handlesAlerts: true, hasTouchScreen: false, javascriptEnabled: true, locationContextEnabled: true, mobileEmulationEnabled: false, nativeEvents: true, networkConnectionEnabled: false, pageLoadStrategy: normal, platform: XP, platformName: XP, rotatable: false, setWindowRect: true, takesHeapSnapshot: true, takesScreenshot: true, unexpectedAlertBehaviour: ignore, unhandledPromptBehavior: ignore, version: 75.0.3770.90, webStorageEnabled: true}
Session ID: 33196452b36c64c88b8609868ec79594
*** Element info: {Using=xpath, value=//*[contains(@class,&apos;texte vehicle-count multipleVehicle&apos;)]}
	at sun.reflect.GeneratedConstructorAccessor66.newInstance(Unknown Source)
	at sun.reflect.DelegatingConstructorAccessorImpl.newInstance(DelegatingConstructorAccessorImpl.java:45)
	at java.lang.reflect.Constructor.newInstance(Constructor.java:423)
	at org.openqa.selenium.remote.ErrorHandler.createThrowable(ErrorHandler.java:214)
	at org.openqa.selenium.remote.ErrorHandler.throwIfResponseFailed(ErrorHandler.java:166)
	at org.openqa.selenium.remote.http.JsonHttpResponseCodec.reconstructValue(JsonHttpResponseCodec.java:40)
	at org.openqa.selenium.remote.http.AbstractHttpResponseCodec.decode(AbstractHttpResponseCodec.java:80)
	at org.openqa.selenium.remote.http.AbstractHttpResponseCodec.decode(AbstractHttpResponseCodec.java:44)
	at org.openqa.selenium.remote.HttpCommandExecutor.execute(HttpCommandExecutor.java:158)
	at org.openqa.selenium.remote.service.DriverCommandExecutor.execute(DriverCommandExecutor.java:83)
	at org.openqa.selenium.remote.RemoteWebDriver.execute(RemoteWebDriver.java:548)
	at org.openqa.selenium.remote.RemoteWebDriver.findElement(RemoteWebDriver.java:322)
	at org.openqa.selenium.remote.RemoteWebDriver.findElementByXPath(RemoteWebDriver.java:424)
	at org.openqa.selenium.By$ByXPath.findElement(By.java:353)
	at org.openqa.selenium.remote.RemoteWebDriver.findElement(RemoteWebDriver.java:314)
	at org.cts.oneframework.utilities.BasePageObject$1.apply(BasePageObject.java:118)
	at org.cts.oneframework.utilities.BasePageObject$1.apply(BasePageObject.java:1)
	at org.openqa.selenium.support.ui.FluentWait.until(FluentWait.java:248)
	at org.cts.oneframework.utilities.BasePageObject.getElement(BasePageObject.java:115)
	at org.cts.oneframework.utilities.BasePageObject.clickElement(BasePageObject.java:587)
	at org.cts.oneframework.utilities.BasePageObject.clickElement(BasePageObject.java:578)
	at org.cts.oneframework.cucumber.pages.TousVosVehiculesPage.click_vehicules_Votreparc(TousVosVehiculesPage.java:774)
	at org.cts.oneframework.cucumber.stepdefinition.TousVosVehiculesStepDefs.user_clicks_on_vehicules_in_voter_parc_section(TousVosVehiculesStepDefs.java:17)
	at sun.reflect.NativeMethodAccessorImpl.invoke0(Native Method)
	at sun.reflect.NativeMethodAccessorImpl.invoke(NativeMethodAccessorImpl.java:62)
	at sun.reflect.DelegatingMethodAccessorImpl.invoke(DelegatingMethodAccessorImpl.java:43)
	at java.lang.reflect.Method.invoke(Method.java:498)
	at cucumber.runtime.Utils$1.call(Utils.java:26)
	at cucumber.runtime.Timeout.timeout(Timeout.java:16)
	at cucumber.runtime.Utils.invoke(Utils.java:20)
	at cucumber.runtime.java.JavaStepDefinition.execute(JavaStepDefinition.java:49)
	at cucumber.runner.PickleStepDefinitionMatch.runStep(PickleStepDefinitionMatch.java:50)
	at cucumber.runner.TestStep.executeStep(TestStep.java:63)
	at cucumber.runner.TestStep.run(TestStep.java:49)
	at cucumber.runner.PickleStepTestStep.run(PickleStepTestStep.java:43)
	at cucumber.runner.TestCase.run(TestCase.java:44)
	at cucumber.runner.Runner.runPickle(Runner.java:40)
	at cucumber.api.testng.TestNGCucumberRunner.runScenario(TestNGCucumberRunner.java:68)
	at org.cts.oneframework.cucumber.AbstractTestNGCucumberTest.runScenario(AbstractTestNGCucumberTest.java:39)
	at sun.reflect.GeneratedMethodAccessor8.invoke(Unknown Source)
	at sun.reflect.DelegatingMethodAccessorImpl.invoke(DelegatingMethodAccessorImpl.java:43)
	at java.lang.reflect.Method.invoke(Method.java:498)
	at org.testng.internal.MethodInvocationHelper.invokeMethod(MethodInvocationHelper.java:124)
	at org.testng.internal.Invoker.invokeMethod(Invoker.java:583)
	at org.testng.internal.Invoker.invokeTestMethod(Invoker.java:719)
	at org.testng.internal.Invoker.invokeTestMethods(Invoker.java:989)
	at org.testng.internal.TestMethodWorker.invokeTestMethods(TestMethodWorker.java:125)
	at org.testng.internal.TestMethodWorker.run(TestMethodWorker.java:109)
	at java.util.concurrent.ThreadPoolExecutor.runWorker(ThreadPoolExecutor.java:1149)
	at java.util.concurrent.ThreadPoolExecutor$Worker.run(ThreadPoolExecutor.java:624)
	at java.lang.Thread.run(Thread.java:748)
</pre></div></td>
<td>211</td>
<td>org.cts.oneframework.cucumber.testrunners.SmokeSuiteRunner@370736d9</td></tr>
<tr>
<td title='org.cts.oneframework.cucumber.testrunners.SmokeSuiteRunner.runScenario()'><b>runScenario</b><br>Test class: org.cts.oneframework.cucumber.testrunners.SmokeSuiteRunner<br>Test method: Runs Cucumber Scenarios<br>Parameters: "TS_04_TC_05_Search the vehicules from Rechercher at the top of application", "Total_Fleet_TousVosVehicules"</td>
<td><div><pre>org.openqa.selenium.WebDriverException: chrome not reachable
  (Session info: chrome=75.0.3770.90)
  (Driver info: chromedriver=2.44.609538 (b655c5a60b0b544917107a59d4153d4bf78e1b90),platform=Windows NT 10.0.17763 x86_64) (WARNING: The server did not provide any stacktrace information)
Command duration or timeout: 0 milliseconds
Build info: version: &apos;3.13.0&apos;, revision: &apos;2f0d292&apos;, time: &apos;2018-06-25T15:24:21.231Z&apos;
System info: host: &apos;PC339926&apos;, ip: &apos;10.219.66.4&apos;, os.name: &apos;Windows 10&apos;, os.arch: &apos;amd64&apos;, os.version: &apos;10.0&apos;, java.version: &apos;1.8.0_181&apos;
Driver info: org.openqa.selenium.chrome.ChromeDriver
Capabilities {acceptInsecureCerts: false, acceptSslCerts: false, applicationCacheEnabled: false, browserConnectionEnabled: false, browserName: chrome, chrome: {chromedriverVersion: 2.44.609538 (b655c5a60b0b54..., userDataDir: C:\Users\593611\AppData\Loc...}, cssSelectorsEnabled: true, databaseEnabled: false, goog:chromeOptions: {debuggerAddress: localhost:64917}, handlesAlerts: true, hasTouchScreen: false, javascriptEnabled: true, locationContextEnabled: true, mobileEmulationEnabled: false, nativeEvents: true, networkConnectionEnabled: false, pageLoadStrategy: normal, platform: XP, platformName: XP, rotatable: false, setWindowRect: true, takesHeapSnapshot: true, takesScreenshot: true, unexpectedAlertBehaviour: ignore, unhandledPromptBehavior: ignore, version: 75.0.3770.90, webStorageEnabled: true}
Session ID: 33196452b36c64c88b8609868ec79594
*** Element info: {Using=xpath, value=//*[@id=&apos;iconSearch&apos;]}
	at org.openqa.selenium.remote.ErrorHandler.createThrowable(ErrorHandler.java:214)
	at org.openqa.selenium.remote.ErrorHandler.throwIfResponseFailed(ErrorHandler.java:166)
	at org.openqa.selenium.remote.http.JsonHttpResponseCodec.reconstructValue(JsonHttpResponseCodec.java:40)
	at org.openqa.selenium.remote.http.AbstractHttpResponseCodec.decode(AbstractHttpResponseCodec.java:80)
	at org.openqa.selenium.remote.http.AbstractHttpResponseCodec.decode(AbstractHttpResponseCodec.java:44)
	at org.openqa.selenium.remote.HttpCommandExecutor.execute(HttpCommandExecutor.java:158)
	at org.openqa.selenium.remote.service.DriverCommandExecutor.execute(DriverCommandExecutor.java:83)
	at org.openqa.selenium.remote.RemoteWebDriver.execute(RemoteWebDriver.java:548)
	at org.openqa.selenium.remote.RemoteWebDriver.findElement(RemoteWebDriver.java:322)
	at org.openqa.selenium.remote.RemoteWebDriver.findElementByXPath(RemoteWebDriver.java:424)
	at org.openqa.selenium.By$ByXPath.findElement(By.java:353)
	at org.openqa.selenium.remote.RemoteWebDriver.findElement(RemoteWebDriver.java:314)
	at org.cts.oneframework.utilities.BasePageObject$1.apply(BasePageObject.java:118)
	at org.cts.oneframework.utilities.BasePageObject$1.apply(BasePageObject.java:1)
	at org.openqa.selenium.support.ui.FluentWait.until(FluentWait.java:248)
	at org.cts.oneframework.utilities.BasePageObject.getElement(BasePageObject.java:115)
	at org.cts.oneframework.utilities.BasePageObject.clickElement(BasePageObject.java:587)
	at org.cts.oneframework.utilities.BasePageObject.clickElement(BasePageObject.java:578)
	at org.cts.oneframework.cucumber.pages.TousVosVehiculesPage.click_dropdown_Rechercher(TousVosVehiculesPage.java:1425)
	at org.cts.oneframework.cucumber.stepdefinition.TousVosVehiculesStepDefs.user_select_the_vehicule_option_from_Rechercher_drop_down(TousVosVehiculesStepDefs.java:336)
	at ?.user select the vehicule option from Rechercher drop down(src/test/resources/features/TousVosVehicules.feature:67)
... Removed 4 stack frames</pre></div><a href='#' onClick='toggleBox("stack-trace2051477967", this, "Click to show all stack frames", "Click to hide stack frames")'>Click to show all stack frames</a>
<div class='stack-trace' id='stack-trace2051477967'><pre>org.openqa.selenium.WebDriverException: chrome not reachable
  (Session info: chrome=75.0.3770.90)
  (Driver info: chromedriver=2.44.609538 (b655c5a60b0b544917107a59d4153d4bf78e1b90),platform=Windows NT 10.0.17763 x86_64) (WARNING: The server did not provide any stacktrace information)
Command duration or timeout: 0 milliseconds
Build info: version: &apos;3.13.0&apos;, revision: &apos;2f0d292&apos;, time: &apos;2018-06-25T15:24:21.231Z&apos;
System info: host: &apos;PC339926&apos;, ip: &apos;10.219.66.4&apos;, os.name: &apos;Windows 10&apos;, os.arch: &apos;amd64&apos;, os.version: &apos;10.0&apos;, java.version: &apos;1.8.0_181&apos;
Driver info: org.openqa.selenium.chrome.ChromeDriver
Capabilities {acceptInsecureCerts: false, acceptSslCerts: false, applicationCacheEnabled: false, browserConnectionEnabled: false, browserName: chrome, chrome: {chromedriverVersion: 2.44.609538 (b655c5a60b0b54..., userDataDir: C:\Users\593611\AppData\Loc...}, cssSelectorsEnabled: true, databaseEnabled: false, goog:chromeOptions: {debuggerAddress: localhost:64917}, handlesAlerts: true, hasTouchScreen: false, javascriptEnabled: true, locationContextEnabled: true, mobileEmulationEnabled: false, nativeEvents: true, networkConnectionEnabled: false, pageLoadStrategy: normal, platform: XP, platformName: XP, rotatable: false, setWindowRect: true, takesHeapSnapshot: true, takesScreenshot: true, unexpectedAlertBehaviour: ignore, unhandledPromptBehavior: ignore, version: 75.0.3770.90, webStorageEnabled: true}
Session ID: 33196452b36c64c88b8609868ec79594
*** Element info: {Using=xpath, value=//*[@id=&apos;iconSearch&apos;]}
	at sun.reflect.NativeConstructorAccessorImpl.newInstance0(Native Method)
	at sun.reflect.NativeConstructorAccessorImpl.newInstance(NativeConstructorAccessorImpl.java:62)
	at sun.reflect.DelegatingConstructorAccessorImpl.newInstance(DelegatingConstructorAccessorImpl.java:45)
	at java.lang.reflect.Constructor.newInstance(Constructor.java:423)
	at org.openqa.selenium.remote.ErrorHandler.createThrowable(ErrorHandler.java:214)
	at org.openqa.selenium.remote.ErrorHandler.throwIfResponseFailed(ErrorHandler.java:166)
	at org.openqa.selenium.remote.http.JsonHttpResponseCodec.reconstructValue(JsonHttpResponseCodec.java:40)
	at org.openqa.selenium.remote.http.AbstractHttpResponseCodec.decode(AbstractHttpResponseCodec.java:80)
	at org.openqa.selenium.remote.http.AbstractHttpResponseCodec.decode(AbstractHttpResponseCodec.java:44)
	at org.openqa.selenium.remote.HttpCommandExecutor.execute(HttpCommandExecutor.java:158)
	at org.openqa.selenium.remote.service.DriverCommandExecutor.execute(DriverCommandExecutor.java:83)
	at org.openqa.selenium.remote.RemoteWebDriver.execute(RemoteWebDriver.java:548)
	at org.openqa.selenium.remote.RemoteWebDriver.findElement(RemoteWebDriver.java:322)
	at org.openqa.selenium.remote.RemoteWebDriver.findElementByXPath(RemoteWebDriver.java:424)
	at org.openqa.selenium.By$ByXPath.findElement(By.java:353)
	at org.openqa.selenium.remote.RemoteWebDriver.findElement(RemoteWebDriver.java:314)
	at org.cts.oneframework.utilities.BasePageObject$1.apply(BasePageObject.java:118)
	at org.cts.oneframework.utilities.BasePageObject$1.apply(BasePageObject.java:1)
	at org.openqa.selenium.support.ui.FluentWait.until(FluentWait.java:248)
	at org.cts.oneframework.utilities.BasePageObject.getElement(BasePageObject.java:115)
	at org.cts.oneframework.utilities.BasePageObject.clickElement(BasePageObject.java:587)
	at org.cts.oneframework.utilities.BasePageObject.clickElement(BasePageObject.java:578)
	at org.cts.oneframework.cucumber.pages.TousVosVehiculesPage.click_dropdown_Rechercher(TousVosVehiculesPage.java:1425)
	at org.cts.oneframework.cucumber.stepdefinition.TousVosVehiculesStepDefs.user_select_the_vehicule_option_from_Rechercher_drop_down(TousVosVehiculesStepDefs.java:336)
	at ?.user select the vehicule option from Rechercher drop down(src/test/resources/features/TousVosVehicules.feature:67)
</pre></div></td>
<td>24</td>
<td>org.cts.oneframework.cucumber.testrunners.SmokeSuiteRunner@370736d9</td></tr>
<tr>
<td title='org.cts.oneframework.cucumber.testrunners.SmokeSuiteRunner.runScenario()'><b>runScenario</b><br>Test class: org.cts.oneframework.cucumber.testrunners.SmokeSuiteRunner<br>Test method: Runs Cucumber Scenarios<br>Parameters: "TS_07_TC_08_Navigate to the vehicule list page from the counts portlet and search for a vehicule in the list", "Total_Fleet_TousVosVehicules"</td>
<td><div><pre>org.openqa.selenium.ElementNotVisibleException: element not interactable
  (Session info: chrome=75.0.3770.90)
  (Driver info: chromedriver=2.44.609538 (b655c5a60b0b544917107a59d4153d4bf78e1b90),platform=Windows NT 10.0.17763 x86_64) (WARNING: The server did not provide any stacktrace information)
Command duration or timeout: 0 milliseconds
Build info: version: &apos;3.13.0&apos;, revision: &apos;2f0d292&apos;, time: &apos;2018-06-25T15:24:21.231Z&apos;
System info: host: &apos;PC339926&apos;, ip: &apos;10.219.66.4&apos;, os.name: &apos;Windows 10&apos;, os.arch: &apos;amd64&apos;, os.version: &apos;10.0&apos;, java.version: &apos;1.8.0_181&apos;
Driver info: org.openqa.selenium.chrome.ChromeDriver
Capabilities {acceptInsecureCerts: false, acceptSslCerts: false, applicationCacheEnabled: false, browserConnectionEnabled: false, browserName: chrome, chrome: {chromedriverVersion: 2.44.609538 (b655c5a60b0b54..., userDataDir: C:\Users\593611\AppData\Loc...}, cssSelectorsEnabled: true, databaseEnabled: false, goog:chromeOptions: {debuggerAddress: localhost:65036}, handlesAlerts: true, hasTouchScreen: false, javascriptEnabled: true, locationContextEnabled: true, mobileEmulationEnabled: false, nativeEvents: true, networkConnectionEnabled: false, pageLoadStrategy: normal, platform: XP, platformName: XP, rotatable: false, setWindowRect: true, takesHeapSnapshot: true, takesScreenshot: true, unexpectedAlertBehaviour: ignore, unhandledPromptBehavior: ignore, version: 75.0.3770.90, webStorageEnabled: true}
Session ID: b2197c0247566ace70e1e6b02d8d86b8
	at org.openqa.selenium.remote.ErrorHandler.createThrowable(ErrorHandler.java:214)
	at org.openqa.selenium.remote.ErrorHandler.throwIfResponseFailed(ErrorHandler.java:166)
	at org.openqa.selenium.remote.http.JsonHttpResponseCodec.reconstructValue(JsonHttpResponseCodec.java:40)
	at org.openqa.selenium.remote.http.AbstractHttpResponseCodec.decode(AbstractHttpResponseCodec.java:80)
	at org.openqa.selenium.remote.http.AbstractHttpResponseCodec.decode(AbstractHttpResponseCodec.java:44)
	at org.openqa.selenium.remote.HttpCommandExecutor.execute(HttpCommandExecutor.java:158)
	at org.openqa.selenium.remote.service.DriverCommandExecutor.execute(DriverCommandExecutor.java:83)
	at org.openqa.selenium.remote.RemoteWebDriver.execute(RemoteWebDriver.java:548)
	at org.openqa.selenium.remote.RemoteWebElement.execute(RemoteWebElement.java:276)
	at org.openqa.selenium.remote.RemoteWebElement.click(RemoteWebElement.java:83)
	at org.cts.oneframework.utilities.BasePageObject.clickElement(BasePageObject.java:587)
	at org.cts.oneframework.utilities.BasePageObject.clickElement(BasePageObject.java:578)
	at org.cts.oneframework.cucumber.pages.TousVosVehiculesPage.click_vehicules_Votreparc(TousVosVehiculesPage.java:774)
	at org.cts.oneframework.cucumber.stepdefinition.TousVosVehiculesStepDefs.user_clicks_on_vehicules_in_voter_parc_section(TousVosVehiculesStepDefs.java:17)
	at ?.user clicks on vehicules in voter parc section(src/test/resources/features/TousVosVehicules.feature:105)
... Removed 4 stack frames</pre></div><a href='#' onClick='toggleBox("stack-trace1899451473", this, "Click to show all stack frames", "Click to hide stack frames")'>Click to show all stack frames</a>
<div class='stack-trace' id='stack-trace1899451473'><pre>org.openqa.selenium.ElementNotVisibleException: element not interactable
  (Session info: chrome=75.0.3770.90)
  (Driver info: chromedriver=2.44.609538 (b655c5a60b0b544917107a59d4153d4bf78e1b90),platform=Windows NT 10.0.17763 x86_64) (WARNING: The server did not provide any stacktrace information)
Command duration or timeout: 0 milliseconds
Build info: version: &apos;3.13.0&apos;, revision: &apos;2f0d292&apos;, time: &apos;2018-06-25T15:24:21.231Z&apos;
System info: host: &apos;PC339926&apos;, ip: &apos;10.219.66.4&apos;, os.name: &apos;Windows 10&apos;, os.arch: &apos;amd64&apos;, os.version: &apos;10.0&apos;, java.version: &apos;1.8.0_181&apos;
Driver info: org.openqa.selenium.chrome.ChromeDriver
Capabilities {acceptInsecureCerts: false, acceptSslCerts: false, applicationCacheEnabled: false, browserConnectionEnabled: false, browserName: chrome, chrome: {chromedriverVersion: 2.44.609538 (b655c5a60b0b54..., userDataDir: C:\Users\593611\AppData\Loc...}, cssSelectorsEnabled: true, databaseEnabled: false, goog:chromeOptions: {debuggerAddress: localhost:65036}, handlesAlerts: true, hasTouchScreen: false, javascriptEnabled: true, locationContextEnabled: true, mobileEmulationEnabled: false, nativeEvents: true, networkConnectionEnabled: false, pageLoadStrategy: normal, platform: XP, platformName: XP, rotatable: false, setWindowRect: true, takesHeapSnapshot: true, takesScreenshot: true, unexpectedAlertBehaviour: ignore, unhandledPromptBehavior: ignore, version: 75.0.3770.90, webStorageEnabled: true}
Session ID: b2197c0247566ace70e1e6b02d8d86b8
	at sun.reflect.NativeConstructorAccessorImpl.newInstance0(Native Method)
	at sun.reflect.NativeConstructorAccessorImpl.newInstance(NativeConstructorAccessorImpl.java:62)
	at sun.reflect.DelegatingConstructorAccessorImpl.newInstance(DelegatingConstructorAccessorImpl.java:45)
	at java.lang.reflect.Constructor.newInstance(Constructor.java:423)
	at org.openqa.selenium.remote.ErrorHandler.createThrowable(ErrorHandler.java:214)
	at org.openqa.selenium.remote.ErrorHandler.throwIfResponseFailed(ErrorHandler.java:166)
	at org.openqa.selenium.remote.http.JsonHttpResponseCodec.reconstructValue(JsonHttpResponseCodec.java:40)
	at org.openqa.selenium.remote.http.AbstractHttpResponseCodec.decode(AbstractHttpResponseCodec.java:80)
	at org.openqa.selenium.remote.http.AbstractHttpResponseCodec.decode(AbstractHttpResponseCodec.java:44)
	at org.openqa.selenium.remote.HttpCommandExecutor.execute(HttpCommandExecutor.java:158)
	at org.openqa.selenium.remote.service.DriverCommandExecutor.execute(DriverCommandExecutor.java:83)
	at org.openqa.selenium.remote.RemoteWebDriver.execute(RemoteWebDriver.java:548)
	at org.openqa.selenium.remote.RemoteWebElement.execute(RemoteWebElement.java:276)
	at org.openqa.selenium.remote.RemoteWebElement.click(RemoteWebElement.java:83)
	at org.cts.oneframework.utilities.BasePageObject.clickElement(BasePageObject.java:587)
	at org.cts.oneframework.utilities.BasePageObject.clickElement(BasePageObject.java:578)
	at org.cts.oneframework.cucumber.pages.TousVosVehiculesPage.click_vehicules_Votreparc(TousVosVehiculesPage.java:774)
	at org.cts.oneframework.cucumber.stepdefinition.TousVosVehiculesStepDefs.user_clicks_on_vehicules_in_voter_parc_section(TousVosVehiculesStepDefs.java:17)
	at ?.user clicks on vehicules in voter parc section(src/test/resources/features/TousVosVehicules.feature:105)
</pre></div></td>
<td>17</td>
<td>org.cts.oneframework.cucumber.testrunners.SmokeSuiteRunner@370736d9</td></tr>
<tr>
<td title='org.cts.oneframework.cucumber.testrunners.SmokeSuiteRunner.runScenario()'><b>runScenario</b><br>Test class: org.cts.oneframework.cucumber.testrunners.SmokeSuiteRunner<br>Test method: Runs Cucumber Scenarios<br>Parameters: "TS_08_TC_09_verify if the User is able to create vehicule with AAA call", "Total_Fleet_TousVosVehicules"</td>
<td><div><pre>org.openqa.selenium.WebDriverException: unknown error: Element &lt;a class=&quot; accueil active&quot; aria-labelledby=&quot;layout_3&quot; href=&quot;https://fleetonline.pprod.uap.total.com/private/guest/home&quot; role=&quot;menuitem&quot;&gt;...&lt;/a&gt; is not clickable at point (110, 108). Other element would receive the click: &lt;div class=&quot;ui-widget-overlay ui-front&quot; style=&quot;z-index: 10001;&quot;&gt;&lt;/div&gt;
  (Session info: chrome=75.0.3770.90)
  (Driver info: chromedriver=2.44.609538 (b655c5a60b0b544917107a59d4153d4bf78e1b90),platform=Windows NT 10.0.17763 x86_64) (WARNING: The server did not provide any stacktrace information)
Command duration or timeout: 0 milliseconds
Build info: version: &apos;3.13.0&apos;, revision: &apos;2f0d292&apos;, time: &apos;2018-06-25T15:24:21.231Z&apos;
System info: host: &apos;PC339926&apos;, ip: &apos;10.219.66.4&apos;, os.name: &apos;Windows 10&apos;, os.arch: &apos;amd64&apos;, os.version: &apos;10.0&apos;, java.version: &apos;1.8.0_181&apos;
Driver info: org.openqa.selenium.chrome.ChromeDriver
Capabilities {acceptInsecureCerts: false, acceptSslCerts: false, applicationCacheEnabled: false, browserConnectionEnabled: false, browserName: chrome, chrome: {chromedriverVersion: 2.44.609538 (b655c5a60b0b54..., userDataDir: C:\Users\593611\AppData\Loc...}, cssSelectorsEnabled: true, databaseEnabled: false, goog:chromeOptions: {debuggerAddress: localhost:65036}, handlesAlerts: true, hasTouchScreen: false, javascriptEnabled: true, locationContextEnabled: true, mobileEmulationEnabled: false, nativeEvents: true, networkConnectionEnabled: false, pageLoadStrategy: normal, platform: XP, platformName: XP, rotatable: false, setWindowRect: true, takesHeapSnapshot: true, takesScreenshot: true, unexpectedAlertBehaviour: ignore, unhandledPromptBehavior: ignore, version: 75.0.3770.90, webStorageEnabled: true}
Session ID: b2197c0247566ace70e1e6b02d8d86b8
	at org.openqa.selenium.remote.ErrorHandler.createThrowable(ErrorHandler.java:214)
	at org.openqa.selenium.remote.ErrorHandler.throwIfResponseFailed(ErrorHandler.java:166)
	at org.openqa.selenium.remote.http.JsonHttpResponseCodec.reconstructValue(JsonHttpResponseCodec.java:40)
	at org.openqa.selenium.remote.http.AbstractHttpResponseCodec.decode(AbstractHttpResponseCodec.java:80)
	at org.openqa.selenium.remote.http.AbstractHttpResponseCodec.decode(AbstractHttpResponseCodec.java:44)
	at org.openqa.selenium.remote.HttpCommandExecutor.execute(HttpCommandExecutor.java:158)
	at org.openqa.selenium.remote.service.DriverCommandExecutor.execute(DriverCommandExecutor.java:83)
	at org.openqa.selenium.remote.RemoteWebDriver.execute(RemoteWebDriver.java:548)
	at org.openqa.selenium.remote.RemoteWebElement.execute(RemoteWebElement.java:276)
	at org.openqa.selenium.remote.RemoteWebElement.click(RemoteWebElement.java:83)
	at org.cts.oneframework.utilities.BasePageObject.clickElement(BasePageObject.java:587)
	at org.cts.oneframework.utilities.BasePageObject.clickElement(BasePageObject.java:578)
	at org.cts.oneframework.cucumber.pages.CommonPage.clickAccueilLinkInLeftPane(CommonPage.java:101)
	at org.cts.oneframework.cucumber.stepdefinition.CommonStepDefs.user_clicks_on_Accueil_in_left_pane_total_home_page_should_be_displayed(CommonStepDefs.java:54)
	at ?.user clicks on Accueil in left pane total home page should be displayed(src/test/resources/features/TousVosVehicules.feature:120)
... Removed 4 stack frames</pre></div><a href='#' onClick='toggleBox("stack-trace545509673", this, "Click to show all stack frames", "Click to hide stack frames")'>Click to show all stack frames</a>
<div class='stack-trace' id='stack-trace545509673'><pre>org.openqa.selenium.WebDriverException: unknown error: Element &lt;a class=&quot; accueil active&quot; aria-labelledby=&quot;layout_3&quot; href=&quot;https://fleetonline.pprod.uap.total.com/private/guest/home&quot; role=&quot;menuitem&quot;&gt;...&lt;/a&gt; is not clickable at point (110, 108). Other element would receive the click: &lt;div class=&quot;ui-widget-overlay ui-front&quot; style=&quot;z-index: 10001;&quot;&gt;&lt;/div&gt;
  (Session info: chrome=75.0.3770.90)
  (Driver info: chromedriver=2.44.609538 (b655c5a60b0b544917107a59d4153d4bf78e1b90),platform=Windows NT 10.0.17763 x86_64) (WARNING: The server did not provide any stacktrace information)
Command duration or timeout: 0 milliseconds
Build info: version: &apos;3.13.0&apos;, revision: &apos;2f0d292&apos;, time: &apos;2018-06-25T15:24:21.231Z&apos;
System info: host: &apos;PC339926&apos;, ip: &apos;10.219.66.4&apos;, os.name: &apos;Windows 10&apos;, os.arch: &apos;amd64&apos;, os.version: &apos;10.0&apos;, java.version: &apos;1.8.0_181&apos;
Driver info: org.openqa.selenium.chrome.ChromeDriver
Capabilities {acceptInsecureCerts: false, acceptSslCerts: false, applicationCacheEnabled: false, browserConnectionEnabled: false, browserName: chrome, chrome: {chromedriverVersion: 2.44.609538 (b655c5a60b0b54..., userDataDir: C:\Users\593611\AppData\Loc...}, cssSelectorsEnabled: true, databaseEnabled: false, goog:chromeOptions: {debuggerAddress: localhost:65036}, handlesAlerts: true, hasTouchScreen: false, javascriptEnabled: true, locationContextEnabled: true, mobileEmulationEnabled: false, nativeEvents: true, networkConnectionEnabled: false, pageLoadStrategy: normal, platform: XP, platformName: XP, rotatable: false, setWindowRect: true, takesHeapSnapshot: true, takesScreenshot: true, unexpectedAlertBehaviour: ignore, unhandledPromptBehavior: ignore, version: 75.0.3770.90, webStorageEnabled: true}
Session ID: b2197c0247566ace70e1e6b02d8d86b8
	at sun.reflect.NativeConstructorAccessorImpl.newInstance0(Native Method)
	at sun.reflect.NativeConstructorAccessorImpl.newInstance(NativeConstructorAccessorImpl.java:62)
	at sun.reflect.DelegatingConstructorAccessorImpl.newInstance(DelegatingConstructorAccessorImpl.java:45)
	at java.lang.reflect.Constructor.newInstance(Constructor.java:423)
	at org.openqa.selenium.remote.ErrorHandler.createThrowable(ErrorHandler.java:214)
	at org.openqa.selenium.remote.ErrorHandler.throwIfResponseFailed(ErrorHandler.java:166)
	at org.openqa.selenium.remote.http.JsonHttpResponseCodec.reconstructValue(JsonHttpResponseCodec.java:40)
	at org.openqa.selenium.remote.http.AbstractHttpResponseCodec.decode(AbstractHttpResponseCodec.java:80)
	at org.openqa.selenium.remote.http.AbstractHttpResponseCodec.decode(AbstractHttpResponseCodec.java:44)
	at org.openqa.selenium.remote.HttpCommandExecutor.execute(HttpCommandExecutor.java:158)
	at org.openqa.selenium.remote.service.DriverCommandExecutor.execute(DriverCommandExecutor.java:83)
	at org.openqa.selenium.remote.RemoteWebDriver.execute(RemoteWebDriver.java:548)
	at org.openqa.selenium.remote.RemoteWebElement.execute(RemoteWebElement.java:276)
	at org.openqa.selenium.remote.RemoteWebElement.click(RemoteWebElement.java:83)
	at org.cts.oneframework.utilities.BasePageObject.clickElement(BasePageObject.java:587)
	at org.cts.oneframework.utilities.BasePageObject.clickElement(BasePageObject.java:578)
	at org.cts.oneframework.cucumber.pages.CommonPage.clickAccueilLinkInLeftPane(CommonPage.java:101)
	at org.cts.oneframework.cucumber.stepdefinition.CommonStepDefs.user_clicks_on_Accueil_in_left_pane_total_home_page_should_be_displayed(CommonStepDefs.java:54)
	at ?.user clicks on Accueil in left pane total home page should be displayed(src/test/resources/features/TousVosVehicules.feature:120)
</pre></div></td>
<td>0</td>
<td>org.cts.oneframework.cucumber.testrunners.SmokeSuiteRunner@370736d9</td></tr>
<tr>
<td title='org.cts.oneframework.cucumber.testrunners.SmokeSuiteRunner.runScenario()'><b>runScenario</b><br>Test class: org.cts.oneframework.cucumber.testrunners.SmokeSuiteRunner<br>Test method: Runs Cucumber Scenarios<br>Parameters: "TS_09_TC_10_Create a contrat for the vehicule from the detailed page", "Total_Fleet_TousVosVehicules"</td>
<td><div><pre>org.openqa.selenium.WebDriverException: unknown error: Element &lt;a class=&quot; accueil active&quot; aria-labelledby=&quot;layout_3&quot; href=&quot;https://fleetonline.pprod.uap.total.com/private/guest/home&quot; role=&quot;menuitem&quot;&gt;...&lt;/a&gt; is not clickable at point (110, 108). Other element would receive the click: &lt;div class=&quot;ui-widget-overlay ui-front&quot; style=&quot;z-index: 10001;&quot;&gt;&lt;/div&gt;
  (Session info: chrome=75.0.3770.90)
  (Driver info: chromedriver=2.44.609538 (b655c5a60b0b544917107a59d4153d4bf78e1b90),platform=Windows NT 10.0.17763 x86_64) (WARNING: The server did not provide any stacktrace information)
Command duration or timeout: 0 milliseconds
Build info: version: &apos;3.13.0&apos;, revision: &apos;2f0d292&apos;, time: &apos;2018-06-25T15:24:21.231Z&apos;
System info: host: &apos;PC339926&apos;, ip: &apos;10.219.66.4&apos;, os.name: &apos;Windows 10&apos;, os.arch: &apos;amd64&apos;, os.version: &apos;10.0&apos;, java.version: &apos;1.8.0_181&apos;
Driver info: org.openqa.selenium.chrome.ChromeDriver
Capabilities {acceptInsecureCerts: false, acceptSslCerts: false, applicationCacheEnabled: false, browserConnectionEnabled: false, browserName: chrome, chrome: {chromedriverVersion: 2.44.609538 (b655c5a60b0b54..., userDataDir: C:\Users\593611\AppData\Loc...}, cssSelectorsEnabled: true, databaseEnabled: false, goog:chromeOptions: {debuggerAddress: localhost:65130}, handlesAlerts: true, hasTouchScreen: false, javascriptEnabled: true, locationContextEnabled: true, mobileEmulationEnabled: false, nativeEvents: true, networkConnectionEnabled: false, pageLoadStrategy: normal, platform: XP, platformName: XP, rotatable: false, setWindowRect: true, takesHeapSnapshot: true, takesScreenshot: true, unexpectedAlertBehaviour: ignore, unhandledPromptBehavior: ignore, version: 75.0.3770.90, webStorageEnabled: true}
Session ID: fc1162356c7d5df29982374a6a2df139
	at org.openqa.selenium.remote.ErrorHandler.createThrowable(ErrorHandler.java:214)
	at org.openqa.selenium.remote.ErrorHandler.throwIfResponseFailed(ErrorHandler.java:166)
	at org.openqa.selenium.remote.http.JsonHttpResponseCodec.reconstructValue(JsonHttpResponseCodec.java:40)
	at org.openqa.selenium.remote.http.AbstractHttpResponseCodec.decode(AbstractHttpResponseCodec.java:80)
	at org.openqa.selenium.remote.http.AbstractHttpResponseCodec.decode(AbstractHttpResponseCodec.java:44)
	at org.openqa.selenium.remote.HttpCommandExecutor.execute(HttpCommandExecutor.java:158)
	at org.openqa.selenium.remote.service.DriverCommandExecutor.execute(DriverCommandExecutor.java:83)
	at org.openqa.selenium.remote.RemoteWebDriver.execute(RemoteWebDriver.java:548)
	at org.openqa.selenium.remote.RemoteWebElement.execute(RemoteWebElement.java:276)
	at org.openqa.selenium.remote.RemoteWebElement.click(RemoteWebElement.java:83)
	at org.cts.oneframework.utilities.BasePageObject.clickElement(BasePageObject.java:587)
	at org.cts.oneframework.utilities.BasePageObject.clickElement(BasePageObject.java:578)
	at org.cts.oneframework.cucumber.pages.CommonPage.clickAccueilLinkInLeftPane(CommonPage.java:101)
	at org.cts.oneframework.cucumber.stepdefinition.CommonStepDefs.user_clicks_on_Accueil_in_left_pane_total_home_page_should_be_displayed(CommonStepDefs.java:54)
	at ?.user clicks on Accueil in left pane total home page should be displayed(src/test/resources/features/TousVosVehicules.feature:171)
... Removed 4 stack frames</pre></div><a href='#' onClick='toggleBox("stack-trace661848122", this, "Click to show all stack frames", "Click to hide stack frames")'>Click to show all stack frames</a>
<div class='stack-trace' id='stack-trace661848122'><pre>org.openqa.selenium.WebDriverException: unknown error: Element &lt;a class=&quot; accueil active&quot; aria-labelledby=&quot;layout_3&quot; href=&quot;https://fleetonline.pprod.uap.total.com/private/guest/home&quot; role=&quot;menuitem&quot;&gt;...&lt;/a&gt; is not clickable at point (110, 108). Other element would receive the click: &lt;div class=&quot;ui-widget-overlay ui-front&quot; style=&quot;z-index: 10001;&quot;&gt;&lt;/div&gt;
  (Session info: chrome=75.0.3770.90)
  (Driver info: chromedriver=2.44.609538 (b655c5a60b0b544917107a59d4153d4bf78e1b90),platform=Windows NT 10.0.17763 x86_64) (WARNING: The server did not provide any stacktrace information)
Command duration or timeout: 0 milliseconds
Build info: version: &apos;3.13.0&apos;, revision: &apos;2f0d292&apos;, time: &apos;2018-06-25T15:24:21.231Z&apos;
System info: host: &apos;PC339926&apos;, ip: &apos;10.219.66.4&apos;, os.name: &apos;Windows 10&apos;, os.arch: &apos;amd64&apos;, os.version: &apos;10.0&apos;, java.version: &apos;1.8.0_181&apos;
Driver info: org.openqa.selenium.chrome.ChromeDriver
Capabilities {acceptInsecureCerts: false, acceptSslCerts: false, applicationCacheEnabled: false, browserConnectionEnabled: false, browserName: chrome, chrome: {chromedriverVersion: 2.44.609538 (b655c5a60b0b54..., userDataDir: C:\Users\593611\AppData\Loc...}, cssSelectorsEnabled: true, databaseEnabled: false, goog:chromeOptions: {debuggerAddress: localhost:65130}, handlesAlerts: true, hasTouchScreen: false, javascriptEnabled: true, locationContextEnabled: true, mobileEmulationEnabled: false, nativeEvents: true, networkConnectionEnabled: false, pageLoadStrategy: normal, platform: XP, platformName: XP, rotatable: false, setWindowRect: true, takesHeapSnapshot: true, takesScreenshot: true, unexpectedAlertBehaviour: ignore, unhandledPromptBehavior: ignore, version: 75.0.3770.90, webStorageEnabled: true}
Session ID: fc1162356c7d5df29982374a6a2df139
	at sun.reflect.NativeConstructorAccessorImpl.newInstance0(Native Method)
	at sun.reflect.NativeConstructorAccessorImpl.newInstance(NativeConstructorAccessorImpl.java:62)
	at sun.reflect.DelegatingConstructorAccessorImpl.newInstance(DelegatingConstructorAccessorImpl.java:45)
	at java.lang.reflect.Constructor.newInstance(Constructor.java:423)
	at org.openqa.selenium.remote.ErrorHandler.createThrowable(ErrorHandler.java:214)
	at org.openqa.selenium.remote.ErrorHandler.throwIfResponseFailed(ErrorHandler.java:166)
	at org.openqa.selenium.remote.http.JsonHttpResponseCodec.reconstructValue(JsonHttpResponseCodec.java:40)
	at org.openqa.selenium.remote.http.AbstractHttpResponseCodec.decode(AbstractHttpResponseCodec.java:80)
	at org.openqa.selenium.remote.http.AbstractHttpResponseCodec.decode(AbstractHttpResponseCodec.java:44)
	at org.openqa.selenium.remote.HttpCommandExecutor.execute(HttpCommandExecutor.java:158)
	at org.openqa.selenium.remote.service.DriverCommandExecutor.execute(DriverCommandExecutor.java:83)
	at org.openqa.selenium.remote.RemoteWebDriver.execute(RemoteWebDriver.java:548)
	at org.openqa.selenium.remote.RemoteWebElement.execute(RemoteWebElement.java:276)
	at org.openqa.selenium.remote.RemoteWebElement.click(RemoteWebElement.java:83)
	at org.cts.oneframework.utilities.BasePageObject.clickElement(BasePageObject.java:587)
	at org.cts.oneframework.utilities.BasePageObject.clickElement(BasePageObject.java:578)
	at org.cts.oneframework.cucumber.pages.CommonPage.clickAccueilLinkInLeftPane(CommonPage.java:101)
	at org.cts.oneframework.cucumber.stepdefinition.CommonStepDefs.user_clicks_on_Accueil_in_left_pane_total_home_page_should_be_displayed(CommonStepDefs.java:54)
	at ?.user clicks on Accueil in left pane total home page should be displayed(src/test/resources/features/TousVosVehicules.feature:171)
</pre></div></td>
<td>21</td>
<td>org.cts.oneframework.cucumber.testrunners.SmokeSuiteRunner@370736d9</td></tr>
<tr>
<td title='org.cts.oneframework.cucumber.testrunners.SmokeSuiteRunner.runScenario()'><b>runScenario</b><br>Test class: org.cts.oneframework.cucumber.testrunners.SmokeSuiteRunner<br>Test method: Runs Cucumber Scenarios<br>Parameters: "TS_09_TC_10_Validation for contrat tab", "Total_Fleet_TousVosVehicules"</td>
<td><div><pre>org.openqa.selenium.WebDriverException: chrome not reachable
  (Session info: chrome=75.0.3770.90)
  (Driver info: chromedriver=2.44.609538 (b655c5a60b0b544917107a59d4153d4bf78e1b90),platform=Windows NT 10.0.17763 x86_64) (WARNING: The server did not provide any stacktrace information)
Command duration or timeout: 0 milliseconds
Build info: version: &apos;3.13.0&apos;, revision: &apos;2f0d292&apos;, time: &apos;2018-06-25T15:24:21.231Z&apos;
System info: host: &apos;PC339926&apos;, ip: &apos;10.219.66.4&apos;, os.name: &apos;Windows 10&apos;, os.arch: &apos;amd64&apos;, os.version: &apos;10.0&apos;, java.version: &apos;1.8.0_181&apos;
Driver info: org.openqa.selenium.chrome.ChromeDriver
Capabilities {acceptInsecureCerts: false, acceptSslCerts: false, applicationCacheEnabled: false, browserConnectionEnabled: false, browserName: chrome, chrome: {chromedriverVersion: 2.44.609538 (b655c5a60b0b54..., userDataDir: C:\Users\593611\AppData\Loc...}, cssSelectorsEnabled: true, databaseEnabled: false, goog:chromeOptions: {debuggerAddress: localhost:65130}, handlesAlerts: true, hasTouchScreen: false, javascriptEnabled: true, locationContextEnabled: true, mobileEmulationEnabled: false, nativeEvents: true, networkConnectionEnabled: false, pageLoadStrategy: normal, platform: XP, platformName: XP, rotatable: false, setWindowRect: true, takesHeapSnapshot: true, takesScreenshot: true, unexpectedAlertBehaviour: ignore, unhandledPromptBehavior: ignore, version: 75.0.3770.90, webStorageEnabled: true}
Session ID: fc1162356c7d5df29982374a6a2df139
*** Element info: {Using=xpath, value=//*[contains(@id,&apos;typeOfContract-container&apos;)]/ancestor::node()[1]}
	at org.openqa.selenium.remote.ErrorHandler.createThrowable(ErrorHandler.java:214)
	at org.openqa.selenium.remote.ErrorHandler.throwIfResponseFailed(ErrorHandler.java:166)
	at org.openqa.selenium.remote.http.JsonHttpResponseCodec.reconstructValue(JsonHttpResponseCodec.java:40)
	at org.openqa.selenium.remote.http.AbstractHttpResponseCodec.decode(AbstractHttpResponseCodec.java:80)
	at org.openqa.selenium.remote.http.AbstractHttpResponseCodec.decode(AbstractHttpResponseCodec.java:44)
	at org.openqa.selenium.remote.HttpCommandExecutor.execute(HttpCommandExecutor.java:158)
	at org.openqa.selenium.remote.service.DriverCommandExecutor.execute(DriverCommandExecutor.java:83)
	at org.openqa.selenium.remote.RemoteWebDriver.execute(RemoteWebDriver.java:548)
	at org.openqa.selenium.remote.RemoteWebDriver.findElements(RemoteWebDriver.java:349)
	at org.openqa.selenium.remote.RemoteWebDriver.findElementsByXPath(RemoteWebDriver.java:428)
	at org.openqa.selenium.By$ByXPath.findElements(By.java:348)
	at org.openqa.selenium.remote.RemoteWebDriver.findElements(RemoteWebDriver.java:310)
	at org.openqa.selenium.support.ui.ExpectedConditions.findElement(ExpectedConditions.java:895)
	at org.openqa.selenium.support.ui.ExpectedConditions.access$000(ExpectedConditions.java:44)
	at org.openqa.selenium.support.ui.ExpectedConditions$7.apply(ExpectedConditions.java:206)
	at org.openqa.selenium.support.ui.ExpectedConditions$7.apply(ExpectedConditions.java:202)
	at org.openqa.selenium.support.ui.FluentWait.until(FluentWait.java:248)
	at org.cts.oneframework.utilities.BasePageObject.waitForElementToLoad(BasePageObject.java:745)
	at org.cts.oneframework.utilities.BasePageObject.waitForElementToLoad(BasePageObject.java:749)
	at org.cts.oneframework.cucumber.pages.TousVosVehiculesPage.click_DropDownTypeDeContrat_contratCreation_vehicule(TousVosVehiculesPage.java:342)
	at org.cts.oneframework.cucumber.stepdefinition.TousVosVehiculesStepDefs.user_should_verify_the_fields_in_contrat_tab_for_all_the_types_Location_courte_duree_Location_moyenne_duree_Location_longue_duree_Locationavec_option_d_achat_Indemnite_Kilometrique_and_Contrat_type_Achat(TousVosVehiculesStepDefs.java:152)
	at ?.user should verify the fields in contrat tab for all the types ContrattypeLCD ContrattypeLMD ContrattypeLLD ContrattypeLOA ContrattypeIK and ContrattypeAchat(src/test/resources/features/TousVosVehicules.feature:192)
... Removed 4 stack frames</pre></div><a href='#' onClick='toggleBox("stack-trace1126252487", this, "Click to show all stack frames", "Click to hide stack frames")'>Click to show all stack frames</a>
<div class='stack-trace' id='stack-trace1126252487'><pre>org.openqa.selenium.WebDriverException: chrome not reachable
  (Session info: chrome=75.0.3770.90)
  (Driver info: chromedriver=2.44.609538 (b655c5a60b0b544917107a59d4153d4bf78e1b90),platform=Windows NT 10.0.17763 x86_64) (WARNING: The server did not provide any stacktrace information)
Command duration or timeout: 0 milliseconds
Build info: version: &apos;3.13.0&apos;, revision: &apos;2f0d292&apos;, time: &apos;2018-06-25T15:24:21.231Z&apos;
System info: host: &apos;PC339926&apos;, ip: &apos;10.219.66.4&apos;, os.name: &apos;Windows 10&apos;, os.arch: &apos;amd64&apos;, os.version: &apos;10.0&apos;, java.version: &apos;1.8.0_181&apos;
Driver info: org.openqa.selenium.chrome.ChromeDriver
Capabilities {acceptInsecureCerts: false, acceptSslCerts: false, applicationCacheEnabled: false, browserConnectionEnabled: false, browserName: chrome, chrome: {chromedriverVersion: 2.44.609538 (b655c5a60b0b54..., userDataDir: C:\Users\593611\AppData\Loc...}, cssSelectorsEnabled: true, databaseEnabled: false, goog:chromeOptions: {debuggerAddress: localhost:65130}, handlesAlerts: true, hasTouchScreen: false, javascriptEnabled: true, locationContextEnabled: true, mobileEmulationEnabled: false, nativeEvents: true, networkConnectionEnabled: false, pageLoadStrategy: normal, platform: XP, platformName: XP, rotatable: false, setWindowRect: true, takesHeapSnapshot: true, takesScreenshot: true, unexpectedAlertBehaviour: ignore, unhandledPromptBehavior: ignore, version: 75.0.3770.90, webStorageEnabled: true}
Session ID: fc1162356c7d5df29982374a6a2df139
*** Element info: {Using=xpath, value=//*[contains(@id,&apos;typeOfContract-container&apos;)]/ancestor::node()[1]}
	at sun.reflect.NativeConstructorAccessorImpl.newInstance0(Native Method)
	at sun.reflect.NativeConstructorAccessorImpl.newInstance(NativeConstructorAccessorImpl.java:62)
	at sun.reflect.DelegatingConstructorAccessorImpl.newInstance(DelegatingConstructorAccessorImpl.java:45)
	at java.lang.reflect.Constructor.newInstance(Constructor.java:423)
	at org.openqa.selenium.remote.ErrorHandler.createThrowable(ErrorHandler.java:214)
	at org.openqa.selenium.remote.ErrorHandler.throwIfResponseFailed(ErrorHandler.java:166)
	at org.openqa.selenium.remote.http.JsonHttpResponseCodec.reconstructValue(JsonHttpResponseCodec.java:40)
	at org.openqa.selenium.remote.http.AbstractHttpResponseCodec.decode(AbstractHttpResponseCodec.java:80)
	at org.openqa.selenium.remote.http.AbstractHttpResponseCodec.decode(AbstractHttpResponseCodec.java:44)
	at org.openqa.selenium.remote.HttpCommandExecutor.execute(HttpCommandExecutor.java:158)
	at org.openqa.selenium.remote.service.DriverCommandExecutor.execute(DriverCommandExecutor.java:83)
	at org.openqa.selenium.remote.RemoteWebDriver.execute(RemoteWebDriver.java:548)
	at org.openqa.selenium.remote.RemoteWebDriver.findElements(RemoteWebDriver.java:349)
	at org.openqa.selenium.remote.RemoteWebDriver.findElementsByXPath(RemoteWebDriver.java:428)
	at org.openqa.selenium.By$ByXPath.findElements(By.java:348)
	at org.openqa.selenium.remote.RemoteWebDriver.findElements(RemoteWebDriver.java:310)
	at org.openqa.selenium.support.ui.ExpectedConditions.findElement(ExpectedConditions.java:895)
	at org.openqa.selenium.support.ui.ExpectedConditions.access$000(ExpectedConditions.java:44)
	at org.openqa.selenium.support.ui.ExpectedConditions$7.apply(ExpectedConditions.java:206)
	at org.openqa.selenium.support.ui.ExpectedConditions$7.apply(ExpectedConditions.java:202)
	at org.openqa.selenium.support.ui.FluentWait.until(FluentWait.java:248)
	at org.cts.oneframework.utilities.BasePageObject.waitForElementToLoad(BasePageObject.java:745)
	at org.cts.oneframework.utilities.BasePageObject.waitForElementToLoad(BasePageObject.java:749)
	at org.cts.oneframework.cucumber.pages.TousVosVehiculesPage.click_DropDownTypeDeContrat_contratCreation_vehicule(TousVosVehiculesPage.java:342)
	at org.cts.oneframework.cucumber.stepdefinition.TousVosVehiculesStepDefs.user_should_verify_the_fields_in_contrat_tab_for_all_the_types_Location_courte_duree_Location_moyenne_duree_Location_longue_duree_Locationavec_option_d_achat_Indemnite_Kilometrique_and_Contrat_type_Achat(TousVosVehiculesStepDefs.java:152)
	at ?.user should verify the fields in contrat tab for all the types ContrattypeLCD ContrattypeLMD ContrattypeLLD ContrattypeLOA ContrattypeIK and ContrattypeAchat(src/test/resources/features/TousVosVehicules.feature:192)
</pre></div></td>
<td>52</td>
<td>org.cts.oneframework.cucumber.testrunners.SmokeSuiteRunner@370736d9</td></tr>
<tr>
<td title='org.cts.oneframework.cucumber.testrunners.SmokeSuiteRunner.runScenario()'><b>runScenario</b><br>Test class: org.cts.oneframework.cucumber.testrunners.SmokeSuiteRunner<br>Test method: Runs Cucumber Scenarios<br>Parameters: "TS_11_TC_12_Navigation to Vehicules Detailed Page", "Total_Fleet_TousVosVehicules"</td>
<td><div><pre>org.openqa.selenium.ElementNotVisibleException: element not interactable
  (Session info: chrome=75.0.3770.90)
  (Driver info: chromedriver=2.44.609538 (b655c5a60b0b544917107a59d4153d4bf78e1b90),platform=Windows NT 10.0.17763 x86_64) (WARNING: The server did not provide any stacktrace information)
Command duration or timeout: 0 milliseconds
Build info: version: &apos;3.13.0&apos;, revision: &apos;2f0d292&apos;, time: &apos;2018-06-25T15:24:21.231Z&apos;
System info: host: &apos;PC339926&apos;, ip: &apos;10.219.66.4&apos;, os.name: &apos;Windows 10&apos;, os.arch: &apos;amd64&apos;, os.version: &apos;10.0&apos;, java.version: &apos;1.8.0_181&apos;
Driver info: org.openqa.selenium.chrome.ChromeDriver
Capabilities {acceptInsecureCerts: false, acceptSslCerts: false, applicationCacheEnabled: false, browserConnectionEnabled: false, browserName: chrome, chrome: {chromedriverVersion: 2.44.609538 (b655c5a60b0b54..., userDataDir: C:\Users\593611\AppData\Loc...}, cssSelectorsEnabled: true, databaseEnabled: false, goog:chromeOptions: {debuggerAddress: localhost:65237}, handlesAlerts: true, hasTouchScreen: false, javascriptEnabled: true, locationContextEnabled: true, mobileEmulationEnabled: false, nativeEvents: true, networkConnectionEnabled: false, pageLoadStrategy: normal, platform: XP, platformName: XP, rotatable: false, setWindowRect: true, takesHeapSnapshot: true, takesScreenshot: true, unexpectedAlertBehaviour: ignore, unhandledPromptBehavior: ignore, version: 75.0.3770.90, webStorageEnabled: true}
Session ID: e423218907a1876552f1f0cf85b427b0
	at org.openqa.selenium.remote.ErrorHandler.createThrowable(ErrorHandler.java:214)
	at org.openqa.selenium.remote.ErrorHandler.throwIfResponseFailed(ErrorHandler.java:166)
	at org.openqa.selenium.remote.http.JsonHttpResponseCodec.reconstructValue(JsonHttpResponseCodec.java:40)
	at org.openqa.selenium.remote.http.AbstractHttpResponseCodec.decode(AbstractHttpResponseCodec.java:80)
	at org.openqa.selenium.remote.http.AbstractHttpResponseCodec.decode(AbstractHttpResponseCodec.java:44)
	at org.openqa.selenium.remote.HttpCommandExecutor.execute(HttpCommandExecutor.java:158)
	at org.openqa.selenium.remote.service.DriverCommandExecutor.execute(DriverCommandExecutor.java:83)
	at org.openqa.selenium.remote.RemoteWebDriver.execute(RemoteWebDriver.java:548)
	at org.openqa.selenium.remote.RemoteWebElement.execute(RemoteWebElement.java:276)
	at org.openqa.selenium.remote.RemoteWebElement.click(RemoteWebElement.java:83)
	at org.cts.oneframework.utilities.BasePageObject.clickElement(BasePageObject.java:587)
	at org.cts.oneframework.utilities.BasePageObject.clickElement(BasePageObject.java:578)
	at org.cts.oneframework.cucumber.pages.TousVosVehiculesPage.click_vehicules_Votreparc(TousVosVehiculesPage.java:774)
	at org.cts.oneframework.cucumber.stepdefinition.TousVosVehiculesStepDefs.user_clicks_on_vehicules_in_voter_parc_section(TousVosVehiculesStepDefs.java:17)
	at ?.user clicks on vehicules in voter parc section(src/test/resources/features/TousVosVehicules.feature:228)
... Removed 4 stack frames</pre></div><a href='#' onClick='toggleBox("stack-trace292446272", this, "Click to show all stack frames", "Click to hide stack frames")'>Click to show all stack frames</a>
<div class='stack-trace' id='stack-trace292446272'><pre>org.openqa.selenium.ElementNotVisibleException: element not interactable
  (Session info: chrome=75.0.3770.90)
  (Driver info: chromedriver=2.44.609538 (b655c5a60b0b544917107a59d4153d4bf78e1b90),platform=Windows NT 10.0.17763 x86_64) (WARNING: The server did not provide any stacktrace information)
Command duration or timeout: 0 milliseconds
Build info: version: &apos;3.13.0&apos;, revision: &apos;2f0d292&apos;, time: &apos;2018-06-25T15:24:21.231Z&apos;
System info: host: &apos;PC339926&apos;, ip: &apos;10.219.66.4&apos;, os.name: &apos;Windows 10&apos;, os.arch: &apos;amd64&apos;, os.version: &apos;10.0&apos;, java.version: &apos;1.8.0_181&apos;
Driver info: org.openqa.selenium.chrome.ChromeDriver
Capabilities {acceptInsecureCerts: false, acceptSslCerts: false, applicationCacheEnabled: false, browserConnectionEnabled: false, browserName: chrome, chrome: {chromedriverVersion: 2.44.609538 (b655c5a60b0b54..., userDataDir: C:\Users\593611\AppData\Loc...}, cssSelectorsEnabled: true, databaseEnabled: false, goog:chromeOptions: {debuggerAddress: localhost:65237}, handlesAlerts: true, hasTouchScreen: false, javascriptEnabled: true, locationContextEnabled: true, mobileEmulationEnabled: false, nativeEvents: true, networkConnectionEnabled: false, pageLoadStrategy: normal, platform: XP, platformName: XP, rotatable: false, setWindowRect: true, takesHeapSnapshot: true, takesScreenshot: true, unexpectedAlertBehaviour: ignore, unhandledPromptBehavior: ignore, version: 75.0.3770.90, webStorageEnabled: true}
Session ID: e423218907a1876552f1f0cf85b427b0
	at sun.reflect.NativeConstructorAccessorImpl.newInstance0(Native Method)
	at sun.reflect.NativeConstructorAccessorImpl.newInstance(NativeConstructorAccessorImpl.java:62)
	at sun.reflect.DelegatingConstructorAccessorImpl.newInstance(DelegatingConstructorAccessorImpl.java:45)
	at java.lang.reflect.Constructor.newInstance(Constructor.java:423)
	at org.openqa.selenium.remote.ErrorHandler.createThrowable(ErrorHandler.java:214)
	at org.openqa.selenium.remote.ErrorHandler.throwIfResponseFailed(ErrorHandler.java:166)
	at org.openqa.selenium.remote.http.JsonHttpResponseCodec.reconstructValue(JsonHttpResponseCodec.java:40)
	at org.openqa.selenium.remote.http.AbstractHttpResponseCodec.decode(AbstractHttpResponseCodec.java:80)
	at org.openqa.selenium.remote.http.AbstractHttpResponseCodec.decode(AbstractHttpResponseCodec.java:44)
	at org.openqa.selenium.remote.HttpCommandExecutor.execute(HttpCommandExecutor.java:158)
	at org.openqa.selenium.remote.service.DriverCommandExecutor.execute(DriverCommandExecutor.java:83)
	at org.openqa.selenium.remote.RemoteWebDriver.execute(RemoteWebDriver.java:548)
	at org.openqa.selenium.remote.RemoteWebElement.execute(RemoteWebElement.java:276)
	at org.openqa.selenium.remote.RemoteWebElement.click(RemoteWebElement.java:83)
	at org.cts.oneframework.utilities.BasePageObject.clickElement(BasePageObject.java:587)
	at org.cts.oneframework.utilities.BasePageObject.clickElement(BasePageObject.java:578)
	at org.cts.oneframework.cucumber.pages.TousVosVehiculesPage.click_vehicules_Votreparc(TousVosVehiculesPage.java:774)
	at org.cts.oneframework.cucumber.stepdefinition.TousVosVehiculesStepDefs.user_clicks_on_vehicules_in_voter_parc_section(TousVosVehiculesStepDefs.java:17)
	at ?.user clicks on vehicules in voter parc section(src/test/resources/features/TousVosVehicules.feature:228)
</pre></div></td>
<td>18</td>
<td>org.cts.oneframework.cucumber.testrunners.SmokeSuiteRunner@370736d9</td></tr>
<tr>
<td title='org.cts.oneframework.cucumber.testrunners.SmokeSuiteRunner.runScenario()'><b>runScenario</b><br>Test class: org.cts.oneframework.cucumber.testrunners.SmokeSuiteRunner<br>Test method: Runs Cucumber Scenarios<br>Parameters: "TS_37_TC_48_To select un vehicule existant tab in contributor detailed page for aen setup", "Total_Fleet_TousVosVehicules"</td>
<td><div><pre>org.openqa.selenium.WebDriverException: unknown error: Element &lt;a class=&quot; accueil active&quot; aria-labelledby=&quot;layout_3&quot; href=&quot;https://fleetonline.pprod.uap.total.com/private/guest/home&quot; role=&quot;menuitem&quot;&gt;...&lt;/a&gt; is not clickable at point (110, 108). Other element would receive the click: &lt;div class=&quot;ui-widget-overlay ui-front&quot; style=&quot;z-index: 10001;&quot;&gt;&lt;/div&gt;
  (Session info: chrome=75.0.3770.90)
  (Driver info: chromedriver=2.44.609538 (b655c5a60b0b544917107a59d4153d4bf78e1b90),platform=Windows NT 10.0.17763 x86_64) (WARNING: The server did not provide any stacktrace information)
Command duration or timeout: 0 milliseconds
Build info: version: &apos;3.13.0&apos;, revision: &apos;2f0d292&apos;, time: &apos;2018-06-25T15:24:21.231Z&apos;
System info: host: &apos;PC339926&apos;, ip: &apos;10.219.66.4&apos;, os.name: &apos;Windows 10&apos;, os.arch: &apos;amd64&apos;, os.version: &apos;10.0&apos;, java.version: &apos;1.8.0_181&apos;
Driver info: org.openqa.selenium.chrome.ChromeDriver
Capabilities {acceptInsecureCerts: false, acceptSslCerts: false, applicationCacheEnabled: false, browserConnectionEnabled: false, browserName: chrome, chrome: {chromedriverVersion: 2.44.609538 (b655c5a60b0b54..., userDataDir: C:\Users\593611\AppData\Loc...}, cssSelectorsEnabled: true, databaseEnabled: false, goog:chromeOptions: {debuggerAddress: localhost:65237}, handlesAlerts: true, hasTouchScreen: false, javascriptEnabled: true, locationContextEnabled: true, mobileEmulationEnabled: false, nativeEvents: true, networkConnectionEnabled: false, pageLoadStrategy: normal, platform: XP, platformName: XP, rotatable: false, setWindowRect: true, takesHeapSnapshot: true, takesScreenshot: true, unexpectedAlertBehaviour: ignore, unhandledPromptBehavior: ignore, version: 75.0.3770.90, webStorageEnabled: true}
Session ID: e423218907a1876552f1f0cf85b427b0
	at org.openqa.selenium.remote.ErrorHandler.createThrowable(ErrorHandler.java:214)
	at org.openqa.selenium.remote.ErrorHandler.throwIfResponseFailed(ErrorHandler.java:166)
	at org.openqa.selenium.remote.http.JsonHttpResponseCodec.reconstructValue(JsonHttpResponseCodec.java:40)
	at org.openqa.selenium.remote.http.AbstractHttpResponseCodec.decode(AbstractHttpResponseCodec.java:80)
	at org.openqa.selenium.remote.http.AbstractHttpResponseCodec.decode(AbstractHttpResponseCodec.java:44)
	at org.openqa.selenium.remote.HttpCommandExecutor.execute(HttpCommandExecutor.java:158)
	at org.openqa.selenium.remote.service.DriverCommandExecutor.execute(DriverCommandExecutor.java:83)
	at org.openqa.selenium.remote.RemoteWebDriver.execute(RemoteWebDriver.java:548)
	at org.openqa.selenium.remote.RemoteWebElement.execute(RemoteWebElement.java:276)
	at org.openqa.selenium.remote.RemoteWebElement.click(RemoteWebElement.java:83)
	at org.cts.oneframework.utilities.BasePageObject.clickElement(BasePageObject.java:587)
	at org.cts.oneframework.utilities.BasePageObject.clickElement(BasePageObject.java:578)
	at org.cts.oneframework.cucumber.pages.CommonPage.clickAccueilLinkInLeftPane(CommonPage.java:101)
	at org.cts.oneframework.cucumber.stepdefinition.CommonStepDefs.user_clicks_on_Accueil_in_left_pane_total_home_page_should_be_displayed(CommonStepDefs.java:54)
	at ?.user clicks on Accueil in left pane total home page should be displayed(src/test/resources/features/TousVosVehicules.feature:245)
... Removed 4 stack frames</pre></div><a href='#' onClick='toggleBox("stack-trace36412512", this, "Click to show all stack frames", "Click to hide stack frames")'>Click to show all stack frames</a>
<div class='stack-trace' id='stack-trace36412512'><pre>org.openqa.selenium.WebDriverException: unknown error: Element &lt;a class=&quot; accueil active&quot; aria-labelledby=&quot;layout_3&quot; href=&quot;https://fleetonline.pprod.uap.total.com/private/guest/home&quot; role=&quot;menuitem&quot;&gt;...&lt;/a&gt; is not clickable at point (110, 108). Other element would receive the click: &lt;div class=&quot;ui-widget-overlay ui-front&quot; style=&quot;z-index: 10001;&quot;&gt;&lt;/div&gt;
  (Session info: chrome=75.0.3770.90)
  (Driver info: chromedriver=2.44.609538 (b655c5a60b0b544917107a59d4153d4bf78e1b90),platform=Windows NT 10.0.17763 x86_64) (WARNING: The server did not provide any stacktrace information)
Command duration or timeout: 0 milliseconds
Build info: version: &apos;3.13.0&apos;, revision: &apos;2f0d292&apos;, time: &apos;2018-06-25T15:24:21.231Z&apos;
System info: host: &apos;PC339926&apos;, ip: &apos;10.219.66.4&apos;, os.name: &apos;Windows 10&apos;, os.arch: &apos;amd64&apos;, os.version: &apos;10.0&apos;, java.version: &apos;1.8.0_181&apos;
Driver info: org.openqa.selenium.chrome.ChromeDriver
Capabilities {acceptInsecureCerts: false, acceptSslCerts: false, applicationCacheEnabled: false, browserConnectionEnabled: false, browserName: chrome, chrome: {chromedriverVersion: 2.44.609538 (b655c5a60b0b54..., userDataDir: C:\Users\593611\AppData\Loc...}, cssSelectorsEnabled: true, databaseEnabled: false, goog:chromeOptions: {debuggerAddress: localhost:65237}, handlesAlerts: true, hasTouchScreen: false, javascriptEnabled: true, locationContextEnabled: true, mobileEmulationEnabled: false, nativeEvents: true, networkConnectionEnabled: false, pageLoadStrategy: normal, platform: XP, platformName: XP, rotatable: false, setWindowRect: true, takesHeapSnapshot: true, takesScreenshot: true, unexpectedAlertBehaviour: ignore, unhandledPromptBehavior: ignore, version: 75.0.3770.90, webStorageEnabled: true}
Session ID: e423218907a1876552f1f0cf85b427b0
	at sun.reflect.NativeConstructorAccessorImpl.newInstance0(Native Method)
	at sun.reflect.NativeConstructorAccessorImpl.newInstance(NativeConstructorAccessorImpl.java:62)
	at sun.reflect.DelegatingConstructorAccessorImpl.newInstance(DelegatingConstructorAccessorImpl.java:45)
	at java.lang.reflect.Constructor.newInstance(Constructor.java:423)
	at org.openqa.selenium.remote.ErrorHandler.createThrowable(ErrorHandler.java:214)
	at org.openqa.selenium.remote.ErrorHandler.throwIfResponseFailed(ErrorHandler.java:166)
	at org.openqa.selenium.remote.http.JsonHttpResponseCodec.reconstructValue(JsonHttpResponseCodec.java:40)
	at org.openqa.selenium.remote.http.AbstractHttpResponseCodec.decode(AbstractHttpResponseCodec.java:80)
	at org.openqa.selenium.remote.http.AbstractHttpResponseCodec.decode(AbstractHttpResponseCodec.java:44)
	at org.openqa.selenium.remote.HttpCommandExecutor.execute(HttpCommandExecutor.java:158)
	at org.openqa.selenium.remote.service.DriverCommandExecutor.execute(DriverCommandExecutor.java:83)
	at org.openqa.selenium.remote.RemoteWebDriver.execute(RemoteWebDriver.java:548)
	at org.openqa.selenium.remote.RemoteWebElement.execute(RemoteWebElement.java:276)
	at org.openqa.selenium.remote.RemoteWebElement.click(RemoteWebElement.java:83)
	at org.cts.oneframework.utilities.BasePageObject.clickElement(BasePageObject.java:587)
	at org.cts.oneframework.utilities.BasePageObject.clickElement(BasePageObject.java:578)
	at org.cts.oneframework.cucumber.pages.CommonPage.clickAccueilLinkInLeftPane(CommonPage.java:101)
	at org.cts.oneframework.cucumber.stepdefinition.CommonStepDefs.user_clicks_on_Accueil_in_left_pane_total_home_page_should_be_displayed(CommonStepDefs.java:54)
	at ?.user clicks on Accueil in left pane total home page should be displayed(src/test/resources/features/TousVosVehicules.feature:245)
</pre></div></td>
<td>0</td>
<td>org.cts.oneframework.cucumber.testrunners.SmokeSuiteRunner@370736d9</td></tr>
<tr>
<td title='org.cts.oneframework.cucumber.testrunners.SmokeSuiteRunner.runScenario()'><b>runScenario</b><br>Test class: org.cts.oneframework.cucumber.testrunners.SmokeSuiteRunner<br>Test method: Runs Cucumber Scenarios<br>Parameters: "TS_37_TC_48_To assign a vehicle for contributor with AEN set up", "Total_Fleet_TousVosVehicules"</td>
<td><div><pre>org.openqa.selenium.WebDriverException: chrome not reachable
  (Session info: chrome=75.0.3770.90)
  (Driver info: chromedriver=2.44.609538 (b655c5a60b0b544917107a59d4153d4bf78e1b90),platform=Windows NT 10.0.17763 x86_64) (WARNING: The server did not provide any stacktrace information)
Command duration or timeout: 0 milliseconds
Build info: version: &apos;3.13.0&apos;, revision: &apos;2f0d292&apos;, time: &apos;2018-06-25T15:24:21.231Z&apos;
System info: host: &apos;PC339926&apos;, ip: &apos;10.219.66.4&apos;, os.name: &apos;Windows 10&apos;, os.arch: &apos;amd64&apos;, os.version: &apos;10.0&apos;, java.version: &apos;1.8.0_181&apos;
Driver info: org.openqa.selenium.chrome.ChromeDriver
Capabilities {acceptInsecureCerts: false, acceptSslCerts: false, applicationCacheEnabled: false, browserConnectionEnabled: false, browserName: chrome, chrome: {chromedriverVersion: 2.44.609538 (b655c5a60b0b54..., userDataDir: C:\Users\593611\AppData\Loc...}, cssSelectorsEnabled: true, databaseEnabled: false, goog:chromeOptions: {debuggerAddress: localhost:65237}, handlesAlerts: true, hasTouchScreen: false, javascriptEnabled: true, locationContextEnabled: true, mobileEmulationEnabled: false, nativeEvents: true, networkConnectionEnabled: false, pageLoadStrategy: normal, platform: XP, platformName: XP, rotatable: false, setWindowRect: true, takesHeapSnapshot: true, takesScreenshot: true, unexpectedAlertBehaviour: ignore, unhandledPromptBehavior: ignore, version: 75.0.3770.90, webStorageEnabled: true}
Session ID: e423218907a1876552f1f0cf85b427b0
*** Element info: {Using=xpath, value=//*[@id=&apos;selectVehicleSpan&apos;]//*[contains(@role,&apos;combobox&apos;)]}
	at org.openqa.selenium.remote.ErrorHandler.createThrowable(ErrorHandler.java:214)
	at org.openqa.selenium.remote.ErrorHandler.throwIfResponseFailed(ErrorHandler.java:166)
	at org.openqa.selenium.remote.http.JsonHttpResponseCodec.reconstructValue(JsonHttpResponseCodec.java:40)
	at org.openqa.selenium.remote.http.AbstractHttpResponseCodec.decode(AbstractHttpResponseCodec.java:80)
	at org.openqa.selenium.remote.http.AbstractHttpResponseCodec.decode(AbstractHttpResponseCodec.java:44)
	at org.openqa.selenium.remote.HttpCommandExecutor.execute(HttpCommandExecutor.java:158)
	at org.openqa.selenium.remote.service.DriverCommandExecutor.execute(DriverCommandExecutor.java:83)
	at org.openqa.selenium.remote.RemoteWebDriver.execute(RemoteWebDriver.java:548)
	at org.openqa.selenium.remote.RemoteWebDriver.findElement(RemoteWebDriver.java:322)
	at org.openqa.selenium.remote.RemoteWebDriver.findElementByXPath(RemoteWebDriver.java:424)
	at org.openqa.selenium.By$ByXPath.findElement(By.java:353)
	at org.openqa.selenium.remote.RemoteWebDriver.findElement(RemoteWebDriver.java:314)
	at org.cts.oneframework.utilities.BasePageObject$1.apply(BasePageObject.java:118)
	at org.cts.oneframework.utilities.BasePageObject$1.apply(BasePageObject.java:1)
	at org.openqa.selenium.support.ui.FluentWait.until(FluentWait.java:248)
	at org.cts.oneframework.utilities.BasePageObject.getElement(BasePageObject.java:115)
	at org.cts.oneframework.utilities.BasePageObject.clickElement(BasePageObject.java:587)
	at org.cts.oneframework.utilities.BasePageObject.clickElement(BasePageObject.java:578)
	at org.cts.oneframework.cucumber.pages.TousVosVehiculesPage.click_vehiculeIDDropdown_selectionnerunvehiculeexistantPopupCollaborateurDetailedPage(TousVosVehiculesPage.java:196)
	at org.cts.oneframework.cucumber.stepdefinition.TousVosVehiculesStepDefs.user_should_click_suivant_button_by_entering_all_the_mandate_fields_in_selectionner_un_vehicule_existant_tab(TousVosVehiculesStepDefs.java:282)
	at ?.user should click suivant button by entering all the mandate fields such asEntervehiculeIDinSelectionnerunvehiculeexistantpopup SelectDateInDateDEffetInCollaborateurDetailedPage SelectMonthInDateDEffetInCollaborateurDetailedPage SelectYearInDateDEffetInCollaborateurDetailedPage enterhhDateEtHeureDeffetVehiculeAssignment entermmDateEtHeureDeffetVehiculeAssignmentin selectionner un vehicule existant tab(src/test/resources/features/TousVosVehicules.feature:264)
... Removed 4 stack frames</pre></div><a href='#' onClick='toggleBox("stack-trace1078754038", this, "Click to show all stack frames", "Click to hide stack frames")'>Click to show all stack frames</a>
<div class='stack-trace' id='stack-trace1078754038'><pre>org.openqa.selenium.WebDriverException: chrome not reachable
  (Session info: chrome=75.0.3770.90)
  (Driver info: chromedriver=2.44.609538 (b655c5a60b0b544917107a59d4153d4bf78e1b90),platform=Windows NT 10.0.17763 x86_64) (WARNING: The server did not provide any stacktrace information)
Command duration or timeout: 0 milliseconds
Build info: version: &apos;3.13.0&apos;, revision: &apos;2f0d292&apos;, time: &apos;2018-06-25T15:24:21.231Z&apos;
System info: host: &apos;PC339926&apos;, ip: &apos;10.219.66.4&apos;, os.name: &apos;Windows 10&apos;, os.arch: &apos;amd64&apos;, os.version: &apos;10.0&apos;, java.version: &apos;1.8.0_181&apos;
Driver info: org.openqa.selenium.chrome.ChromeDriver
Capabilities {acceptInsecureCerts: false, acceptSslCerts: false, applicationCacheEnabled: false, browserConnectionEnabled: false, browserName: chrome, chrome: {chromedriverVersion: 2.44.609538 (b655c5a60b0b54..., userDataDir: C:\Users\593611\AppData\Loc...}, cssSelectorsEnabled: true, databaseEnabled: false, goog:chromeOptions: {debuggerAddress: localhost:65237}, handlesAlerts: true, hasTouchScreen: false, javascriptEnabled: true, locationContextEnabled: true, mobileEmulationEnabled: false, nativeEvents: true, networkConnectionEnabled: false, pageLoadStrategy: normal, platform: XP, platformName: XP, rotatable: false, setWindowRect: true, takesHeapSnapshot: true, takesScreenshot: true, unexpectedAlertBehaviour: ignore, unhandledPromptBehavior: ignore, version: 75.0.3770.90, webStorageEnabled: true}
Session ID: e423218907a1876552f1f0cf85b427b0
*** Element info: {Using=xpath, value=//*[@id=&apos;selectVehicleSpan&apos;]//*[contains(@role,&apos;combobox&apos;)]}
	at sun.reflect.NativeConstructorAccessorImpl.newInstance0(Native Method)
	at sun.reflect.NativeConstructorAccessorImpl.newInstance(NativeConstructorAccessorImpl.java:62)
	at sun.reflect.DelegatingConstructorAccessorImpl.newInstance(DelegatingConstructorAccessorImpl.java:45)
	at java.lang.reflect.Constructor.newInstance(Constructor.java:423)
	at org.openqa.selenium.remote.ErrorHandler.createThrowable(ErrorHandler.java:214)
	at org.openqa.selenium.remote.ErrorHandler.throwIfResponseFailed(ErrorHandler.java:166)
	at org.openqa.selenium.remote.http.JsonHttpResponseCodec.reconstructValue(JsonHttpResponseCodec.java:40)
	at org.openqa.selenium.remote.http.AbstractHttpResponseCodec.decode(AbstractHttpResponseCodec.java:80)
	at org.openqa.selenium.remote.http.AbstractHttpResponseCodec.decode(AbstractHttpResponseCodec.java:44)
	at org.openqa.selenium.remote.HttpCommandExecutor.execute(HttpCommandExecutor.java:158)
	at org.openqa.selenium.remote.service.DriverCommandExecutor.execute(DriverCommandExecutor.java:83)
	at org.openqa.selenium.remote.RemoteWebDriver.execute(RemoteWebDriver.java:548)
	at org.openqa.selenium.remote.RemoteWebDriver.findElement(RemoteWebDriver.java:322)
	at org.openqa.selenium.remote.RemoteWebDriver.findElementByXPath(RemoteWebDriver.java:424)
	at org.openqa.selenium.By$ByXPath.findElement(By.java:353)
	at org.openqa.selenium.remote.RemoteWebDriver.findElement(RemoteWebDriver.java:314)
	at org.cts.oneframework.utilities.BasePageObject$1.apply(BasePageObject.java:118)
	at org.cts.oneframework.utilities.BasePageObject$1.apply(BasePageObject.java:1)
	at org.openqa.selenium.support.ui.FluentWait.until(FluentWait.java:248)
	at org.cts.oneframework.utilities.BasePageObject.getElement(BasePageObject.java:115)
	at org.cts.oneframework.utilities.BasePageObject.clickElement(BasePageObject.java:587)
	at org.cts.oneframework.utilities.BasePageObject.clickElement(BasePageObject.java:578)
	at org.cts.oneframework.cucumber.pages.TousVosVehiculesPage.click_vehiculeIDDropdown_selectionnerunvehiculeexistantPopupCollaborateurDetailedPage(TousVosVehiculesPage.java:196)
	at org.cts.oneframework.cucumber.stepdefinition.TousVosVehiculesStepDefs.user_should_click_suivant_button_by_entering_all_the_mandate_fields_in_selectionner_un_vehicule_existant_tab(TousVosVehiculesStepDefs.java:282)
	at ?.user should click suivant button by entering all the mandate fields such asEntervehiculeIDinSelectionnerunvehiculeexistantpopup SelectDateInDateDEffetInCollaborateurDetailedPage SelectMonthInDateDEffetInCollaborateurDetailedPage SelectYearInDateDEffetInCollaborateurDetailedPage enterhhDateEtHeureDeffetVehiculeAssignment entermmDateEtHeureDeffetVehiculeAssignmentin selectionner un vehicule existant tab(src/test/resources/features/TousVosVehicules.feature:264)
</pre></div></td>
<td>41</td>
<td>org.cts.oneframework.cucumber.testrunners.SmokeSuiteRunner@370736d9</td></tr>
<tr>
<td title='org.cts.oneframework.cucumber.testrunners.SmokeSuiteRunner.runScenario()'><b>runScenario</b><br>Test class: org.cts.oneframework.cucumber.testrunners.SmokeSuiteRunner<br>Test method: Runs Cucumber Scenarios<br>Parameters: "TS_29_TC_30_Validate Date De Declenchment Filter in Alertes List Page", "Total_Fleet_Factures"</td>
<td><div><pre>org.openqa.selenium.WebDriverException: unknown error: Element &lt;a oncontextmenu=&quot;return false;&quot; class=&quot;open alerts_and_fines &quot; aria-labelledby=&quot;layout_5&quot; href=&quot;https://fleetonline.pprod.uap.total.com/private/guest/alerts-and-fines&quot; aria-haspopup=&quot;true&quot; role=&quot;menuitem&quot;&gt;...&lt;/a&gt; is not clickable at point (110, 222). Other element would receive the click: &lt;div class=&quot;ui-widget-overlay ui-front&quot; style=&quot;z-index: 10001;&quot;&gt;&lt;/div&gt;
  (Session info: chrome=75.0.3770.90)
  (Driver info: chromedriver=2.44.609538 (b655c5a60b0b544917107a59d4153d4bf78e1b90),platform=Windows NT 10.0.17763 x86_64) (WARNING: The server did not provide any stacktrace information)
Command duration or timeout: 0 milliseconds
Build info: version: &apos;3.13.0&apos;, revision: &apos;2f0d292&apos;, time: &apos;2018-06-25T15:24:21.231Z&apos;
System info: host: &apos;PC339926&apos;, ip: &apos;10.219.66.4&apos;, os.name: &apos;Windows 10&apos;, os.arch: &apos;amd64&apos;, os.version: &apos;10.0&apos;, java.version: &apos;1.8.0_181&apos;
Driver info: org.openqa.selenium.chrome.ChromeDriver
Capabilities {acceptInsecureCerts: false, acceptSslCerts: false, applicationCacheEnabled: false, browserConnectionEnabled: false, browserName: chrome, chrome: {chromedriverVersion: 2.44.609538 (b655c5a60b0b54..., userDataDir: C:\Users\593611\AppData\Loc...}, cssSelectorsEnabled: true, databaseEnabled: false, goog:chromeOptions: {debuggerAddress: localhost:65318}, handlesAlerts: true, hasTouchScreen: false, javascriptEnabled: true, locationContextEnabled: true, mobileEmulationEnabled: false, nativeEvents: true, networkConnectionEnabled: false, pageLoadStrategy: normal, platform: XP, platformName: XP, rotatable: false, setWindowRect: true, takesHeapSnapshot: true, takesScreenshot: true, unexpectedAlertBehaviour: ignore, unhandledPromptBehavior: ignore, version: 75.0.3770.90, webStorageEnabled: true}
Session ID: 134505ea789dcb48548c459a1562defb
	at org.openqa.selenium.remote.ErrorHandler.createThrowable(ErrorHandler.java:214)
	at org.openqa.selenium.remote.ErrorHandler.throwIfResponseFailed(ErrorHandler.java:166)
	at org.openqa.selenium.remote.http.JsonHttpResponseCodec.reconstructValue(JsonHttpResponseCodec.java:40)
	at org.openqa.selenium.remote.http.AbstractHttpResponseCodec.decode(AbstractHttpResponseCodec.java:80)
	at org.openqa.selenium.remote.http.AbstractHttpResponseCodec.decode(AbstractHttpResponseCodec.java:44)
	at org.openqa.selenium.remote.HttpCommandExecutor.execute(HttpCommandExecutor.java:158)
	at org.openqa.selenium.remote.service.DriverCommandExecutor.execute(DriverCommandExecutor.java:83)
	at org.openqa.selenium.remote.RemoteWebDriver.execute(RemoteWebDriver.java:548)
	at org.openqa.selenium.remote.RemoteWebElement.execute(RemoteWebElement.java:276)
	at org.openqa.selenium.remote.RemoteWebElement.click(RemoteWebElement.java:83)
	at org.cts.oneframework.utilities.BasePageObject.clickElement(BasePageObject.java:587)
	at org.cts.oneframework.utilities.BasePageObject.clickElement(BasePageObject.java:578)
	at org.cts.oneframework.cucumber.pages.VosAlertesPage.clickImgAlertesDeAmendesInLeftPane(VosAlertesPage.java:55)
	at org.cts.oneframework.cucumber.stepdefinition.VosAlertesStepDefs.vos_alertes_under_alertes_et_amendes_is_clicked_on_left_pane(VosAlertesStepDefs.java:21)
	at ?.vos alertes under alertes et amendes is clicked on left pane(src/test/resources/features/VosAlertes.feature:55)
... Removed 4 stack frames</pre></div><a href='#' onClick='toggleBox("stack-trace1626896386", this, "Click to show all stack frames", "Click to hide stack frames")'>Click to show all stack frames</a>
<div class='stack-trace' id='stack-trace1626896386'><pre>org.openqa.selenium.WebDriverException: unknown error: Element &lt;a oncontextmenu=&quot;return false;&quot; class=&quot;open alerts_and_fines &quot; aria-labelledby=&quot;layout_5&quot; href=&quot;https://fleetonline.pprod.uap.total.com/private/guest/alerts-and-fines&quot; aria-haspopup=&quot;true&quot; role=&quot;menuitem&quot;&gt;...&lt;/a&gt; is not clickable at point (110, 222). Other element would receive the click: &lt;div class=&quot;ui-widget-overlay ui-front&quot; style=&quot;z-index: 10001;&quot;&gt;&lt;/div&gt;
  (Session info: chrome=75.0.3770.90)
  (Driver info: chromedriver=2.44.609538 (b655c5a60b0b544917107a59d4153d4bf78e1b90),platform=Windows NT 10.0.17763 x86_64) (WARNING: The server did not provide any stacktrace information)
Command duration or timeout: 0 milliseconds
Build info: version: &apos;3.13.0&apos;, revision: &apos;2f0d292&apos;, time: &apos;2018-06-25T15:24:21.231Z&apos;
System info: host: &apos;PC339926&apos;, ip: &apos;10.219.66.4&apos;, os.name: &apos;Windows 10&apos;, os.arch: &apos;amd64&apos;, os.version: &apos;10.0&apos;, java.version: &apos;1.8.0_181&apos;
Driver info: org.openqa.selenium.chrome.ChromeDriver
Capabilities {acceptInsecureCerts: false, acceptSslCerts: false, applicationCacheEnabled: false, browserConnectionEnabled: false, browserName: chrome, chrome: {chromedriverVersion: 2.44.609538 (b655c5a60b0b54..., userDataDir: C:\Users\593611\AppData\Loc...}, cssSelectorsEnabled: true, databaseEnabled: false, goog:chromeOptions: {debuggerAddress: localhost:65318}, handlesAlerts: true, hasTouchScreen: false, javascriptEnabled: true, locationContextEnabled: true, mobileEmulationEnabled: false, nativeEvents: true, networkConnectionEnabled: false, pageLoadStrategy: normal, platform: XP, platformName: XP, rotatable: false, setWindowRect: true, takesHeapSnapshot: true, takesScreenshot: true, unexpectedAlertBehaviour: ignore, unhandledPromptBehavior: ignore, version: 75.0.3770.90, webStorageEnabled: true}
Session ID: 134505ea789dcb48548c459a1562defb
	at sun.reflect.NativeConstructorAccessorImpl.newInstance0(Native Method)
	at sun.reflect.NativeConstructorAccessorImpl.newInstance(NativeConstructorAccessorImpl.java:62)
	at sun.reflect.DelegatingConstructorAccessorImpl.newInstance(DelegatingConstructorAccessorImpl.java:45)
	at java.lang.reflect.Constructor.newInstance(Constructor.java:423)
	at org.openqa.selenium.remote.ErrorHandler.createThrowable(ErrorHandler.java:214)
	at org.openqa.selenium.remote.ErrorHandler.throwIfResponseFailed(ErrorHandler.java:166)
	at org.openqa.selenium.remote.http.JsonHttpResponseCodec.reconstructValue(JsonHttpResponseCodec.java:40)
	at org.openqa.selenium.remote.http.AbstractHttpResponseCodec.decode(AbstractHttpResponseCodec.java:80)
	at org.openqa.selenium.remote.http.AbstractHttpResponseCodec.decode(AbstractHttpResponseCodec.java:44)
	at org.openqa.selenium.remote.HttpCommandExecutor.execute(HttpCommandExecutor.java:158)
	at org.openqa.selenium.remote.service.DriverCommandExecutor.execute(DriverCommandExecutor.java:83)
	at org.openqa.selenium.remote.RemoteWebDriver.execute(RemoteWebDriver.java:548)
	at org.openqa.selenium.remote.RemoteWebElement.execute(RemoteWebElement.java:276)
	at org.openqa.selenium.remote.RemoteWebElement.click(RemoteWebElement.java:83)
	at org.cts.oneframework.utilities.BasePageObject.clickElement(BasePageObject.java:587)
	at org.cts.oneframework.utilities.BasePageObject.clickElement(BasePageObject.java:578)
	at org.cts.oneframework.cucumber.pages.VosAlertesPage.clickImgAlertesDeAmendesInLeftPane(VosAlertesPage.java:55)
	at org.cts.oneframework.cucumber.stepdefinition.VosAlertesStepDefs.vos_alertes_under_alertes_et_amendes_is_clicked_on_left_pane(VosAlertesStepDefs.java:21)
	at ?.vos alertes under alertes et amendes is clicked on left pane(src/test/resources/features/VosAlertes.feature:55)
</pre></div></td>
<td>3</td>
<td>org.cts.oneframework.cucumber.testrunners.SmokeSuiteRunner@370736d9</td></tr>
</table><p>
<table width='100%' border='1' class='invocation-passed'>
<tr><td colspan='4' align='center'><b>PASSED TESTS</b></td></tr>
<tr><td><b>Test method</b></td>
<td width="30%"><b>Exception</b></td>
<td width="10%"><b>Time (seconds)</b></td>
<td><b>Instance</b></td>
</tr>
<tr>
<td title='org.cts.oneframework.cucumber.testrunners.SmokeSuiteRunner.runScenario()'><b>runScenario</b><br>Test class: org.cts.oneframework.cucumber.testrunners.SmokeSuiteRunner<br>Test method: Runs Cucumber Scenarios<br>Parameters: "TS_01_TC_01_Login_With_Invalid_Credentials", "Total_Fleet_Accueil"</td>
<td></td>
<td>32</td>
<td>org.cts.oneframework.cucumber.testrunners.SmokeSuiteRunner@370736d9</td></tr>
<tr>
<td title='org.cts.oneframework.cucumber.testrunners.SmokeSuiteRunner.runScenario()'><b>runScenario</b><br>Test class: org.cts.oneframework.cucumber.testrunners.SmokeSuiteRunner<br>Test method: Runs Cucumber Scenarios<br>Parameters: "TS_01_TC_01_Login_With_Valid_Credentials", "Total_Fleet_Accueil"</td>
<td></td>
<td>30</td>
<td>org.cts.oneframework.cucumber.testrunners.SmokeSuiteRunner@370736d9</td></tr>
<tr>
<td title='org.cts.oneframework.cucumber.testrunners.SmokeSuiteRunner.runScenario()'><b>runScenario</b><br>Test class: org.cts.oneframework.cucumber.testrunners.SmokeSuiteRunner<br>Test method: Runs Cucumber Scenarios<br>Parameters: "TS_03_TC_03_verify home page sections and left menu", "Total_Fleet_Accueil"</td>
<td></td>
<td>10</td>
<td>org.cts.oneframework.cucumber.testrunners.SmokeSuiteRunner@370736d9</td></tr>
<tr>
<td title='org.cts.oneframework.cucumber.testrunners.SmokeSuiteRunner.runScenario()'><b>runScenario</b><br>Test class: org.cts.oneframework.cucumber.testrunners.SmokeSuiteRunner<br>Test method: Runs Cucumber Scenarios<br>Parameters: "TS_05_TC_06_verify Votre Parc Section", "Total_Fleet_Accueil"</td>
<td></td>
<td>9</td>
<td>org.cts.oneframework.cucumber.testrunners.SmokeSuiteRunner@370736d9</td></tr>
<tr>
<td title='org.cts.oneframework.cucumber.testrunners.SmokeSuiteRunner.runScenario()'><b>runScenario</b><br>Test class: org.cts.oneframework.cucumber.testrunners.SmokeSuiteRunner<br>Test method: Runs Cucumber Scenarios<br>Parameters: "TS_06_TC_07_verify Prix Bareme Total section", "Total_Fleet_Accueil"</td>
<td></td>
<td>5</td>
<td>org.cts.oneframework.cucumber.testrunners.SmokeSuiteRunner@370736d9</td></tr>
<tr>
<td title='org.cts.oneframework.cucumber.testrunners.SmokeSuiteRunner.runScenario()'><b>runScenario</b><br>Test class: org.cts.oneframework.cucumber.testrunners.SmokeSuiteRunner<br>Test method: Runs Cucumber Scenarios<br>Parameters: "close browser", "Total_Fleet_Accueil"</td>
<td></td>
<td>1</td>
<td>org.cts.oneframework.cucumber.testrunners.SmokeSuiteRunner@370736d9</td></tr>
<tr>
<td title='org.cts.oneframework.cucumber.testrunners.SmokeSuiteRunner.runScenario()'><b>runScenario</b><br>Test class: org.cts.oneframework.cucumber.testrunners.SmokeSuiteRunner<br>Test method: Runs Cucumber Scenarios<br>Parameters: "TS_01_TC_01_Login_With_Valid_Credentials", "Total_Fleet_AvisDAmendes"</td>
<td></td>
<td>37</td>
<td>org.cts.oneframework.cucumber.testrunners.SmokeSuiteRunner@370736d9</td></tr>
<tr>
<td title='org.cts.oneframework.cucumber.testrunners.SmokeSuiteRunner.runScenario()'><b>runScenario</b><br>Test class: org.cts.oneframework.cucumber.testrunners.SmokeSuiteRunner<br>Test method: Runs Cucumber Scenarios<br>Parameters: "TS_36_TC_47_Navigation to Amende creation page", "Total_Fleet_AvisDAmendes"</td>
<td></td>
<td>18</td>
<td>org.cts.oneframework.cucumber.testrunners.SmokeSuiteRunner@370736d9</td></tr>
<tr>
<td title='org.cts.oneframework.cucumber.testrunners.SmokeSuiteRunner.runScenario()'><b>runScenario</b><br>Test class: org.cts.oneframework.cucumber.testrunners.SmokeSuiteRunner<br>Test method: Runs Cucumber Scenarios<br>Parameters: "TS_36_TC_47_Validation for amende creation page with annuler flow", "Total_Fleet_AvisDAmendes"</td>
<td></td>
<td>13</td>
<td>org.cts.oneframework.cucumber.testrunners.SmokeSuiteRunner@370736d9</td></tr>
<tr>
<td title='org.cts.oneframework.cucumber.testrunners.SmokeSuiteRunner.runScenario()'><b>runScenario</b><br>Test class: org.cts.oneframework.cucumber.testrunners.SmokeSuiteRunner<br>Test method: Runs Cucumber Scenarios<br>Parameters: "close browser", "Total_Fleet_AvisDAmendes"</td>
<td></td>
<td>1</td>
<td>org.cts.oneframework.cucumber.testrunners.SmokeSuiteRunner@370736d9</td></tr>
<tr>
<td title='org.cts.oneframework.cucumber.testrunners.SmokeSuiteRunner.runScenario()'><b>runScenario</b><br>Test class: org.cts.oneframework.cucumber.testrunners.SmokeSuiteRunner<br>Test method: Runs Cucumber Scenarios<br>Parameters: "TS_01_TC_01_Login_With_Valid_Credentials", "Total_Fleet_AvisDAmendes"</td>
<td></td>
<td>34</td>
<td>org.cts.oneframework.cucumber.testrunners.SmokeSuiteRunner@370736d9</td></tr>
<tr>
<td title='org.cts.oneframework.cucumber.testrunners.SmokeSuiteRunner.runScenario()'><b>runScenario</b><br>Test class: org.cts.oneframework.cucumber.testrunners.SmokeSuiteRunner<br>Test method: Runs Cucumber Scenarios<br>Parameters: "TS_34_TC_45_Verify if the user is able to view the fine list page", "Total_Fleet_AvisDAmendes"</td>
<td></td>
<td>24</td>
<td>org.cts.oneframework.cucumber.testrunners.SmokeSuiteRunner@370736d9</td></tr>
<tr>
<td title='org.cts.oneframework.cucumber.testrunners.SmokeSuiteRunner.runScenario()'><b>runScenario</b><br>Test class: org.cts.oneframework.cucumber.testrunners.SmokeSuiteRunner<br>Test method: Runs Cucumber Scenarios<br>Parameters: "close browser", "Total_Fleet_AvisDAmendes"</td>
<td></td>
<td>1</td>
<td>org.cts.oneframework.cucumber.testrunners.SmokeSuiteRunner@370736d9</td></tr>
<tr>
<td title='org.cts.oneframework.cucumber.testrunners.SmokeSuiteRunner.runScenario()'><b>runScenario</b><br>Test class: org.cts.oneframework.cucumber.testrunners.SmokeSuiteRunner<br>Test method: Runs Cucumber Scenarios<br>Parameters: "TS_01_TC_01_Login_With_Valid_Credentials", "Total_Fleet_AvisDAmendes"</td>
<td></td>
<td>35</td>
<td>org.cts.oneframework.cucumber.testrunners.SmokeSuiteRunner@370736d9</td></tr>
<tr>
<td title='org.cts.oneframework.cucumber.testrunners.SmokeSuiteRunner.runScenario()'><b>runScenario</b><br>Test class: org.cts.oneframework.cucumber.testrunners.SmokeSuiteRunner<br>Test method: Runs Cucumber Scenarios<br>Parameters: "TS_35_TC_46_Verify if the user is able to apply date filters in fines list page amendes derniers jours tab", "Total_Fleet_AvisDAmendes"</td>
<td></td>
<td>30</td>
<td>org.cts.oneframework.cucumber.testrunners.SmokeSuiteRunner@370736d9</td></tr>
<tr>
<td title='org.cts.oneframework.cucumber.testrunners.SmokeSuiteRunner.runScenario()'><b>runScenario</b><br>Test class: org.cts.oneframework.cucumber.testrunners.SmokeSuiteRunner<br>Test method: Runs Cucumber Scenarios<br>Parameters: "close browser", "Total_Fleet_AvisDAmendes"</td>
<td></td>
<td>1</td>
<td>org.cts.oneframework.cucumber.testrunners.SmokeSuiteRunner@370736d9</td></tr>
<tr>
<td title='org.cts.oneframework.cucumber.testrunners.SmokeSuiteRunner.runScenario()'><b>runScenario</b><br>Test class: org.cts.oneframework.cucumber.testrunners.SmokeSuiteRunner<br>Test method: Runs Cucumber Scenarios<br>Parameters: "TS_01_TC_01_Login_With_Valid_Credentials", "Total_Fleet_Campagnes"</td>
<td></td>
<td>47</td>
<td>org.cts.oneframework.cucumber.testrunners.SmokeSuiteRunner@370736d9</td></tr>
<tr>
<td title='org.cts.oneframework.cucumber.testrunners.SmokeSuiteRunner.runScenario()'><b>runScenario</b><br>Test class: org.cts.oneframework.cucumber.testrunners.SmokeSuiteRunner<br>Test method: Runs Cucumber Scenarios<br>Parameters: "close browser", "Total_Fleet_Campagnes"</td>
<td></td>
<td>1</td>
<td>org.cts.oneframework.cucumber.testrunners.SmokeSuiteRunner@370736d9</td></tr>
<tr>
<td title='org.cts.oneframework.cucumber.testrunners.SmokeSuiteRunner.runScenario()'><b>runScenario</b><br>Test class: org.cts.oneframework.cucumber.testrunners.SmokeSuiteRunner<br>Test method: Runs Cucumber Scenarios<br>Parameters: "TS_01_TC_01_Login_With_Valid_Credentials", "Total_Fleet_CartesAndBadges"</td>
<td></td>
<td>34</td>
<td>org.cts.oneframework.cucumber.testrunners.SmokeSuiteRunner@370736d9</td></tr>
<tr>
<td title='org.cts.oneframework.cucumber.testrunners.SmokeSuiteRunner.runScenario()'><b>runScenario</b><br>Test class: org.cts.oneframework.cucumber.testrunners.SmokeSuiteRunner<br>Test method: Runs Cucumber Scenarios<br>Parameters: "TS_14_TC_15_Navigation to Cartes List Page", "Total_Fleet_CartesAndBadges"</td>
<td></td>
<td>11</td>
<td>org.cts.oneframework.cucumber.testrunners.SmokeSuiteRunner@370736d9</td></tr>
<tr>
<td title='org.cts.oneframework.cucumber.testrunners.SmokeSuiteRunner.runScenario()'><b>runScenario</b><br>Test class: org.cts.oneframework.cucumber.testrunners.SmokeSuiteRunner<br>Test method: Runs Cucumber Scenarios<br>Parameters: "TS_16_TC_17_Navigation to Cartes Detailed Page", "Total_Fleet_CartesAndBadges"</td>
<td></td>
<td>27</td>
<td>org.cts.oneframework.cucumber.testrunners.SmokeSuiteRunner@370736d9</td></tr>
<tr>
<td title='org.cts.oneframework.cucumber.testrunners.SmokeSuiteRunner.runScenario()'><b>runScenario</b><br>Test class: org.cts.oneframework.cucumber.testrunners.SmokeSuiteRunner<br>Test method: Runs Cucumber Scenarios<br>Parameters: "close browser", "Total_Fleet_CartesAndBadges"</td>
<td></td>
<td>1</td>
<td>org.cts.oneframework.cucumber.testrunners.SmokeSuiteRunner@370736d9</td></tr>
<tr>
<td title='org.cts.oneframework.cucumber.testrunners.SmokeSuiteRunner.runScenario()'><b>runScenario</b><br>Test class: org.cts.oneframework.cucumber.testrunners.SmokeSuiteRunner<br>Test method: Runs Cucumber Scenarios<br>Parameters: "TS_01_TC_01_Login_With_Valid_Credentials", "Total_Fleet_CartesAndBadges"</td>
<td></td>
<td>61</td>
<td>org.cts.oneframework.cucumber.testrunners.SmokeSuiteRunner@370736d9</td></tr>
<tr>
<td title='org.cts.oneframework.cucumber.testrunners.SmokeSuiteRunner.runScenario()'><b>runScenario</b><br>Test class: org.cts.oneframework.cucumber.testrunners.SmokeSuiteRunner<br>Test method: Runs Cucumber Scenarios<br>Parameters: "TS_18_TC_19_Navigation to Badge List Page", "Total_Fleet_CartesAndBadges"</td>
<td></td>
<td>11</td>
<td>org.cts.oneframework.cucumber.testrunners.SmokeSuiteRunner@370736d9</td></tr>
<tr>
<td title='org.cts.oneframework.cucumber.testrunners.SmokeSuiteRunner.runScenario()'><b>runScenario</b><br>Test class: org.cts.oneframework.cucumber.testrunners.SmokeSuiteRunner<br>Test method: Runs Cucumber Scenarios<br>Parameters: "TS_19_TC_20_Navigation to Badges Detailed Page", "Total_Fleet_CartesAndBadges"</td>
<td></td>
<td>20</td>
<td>org.cts.oneframework.cucumber.testrunners.SmokeSuiteRunner@370736d9</td></tr>
<tr>
<td title='org.cts.oneframework.cucumber.testrunners.SmokeSuiteRunner.runScenario()'><b>runScenario</b><br>Test class: org.cts.oneframework.cucumber.testrunners.SmokeSuiteRunner<br>Test method: Runs Cucumber Scenarios<br>Parameters: "TS_04_TC_04_Search Cartes from Common Rechercher at header of application", "Total_Fleet_CartesAndBadges"</td>
<td></td>
<td>11</td>
<td>org.cts.oneframework.cucumber.testrunners.SmokeSuiteRunner@370736d9</td></tr>
<tr>
<td title='org.cts.oneframework.cucumber.testrunners.SmokeSuiteRunner.runScenario()'><b>runScenario</b><br>Test class: org.cts.oneframework.cucumber.testrunners.SmokeSuiteRunner<br>Test method: Runs Cucumber Scenarios<br>Parameters: "TS_17_TC_18_Verification of Creation De Support page display for Carte", "Total_Fleet_CartesAndBadges"</td>
<td></td>
<td>48</td>
<td>org.cts.oneframework.cucumber.testrunners.SmokeSuiteRunner@370736d9</td></tr>
<tr>
<td title='org.cts.oneframework.cucumber.testrunners.SmokeSuiteRunner.runScenario()'><b>runScenario</b><br>Test class: org.cts.oneframework.cucumber.testrunners.SmokeSuiteRunner<br>Test method: Runs Cucumber Scenarios<br>Parameters: "close browser", "Total_Fleet_CartesAndBadges"</td>
<td></td>
<td>1</td>
<td>org.cts.oneframework.cucumber.testrunners.SmokeSuiteRunner@370736d9</td></tr>
<tr>
<td title='org.cts.oneframework.cucumber.testrunners.SmokeSuiteRunner.runScenario()'><b>runScenario</b><br>Test class: org.cts.oneframework.cucumber.testrunners.SmokeSuiteRunner<br>Test method: Runs Cucumber Scenarios<br>Parameters: "TS_01_TC_01_Login_With_Valid_Credentials", "Total_Fleet_CartesAndBadges"</td>
<td></td>
<td>34</td>
<td>org.cts.oneframework.cucumber.testrunners.SmokeSuiteRunner@370736d9</td></tr>
<tr>
<td title='org.cts.oneframework.cucumber.testrunners.SmokeSuiteRunner.runScenario()'><b>runScenario</b><br>Test class: org.cts.oneframework.cucumber.testrunners.SmokeSuiteRunner<br>Test method: Runs Cucumber Scenarios<br>Parameters: "close browser", "Total_Fleet_CartesAndBadges"</td>
<td></td>
<td>1</td>
<td>org.cts.oneframework.cucumber.testrunners.SmokeSuiteRunner@370736d9</td></tr>
<tr>
<td title='org.cts.oneframework.cucumber.testrunners.SmokeSuiteRunner.runScenario()'><b>runScenario</b><br>Test class: org.cts.oneframework.cucumber.testrunners.SmokeSuiteRunner<br>Test method: Runs Cucumber Scenarios<br>Parameters: "TS_01_TC_01_Login_With_Valid_Credentials", "Total_Fleet_Collaborateurs"</td>
<td></td>
<td>37</td>
<td>org.cts.oneframework.cucumber.testrunners.SmokeSuiteRunner@370736d9</td></tr>
<tr>
<td title='org.cts.oneframework.cucumber.testrunners.SmokeSuiteRunner.runScenario()'><b>runScenario</b><br>Test class: org.cts.oneframework.cucumber.testrunners.SmokeSuiteRunner<br>Test method: Runs Cucumber Scenarios<br>Parameters: "TS_12_TC_13_Navigation to Contributor List Page", "Total_Fleet_Collaborateurs"</td>
<td></td>
<td>79</td>
<td>org.cts.oneframework.cucumber.testrunners.SmokeSuiteRunner@370736d9</td></tr>
<tr>
<td title='org.cts.oneframework.cucumber.testrunners.SmokeSuiteRunner.runScenario()'><b>runScenario</b><br>Test class: org.cts.oneframework.cucumber.testrunners.SmokeSuiteRunner<br>Test method: Runs Cucumber Scenarios<br>Parameters: "close browser", "Total_Fleet_Collaborateurs"</td>
<td></td>
<td>1</td>
<td>org.cts.oneframework.cucumber.testrunners.SmokeSuiteRunner@370736d9</td></tr>
<tr>
<td title='org.cts.oneframework.cucumber.testrunners.SmokeSuiteRunner.runScenario()'><b>runScenario</b><br>Test class: org.cts.oneframework.cucumber.testrunners.SmokeSuiteRunner<br>Test method: Runs Cucumber Scenarios<br>Parameters: "TS_01_TC_01_Login_With_Valid_Credentials", "Total_Fleet_Collaborateurs"</td>
<td></td>
<td>39</td>
<td>org.cts.oneframework.cucumber.testrunners.SmokeSuiteRunner@370736d9</td></tr>
<tr>
<td title='org.cts.oneframework.cucumber.testrunners.SmokeSuiteRunner.runScenario()'><b>runScenario</b><br>Test class: org.cts.oneframework.cucumber.testrunners.SmokeSuiteRunner<br>Test method: Runs Cucumber Scenarios<br>Parameters: "close browser", "Total_Fleet_Collaborateurs"</td>
<td></td>
<td>1</td>
<td>org.cts.oneframework.cucumber.testrunners.SmokeSuiteRunner@370736d9</td></tr>
<tr>
<td title='org.cts.oneframework.cucumber.testrunners.SmokeSuiteRunner.runScenario()'><b>runScenario</b><br>Test class: org.cts.oneframework.cucumber.testrunners.SmokeSuiteRunner<br>Test method: Runs Cucumber Scenarios<br>Parameters: "TS_01_TC_01_Login_With_Valid_Credentials", "Total_Fleet_Collaborateurs"</td>
<td></td>
<td>40</td>
<td>org.cts.oneframework.cucumber.testrunners.SmokeSuiteRunner@370736d9</td></tr>
<tr>
<td title='org.cts.oneframework.cucumber.testrunners.SmokeSuiteRunner.runScenario()'><b>runScenario</b><br>Test class: org.cts.oneframework.cucumber.testrunners.SmokeSuiteRunner<br>Test method: Runs Cucumber Scenarios<br>Parameters: "TS_32_TC_43_Creation of Collaborateur with Annuler Flow", "Total_Fleet_Collaborateurs"</td>
<td></td>
<td>26</td>
<td>org.cts.oneframework.cucumber.testrunners.SmokeSuiteRunner@370736d9</td></tr>
<tr>
<td title='org.cts.oneframework.cucumber.testrunners.SmokeSuiteRunner.runScenario()'><b>runScenario</b><br>Test class: org.cts.oneframework.cucumber.testrunners.SmokeSuiteRunner<br>Test method: Runs Cucumber Scenarios<br>Parameters: "close browser", "Total_Fleet_Collaborateurs"</td>
<td></td>
<td>1</td>
<td>org.cts.oneframework.cucumber.testrunners.SmokeSuiteRunner@370736d9</td></tr>
<tr>
<td title='org.cts.oneframework.cucumber.testrunners.SmokeSuiteRunner.runScenario()'><b>runScenario</b><br>Test class: org.cts.oneframework.cucumber.testrunners.SmokeSuiteRunner<br>Test method: Runs Cucumber Scenarios<br>Parameters: "TS_01_TC_01_Login_With_Valid_Credentials", "Total_Fleet_ContratsFournisseurs"</td>
<td></td>
<td>39</td>
<td>org.cts.oneframework.cucumber.testrunners.SmokeSuiteRunner@370736d9</td></tr>
<tr>
<td title='org.cts.oneframework.cucumber.testrunners.SmokeSuiteRunner.runScenario()'><b>runScenario</b><br>Test class: org.cts.oneframework.cucumber.testrunners.SmokeSuiteRunner<br>Test method: Runs Cucumber Scenarios<br>Parameters: "TS_21_TS_22_TC_22_TC_23_Navigation to Contrats Fournisseurs List Page as well as Detailed Page", "Total_Fleet_ContratsFournisseurs"</td>
<td></td>
<td>26</td>
<td>org.cts.oneframework.cucumber.testrunners.SmokeSuiteRunner@370736d9</td></tr>
<tr>
<td title='org.cts.oneframework.cucumber.testrunners.SmokeSuiteRunner.runScenario()'><b>runScenario</b><br>Test class: org.cts.oneframework.cucumber.testrunners.SmokeSuiteRunner<br>Test method: Runs Cucumber Scenarios<br>Parameters: "close browser", "Total_Fleet_ContratsFournisseurs"</td>
<td></td>
<td>1</td>
<td>org.cts.oneframework.cucumber.testrunners.SmokeSuiteRunner@370736d9</td></tr>
<tr>
<td title='org.cts.oneframework.cucumber.testrunners.SmokeSuiteRunner.runScenario()'><b>runScenario</b><br>Test class: org.cts.oneframework.cucumber.testrunners.SmokeSuiteRunner<br>Test method: Runs Cucumber Scenarios<br>Parameters: "TS_01_TC_01_Login_With_Valid_Credentials", "Total_Fleet_Factures"</td>
<td></td>
<td>35</td>
<td>org.cts.oneframework.cucumber.testrunners.SmokeSuiteRunner@370736d9</td></tr>
<tr>
<td title='org.cts.oneframework.cucumber.testrunners.SmokeSuiteRunner.runScenario()'><b>runScenario</b><br>Test class: org.cts.oneframework.cucumber.testrunners.SmokeSuiteRunner<br>Test method: Runs Cucumber Scenarios<br>Parameters: "TS_23_TC_24_Navigation to Factures List Page", "Total_Fleet_Factures"</td>
<td></td>
<td>17</td>
<td>org.cts.oneframework.cucumber.testrunners.SmokeSuiteRunner@370736d9</td></tr>
<tr>
<td title='org.cts.oneframework.cucumber.testrunners.SmokeSuiteRunner.runScenario()'><b>runScenario</b><br>Test class: org.cts.oneframework.cucumber.testrunners.SmokeSuiteRunner<br>Test method: Runs Cucumber Scenarios<br>Parameters: "TS_38_TC_49_Manual Invoice Creation with Annuler Flow", "Total_Fleet_Factures"</td>
<td></td>
<td>16</td>
<td>org.cts.oneframework.cucumber.testrunners.SmokeSuiteRunner@370736d9</td></tr>
<tr>
<td title='org.cts.oneframework.cucumber.testrunners.SmokeSuiteRunner.runScenario()'><b>runScenario</b><br>Test class: org.cts.oneframework.cucumber.testrunners.SmokeSuiteRunner<br>Test method: Runs Cucumber Scenarios<br>Parameters: "close browser", "Total_Fleet_Factures"</td>
<td></td>
<td>1</td>
<td>org.cts.oneframework.cucumber.testrunners.SmokeSuiteRunner@370736d9</td></tr>
<tr>
<td title='org.cts.oneframework.cucumber.testrunners.SmokeSuiteRunner.runScenario()'><b>runScenario</b><br>Test class: org.cts.oneframework.cucumber.testrunners.SmokeSuiteRunner<br>Test method: Runs Cucumber Scenarios<br>Parameters: "TS_01_TC_01_Login_With_Valid_Credentials_Factures", "Total_Fleet_Factures"</td>
<td></td>
<td>33</td>
<td>org.cts.oneframework.cucumber.testrunners.SmokeSuiteRunner@370736d9</td></tr>
<tr>
<td title='org.cts.oneframework.cucumber.testrunners.SmokeSuiteRunner.runScenario()'><b>runScenario</b><br>Test class: org.cts.oneframework.cucumber.testrunners.SmokeSuiteRunner<br>Test method: Runs Cucumber Scenarios<br>Parameters: "close browser", "Total_Fleet_Factures"</td>
<td></td>
<td>1</td>
<td>org.cts.oneframework.cucumber.testrunners.SmokeSuiteRunner@370736d9</td></tr>
<tr>
<td title='org.cts.oneframework.cucumber.testrunners.SmokeSuiteRunner.runScenario()'><b>runScenario</b><br>Test class: org.cts.oneframework.cucumber.testrunners.SmokeSuiteRunner<br>Test method: Runs Cucumber Scenarios<br>Parameters: "TS_01_TC_01_Login_With_Valid_Credentials", "Total_Fleet_Fiscalite"</td>
<td></td>
<td>34</td>
<td>org.cts.oneframework.cucumber.testrunners.SmokeSuiteRunner@370736d9</td></tr>
<tr>
<td title='org.cts.oneframework.cucumber.testrunners.SmokeSuiteRunner.runScenario()'><b>runScenario</b><br>Test class: org.cts.oneframework.cucumber.testrunners.SmokeSuiteRunner<br>Test method: Runs Cucumber Scenarios<br>Parameters: "TS_30_TC_31_verify all the five tabs are loading properly in the fiscalite portlet", "Total_Fleet_Fiscalite"</td>
<td></td>
<td>62</td>
<td>org.cts.oneframework.cucumber.testrunners.SmokeSuiteRunner@370736d9</td></tr>
<tr>
<td title='org.cts.oneframework.cucumber.testrunners.SmokeSuiteRunner.runScenario()'><b>runScenario</b><br>Test class: org.cts.oneframework.cucumber.testrunners.SmokeSuiteRunner<br>Test method: Runs Cucumber Scenarios<br>Parameters: "TS_30_TC_31_validation for ticpe and export", "Total_Fleet_Fiscalite"</td>
<td></td>
<td>33</td>
<td>org.cts.oneframework.cucumber.testrunners.SmokeSuiteRunner@370736d9</td></tr>
<tr>
<td title='org.cts.oneframework.cucumber.testrunners.SmokeSuiteRunner.runScenario()'><b>runScenario</b><br>Test class: org.cts.oneframework.cucumber.testrunners.SmokeSuiteRunner<br>Test method: Runs Cucumber Scenarios<br>Parameters: "close browser", "Total_Fleet_Fiscalite"</td>
<td></td>
<td>1</td>
<td>org.cts.oneframework.cucumber.testrunners.SmokeSuiteRunner@370736d9</td></tr>
<tr>
<td title='org.cts.oneframework.cucumber.testrunners.SmokeSuiteRunner.runScenario()'><b>runScenario</b><br>Test class: org.cts.oneframework.cucumber.testrunners.SmokeSuiteRunner<br>Test method: Runs Cucumber Scenarios<br>Parameters: "TS_01_TC_01_Login_With_Valid_Credentials", "Total_Fleet_Fiscalite"</td>
<td></td>
<td>42</td>
<td>org.cts.oneframework.cucumber.testrunners.SmokeSuiteRunner@370736d9</td></tr>
<tr>
<td title='org.cts.oneframework.cucumber.testrunners.SmokeSuiteRunner.runScenario()'><b>runScenario</b><br>Test class: org.cts.oneframework.cucumber.testrunners.SmokeSuiteRunner<br>Test method: Runs Cucumber Scenarios<br>Parameters: "close browser", "Total_Fleet_Fiscalite"</td>
<td></td>
<td>1</td>
<td>org.cts.oneframework.cucumber.testrunners.SmokeSuiteRunner@370736d9</td></tr>
<tr>
<td title='org.cts.oneframework.cucumber.testrunners.SmokeSuiteRunner.runScenario()'><b>runScenario</b><br>Test class: org.cts.oneframework.cucumber.testrunners.SmokeSuiteRunner<br>Test method: Runs Cucumber Scenarios<br>Parameters: "TS_01_TC_01_Login_With_Valid_Credentials_Utilisateurs", "Total_Fleet_HeaderCompte"</td>
<td></td>
<td>38</td>
<td>org.cts.oneframework.cucumber.testrunners.SmokeSuiteRunner@370736d9</td></tr>
<tr>
<td title='org.cts.oneframework.cucumber.testrunners.SmokeSuiteRunner.runScenario()'><b>runScenario</b><br>Test class: org.cts.oneframework.cucumber.testrunners.SmokeSuiteRunner<br>Test method: Runs Cucumber Scenarios<br>Parameters: "TS_31_TC_41_New Secondary User Creation with Annuler Flow", "Total_Fleet_HeaderCompte"</td>
<td></td>
<td>28</td>
<td>org.cts.oneframework.cucumber.testrunners.SmokeSuiteRunner@370736d9</td></tr>
<tr>
<td title='org.cts.oneframework.cucumber.testrunners.SmokeSuiteRunner.runScenario()'><b>runScenario</b><br>Test class: org.cts.oneframework.cucumber.testrunners.SmokeSuiteRunner<br>Test method: Runs Cucumber Scenarios<br>Parameters: "TS_31_TC_42_Update Existing Secondary User with Annuler Flow", "Total_Fleet_HeaderCompte"</td>
<td></td>
<td>15</td>
<td>org.cts.oneframework.cucumber.testrunners.SmokeSuiteRunner@370736d9</td></tr>
<tr>
<td title='org.cts.oneframework.cucumber.testrunners.SmokeSuiteRunner.runScenario()'><b>runScenario</b><br>Test class: org.cts.oneframework.cucumber.testrunners.SmokeSuiteRunner<br>Test method: Runs Cucumber Scenarios<br>Parameters: "TS_30_TC_40_Update Personal Mail ID with Annuler Flow", "Total_Fleet_HeaderCompte"</td>
<td></td>
<td>11</td>
<td>org.cts.oneframework.cucumber.testrunners.SmokeSuiteRunner@370736d9</td></tr>
<tr>
<td title='org.cts.oneframework.cucumber.testrunners.SmokeSuiteRunner.runScenario()'><b>runScenario</b><br>Test class: org.cts.oneframework.cucumber.testrunners.SmokeSuiteRunner<br>Test method: Runs Cucumber Scenarios<br>Parameters: "close browser", "Total_Fleet_HeaderCompte"</td>
<td></td>
<td>1</td>
<td>org.cts.oneframework.cucumber.testrunners.SmokeSuiteRunner@370736d9</td></tr>
<tr>
<td title='org.cts.oneframework.cucumber.testrunners.SmokeSuiteRunner.runScenario()'><b>runScenario</b><br>Test class: org.cts.oneframework.cucumber.testrunners.SmokeSuiteRunner<br>Test method: Runs Cucumber Scenarios<br>Parameters: "TS_01_TC_01_Login With Valid Credentials", "Total_Fleet_Rapports"</td>
<td></td>
<td>37</td>
<td>org.cts.oneframework.cucumber.testrunners.SmokeSuiteRunner@370736d9</td></tr>
<tr>
<td title='org.cts.oneframework.cucumber.testrunners.SmokeSuiteRunner.runScenario()'><b>runScenario</b><br>Test class: org.cts.oneframework.cucumber.testrunners.SmokeSuiteRunner<br>Test method: Runs Cucumber Scenarios<br>Parameters: "TS_28_TC_33_Verify if the user is able to view and apply filter and download the Etat Vehicules Parc Complet report", "Total_Fleet_Rapports"</td>
<td></td>
<td>31</td>
<td>org.cts.oneframework.cucumber.testrunners.SmokeSuiteRunner@370736d9</td></tr>
<tr>
<td title='org.cts.oneframework.cucumber.testrunners.SmokeSuiteRunner.runScenario()'><b>runScenario</b><br>Test class: org.cts.oneframework.cucumber.testrunners.SmokeSuiteRunner<br>Test method: Runs Cucumber Scenarios<br>Parameters: "close browser", "Total_Fleet_Rapports"</td>
<td></td>
<td>2</td>
<td>org.cts.oneframework.cucumber.testrunners.SmokeSuiteRunner@370736d9</td></tr>
<tr>
<td title='org.cts.oneframework.cucumber.testrunners.SmokeSuiteRunner.runScenario()'><b>runScenario</b><br>Test class: org.cts.oneframework.cucumber.testrunners.SmokeSuiteRunner<br>Test method: Runs Cucumber Scenarios<br>Parameters: "TS_01_TC_01_Login With Valid Credentials", "Total_Fleet_Rapports"</td>
<td></td>
<td>35</td>
<td>org.cts.oneframework.cucumber.testrunners.SmokeSuiteRunner@370736d9</td></tr>
<tr>
<td title='org.cts.oneframework.cucumber.testrunners.SmokeSuiteRunner.runScenario()'><b>runScenario</b><br>Test class: org.cts.oneframework.cucumber.testrunners.SmokeSuiteRunner<br>Test method: Runs Cucumber Scenarios<br>Parameters: "close browser", "Total_Fleet_Rapports"</td>
<td></td>
<td>1</td>
<td>org.cts.oneframework.cucumber.testrunners.SmokeSuiteRunner@370736d9</td></tr>
<tr>
<td title='org.cts.oneframework.cucumber.testrunners.SmokeSuiteRunner.runScenario()'><b>runScenario</b><br>Test class: org.cts.oneframework.cucumber.testrunners.SmokeSuiteRunner<br>Test method: Runs Cucumber Scenarios<br>Parameters: "TS_01_TC_01_Login_With_Valid_Credentials", "Total_Fleet_SuiviDesCouts"</td>
<td></td>
<td>35</td>
<td>org.cts.oneframework.cucumber.testrunners.SmokeSuiteRunner@370736d9</td></tr>
<tr>
<td title='org.cts.oneframework.cucumber.testrunners.SmokeSuiteRunner.runScenario()'><b>runScenario</b><br>Test class: org.cts.oneframework.cucumber.testrunners.SmokeSuiteRunner<br>Test method: Runs Cucumber Scenarios<br>Parameters: "TS_29_TC_36_Verify all the four tabs are loading properly in the Cost tracking portlet", "Total_Fleet_SuiviDesCouts"</td>
<td></td>
<td>30</td>
<td>org.cts.oneframework.cucumber.testrunners.SmokeSuiteRunner@370736d9</td></tr>
<tr>
<td title='org.cts.oneframework.cucumber.testrunners.SmokeSuiteRunner.runScenario()'><b>runScenario</b><br>Test class: org.cts.oneframework.cucumber.testrunners.SmokeSuiteRunner<br>Test method: Runs Cucumber Scenarios<br>Parameters: "close browser", "Total_Fleet_SuiviDesCouts"</td>
<td></td>
<td>1</td>
<td>org.cts.oneframework.cucumber.testrunners.SmokeSuiteRunner@370736d9</td></tr>
<tr>
<td title='org.cts.oneframework.cucumber.testrunners.SmokeSuiteRunner.runScenario()'><b>runScenario</b><br>Test class: org.cts.oneframework.cucumber.testrunners.SmokeSuiteRunner<br>Test method: Runs Cucumber Scenarios<br>Parameters: "TS_01_TC_01_Login_With_Valid_Credentials", "Total_Fleet_SuiviDesCouts"</td>
<td></td>
<td>83</td>
<td>org.cts.oneframework.cucumber.testrunners.SmokeSuiteRunner@370736d9</td></tr>
<tr>
<td title='org.cts.oneframework.cucumber.testrunners.SmokeSuiteRunner.runScenario()'><b>runScenario</b><br>Test class: org.cts.oneframework.cucumber.testrunners.SmokeSuiteRunner<br>Test method: Runs Cucumber Scenarios<br>Parameters: "close browser", "Total_Fleet_SuiviDesCouts"</td>
<td></td>
<td>1</td>
<td>org.cts.oneframework.cucumber.testrunners.SmokeSuiteRunner@370736d9</td></tr>
<tr>
<td title='org.cts.oneframework.cucumber.testrunners.SmokeSuiteRunner.runScenario()'><b>runScenario</b><br>Test class: org.cts.oneframework.cucumber.testrunners.SmokeSuiteRunner<br>Test method: Runs Cucumber Scenarios<br>Parameters: "TS_01_TC_01_Login_With_Valid_Credentials", "Total_Fleet_TousVosVehicules"</td>
<td></td>
<td>31</td>
<td>org.cts.oneframework.cucumber.testrunners.SmokeSuiteRunner@370736d9</td></tr>
<tr>
<td title='org.cts.oneframework.cucumber.testrunners.SmokeSuiteRunner.runScenario()'><b>runScenario</b><br>Test class: org.cts.oneframework.cucumber.testrunners.SmokeSuiteRunner<br>Test method: Runs Cucumber Scenarios<br>Parameters: "close browser", "Total_Fleet_TousVosVehicules"</td>
<td></td>
<td>1</td>
<td>org.cts.oneframework.cucumber.testrunners.SmokeSuiteRunner@370736d9</td></tr>
<tr>
<td title='org.cts.oneframework.cucumber.testrunners.SmokeSuiteRunner.runScenario()'><b>runScenario</b><br>Test class: org.cts.oneframework.cucumber.testrunners.SmokeSuiteRunner<br>Test method: Runs Cucumber Scenarios<br>Parameters: "TS_01_TC_01_Login_With_Valid_Credentials", "Total_Fleet_TousVosVehicules"</td>
<td></td>
<td>89</td>
<td>org.cts.oneframework.cucumber.testrunners.SmokeSuiteRunner@370736d9</td></tr>
<tr>
<td title='org.cts.oneframework.cucumber.testrunners.SmokeSuiteRunner.runScenario()'><b>runScenario</b><br>Test class: org.cts.oneframework.cucumber.testrunners.SmokeSuiteRunner<br>Test method: Runs Cucumber Scenarios<br>Parameters: "close browser", "Total_Fleet_TousVosVehicules"</td>
<td></td>
<td>2</td>
<td>org.cts.oneframework.cucumber.testrunners.SmokeSuiteRunner@370736d9</td></tr>
<tr>
<td title='org.cts.oneframework.cucumber.testrunners.SmokeSuiteRunner.runScenario()'><b>runScenario</b><br>Test class: org.cts.oneframework.cucumber.testrunners.SmokeSuiteRunner<br>Test method: Runs Cucumber Scenarios<br>Parameters: "TS_01_TC_01_Login_With_Valid_Credentials", "Total_Fleet_TousVosVehicules"</td>
<td></td>
<td>17</td>
<td>org.cts.oneframework.cucumber.testrunners.SmokeSuiteRunner@370736d9</td></tr>
<tr>
<td title='org.cts.oneframework.cucumber.testrunners.SmokeSuiteRunner.runScenario()'><b>runScenario</b><br>Test class: org.cts.oneframework.cucumber.testrunners.SmokeSuiteRunner<br>Test method: Runs Cucumber Scenarios<br>Parameters: "close browser", "Total_Fleet_TousVosVehicules"</td>
<td></td>
<td>1</td>
<td>org.cts.oneframework.cucumber.testrunners.SmokeSuiteRunner@370736d9</td></tr>
<tr>
<td title='org.cts.oneframework.cucumber.testrunners.SmokeSuiteRunner.runScenario()'><b>runScenario</b><br>Test class: org.cts.oneframework.cucumber.testrunners.SmokeSuiteRunner<br>Test method: Runs Cucumber Scenarios<br>Parameters: "TS_01_TC_01_Login_With_Valid_Credentials", "Total_Fleet_TousVosVehicules"</td>
<td></td>
<td>18</td>
<td>org.cts.oneframework.cucumber.testrunners.SmokeSuiteRunner@370736d9</td></tr>
<tr>
<td title='org.cts.oneframework.cucumber.testrunners.SmokeSuiteRunner.runScenario()'><b>runScenario</b><br>Test class: org.cts.oneframework.cucumber.testrunners.SmokeSuiteRunner<br>Test method: Runs Cucumber Scenarios<br>Parameters: "close browser", "Total_Fleet_TousVosVehicules"</td>
<td></td>
<td>1</td>
<td>org.cts.oneframework.cucumber.testrunners.SmokeSuiteRunner@370736d9</td></tr>
<tr>
<td title='org.cts.oneframework.cucumber.testrunners.SmokeSuiteRunner.runScenario()'><b>runScenario</b><br>Test class: org.cts.oneframework.cucumber.testrunners.SmokeSuiteRunner<br>Test method: Runs Cucumber Scenarios<br>Parameters: "TS_01_TC_01_Login_With_Valid_Credentials_Vos_Alertes", "Total_Fleet_Factures"</td>
<td></td>
<td>34</td>
<td>org.cts.oneframework.cucumber.testrunners.SmokeSuiteRunner@370736d9</td></tr>
<tr>
<td title='org.cts.oneframework.cucumber.testrunners.SmokeSuiteRunner.runScenario()'><b>runScenario</b><br>Test class: org.cts.oneframework.cucumber.testrunners.SmokeSuiteRunner<br>Test method: Runs Cucumber Scenarios<br>Parameters: "TS_28_TC_29_Validate Alertes List Page", "Total_Fleet_Factures"</td>
<td></td>
<td>36</td>
<td>org.cts.oneframework.cucumber.testrunners.SmokeSuiteRunner@370736d9</td></tr>
<tr>
<td title='org.cts.oneframework.cucumber.testrunners.SmokeSuiteRunner.runScenario()'><b>runScenario</b><br>Test class: org.cts.oneframework.cucumber.testrunners.SmokeSuiteRunner<br>Test method: Runs Cucumber Scenarios<br>Parameters: "close browser", "Total_Fleet_Factures"</td>
<td></td>
<td>1</td>
<td>org.cts.oneframework.cucumber.testrunners.SmokeSuiteRunner@370736d9</td></tr>
</table><p>
</body>
</html>