<?xml version="1.0" encoding="UTF-8"?>
<!-- Generated by org.testng.reporters.JUnitReportReporter -->
<testsuite skipped="0" hostname="PC339926" name="org.cts.oneframework.cucumber.testrunners.SmokeSuiteRunner" tests="105" failures="3" timestamp="06 Dec 2019 10:37:09 GMT" time="6016.599" errors="23">
  <testcase name="runScenario" time="47.089" classname="org.cts.oneframework.cucumber.testrunners.SmokeSuiteRunner"/>
  <testcase name="runScenario" time="79.785" classname="org.cts.oneframework.cucumber.testrunners.SmokeSuiteRunner"/>
  <testcase name="runScenario" time="1.517" classname="org.cts.oneframework.cucumber.testrunners.SmokeSuiteRunner"/>
  <testcase name="runScenario" time="27.469" classname="org.cts.oneframework.cucumber.testrunners.SmokeSuiteRunner"/>
  <testcase name="runScenario" time="42.065" classname="org.cts.oneframework.cucumber.testrunners.SmokeSuiteRunner"/>
  <testcase name="runScenario" time="2.553" classname="org.cts.oneframework.cucumber.testrunners.SmokeSuiteRunner">
    <failure type="java.lang.AssertionError" message="Nouvelle Campagnes Page is displayed">
      <![CDATA[java.lang.AssertionError: Nouvelle Campagnes Page is displayed
at org.testng.Assert.fail(Assert.java:96)
at org.cts.oneframework.utilities.AssertionLibrary.fail(AssertionLibrary.java:294)
at org.cts.oneframework.cucumber.pages.CampagnesPage.assertNouvelleCampagnesPageIsDisplayed(CampagnesPage.java:488)
at org.cts.oneframework.cucumber.stepdefinition.CampagnesStepDefs.nouvelle_campagne_page_should_be_displayed_and_user_inputs_fields_and_clicks_on_annuler_button(CampagnesStepDefs.java:39)
at ?.nouvelle campagne page should be displayed and user inputs Nom_De_La_Campagne_In_Nouvelle_Campagne_Page and clicks on annuler button to view campgnes list page(src/test/resources/features/Campagnes.feature:50)
]]>
    </failure>
  </testcase> <!-- runScenario -->
  <testcase name="runScenario" time="17.292" classname="org.cts.oneframework.cucumber.testrunners.SmokeSuiteRunner"/>
  <testcase name="runScenario" time="1.505" classname="org.cts.oneframework.cucumber.testrunners.SmokeSuiteRunner"/>
  <testcase name="runScenario" time="30.708" classname="org.cts.oneframework.cucumber.testrunners.SmokeSuiteRunner"/>
  <testcase name="runScenario" time="1.464" classname="org.cts.oneframework.cucumber.testrunners.SmokeSuiteRunner"/>
  <testcase name="runScenario" time="18.668" classname="org.cts.oneframework.cucumber.testrunners.SmokeSuiteRunner"/>
  <testcase name="runScenario" time="34.908" classname="org.cts.oneframework.cucumber.testrunners.SmokeSuiteRunner"/>
  <testcase name="runScenario" time="61.452" classname="org.cts.oneframework.cucumber.testrunners.SmokeSuiteRunner"/>
  <testcase name="runScenario" time="18.209" classname="org.cts.oneframework.cucumber.testrunners.SmokeSuiteRunner">
    <error type="org.openqa.selenium.ElementNotVisibleException" message="element not interactable
  (Session info: chrome=75.0.3770.90)
  (Driver info: chromedriver=2.44.609538 (b655c5a60b0b544917107a59d4153d4bf78e1b90),platform=Windows NT 10.0.17763 x86_64) (WARNING: The server did not provide any stacktrace information)
Command duration or timeout: 0 milliseconds
Build info: version: &#039;3.13.0&#039;, revision: &#039;2f0d292&#039;, time: &#039;2018-06-25T15:24:21.231Z&#039;
System info: host: &#039;PC339926&#039;, ip: &#039;10.219.66.4&#039;, os.name: &#039;Windows 10&#039;, os.arch: &#039;amd64&#039;, os.version: &#039;10.0&#039;, java.version: &#039;1.8.0_181&#039;
Driver info: org.openqa.selenium.chrome.ChromeDriver
Capabilities {acceptInsecureCerts: false, acceptSslCerts: false, applicationCacheEnabled: false, browserConnectionEnabled: false, browserName: chrome, chrome: {chromedriverVersion: 2.44.609538 (b655c5a60b0b54..., userDataDir: C:\Users\593611\AppData\Loc...}, cssSelectorsEnabled: true, databaseEnabled: false, goog:chromeOptions: {debuggerAddress: localhost:65237}, handlesAlerts: true, hasTouchScreen: false, javascriptEnabled: true, locationContextEnabled: true, mobileEmulationEnabled: false, nativeEvents: true, networkConnectionEnabled: false, pageLoadStrategy: normal, platform: XP, platformName: XP, rotatable: false, setWindowRect: true, takesHeapSnapshot: true, takesScreenshot: true, unexpectedAlertBehaviour: ignore, unhandledPromptBehavior: ignore, version: 75.0.3770.90, webStorageEnabled: true}
Session ID: e423218907a1876552f1f0cf85b427b0">
      <![CDATA[org.openqa.selenium.ElementNotVisibleException: element not interactable
  (Session info: chrome=75.0.3770.90)
  (Driver info: chromedriver=2.44.609538 (b655c5a60b0b544917107a59d4153d4bf78e1b90),platform=Windows NT 10.0.17763 x86_64) (WARNING: The server did not provide any stacktrace information)
Command duration or timeout: 0 milliseconds
Build info: version: '3.13.0', revision: '2f0d292', time: '2018-06-25T15:24:21.231Z'
System info: host: 'PC339926', ip: '10.219.66.4', os.name: 'Windows 10', os.arch: 'amd64', os.version: '10.0', java.version: '1.8.0_181'
Driver info: org.openqa.selenium.chrome.ChromeDriver
Capabilities {acceptInsecureCerts: false, acceptSslCerts: false, applicationCacheEnabled: false, browserConnectionEnabled: false, browserName: chrome, chrome: {chromedriverVersion: 2.44.609538 (b655c5a60b0b54..., userDataDir: C:\Users\593611\AppData\Loc...}, cssSelectorsEnabled: true, databaseEnabled: false, goog:chromeOptions: {debuggerAddress: localhost:65237}, handlesAlerts: true, hasTouchScreen: false, javascriptEnabled: true, locationContextEnabled: true, mobileEmulationEnabled: false, nativeEvents: true, networkConnectionEnabled: false, pageLoadStrategy: normal, platform: XP, platformName: XP, rotatable: false, setWindowRect: true, takesHeapSnapshot: true, takesScreenshot: true, unexpectedAlertBehaviour: ignore, unhandledPromptBehavior: ignore, version: 75.0.3770.90, webStorageEnabled: true}
Session ID: e423218907a1876552f1f0cf85b427b0
at sun.reflect.NativeConstructorAccessorImpl.newInstance0(Native Method)
at sun.reflect.NativeConstructorAccessorImpl.newInstance(NativeConstructorAccessorImpl.java:62)
at sun.reflect.DelegatingConstructorAccessorImpl.newInstance(DelegatingConstructorAccessorImpl.java:45)
at java.lang.reflect.Constructor.newInstance(Constructor.java:423)
at org.openqa.selenium.remote.ErrorHandler.createThrowable(ErrorHandler.java:214)
at org.openqa.selenium.remote.ErrorHandler.throwIfResponseFailed(ErrorHandler.java:166)
at org.openqa.selenium.remote.http.JsonHttpResponseCodec.reconstructValue(JsonHttpResponseCodec.java:40)
at org.openqa.selenium.remote.http.AbstractHttpResponseCodec.decode(AbstractHttpResponseCodec.java:80)
at org.openqa.selenium.remote.http.AbstractHttpResponseCodec.decode(AbstractHttpResponseCodec.java:44)
at org.openqa.selenium.remote.HttpCommandExecutor.execute(HttpCommandExecutor.java:158)
at org.openqa.selenium.remote.service.DriverCommandExecutor.execute(DriverCommandExecutor.java:83)
at org.openqa.selenium.remote.RemoteWebDriver.execute(RemoteWebDriver.java:548)
at org.openqa.selenium.remote.RemoteWebElement.execute(RemoteWebElement.java:276)
at org.openqa.selenium.remote.RemoteWebElement.click(RemoteWebElement.java:83)
at org.cts.oneframework.utilities.BasePageObject.clickElement(BasePageObject.java:587)
at org.cts.oneframework.utilities.BasePageObject.clickElement(BasePageObject.java:578)
at org.cts.oneframework.cucumber.pages.TousVosVehiculesPage.click_vehicules_Votreparc(TousVosVehiculesPage.java:774)
at org.cts.oneframework.cucumber.stepdefinition.TousVosVehiculesStepDefs.user_clicks_on_vehicules_in_voter_parc_section(TousVosVehiculesStepDefs.java:17)
at ?.user clicks on vehicules in voter parc section(src/test/resources/features/TousVosVehicules.feature:228)
]]>
    </error>
  </testcase> <!-- runScenario -->
  <testcase name="runScenario" time="2.863" classname="org.cts.oneframework.cucumber.testrunners.SmokeSuiteRunner">
    <error type="org.openqa.selenium.WebDriverException" message="unknown error: Element &lt;span class=&quot;cell&quot;&gt;...&lt;/span&gt; is not clickable at point (130, 165). Other element would receive the click: &lt;div class=&quot;ui-widget-overlay ui-front&quot; style=&quot;z-index: 10001;&quot;&gt;&lt;/div&gt;
  (Session info: chrome=75.0.3770.90)
  (Driver info: chromedriver=2.44.609538 (b655c5a60b0b544917107a59d4153d4bf78e1b90),platform=Windows NT 10.0.17763 x86_64) (WARNING: The server did not provide any stacktrace information)
Command duration or timeout: 0 milliseconds
Build info: version: &#039;3.13.0&#039;, revision: &#039;2f0d292&#039;, time: &#039;2018-06-25T15:24:21.231Z&#039;
System info: host: &#039;PC339926&#039;, ip: &#039;10.219.66.4&#039;, os.name: &#039;Windows 10&#039;, os.arch: &#039;amd64&#039;, os.version: &#039;10.0&#039;, java.version: &#039;1.8.0_181&#039;
Driver info: org.openqa.selenium.chrome.ChromeDriver
Capabilities {acceptInsecureCerts: false, acceptSslCerts: false, applicationCacheEnabled: false, browserConnectionEnabled: false, browserName: chrome, chrome: {chromedriverVersion: 2.44.609538 (b655c5a60b0b54..., userDataDir: C:\Users\593611\AppData\Loc...}, cssSelectorsEnabled: true, databaseEnabled: false, goog:chromeOptions: {debuggerAddress: localhost:64484}, handlesAlerts: true, hasTouchScreen: false, javascriptEnabled: true, locationContextEnabled: true, mobileEmulationEnabled: false, nativeEvents: true, networkConnectionEnabled: false, pageLoadStrategy: normal, platform: XP, platformName: XP, rotatable: false, setWindowRect: true, takesHeapSnapshot: true, takesScreenshot: true, unexpectedAlertBehaviour: ignore, unhandledPromptBehavior: ignore, version: 75.0.3770.90, webStorageEnabled: true}
Session ID: ff8622ea5b7ecc7f3072c5ae88a6659c">
      <![CDATA[org.openqa.selenium.WebDriverException: unknown error: Element <span class="cell">...</span> is not clickable at point (130, 165). Other element would receive the click: <div class="ui-widget-overlay ui-front" style="z-index: 10001;"></div>
  (Session info: chrome=75.0.3770.90)
  (Driver info: chromedriver=2.44.609538 (b655c5a60b0b544917107a59d4153d4bf78e1b90),platform=Windows NT 10.0.17763 x86_64) (WARNING: The server did not provide any stacktrace information)
Command duration or timeout: 0 milliseconds
Build info: version: '3.13.0', revision: '2f0d292', time: '2018-06-25T15:24:21.231Z'
System info: host: 'PC339926', ip: '10.219.66.4', os.name: 'Windows 10', os.arch: 'amd64', os.version: '10.0', java.version: '1.8.0_181'
Driver info: org.openqa.selenium.chrome.ChromeDriver
Capabilities {acceptInsecureCerts: false, acceptSslCerts: false, applicationCacheEnabled: false, browserConnectionEnabled: false, browserName: chrome, chrome: {chromedriverVersion: 2.44.609538 (b655c5a60b0b54..., userDataDir: C:\Users\593611\AppData\Loc...}, cssSelectorsEnabled: true, databaseEnabled: false, goog:chromeOptions: {debuggerAddress: localhost:64484}, handlesAlerts: true, hasTouchScreen: false, javascriptEnabled: true, locationContextEnabled: true, mobileEmulationEnabled: false, nativeEvents: true, networkConnectionEnabled: false, pageLoadStrategy: normal, platform: XP, platformName: XP, rotatable: false, setWindowRect: true, takesHeapSnapshot: true, takesScreenshot: true, unexpectedAlertBehaviour: ignore, unhandledPromptBehavior: ignore, version: 75.0.3770.90, webStorageEnabled: true}
Session ID: ff8622ea5b7ecc7f3072c5ae88a6659c
at sun.reflect.NativeConstructorAccessorImpl.newInstance0(Native Method)
at sun.reflect.NativeConstructorAccessorImpl.newInstance(NativeConstructorAccessorImpl.java:62)
at sun.reflect.DelegatingConstructorAccessorImpl.newInstance(DelegatingConstructorAccessorImpl.java:45)
at java.lang.reflect.Constructor.newInstance(Constructor.java:423)
at org.openqa.selenium.remote.ErrorHandler.createThrowable(ErrorHandler.java:214)
at org.openqa.selenium.remote.ErrorHandler.throwIfResponseFailed(ErrorHandler.java:166)
at org.openqa.selenium.remote.http.JsonHttpResponseCodec.reconstructValue(JsonHttpResponseCodec.java:40)
at org.openqa.selenium.remote.http.AbstractHttpResponseCodec.decode(AbstractHttpResponseCodec.java:80)
at org.openqa.selenium.remote.http.AbstractHttpResponseCodec.decode(AbstractHttpResponseCodec.java:44)
at org.openqa.selenium.remote.HttpCommandExecutor.execute(HttpCommandExecutor.java:158)
at org.openqa.selenium.remote.service.DriverCommandExecutor.execute(DriverCommandExecutor.java:83)
at org.openqa.selenium.remote.RemoteWebDriver.execute(RemoteWebDriver.java:548)
at org.openqa.selenium.remote.RemoteWebElement.execute(RemoteWebElement.java:276)
at org.openqa.selenium.remote.RemoteWebElement.click(RemoteWebElement.java:83)
at org.cts.oneframework.utilities.BasePageObject.clickElement(BasePageObject.java:587)
at org.cts.oneframework.utilities.BasePageObject.clickElement(BasePageObject.java:578)
at org.cts.oneframework.cucumber.pages.SuiviDesCoutsPage.click_suiviDesCouts_leftPane(SuiviDesCoutsPage.java:95)
at org.cts.oneframework.cucumber.stepdefinition.SuiviDesCoutsStepDefs.user_clicks_on_suivi_des_couts_in_left_pane(SuiviDesCoutsStepDefs.java:22)
at ?.user clicks on suivi des couts in left pane(src/test/resources/features/SuiviDesCouts.feature:53)
]]>
    </error>
  </testcase> <!-- runScenario -->
  <testcase name="runScenario" time="1.430" classname="org.cts.oneframework.cucumber.testrunners.SmokeSuiteRunner"/>
  <testcase name="runScenario" time="10.695" classname="org.cts.oneframework.cucumber.testrunners.SmokeSuiteRunner"/>
  <testcase name="runScenario" time="203.414" classname="org.cts.oneframework.cucumber.testrunners.SmokeSuiteRunner">
    <error type="org.openqa.selenium.TimeoutException" message="Expected condition failed: waiting for org.cts.oneframework.utilities.BasePageObject$1@4f02d72f (tried for 200 second(s) with 1000 milliseconds interval)">
      <![CDATA[org.openqa.selenium.TimeoutException: Expected condition failed: waiting for org.cts.oneframework.utilities.BasePageObject$1@4f02d72f (tried for 200 second(s) with 1000 milliseconds interval)
at org.openqa.selenium.support.ui.WebDriverWait.timeoutException(WebDriverWait.java:81)
at org.openqa.selenium.support.ui.FluentWait.until(FluentWait.java:271)
at org.cts.oneframework.utilities.BasePageObject.getElement(BasePageObject.java:115)
at org.cts.oneframework.utilities.BasePageObject.clickElement(BasePageObject.java:587)
at org.cts.oneframework.utilities.BasePageObject.clickElement(BasePageObject.java:578)
at org.cts.oneframework.cucumber.pages.CampagnesPage.clickFiltrerLesResultatsInCampagnesListPage(CampagnesPage.java:138)
at org.cts.oneframework.cucumber.stepdefinition.CampagnesStepDefs.user_clicks_on_filtrer_les_resultats(CampagnesStepDefs.java:52)
at ?.user clicks on filtrer les resultats(src/test/resources/features/Campagnes.feature:62)
Caused by: org.openqa.selenium.NoSuchElementException: no such element: Unable to locate element: {"method":"xpath","selector":"//a[@class='icon btn-filtres']"}
  (Session info: chrome=75.0.3770.90)
  (Driver info: chromedriver=2.44.609538 (b655c5a60b0b544917107a59d4153d4bf78e1b90),platform=Windows NT 10.0.17763 x86_64) (WARNING: The server did not provide any stacktrace information)
Command duration or timeout: 0 milliseconds
For documentation on this error, please visit: http://seleniumhq.org/exceptions/no_such_element.html
Build info: version: '3.13.0', revision: '2f0d292', time: '2018-06-25T15:24:21.231Z'
System info: host: 'PC339926', ip: '10.219.66.4', os.name: 'Windows 10', os.arch: 'amd64', os.version: '10.0', java.version: '1.8.0_181'
Driver info: org.openqa.selenium.chrome.ChromeDriver
Capabilities {acceptInsecureCerts: false, acceptSslCerts: false, applicationCacheEnabled: false, browserConnectionEnabled: false, browserName: chrome, chrome: {chromedriverVersion: 2.44.609538 (b655c5a60b0b54..., userDataDir: C:\Users\593611\AppData\Loc...}, cssSelectorsEnabled: true, databaseEnabled: false, goog:chromeOptions: {debuggerAddress: localhost:63043}, handlesAlerts: true, hasTouchScreen: false, javascriptEnabled: true, locationContextEnabled: true, mobileEmulationEnabled: false, nativeEvents: true, networkConnectionEnabled: false, pageLoadStrategy: normal, platform: XP, platformName: XP, rotatable: false, setWindowRect: true, takesHeapSnapshot: true, takesScreenshot: true, unexpectedAlertBehaviour: ignore, unhandledPromptBehavior: ignore, version: 75.0.3770.90, webStorageEnabled: true}
Session ID: a3966b4a2b37acc6d30395ede240fe1d
*** Element info: {Using=xpath, value=//a[@class='icon btn-filtres']}
at sun.reflect.GeneratedConstructorAccessor66.newInstance(Unknown Source)
at sun.reflect.DelegatingConstructorAccessorImpl.newInstance(DelegatingConstructorAccessorImpl.java:45)
at java.lang.reflect.Constructor.newInstance(Constructor.java:423)
at org.openqa.selenium.remote.ErrorHandler.createThrowable(ErrorHandler.java:214)
at org.openqa.selenium.remote.ErrorHandler.throwIfResponseFailed(ErrorHandler.java:166)
at org.openqa.selenium.remote.http.JsonHttpResponseCodec.reconstructValue(JsonHttpResponseCodec.java:40)
at org.openqa.selenium.remote.http.AbstractHttpResponseCodec.decode(AbstractHttpResponseCodec.java:80)
at org.openqa.selenium.remote.http.AbstractHttpResponseCodec.decode(AbstractHttpResponseCodec.java:44)
at org.openqa.selenium.remote.HttpCommandExecutor.execute(HttpCommandExecutor.java:158)
at org.openqa.selenium.remote.service.DriverCommandExecutor.execute(DriverCommandExecutor.java:83)
at org.openqa.selenium.remote.RemoteWebDriver.execute(RemoteWebDriver.java:548)
at org.openqa.selenium.remote.RemoteWebDriver.findElement(RemoteWebDriver.java:322)
at org.openqa.selenium.remote.RemoteWebDriver.findElementByXPath(RemoteWebDriver.java:424)
at org.openqa.selenium.By$ByXPath.findElement(By.java:353)
at org.openqa.selenium.remote.RemoteWebDriver.findElement(RemoteWebDriver.java:314)
at org.cts.oneframework.utilities.BasePageObject$1.apply(BasePageObject.java:118)
at org.cts.oneframework.utilities.BasePageObject$1.apply(BasePageObject.java:1)
at org.openqa.selenium.support.ui.FluentWait.until(FluentWait.java:248)
at org.cts.oneframework.utilities.BasePageObject.getElement(BasePageObject.java:115)
at org.cts.oneframework.utilities.BasePageObject.clickElement(BasePageObject.java:587)
at org.cts.oneframework.utilities.BasePageObject.clickElement(BasePageObject.java:578)
at org.cts.oneframework.cucumber.pages.CampagnesPage.clickFiltrerLesResultatsInCampagnesListPage(CampagnesPage.java:138)
at org.cts.oneframework.cucumber.stepdefinition.CampagnesStepDefs.user_clicks_on_filtrer_les_resultats(CampagnesStepDefs.java:52)
at sun.reflect.NativeMethodAccessorImpl.invoke0(Native Method)
at sun.reflect.NativeMethodAccessorImpl.invoke(NativeMethodAccessorImpl.java:62)
at sun.reflect.DelegatingMethodAccessorImpl.invoke(DelegatingMethodAccessorImpl.java:43)
at java.lang.reflect.Method.invoke(Method.java:498)
at cucumber.runtime.Utils$1.call(Utils.java:26)
at cucumber.runtime.Timeout.timeout(Timeout.java:16)
at cucumber.runtime.Utils.invoke(Utils.java:20)
at cucumber.runtime.java.JavaStepDefinition.execute(JavaStepDefinition.java:49)
at cucumber.runner.PickleStepDefinitionMatch.runStep(PickleStepDefinitionMatch.java:50)
at cucumber.runner.TestStep.executeStep(TestStep.java:63)
at cucumber.runner.TestStep.run(TestStep.java:49)
at cucumber.runner.PickleStepTestStep.run(PickleStepTestStep.java:43)
at cucumber.runner.TestCase.run(TestCase.java:44)
at cucumber.runner.Runner.runPickle(Runner.java:40)
at cucumber.api.testng.TestNGCucumberRunner.runScenario(TestNGCucumberRunner.java:68)
at org.cts.oneframework.cucumber.AbstractTestNGCucumberTest.runScenario(AbstractTestNGCucumberTest.java:39)
at sun.reflect.GeneratedMethodAccessor8.invoke(Unknown Source)
at sun.reflect.DelegatingMethodAccessorImpl.invoke(DelegatingMethodAccessorImpl.java:43)
at java.lang.reflect.Method.invoke(Method.java:498)
at org.testng.internal.MethodInvocationHelper.invokeMethod(MethodInvocationHelper.java:124)
at org.testng.internal.Invoker.invokeMethod(Invoker.java:583)
at org.testng.internal.Invoker.invokeTestMethod(Invoker.java:719)
at org.testng.internal.Invoker.invokeTestMethods(Invoker.java:989)
at org.testng.internal.TestMethodWorker.invokeTestMethods(TestMethodWorker.java:125)
at org.testng.internal.TestMethodWorker.run(TestMethodWorker.java:109)
at java.util.concurrent.ThreadPoolExecutor.runWorker(ThreadPoolExecutor.java:1149)
at java.util.concurrent.ThreadPoolExecutor$Worker.run(ThreadPoolExecutor.java:624)
at java.lang.Thread.run(Thread.java:748)
]]>
    </error>
  </testcase> <!-- runScenario -->
  <testcase name="runScenario" time="26.000" classname="org.cts.oneframework.cucumber.testrunners.SmokeSuiteRunner"/>
  <testcase name="runScenario" time="89.169" classname="org.cts.oneframework.cucumber.testrunners.SmokeSuiteRunner"/>
  <testcase name="runScenario" time="13.302" classname="org.cts.oneframework.cucumber.testrunners.SmokeSuiteRunner"/>
  <testcase name="runScenario" time="11.185" classname="org.cts.oneframework.cucumber.testrunners.SmokeSuiteRunner"/>
  <testcase name="runScenario" time="1.546" classname="org.cts.oneframework.cucumber.testrunners.SmokeSuiteRunner"/>
  <testcase name="runScenario" time="21.264" classname="org.cts.oneframework.cucumber.testrunners.SmokeSuiteRunner">
    <error type="org.openqa.selenium.WebDriverException" message="unknown error: Element &lt;a class=&quot; accueil active&quot; aria-labelledby=&quot;layout_3&quot; href=&quot;https://fleetonline.pprod.uap.total.com/private/guest/home&quot; role=&quot;menuitem&quot;&gt;...&lt;/a&gt; is not clickable at point (110, 108). Other element would receive the click: &lt;div class=&quot;ui-widget-overlay ui-front&quot; style=&quot;z-index: 10001;&quot;&gt;&lt;/div&gt;
  (Session info: chrome=75.0.3770.90)
  (Driver info: chromedriver=2.44.609538 (b655c5a60b0b544917107a59d4153d4bf78e1b90),platform=Windows NT 10.0.17763 x86_64) (WARNING: The server did not provide any stacktrace information)
Command duration or timeout: 0 milliseconds
Build info: version: &#039;3.13.0&#039;, revision: &#039;2f0d292&#039;, time: &#039;2018-06-25T15:24:21.231Z&#039;
System info: host: &#039;PC339926&#039;, ip: &#039;10.219.66.4&#039;, os.name: &#039;Windows 10&#039;, os.arch: &#039;amd64&#039;, os.version: &#039;10.0&#039;, java.version: &#039;1.8.0_181&#039;
Driver info: org.openqa.selenium.chrome.ChromeDriver
Capabilities {acceptInsecureCerts: false, acceptSslCerts: false, applicationCacheEnabled: false, browserConnectionEnabled: false, browserName: chrome, chrome: {chromedriverVersion: 2.44.609538 (b655c5a60b0b54..., userDataDir: C:\Users\593611\AppData\Loc...}, cssSelectorsEnabled: true, databaseEnabled: false, goog:chromeOptions: {debuggerAddress: localhost:65130}, handlesAlerts: true, hasTouchScreen: false, javascriptEnabled: true, locationContextEnabled: true, mobileEmulationEnabled: false, nativeEvents: true, networkConnectionEnabled: false, pageLoadStrategy: normal, platform: XP, platformName: XP, rotatable: false, setWindowRect: true, takesHeapSnapshot: true, takesScreenshot: true, unexpectedAlertBehaviour: ignore, unhandledPromptBehavior: ignore, version: 75.0.3770.90, webStorageEnabled: true}
Session ID: fc1162356c7d5df29982374a6a2df139">
      <![CDATA[org.openqa.selenium.WebDriverException: unknown error: Element <a class=" accueil active" aria-labelledby="layout_3" href="https://fleetonline.pprod.uap.total.com/private/guest/home" role="menuitem">...</a> is not clickable at point (110, 108). Other element would receive the click: <div class="ui-widget-overlay ui-front" style="z-index: 10001;"></div>
  (Session info: chrome=75.0.3770.90)
  (Driver info: chromedriver=2.44.609538 (b655c5a60b0b544917107a59d4153d4bf78e1b90),platform=Windows NT 10.0.17763 x86_64) (WARNING: The server did not provide any stacktrace information)
Command duration or timeout: 0 milliseconds
Build info: version: '3.13.0', revision: '2f0d292', time: '2018-06-25T15:24:21.231Z'
System info: host: 'PC339926', ip: '10.219.66.4', os.name: 'Windows 10', os.arch: 'amd64', os.version: '10.0', java.version: '1.8.0_181'
Driver info: org.openqa.selenium.chrome.ChromeDriver
Capabilities {acceptInsecureCerts: false, acceptSslCerts: false, applicationCacheEnabled: false, browserConnectionEnabled: false, browserName: chrome, chrome: {chromedriverVersion: 2.44.609538 (b655c5a60b0b54..., userDataDir: C:\Users\593611\AppData\Loc...}, cssSelectorsEnabled: true, databaseEnabled: false, goog:chromeOptions: {debuggerAddress: localhost:65130}, handlesAlerts: true, hasTouchScreen: false, javascriptEnabled: true, locationContextEnabled: true, mobileEmulationEnabled: false, nativeEvents: true, networkConnectionEnabled: false, pageLoadStrategy: normal, platform: XP, platformName: XP, rotatable: false, setWindowRect: true, takesHeapSnapshot: true, takesScreenshot: true, unexpectedAlertBehaviour: ignore, unhandledPromptBehavior: ignore, version: 75.0.3770.90, webStorageEnabled: true}
Session ID: fc1162356c7d5df29982374a6a2df139
at sun.reflect.NativeConstructorAccessorImpl.newInstance0(Native Method)
at sun.reflect.NativeConstructorAccessorImpl.newInstance(NativeConstructorAccessorImpl.java:62)
at sun.reflect.DelegatingConstructorAccessorImpl.newInstance(DelegatingConstructorAccessorImpl.java:45)
at java.lang.reflect.Constructor.newInstance(Constructor.java:423)
at org.openqa.selenium.remote.ErrorHandler.createThrowable(ErrorHandler.java:214)
at org.openqa.selenium.remote.ErrorHandler.throwIfResponseFailed(ErrorHandler.java:166)
at org.openqa.selenium.remote.http.JsonHttpResponseCodec.reconstructValue(JsonHttpResponseCodec.java:40)
at org.openqa.selenium.remote.http.AbstractHttpResponseCodec.decode(AbstractHttpResponseCodec.java:80)
at org.openqa.selenium.remote.http.AbstractHttpResponseCodec.decode(AbstractHttpResponseCodec.java:44)
at org.openqa.selenium.remote.HttpCommandExecutor.execute(HttpCommandExecutor.java:158)
at org.openqa.selenium.remote.service.DriverCommandExecutor.execute(DriverCommandExecutor.java:83)
at org.openqa.selenium.remote.RemoteWebDriver.execute(RemoteWebDriver.java:548)
at org.openqa.selenium.remote.RemoteWebElement.execute(RemoteWebElement.java:276)
at org.openqa.selenium.remote.RemoteWebElement.click(RemoteWebElement.java:83)
at org.cts.oneframework.utilities.BasePageObject.clickElement(BasePageObject.java:587)
at org.cts.oneframework.utilities.BasePageObject.clickElement(BasePageObject.java:578)
at org.cts.oneframework.cucumber.pages.CommonPage.clickAccueilLinkInLeftPane(CommonPage.java:101)
at org.cts.oneframework.cucumber.stepdefinition.CommonStepDefs.user_clicks_on_Accueil_in_left_pane_total_home_page_should_be_displayed(CommonStepDefs.java:54)
at ?.user clicks on Accueil in left pane total home page should be displayed(src/test/resources/features/TousVosVehicules.feature:171)
]]>
    </error>
  </testcase> <!-- runScenario -->
  <testcase name="runScenario" time="35.977" classname="org.cts.oneframework.cucumber.testrunners.SmokeSuiteRunner"/>
  <testcase name="runScenario" time="36.659" classname="org.cts.oneframework.cucumber.testrunners.SmokeSuiteRunner">
    <failure type="java.lang.AssertionError" message="null">
      <![CDATA[java.lang.AssertionError: null
at org.testng.Assert.fail(Assert.java:96)
at org.testng.Assert.fail(Assert.java:103)
at org.cts.oneframework.utilities.AssertionLibrary.fail(AssertionLibrary.java:298)
at org.cts.oneframework.utilities.BasePageObject.readCSVHeader(BasePageObject.java:908)
at org.cts.oneframework.cucumber.pages.FacturesPage.readCSVOfFichier(FacturesPage.java:343)
at org.cts.oneframework.cucumber.stepdefinition.FacturesStepDefs.read_the_excel(FacturesStepDefs.java:117)
at ?.read the excel as Excel_ToBeCopiedIn_Suivi_D_Int_Des_Factues and check if excel contains Header_Title_In_FichierExcel_In_Suivi_D_Int_Des_Factures_Page(src/test/resources/features/Factures.feature:93)
]]>
    </failure>
  </testcase> <!-- runScenario -->
  <testcase name="runScenario" time="0.128" classname="org.cts.oneframework.cucumber.testrunners.SmokeSuiteRunner">
    <error type="org.openqa.selenium.WebDriverException" message="unknown error: Element &lt;a class=&quot; accueil active&quot; aria-labelledby=&quot;layout_3&quot; href=&quot;https://fleetonline.pprod.uap.total.com/private/guest/home&quot; role=&quot;menuitem&quot;&gt;...&lt;/a&gt; is not clickable at point (110, 108). Other element would receive the click: &lt;div class=&quot;ui-widget-overlay ui-front&quot; style=&quot;z-index: 10001;&quot;&gt;&lt;/div&gt;
  (Session info: chrome=75.0.3770.90)
  (Driver info: chromedriver=2.44.609538 (b655c5a60b0b544917107a59d4153d4bf78e1b90),platform=Windows NT 10.0.17763 x86_64) (WARNING: The server did not provide any stacktrace information)
Command duration or timeout: 0 milliseconds
Build info: version: &#039;3.13.0&#039;, revision: &#039;2f0d292&#039;, time: &#039;2018-06-25T15:24:21.231Z&#039;
System info: host: &#039;PC339926&#039;, ip: &#039;10.219.66.4&#039;, os.name: &#039;Windows 10&#039;, os.arch: &#039;amd64&#039;, os.version: &#039;10.0&#039;, java.version: &#039;1.8.0_181&#039;
Driver info: org.openqa.selenium.chrome.ChromeDriver
Capabilities {acceptInsecureCerts: false, acceptSslCerts: false, applicationCacheEnabled: false, browserConnectionEnabled: false, browserName: chrome, chrome: {chromedriverVersion: 2.44.609538 (b655c5a60b0b54..., userDataDir: C:\Users\593611\AppData\Loc...}, cssSelectorsEnabled: true, databaseEnabled: false, goog:chromeOptions: {debuggerAddress: localhost:65237}, handlesAlerts: true, hasTouchScreen: false, javascriptEnabled: true, locationContextEnabled: true, mobileEmulationEnabled: false, nativeEvents: true, networkConnectionEnabled: false, pageLoadStrategy: normal, platform: XP, platformName: XP, rotatable: false, setWindowRect: true, takesHeapSnapshot: true, takesScreenshot: true, unexpectedAlertBehaviour: ignore, unhandledPromptBehavior: ignore, version: 75.0.3770.90, webStorageEnabled: true}
Session ID: e423218907a1876552f1f0cf85b427b0">
      <![CDATA[org.openqa.selenium.WebDriverException: unknown error: Element <a class=" accueil active" aria-labelledby="layout_3" href="https://fleetonline.pprod.uap.total.com/private/guest/home" role="menuitem">...</a> is not clickable at point (110, 108). Other element would receive the click: <div class="ui-widget-overlay ui-front" style="z-index: 10001;"></div>
  (Session info: chrome=75.0.3770.90)
  (Driver info: chromedriver=2.44.609538 (b655c5a60b0b544917107a59d4153d4bf78e1b90),platform=Windows NT 10.0.17763 x86_64) (WARNING: The server did not provide any stacktrace information)
Command duration or timeout: 0 milliseconds
Build info: version: '3.13.0', revision: '2f0d292', time: '2018-06-25T15:24:21.231Z'
System info: host: 'PC339926', ip: '10.219.66.4', os.name: 'Windows 10', os.arch: 'amd64', os.version: '10.0', java.version: '1.8.0_181'
Driver info: org.openqa.selenium.chrome.ChromeDriver
Capabilities {acceptInsecureCerts: false, acceptSslCerts: false, applicationCacheEnabled: false, browserConnectionEnabled: false, browserName: chrome, chrome: {chromedriverVersion: 2.44.609538 (b655c5a60b0b54..., userDataDir: C:\Users\593611\AppData\Loc...}, cssSelectorsEnabled: true, databaseEnabled: false, goog:chromeOptions: {debuggerAddress: localhost:65237}, handlesAlerts: true, hasTouchScreen: false, javascriptEnabled: true, locationContextEnabled: true, mobileEmulationEnabled: false, nativeEvents: true, networkConnectionEnabled: false, pageLoadStrategy: normal, platform: XP, platformName: XP, rotatable: false, setWindowRect: true, takesHeapSnapshot: true, takesScreenshot: true, unexpectedAlertBehaviour: ignore, unhandledPromptBehavior: ignore, version: 75.0.3770.90, webStorageEnabled: true}
Session ID: e423218907a1876552f1f0cf85b427b0
at sun.reflect.NativeConstructorAccessorImpl.newInstance0(Native Method)
at sun.reflect.NativeConstructorAccessorImpl.newInstance(NativeConstructorAccessorImpl.java:62)
at sun.reflect.DelegatingConstructorAccessorImpl.newInstance(DelegatingConstructorAccessorImpl.java:45)
at java.lang.reflect.Constructor.newInstance(Constructor.java:423)
at org.openqa.selenium.remote.ErrorHandler.createThrowable(ErrorHandler.java:214)
at org.openqa.selenium.remote.ErrorHandler.throwIfResponseFailed(ErrorHandler.java:166)
at org.openqa.selenium.remote.http.JsonHttpResponseCodec.reconstructValue(JsonHttpResponseCodec.java:40)
at org.openqa.selenium.remote.http.AbstractHttpResponseCodec.decode(AbstractHttpResponseCodec.java:80)
at org.openqa.selenium.remote.http.AbstractHttpResponseCodec.decode(AbstractHttpResponseCodec.java:44)
at org.openqa.selenium.remote.HttpCommandExecutor.execute(HttpCommandExecutor.java:158)
at org.openqa.selenium.remote.service.DriverCommandExecutor.execute(DriverCommandExecutor.java:83)
at org.openqa.selenium.remote.RemoteWebDriver.execute(RemoteWebDriver.java:548)
at org.openqa.selenium.remote.RemoteWebElement.execute(RemoteWebElement.java:276)
at org.openqa.selenium.remote.RemoteWebElement.click(RemoteWebElement.java:83)
at org.cts.oneframework.utilities.BasePageObject.clickElement(BasePageObject.java:587)
at org.cts.oneframework.utilities.BasePageObject.clickElement(BasePageObject.java:578)
at org.cts.oneframework.cucumber.pages.CommonPage.clickAccueilLinkInLeftPane(CommonPage.java:101)
at org.cts.oneframework.cucumber.stepdefinition.CommonStepDefs.user_clicks_on_Accueil_in_left_pane_total_home_page_should_be_displayed(CommonStepDefs.java:54)
at ?.user clicks on Accueil in left pane total home page should be displayed(src/test/resources/features/TousVosVehicules.feature:245)
]]>
    </error>
  </testcase> <!-- runScenario -->
  <testcase name="runScenario" time="33.153" classname="org.cts.oneframework.cucumber.testrunners.SmokeSuiteRunner"/>
  <testcase name="runScenario" time="33.836" classname="org.cts.oneframework.cucumber.testrunners.SmokeSuiteRunner"/>
  <testcase name="runScenario" time="35.494" classname="org.cts.oneframework.cucumber.testrunners.SmokeSuiteRunner"/>
  <testcase name="runScenario" time="37.788" classname="org.cts.oneframework.cucumber.testrunners.SmokeSuiteRunner"/>
  <testcase name="runScenario" time="40.246" classname="org.cts.oneframework.cucumber.testrunners.SmokeSuiteRunner"/>
  <testcase name="runScenario" time="34.877" classname="org.cts.oneframework.cucumber.testrunners.SmokeSuiteRunner"/>
  <testcase name="runScenario" time="3.356" classname="org.cts.oneframework.cucumber.testrunners.SmokeSuiteRunner">
    <error type="org.openqa.selenium.WebDriverException" message="unknown error: Element &lt;span class=&quot;cell&quot;&gt;...&lt;/span&gt; is not clickable at point (118, 222). Other element would receive the click: &lt;div class=&quot;ui-widget-overlay ui-front&quot; style=&quot;z-index: 10001;&quot;&gt;&lt;/div&gt;
  (Session info: chrome=75.0.3770.90)
  (Driver info: chromedriver=2.44.609538 (b655c5a60b0b544917107a59d4153d4bf78e1b90),platform=Windows NT 10.0.17763 x86_64) (WARNING: The server did not provide any stacktrace information)
Command duration or timeout: 0 milliseconds
Build info: version: &#039;3.13.0&#039;, revision: &#039;2f0d292&#039;, time: &#039;2018-06-25T15:24:21.231Z&#039;
System info: host: &#039;PC339926&#039;, ip: &#039;10.219.66.4&#039;, os.name: &#039;Windows 10&#039;, os.arch: &#039;amd64&#039;, os.version: &#039;10.0&#039;, java.version: &#039;1.8.0_181&#039;
Driver info: org.openqa.selenium.chrome.ChromeDriver
Capabilities {acceptInsecureCerts: false, acceptSslCerts: false, applicationCacheEnabled: false, browserConnectionEnabled: false, browserName: chrome, chrome: {chromedriverVersion: 2.44.609538 (b655c5a60b0b54..., userDataDir: C:\Users\593611\AppData\Loc...}, cssSelectorsEnabled: true, databaseEnabled: false, goog:chromeOptions: {debuggerAddress: localhost:62968}, handlesAlerts: true, hasTouchScreen: false, javascriptEnabled: true, locationContextEnabled: true, mobileEmulationEnabled: false, nativeEvents: true, networkConnectionEnabled: false, pageLoadStrategy: normal, platform: XP, platformName: XP, rotatable: false, setWindowRect: true, takesHeapSnapshot: true, takesScreenshot: true, unexpectedAlertBehaviour: ignore, unhandledPromptBehavior: ignore, version: 75.0.3770.90, webStorageEnabled: true}
Session ID: 1fd792c7225a78abd99244c5533ea3a6">
      <![CDATA[org.openqa.selenium.WebDriverException: unknown error: Element <span class="cell">...</span> is not clickable at point (118, 222). Other element would receive the click: <div class="ui-widget-overlay ui-front" style="z-index: 10001;"></div>
  (Session info: chrome=75.0.3770.90)
  (Driver info: chromedriver=2.44.609538 (b655c5a60b0b544917107a59d4153d4bf78e1b90),platform=Windows NT 10.0.17763 x86_64) (WARNING: The server did not provide any stacktrace information)
Command duration or timeout: 0 milliseconds
Build info: version: '3.13.0', revision: '2f0d292', time: '2018-06-25T15:24:21.231Z'
System info: host: 'PC339926', ip: '10.219.66.4', os.name: 'Windows 10', os.arch: 'amd64', os.version: '10.0', java.version: '1.8.0_181'
Driver info: org.openqa.selenium.chrome.ChromeDriver
Capabilities {acceptInsecureCerts: false, acceptSslCerts: false, applicationCacheEnabled: false, browserConnectionEnabled: false, browserName: chrome, chrome: {chromedriverVersion: 2.44.609538 (b655c5a60b0b54..., userDataDir: C:\Users\593611\AppData\Loc...}, cssSelectorsEnabled: true, databaseEnabled: false, goog:chromeOptions: {debuggerAddress: localhost:62968}, handlesAlerts: true, hasTouchScreen: false, javascriptEnabled: true, locationContextEnabled: true, mobileEmulationEnabled: false, nativeEvents: true, networkConnectionEnabled: false, pageLoadStrategy: normal, platform: XP, platformName: XP, rotatable: false, setWindowRect: true, takesHeapSnapshot: true, takesScreenshot: true, unexpectedAlertBehaviour: ignore, unhandledPromptBehavior: ignore, version: 75.0.3770.90, webStorageEnabled: true}
Session ID: 1fd792c7225a78abd99244c5533ea3a6
at sun.reflect.NativeConstructorAccessorImpl.newInstance0(Native Method)
at sun.reflect.NativeConstructorAccessorImpl.newInstance(NativeConstructorAccessorImpl.java:62)
at sun.reflect.DelegatingConstructorAccessorImpl.newInstance(DelegatingConstructorAccessorImpl.java:45)
at java.lang.reflect.Constructor.newInstance(Constructor.java:423)
at org.openqa.selenium.remote.ErrorHandler.createThrowable(ErrorHandler.java:214)
at org.openqa.selenium.remote.ErrorHandler.throwIfResponseFailed(ErrorHandler.java:166)
at org.openqa.selenium.remote.http.JsonHttpResponseCodec.reconstructValue(JsonHttpResponseCodec.java:40)
at org.openqa.selenium.remote.http.AbstractHttpResponseCodec.decode(AbstractHttpResponseCodec.java:80)
at org.openqa.selenium.remote.http.AbstractHttpResponseCodec.decode(AbstractHttpResponseCodec.java:44)
at org.openqa.selenium.remote.HttpCommandExecutor.execute(HttpCommandExecutor.java:158)
at org.openqa.selenium.remote.service.DriverCommandExecutor.execute(DriverCommandExecutor.java:83)
at org.openqa.selenium.remote.RemoteWebDriver.execute(RemoteWebDriver.java:548)
at org.openqa.selenium.remote.RemoteWebElement.execute(RemoteWebElement.java:276)
at org.openqa.selenium.remote.RemoteWebElement.click(RemoteWebElement.java:83)
at org.cts.oneframework.utilities.BasePageObject.clickElement(BasePageObject.java:609)
at org.cts.oneframework.utilities.BasePageObject.clickElement(BasePageObject.java:599)
at org.cts.oneframework.cucumber.pages.AvisDAmendesPage.expandAlertesEtAmendese_LeftMenu(AvisDAmendesPage.java:203)
at org.cts.oneframework.cucumber.stepdefinition.AvisDAmendesStepDefs.user_clicks_on_Alertes_et_Amandes(AvisDAmendesStepDefs.java:19)
at ?.user clicks on Alertes_et_Amandes in left pane(src/test/resources/features/AvisDAmendes.feature:143)
]]>
    </error>
  </testcase> <!-- runScenario -->
  <testcase name="runScenario" time="83.277" classname="org.cts.oneframework.cucumber.testrunners.SmokeSuiteRunner"/>
  <testcase name="runScenario" time="1.620" classname="org.cts.oneframework.cucumber.testrunners.SmokeSuiteRunner"/>
  <testcase name="runScenario" time="1.546" classname="org.cts.oneframework.cucumber.testrunners.SmokeSuiteRunner"/>
  <testcase name="runScenario" time="2.140" classname="org.cts.oneframework.cucumber.testrunners.SmokeSuiteRunner">
    <error type="org.openqa.selenium.WebDriverException" message="unknown error: Element &lt;a href=&quot;#null&quot; data-cc-event=&quot;click:dismiss&quot; target=&quot;_blank&quot; class=&quot;cc_btn cc_btn_accept_all&quot;&gt;...&lt;/a&gt; is not clickable at point (1259, 615). Other element would receive the click: &lt;div class=&quot;ui-widget-overlay ui-front&quot; style=&quot;z-index: 10001;&quot;&gt;&lt;/div&gt;
  (Session info: chrome=75.0.3770.90)
  (Driver info: chromedriver=2.44.609538 (b655c5a60b0b544917107a59d4153d4bf78e1b90),platform=Windows NT 10.0.17763 x86_64) (WARNING: The server did not provide any stacktrace information)
Command duration or timeout: 0 milliseconds
Build info: version: &#039;3.13.0&#039;, revision: &#039;2f0d292&#039;, time: &#039;2018-06-25T15:24:21.231Z&#039;
System info: host: &#039;PC339926&#039;, ip: &#039;10.219.66.4&#039;, os.name: &#039;Windows 10&#039;, os.arch: &#039;amd64&#039;, os.version: &#039;10.0&#039;, java.version: &#039;1.8.0_181&#039;
Driver info: org.openqa.selenium.chrome.ChromeDriver
Capabilities {acceptInsecureCerts: false, acceptSslCerts: false, applicationCacheEnabled: false, browserConnectionEnabled: false, browserName: chrome, chrome: {chromedriverVersion: 2.44.609538 (b655c5a60b0b54..., userDataDir: C:\Users\593611\AppData\Loc...}, cssSelectorsEnabled: true, databaseEnabled: false, goog:chromeOptions: {debuggerAddress: localhost:64377}, handlesAlerts: true, hasTouchScreen: false, javascriptEnabled: true, locationContextEnabled: true, mobileEmulationEnabled: false, nativeEvents: true, networkConnectionEnabled: false, pageLoadStrategy: normal, platform: XP, platformName: XP, rotatable: false, setWindowRect: true, takesHeapSnapshot: true, takesScreenshot: true, unexpectedAlertBehaviour: ignore, unhandledPromptBehavior: ignore, version: 75.0.3770.90, webStorageEnabled: true}
Session ID: ee2e7f3e831ff6f4367452cd4b4dcb43">
      <![CDATA[org.openqa.selenium.WebDriverException: unknown error: Element <a href="#null" data-cc-event="click:dismiss" target="_blank" class="cc_btn cc_btn_accept_all">...</a> is not clickable at point (1259, 615). Other element would receive the click: <div class="ui-widget-overlay ui-front" style="z-index: 10001;"></div>
  (Session info: chrome=75.0.3770.90)
  (Driver info: chromedriver=2.44.609538 (b655c5a60b0b544917107a59d4153d4bf78e1b90),platform=Windows NT 10.0.17763 x86_64) (WARNING: The server did not provide any stacktrace information)
Command duration or timeout: 0 milliseconds
Build info: version: '3.13.0', revision: '2f0d292', time: '2018-06-25T15:24:21.231Z'
System info: host: 'PC339926', ip: '10.219.66.4', os.name: 'Windows 10', os.arch: 'amd64', os.version: '10.0', java.version: '1.8.0_181'
Driver info: org.openqa.selenium.chrome.ChromeDriver
Capabilities {acceptInsecureCerts: false, acceptSslCerts: false, applicationCacheEnabled: false, browserConnectionEnabled: false, browserName: chrome, chrome: {chromedriverVersion: 2.44.609538 (b655c5a60b0b54..., userDataDir: C:\Users\593611\AppData\Loc...}, cssSelectorsEnabled: true, databaseEnabled: false, goog:chromeOptions: {debuggerAddress: localhost:64377}, handlesAlerts: true, hasTouchScreen: false, javascriptEnabled: true, locationContextEnabled: true, mobileEmulationEnabled: false, nativeEvents: true, networkConnectionEnabled: false, pageLoadStrategy: normal, platform: XP, platformName: XP, rotatable: false, setWindowRect: true, takesHeapSnapshot: true, takesScreenshot: true, unexpectedAlertBehaviour: ignore, unhandledPromptBehavior: ignore, version: 75.0.3770.90, webStorageEnabled: true}
Session ID: ee2e7f3e831ff6f4367452cd4b4dcb43
at sun.reflect.NativeConstructorAccessorImpl.newInstance0(Native Method)
at sun.reflect.NativeConstructorAccessorImpl.newInstance(NativeConstructorAccessorImpl.java:62)
at sun.reflect.DelegatingConstructorAccessorImpl.newInstance(DelegatingConstructorAccessorImpl.java:45)
at java.lang.reflect.Constructor.newInstance(Constructor.java:423)
at org.openqa.selenium.remote.ErrorHandler.createThrowable(ErrorHandler.java:214)
at org.openqa.selenium.remote.ErrorHandler.throwIfResponseFailed(ErrorHandler.java:166)
at org.openqa.selenium.remote.http.JsonHttpResponseCodec.reconstructValue(JsonHttpResponseCodec.java:40)
at org.openqa.selenium.remote.http.AbstractHttpResponseCodec.decode(AbstractHttpResponseCodec.java:80)
at org.openqa.selenium.remote.http.AbstractHttpResponseCodec.decode(AbstractHttpResponseCodec.java:44)
at org.openqa.selenium.remote.HttpCommandExecutor.execute(HttpCommandExecutor.java:158)
at org.openqa.selenium.remote.service.DriverCommandExecutor.execute(DriverCommandExecutor.java:83)
at org.openqa.selenium.remote.RemoteWebDriver.execute(RemoteWebDriver.java:548)
at org.openqa.selenium.remote.RemoteWebElement.execute(RemoteWebElement.java:276)
at org.openqa.selenium.remote.RemoteWebElement.click(RemoteWebElement.java:83)
at org.cts.oneframework.utilities.BasePageObject.clickElement(BasePageObject.java:587)
at org.cts.oneframework.utilities.BasePageObject.clickElement(BasePageObject.java:578)
at org.cts.oneframework.cucumber.pages.CommonPage.clickAccepterToAcceptCookiesInBottomOfThePage(CommonPage.java:115)
at org.cts.oneframework.cucumber.stepdefinition.CommonStepDefs.user_clicks_on_Accepter_in_page_footer_to_accept_cookies(CommonStepDefs.java:63)
at ?.user clicks on Accepter in page footer to accept cookies(src/test/resources/features/Rapports.feature:113)
]]>
    </error>
  </testcase> <!-- runScenario -->
  <testcase name="runScenario" time="222.493" classname="org.cts.oneframework.cucumber.testrunners.SmokeSuiteRunner">
    <error type="org.openqa.selenium.TimeoutException" message="Expected condition failed: waiting for org.cts.oneframework.utilities.BasePageObject$1@e2cd693 (tried for 200 second(s) with 1000 milliseconds interval)
Build info: version: &#039;3.13.0&#039;, revision: &#039;2f0d292&#039;, time: &#039;2018-06-25T15:24:21.231Z&#039;
System info: host: &#039;PC339926&#039;, ip: &#039;10.219.66.4&#039;, os.name: &#039;Windows 10&#039;, os.arch: &#039;amd64&#039;, os.version: &#039;10.0&#039;, java.version: &#039;1.8.0_181&#039;
Driver info: org.openqa.selenium.chrome.ChromeDriver
Capabilities {acceptInsecureCerts: false, acceptSslCerts: false, applicationCacheEnabled: false, browserConnectionEnabled: false, browserName: chrome, chrome: {chromedriverVersion: 2.44.609538 (b655c5a60b0b54..., userDataDir: C:\Users\593611\AppData\Loc...}, cssSelectorsEnabled: true, databaseEnabled: false, goog:chromeOptions: {debuggerAddress: localhost:64484}, handlesAlerts: true, hasTouchScreen: false, javascriptEnabled: true, locationContextEnabled: true, mobileEmulationEnabled: false, nativeEvents: true, networkConnectionEnabled: false, pageLoadStrategy: normal, platform: XP, platformName: XP, rotatable: false, setWindowRect: true, takesHeapSnapshot: true, takesScreenshot: true, unexpectedAlertBehaviour: ignore, unhandledPromptBehavior: ignore, version: 75.0.3770.90, webStorageEnabled: true}
Session ID: ff8622ea5b7ecc7f3072c5ae88a6659c">
      <![CDATA[org.openqa.selenium.TimeoutException: Expected condition failed: waiting for org.cts.oneframework.utilities.BasePageObject$1@e2cd693 (tried for 200 second(s) with 1000 milliseconds interval)
Build info: version: '3.13.0', revision: '2f0d292', time: '2018-06-25T15:24:21.231Z'
System info: host: 'PC339926', ip: '10.219.66.4', os.name: 'Windows 10', os.arch: 'amd64', os.version: '10.0', java.version: '1.8.0_181'
Driver info: org.openqa.selenium.chrome.ChromeDriver
Capabilities {acceptInsecureCerts: false, acceptSslCerts: false, applicationCacheEnabled: false, browserConnectionEnabled: false, browserName: chrome, chrome: {chromedriverVersion: 2.44.609538 (b655c5a60b0b54..., userDataDir: C:\Users\593611\AppData\Loc...}, cssSelectorsEnabled: true, databaseEnabled: false, goog:chromeOptions: {debuggerAddress: localhost:64484}, handlesAlerts: true, hasTouchScreen: false, javascriptEnabled: true, locationContextEnabled: true, mobileEmulationEnabled: false, nativeEvents: true, networkConnectionEnabled: false, pageLoadStrategy: normal, platform: XP, platformName: XP, rotatable: false, setWindowRect: true, takesHeapSnapshot: true, takesScreenshot: true, unexpectedAlertBehaviour: ignore, unhandledPromptBehavior: ignore, version: 75.0.3770.90, webStorageEnabled: true}
Session ID: ff8622ea5b7ecc7f3072c5ae88a6659c
at org.openqa.selenium.support.ui.WebDriverWait.timeoutException(WebDriverWait.java:81)
at org.openqa.selenium.support.ui.FluentWait.until(FluentWait.java:271)
at org.cts.oneframework.utilities.BasePageObject.getElement(BasePageObject.java:115)
at org.cts.oneframework.utilities.BasePageObject.clickElement(BasePageObject.java:587)
at org.cts.oneframework.utilities.BasePageObject.clickElement(BasePageObject.java:578)
at org.cts.oneframework.cucumber.pages.SuiviDesCoutsPage.click_coutsMoyensParvehiculeTTCTab_SuiviDesCouts(SuiviDesCoutsPage.java:481)
at org.cts.oneframework.cucumber.stepdefinition.SuiviDesCoutsStepDefs.couts_moyens_par_vehicule_tab_clicked(SuiviDesCoutsStepDefs.java:136)
at ?.couts moyens par vehicule tab is selected(src/test/resources/features/SuiviDesCouts.feature:96)
]]>
    </error>
  </testcase> <!-- runScenario -->
  <testcase name="runScenario" time="1.679" classname="org.cts.oneframework.cucumber.testrunners.SmokeSuiteRunner"/>
  <testcase name="runScenario" time="30.274" classname="org.cts.oneframework.cucumber.testrunners.SmokeSuiteRunner"/>
  <testcase name="runScenario" time="17.737" classname="org.cts.oneframework.cucumber.testrunners.SmokeSuiteRunner">
    <error type="org.openqa.selenium.ElementNotVisibleException" message="element not interactable
  (Session info: chrome=75.0.3770.90)
  (Driver info: chromedriver=2.44.609538 (b655c5a60b0b544917107a59d4153d4bf78e1b90),platform=Windows NT 10.0.17763 x86_64) (WARNING: The server did not provide any stacktrace information)
Command duration or timeout: 0 milliseconds
Build info: version: &#039;3.13.0&#039;, revision: &#039;2f0d292&#039;, time: &#039;2018-06-25T15:24:21.231Z&#039;
System info: host: &#039;PC339926&#039;, ip: &#039;10.219.66.4&#039;, os.name: &#039;Windows 10&#039;, os.arch: &#039;amd64&#039;, os.version: &#039;10.0&#039;, java.version: &#039;1.8.0_181&#039;
Driver info: org.openqa.selenium.chrome.ChromeDriver
Capabilities {acceptInsecureCerts: false, acceptSslCerts: false, applicationCacheEnabled: false, browserConnectionEnabled: false, browserName: chrome, chrome: {chromedriverVersion: 2.44.609538 (b655c5a60b0b54..., userDataDir: C:\Users\593611\AppData\Loc...}, cssSelectorsEnabled: true, databaseEnabled: false, goog:chromeOptions: {debuggerAddress: localhost:65036}, handlesAlerts: true, hasTouchScreen: false, javascriptEnabled: true, locationContextEnabled: true, mobileEmulationEnabled: false, nativeEvents: true, networkConnectionEnabled: false, pageLoadStrategy: normal, platform: XP, platformName: XP, rotatable: false, setWindowRect: true, takesHeapSnapshot: true, takesScreenshot: true, unexpectedAlertBehaviour: ignore, unhandledPromptBehavior: ignore, version: 75.0.3770.90, webStorageEnabled: true}
Session ID: b2197c0247566ace70e1e6b02d8d86b8">
      <![CDATA[org.openqa.selenium.ElementNotVisibleException: element not interactable
  (Session info: chrome=75.0.3770.90)
  (Driver info: chromedriver=2.44.609538 (b655c5a60b0b544917107a59d4153d4bf78e1b90),platform=Windows NT 10.0.17763 x86_64) (WARNING: The server did not provide any stacktrace information)
Command duration or timeout: 0 milliseconds
Build info: version: '3.13.0', revision: '2f0d292', time: '2018-06-25T15:24:21.231Z'
System info: host: 'PC339926', ip: '10.219.66.4', os.name: 'Windows 10', os.arch: 'amd64', os.version: '10.0', java.version: '1.8.0_181'
Driver info: org.openqa.selenium.chrome.ChromeDriver
Capabilities {acceptInsecureCerts: false, acceptSslCerts: false, applicationCacheEnabled: false, browserConnectionEnabled: false, browserName: chrome, chrome: {chromedriverVersion: 2.44.609538 (b655c5a60b0b54..., userDataDir: C:\Users\593611\AppData\Loc...}, cssSelectorsEnabled: true, databaseEnabled: false, goog:chromeOptions: {debuggerAddress: localhost:65036}, handlesAlerts: true, hasTouchScreen: false, javascriptEnabled: true, locationContextEnabled: true, mobileEmulationEnabled: false, nativeEvents: true, networkConnectionEnabled: false, pageLoadStrategy: normal, platform: XP, platformName: XP, rotatable: false, setWindowRect: true, takesHeapSnapshot: true, takesScreenshot: true, unexpectedAlertBehaviour: ignore, unhandledPromptBehavior: ignore, version: 75.0.3770.90, webStorageEnabled: true}
Session ID: b2197c0247566ace70e1e6b02d8d86b8
at sun.reflect.NativeConstructorAccessorImpl.newInstance0(Native Method)
at sun.reflect.NativeConstructorAccessorImpl.newInstance(NativeConstructorAccessorImpl.java:62)
at sun.reflect.DelegatingConstructorAccessorImpl.newInstance(DelegatingConstructorAccessorImpl.java:45)
at java.lang.reflect.Constructor.newInstance(Constructor.java:423)
at org.openqa.selenium.remote.ErrorHandler.createThrowable(ErrorHandler.java:214)
at org.openqa.selenium.remote.ErrorHandler.throwIfResponseFailed(ErrorHandler.java:166)
at org.openqa.selenium.remote.http.JsonHttpResponseCodec.reconstructValue(JsonHttpResponseCodec.java:40)
at org.openqa.selenium.remote.http.AbstractHttpResponseCodec.decode(AbstractHttpResponseCodec.java:80)
at org.openqa.selenium.remote.http.AbstractHttpResponseCodec.decode(AbstractHttpResponseCodec.java:44)
at org.openqa.selenium.remote.HttpCommandExecutor.execute(HttpCommandExecutor.java:158)
at org.openqa.selenium.remote.service.DriverCommandExecutor.execute(DriverCommandExecutor.java:83)
at org.openqa.selenium.remote.RemoteWebDriver.execute(RemoteWebDriver.java:548)
at org.openqa.selenium.remote.RemoteWebElement.execute(RemoteWebElement.java:276)
at org.openqa.selenium.remote.RemoteWebElement.click(RemoteWebElement.java:83)
at org.cts.oneframework.utilities.BasePageObject.clickElement(BasePageObject.java:587)
at org.cts.oneframework.utilities.BasePageObject.clickElement(BasePageObject.java:578)
at org.cts.oneframework.cucumber.pages.TousVosVehiculesPage.click_vehicules_Votreparc(TousVosVehiculesPage.java:774)
at org.cts.oneframework.cucumber.stepdefinition.TousVosVehiculesStepDefs.user_clicks_on_vehicules_in_voter_parc_section(TousVosVehiculesStepDefs.java:17)
at ?.user clicks on vehicules in voter parc section(src/test/resources/features/TousVosVehicules.feature:105)
]]>
    </error>
  </testcase> <!-- runScenario -->
  <testcase name="runScenario" time="2.056" classname="org.cts.oneframework.cucumber.testrunners.SmokeSuiteRunner"/>
  <testcase name="runScenario" time="34.848" classname="org.cts.oneframework.cucumber.testrunners.SmokeSuiteRunner"/>
  <testcase name="runScenario" time="20.623" classname="org.cts.oneframework.cucumber.testrunners.SmokeSuiteRunner">
    <failure type="java.lang.AssertionError" message="verify the presence of Pagination button in &#039;Suiviconsommationaux&#039; Rapport page expected [true] but found [false]">
      <![CDATA[java.lang.AssertionError: verify the presence of Pagination button in 'Suiviconsommationaux' Rapport page expected [true] but found [false]
at org.testng.Assert.fail(Assert.java:96)
at org.testng.Assert.failNotEquals(Assert.java:776)
at org.testng.Assert.assertTrue(Assert.java:44)
at org.cts.oneframework.utilities.AssertionLibrary.assertTrue(AssertionLibrary.java:116)
at org.cts.oneframework.utilities.AssertionLibrary.assertTrue(AssertionLibrary.java:131)
at org.cts.oneframework.cucumber.pages.RapportsPage.AssetbtnPaginationInSuiviconsommationauxRapportPage(RapportsPage.java:1735)
at org.cts.oneframework.cucumber.stepdefinition.RapportsStepDefs.user_should_verify_all_the_links_are_available_in_the_suivi_consommation_aux_km_report(RapportsStepDefs.java:106)
at ?.system should show all the links available in the suivi consommation aux km report(src/test/resources/features/Rapports.feature:84)
]]>
    </failure>
  </testcase> <!-- runScenario -->
  <testcase name="runScenario" time="31.744" classname="org.cts.oneframework.cucumber.testrunners.SmokeSuiteRunner"/>
  <testcase name="runScenario" time="1.580" classname="org.cts.oneframework.cucumber.testrunners.SmokeSuiteRunner"/>
  <testcase name="runScenario" time="20.672" classname="org.cts.oneframework.cucumber.testrunners.SmokeSuiteRunner"/>
  <testcase name="runScenario" time="5.381" classname="org.cts.oneframework.cucumber.testrunners.SmokeSuiteRunner"/>
  <testcase name="runScenario" time="1.468" classname="org.cts.oneframework.cucumber.testrunners.SmokeSuiteRunner"/>
  <testcase name="runScenario" time="1.947" classname="org.cts.oneframework.cucumber.testrunners.SmokeSuiteRunner"/>
  <testcase name="runScenario" time="34.752" classname="org.cts.oneframework.cucumber.testrunners.SmokeSuiteRunner"/>
  <testcase name="runScenario" time="48.141" classname="org.cts.oneframework.cucumber.testrunners.SmokeSuiteRunner"/>
  <testcase name="runScenario" time="2506.103" classname="org.cts.oneframework.cucumber.testrunners.SmokeSuiteRunner">
    <error type="org.openqa.selenium.TimeoutException" message="Expected condition failed: waiting for org.cts.oneframework.utilities.BasePageObject$1@7d44cb (tried for 200 second(s) with 1000 milliseconds interval)">
      <![CDATA[org.openqa.selenium.TimeoutException: Expected condition failed: waiting for org.cts.oneframework.utilities.BasePageObject$1@7d44cb (tried for 200 second(s) with 1000 milliseconds interval)
at org.openqa.selenium.support.ui.WebDriverWait.timeoutException(WebDriverWait.java:81)
at org.openqa.selenium.support.ui.FluentWait.until(FluentWait.java:271)
at org.cts.oneframework.utilities.BasePageObject.getElement(BasePageObject.java:115)
at org.cts.oneframework.utilities.BasePageObject.clickElement(BasePageObject.java:587)
at org.cts.oneframework.utilities.BasePageObject.clickElement(BasePageObject.java:578)
at org.cts.oneframework.cucumber.pages.SuiviDesCoutsPage.click_coutsMoyensParCollaborateurTTCTab_SuiviDesCouts(SuiviDesCoutsPage.java:464)
at org.cts.oneframework.cucumber.stepdefinition.SuiviDesCoutsStepDefs.couts_moyens_par_collaborateur_tab_clicked(SuiviDesCoutsStepDefs.java:104)
at ?.couts moyens par collaborateur tab is selected(src/test/resources/features/SuiviDesCouts.feature:82)
Caused by: org.openqa.selenium.NoSuchElementException: no such element: Unable to locate element: {"method":"xpath","selector":"//*[contains(text(),'Cots moyens par collaborateur (TTC)')]"}
  (Session info: chrome=75.0.3770.90)
  (Driver info: chromedriver=2.44.609538 (b655c5a60b0b544917107a59d4153d4bf78e1b90),platform=Windows NT 10.0.17763 x86_64) (WARNING: The server did not provide any stacktrace information)
Command duration or timeout: 0 milliseconds
For documentation on this error, please visit: http://seleniumhq.org/exceptions/no_such_element.html
Build info: version: '3.13.0', revision: '2f0d292', time: '2018-06-25T15:24:21.231Z'
System info: host: 'PC339926', ip: '10.219.66.4', os.name: 'Windows 10', os.arch: 'amd64', os.version: '10.0', java.version: '1.8.0_181'
Driver info: org.openqa.selenium.chrome.ChromeDriver
Capabilities {acceptInsecureCerts: false, acceptSslCerts: false, applicationCacheEnabled: false, browserConnectionEnabled: false, browserName: chrome, chrome: {chromedriverVersion: 2.44.609538 (b655c5a60b0b54..., userDataDir: C:\Users\593611\AppData\Loc...}, cssSelectorsEnabled: true, databaseEnabled: false, goog:chromeOptions: {debuggerAddress: localhost:64484}, handlesAlerts: true, hasTouchScreen: false, javascriptEnabled: true, locationContextEnabled: true, mobileEmulationEnabled: false, nativeEvents: true, networkConnectionEnabled: false, pageLoadStrategy: normal, platform: XP, platformName: XP, rotatable: false, setWindowRect: true, takesHeapSnapshot: true, takesScreenshot: true, unexpectedAlertBehaviour: ignore, unhandledPromptBehavior: ignore, version: 75.0.3770.90, webStorageEnabled: true}
Session ID: ff8622ea5b7ecc7f3072c5ae88a6659c
*** Element info: {Using=xpath, value=//*[contains(text(),'Cots moyens par collaborateur (TTC)')]}
at sun.reflect.GeneratedConstructorAccessor66.newInstance(Unknown Source)
at sun.reflect.DelegatingConstructorAccessorImpl.newInstance(DelegatingConstructorAccessorImpl.java:45)
at java.lang.reflect.Constructor.newInstance(Constructor.java:423)
at org.openqa.selenium.remote.ErrorHandler.createThrowable(ErrorHandler.java:214)
at org.openqa.selenium.remote.ErrorHandler.throwIfResponseFailed(ErrorHandler.java:166)
at org.openqa.selenium.remote.http.JsonHttpResponseCodec.reconstructValue(JsonHttpResponseCodec.java:40)
at org.openqa.selenium.remote.http.AbstractHttpResponseCodec.decode(AbstractHttpResponseCodec.java:80)
at org.openqa.selenium.remote.http.AbstractHttpResponseCodec.decode(AbstractHttpResponseCodec.java:44)
at org.openqa.selenium.remote.HttpCommandExecutor.execute(HttpCommandExecutor.java:158)
at org.openqa.selenium.remote.service.DriverCommandExecutor.execute(DriverCommandExecutor.java:83)
at org.openqa.selenium.remote.RemoteWebDriver.execute(RemoteWebDriver.java:548)
at org.openqa.selenium.remote.RemoteWebDriver.findElement(RemoteWebDriver.java:322)
at org.openqa.selenium.remote.RemoteWebDriver.findElementByXPath(RemoteWebDriver.java:424)
at org.openqa.selenium.By$ByXPath.findElement(By.java:353)
at org.openqa.selenium.remote.RemoteWebDriver.findElement(RemoteWebDriver.java:314)
at org.cts.oneframework.utilities.BasePageObject$1.apply(BasePageObject.java:118)
at org.cts.oneframework.utilities.BasePageObject$1.apply(BasePageObject.java:1)
at org.openqa.selenium.support.ui.FluentWait.until(FluentWait.java:248)
at org.cts.oneframework.utilities.BasePageObject.getElement(BasePageObject.java:115)
at org.cts.oneframework.utilities.BasePageObject.clickElement(BasePageObject.java:587)
at org.cts.oneframework.utilities.BasePageObject.clickElement(BasePageObject.java:578)
at org.cts.oneframework.cucumber.pages.SuiviDesCoutsPage.click_coutsMoyensParCollaborateurTTCTab_SuiviDesCouts(SuiviDesCoutsPage.java:464)
at org.cts.oneframework.cucumber.stepdefinition.SuiviDesCoutsStepDefs.couts_moyens_par_collaborateur_tab_clicked(SuiviDesCoutsStepDefs.java:104)
at sun.reflect.NativeMethodAccessorImpl.invoke0(Native Method)
at sun.reflect.NativeMethodAccessorImpl.invoke(NativeMethodAccessorImpl.java:62)
at sun.reflect.DelegatingMethodAccessorImpl.invoke(DelegatingMethodAccessorImpl.java:43)
at java.lang.reflect.Method.invoke(Method.java:498)
at cucumber.runtime.Utils$1.call(Utils.java:26)
at cucumber.runtime.Timeout.timeout(Timeout.java:16)
at cucumber.runtime.Utils.invoke(Utils.java:20)
at cucumber.runtime.java.JavaStepDefinition.execute(JavaStepDefinition.java:49)
at cucumber.runner.PickleStepDefinitionMatch.runStep(PickleStepDefinitionMatch.java:50)
at cucumber.runner.TestStep.executeStep(TestStep.java:63)
at cucumber.runner.TestStep.run(TestStep.java:49)
at cucumber.runner.PickleStepTestStep.run(PickleStepTestStep.java:43)
at cucumber.runner.TestCase.run(TestCase.java:44)
at cucumber.runner.Runner.runPickle(Runner.java:40)
at cucumber.api.testng.TestNGCucumberRunner.runScenario(TestNGCucumberRunner.java:68)
at org.cts.oneframework.cucumber.AbstractTestNGCucumberTest.runScenario(AbstractTestNGCucumberTest.java:39)
at sun.reflect.GeneratedMethodAccessor8.invoke(Unknown Source)
at sun.reflect.DelegatingMethodAccessorImpl.invoke(DelegatingMethodAccessorImpl.java:43)
at java.lang.reflect.Method.invoke(Method.java:498)
at org.testng.internal.MethodInvocationHelper.invokeMethod(MethodInvocationHelper.java:124)
at org.testng.internal.Invoker.invokeMethod(Invoker.java:583)
at org.testng.internal.Invoker.invokeTestMethod(Invoker.java:719)
at org.testng.internal.Invoker.invokeTestMethods(Invoker.java:989)
at org.testng.internal.TestMethodWorker.invokeTestMethods(TestMethodWorker.java:125)
at org.testng.internal.TestMethodWorker.run(TestMethodWorker.java:109)
at java.util.concurrent.ThreadPoolExecutor.runWorker(ThreadPoolExecutor.java:1149)
at java.util.concurrent.ThreadPoolExecutor$Worker.run(ThreadPoolExecutor.java:624)
at java.lang.Thread.run(Thread.java:748)
]]>
    </error>
  </testcase> <!-- runScenario -->
  <testcase name="runScenario" time="16.026" classname="org.cts.oneframework.cucumber.testrunners.SmokeSuiteRunner"/>
  <testcase name="runScenario" time="279.620" classname="org.cts.oneframework.cucumber.testrunners.SmokeSuiteRunner">
    <error type="org.openqa.selenium.TimeoutException" message="Expected condition failed: waiting for visibility of element located by By.xpath: //*[contains(text(),&#039;Fiche collaborateur&#039;)] (tried for 200 second(s) with 1000 milliseconds interval)">
      <![CDATA[org.openqa.selenium.TimeoutException: Expected condition failed: waiting for visibility of element located by By.xpath: //*[contains(text(),'Fiche collaborateur')] (tried for 200 second(s) with 1000 milliseconds interval)
at org.openqa.selenium.support.ui.WebDriverWait.timeoutException(WebDriverWait.java:81)
at org.openqa.selenium.support.ui.FluentWait.until(FluentWait.java:271)
at org.cts.oneframework.utilities.BasePageObject.waitForElementToLoad(BasePageObject.java:745)
at org.cts.oneframework.utilities.BasePageObject.waitForElementToLoad(BasePageObject.java:749)
at org.cts.oneframework.cucumber.pages.CollaborateursPage.assertFicheCollaborateurTitleInDetailedPage(CollaborateursPage.java:391)
at org.cts.oneframework.cucumber.stepdefinition.CollaborateursStepDefs.collaborateur_Detailed_Page_should_be_displayed(CollaborateursStepDefs.java:51)
at ?.Collaborateur Detailed Page should be displayed with selected SelectCollaborateurNomInCollListPage and other tabs(src/test/resources/features/Collaborateurs.feature:81)
Caused by: org.openqa.selenium.NoSuchElementException: Cannot locate an element using By.xpath: //*[contains(text(),'Fiche collaborateur')]
For documentation on this error, please visit: http://seleniumhq.org/exceptions/no_such_element.html
Build info: version: '3.13.0', revision: '2f0d292', time: '2018-06-25T15:24:21.231Z'
System info: host: 'PC339926', ip: '10.219.66.4', os.name: 'Windows 10', os.arch: 'amd64', os.version: '10.0', java.version: '1.8.0_181'
Driver info: driver.version: unknown
at org.openqa.selenium.support.ui.ExpectedConditions.lambda$findElement$0(ExpectedConditions.java:896)
at java.util.Optional.orElseThrow(Optional.java:290)
at org.openqa.selenium.support.ui.ExpectedConditions.findElement(ExpectedConditions.java:895)
at org.openqa.selenium.support.ui.ExpectedConditions.access$000(ExpectedConditions.java:44)
at org.openqa.selenium.support.ui.ExpectedConditions$7.apply(ExpectedConditions.java:206)
at org.openqa.selenium.support.ui.ExpectedConditions$7.apply(ExpectedConditions.java:202)
at org.openqa.selenium.support.ui.FluentWait.until(FluentWait.java:248)
at org.cts.oneframework.utilities.BasePageObject.waitForElementToLoad(BasePageObject.java:745)
at org.cts.oneframework.utilities.BasePageObject.waitForElementToLoad(BasePageObject.java:749)
at org.cts.oneframework.cucumber.pages.CollaborateursPage.assertFicheCollaborateurTitleInDetailedPage(CollaborateursPage.java:391)
at org.cts.oneframework.cucumber.stepdefinition.CollaborateursStepDefs.collaborateur_Detailed_Page_should_be_displayed(CollaborateursStepDefs.java:51)
at sun.reflect.NativeMethodAccessorImpl.invoke0(Native Method)
at sun.reflect.NativeMethodAccessorImpl.invoke(NativeMethodAccessorImpl.java:62)
at sun.reflect.DelegatingMethodAccessorImpl.invoke(DelegatingMethodAccessorImpl.java:43)
at java.lang.reflect.Method.invoke(Method.java:498)
at cucumber.runtime.Utils$1.call(Utils.java:26)
at cucumber.runtime.Timeout.timeout(Timeout.java:16)
at cucumber.runtime.Utils.invoke(Utils.java:20)
at cucumber.runtime.java.JavaStepDefinition.execute(JavaStepDefinition.java:49)
at cucumber.runner.PickleStepDefinitionMatch.runStep(PickleStepDefinitionMatch.java:50)
at cucumber.runner.TestStep.executeStep(TestStep.java:63)
at cucumber.runner.TestStep.run(TestStep.java:49)
at cucumber.runner.PickleStepTestStep.run(PickleStepTestStep.java:43)
at cucumber.runner.TestCase.run(TestCase.java:44)
at cucumber.runner.Runner.runPickle(Runner.java:40)
at cucumber.api.testng.TestNGCucumberRunner.runScenario(TestNGCucumberRunner.java:68)
at org.cts.oneframework.cucumber.AbstractTestNGCucumberTest.runScenario(AbstractTestNGCucumberTest.java:39)
at sun.reflect.GeneratedMethodAccessor8.invoke(Unknown Source)
at sun.reflect.DelegatingMethodAccessorImpl.invoke(DelegatingMethodAccessorImpl.java:43)
at java.lang.reflect.Method.invoke(Method.java:498)
at org.testng.internal.MethodInvocationHelper.invokeMethod(MethodInvocationHelper.java:124)
at org.testng.internal.Invoker.invokeMethod(Invoker.java:583)
at org.testng.internal.Invoker.invokeTestMethod(Invoker.java:719)
at org.testng.internal.Invoker.invokeTestMethods(Invoker.java:989)
at org.testng.internal.TestMethodWorker.invokeTestMethods(TestMethodWorker.java:125)
at org.testng.internal.TestMethodWorker.run(TestMethodWorker.java:109)
at java.util.concurrent.ThreadPoolExecutor.runWorker(ThreadPoolExecutor.java:1149)
at java.util.concurrent.ThreadPoolExecutor$Worker.run(ThreadPoolExecutor.java:624)
at java.lang.Thread.run(Thread.java:748)
]]>
    </error>
  </testcase> <!-- runScenario -->
  <testcase name="runScenario" time="35.632" classname="org.cts.oneframework.cucumber.testrunners.SmokeSuiteRunner"/>
  <testcase name="runScenario" time="24.913" classname="org.cts.oneframework.cucumber.testrunners.SmokeSuiteRunner">
    <error type="org.openqa.selenium.WebDriverException" message="chrome not reachable
  (Session info: chrome=75.0.3770.90)
  (Driver info: chromedriver=2.44.609538 (b655c5a60b0b544917107a59d4153d4bf78e1b90),platform=Windows NT 10.0.17763 x86_64) (WARNING: The server did not provide any stacktrace information)
Command duration or timeout: 0 milliseconds
Build info: version: &#039;3.13.0&#039;, revision: &#039;2f0d292&#039;, time: &#039;2018-06-25T15:24:21.231Z&#039;
System info: host: &#039;PC339926&#039;, ip: &#039;10.219.66.4&#039;, os.name: &#039;Windows 10&#039;, os.arch: &#039;amd64&#039;, os.version: &#039;10.0&#039;, java.version: &#039;1.8.0_181&#039;
Driver info: org.openqa.selenium.chrome.ChromeDriver
Capabilities {acceptInsecureCerts: false, acceptSslCerts: false, applicationCacheEnabled: false, browserConnectionEnabled: false, browserName: chrome, chrome: {chromedriverVersion: 2.44.609538 (b655c5a60b0b54..., userDataDir: C:\Users\593611\AppData\Loc...}, cssSelectorsEnabled: true, databaseEnabled: false, goog:chromeOptions: {debuggerAddress: localhost:64917}, handlesAlerts: true, hasTouchScreen: false, javascriptEnabled: true, locationContextEnabled: true, mobileEmulationEnabled: false, nativeEvents: true, networkConnectionEnabled: false, pageLoadStrategy: normal, platform: XP, platformName: XP, rotatable: false, setWindowRect: true, takesHeapSnapshot: true, takesScreenshot: true, unexpectedAlertBehaviour: ignore, unhandledPromptBehavior: ignore, version: 75.0.3770.90, webStorageEnabled: true}
Session ID: 33196452b36c64c88b8609868ec79594
*** Element info: {Using=xpath, value=//*[@id=&#039;iconSearch&#039;]}">
      <![CDATA[org.openqa.selenium.WebDriverException: chrome not reachable
  (Session info: chrome=75.0.3770.90)
  (Driver info: chromedriver=2.44.609538 (b655c5a60b0b544917107a59d4153d4bf78e1b90),platform=Windows NT 10.0.17763 x86_64) (WARNING: The server did not provide any stacktrace information)
Command duration or timeout: 0 milliseconds
Build info: version: '3.13.0', revision: '2f0d292', time: '2018-06-25T15:24:21.231Z'
System info: host: 'PC339926', ip: '10.219.66.4', os.name: 'Windows 10', os.arch: 'amd64', os.version: '10.0', java.version: '1.8.0_181'
Driver info: org.openqa.selenium.chrome.ChromeDriver
Capabilities {acceptInsecureCerts: false, acceptSslCerts: false, applicationCacheEnabled: false, browserConnectionEnabled: false, browserName: chrome, chrome: {chromedriverVersion: 2.44.609538 (b655c5a60b0b54..., userDataDir: C:\Users\593611\AppData\Loc...}, cssSelectorsEnabled: true, databaseEnabled: false, goog:chromeOptions: {debuggerAddress: localhost:64917}, handlesAlerts: true, hasTouchScreen: false, javascriptEnabled: true, locationContextEnabled: true, mobileEmulationEnabled: false, nativeEvents: true, networkConnectionEnabled: false, pageLoadStrategy: normal, platform: XP, platformName: XP, rotatable: false, setWindowRect: true, takesHeapSnapshot: true, takesScreenshot: true, unexpectedAlertBehaviour: ignore, unhandledPromptBehavior: ignore, version: 75.0.3770.90, webStorageEnabled: true}
Session ID: 33196452b36c64c88b8609868ec79594
*** Element info: {Using=xpath, value=//*[@id='iconSearch']}
at sun.reflect.NativeConstructorAccessorImpl.newInstance0(Native Method)
at sun.reflect.NativeConstructorAccessorImpl.newInstance(NativeConstructorAccessorImpl.java:62)
at sun.reflect.DelegatingConstructorAccessorImpl.newInstance(DelegatingConstructorAccessorImpl.java:45)
at java.lang.reflect.Constructor.newInstance(Constructor.java:423)
at org.openqa.selenium.remote.ErrorHandler.createThrowable(ErrorHandler.java:214)
at org.openqa.selenium.remote.ErrorHandler.throwIfResponseFailed(ErrorHandler.java:166)
at org.openqa.selenium.remote.http.JsonHttpResponseCodec.reconstructValue(JsonHttpResponseCodec.java:40)
at org.openqa.selenium.remote.http.AbstractHttpResponseCodec.decode(AbstractHttpResponseCodec.java:80)
at org.openqa.selenium.remote.http.AbstractHttpResponseCodec.decode(AbstractHttpResponseCodec.java:44)
at org.openqa.selenium.remote.HttpCommandExecutor.execute(HttpCommandExecutor.java:158)
at org.openqa.selenium.remote.service.DriverCommandExecutor.execute(DriverCommandExecutor.java:83)
at org.openqa.selenium.remote.RemoteWebDriver.execute(RemoteWebDriver.java:548)
at org.openqa.selenium.remote.RemoteWebDriver.findElement(RemoteWebDriver.java:322)
at org.openqa.selenium.remote.RemoteWebDriver.findElementByXPath(RemoteWebDriver.java:424)
at org.openqa.selenium.By$ByXPath.findElement(By.java:353)
at org.openqa.selenium.remote.RemoteWebDriver.findElement(RemoteWebDriver.java:314)
at org.cts.oneframework.utilities.BasePageObject$1.apply(BasePageObject.java:118)
at org.cts.oneframework.utilities.BasePageObject$1.apply(BasePageObject.java:1)
at org.openqa.selenium.support.ui.FluentWait.until(FluentWait.java:248)
at org.cts.oneframework.utilities.BasePageObject.getElement(BasePageObject.java:115)
at org.cts.oneframework.utilities.BasePageObject.clickElement(BasePageObject.java:587)
at org.cts.oneframework.utilities.BasePageObject.clickElement(BasePageObject.java:578)
at org.cts.oneframework.cucumber.pages.TousVosVehiculesPage.click_dropdown_Rechercher(TousVosVehiculesPage.java:1425)
at org.cts.oneframework.cucumber.stepdefinition.TousVosVehiculesStepDefs.user_select_the_vehicule_option_from_Rechercher_drop_down(TousVosVehiculesStepDefs.java:336)
at ?.user select the vehicule option from Rechercher drop down(src/test/resources/features/TousVosVehicules.feature:67)
]]>
    </error>
  </testcase> <!-- runScenario -->
  <testcase name="runScenario" time="38.154" classname="org.cts.oneframework.cucumber.testrunners.SmokeSuiteRunner"/>
  <testcase name="runScenario" time="324.659" classname="org.cts.oneframework.cucumber.testrunners.SmokeSuiteRunner">
    <error type="org.openqa.selenium.TimeoutException" message="Expected condition failed: waiting for visibility of element located by By.xpath: //table[@class=&#039;table_contenu&#039;]//*[contains(text(),&#039;CREATION DE SUPPORT&#039;)] (tried for 200 second(s) with 1000 milliseconds interval)">
      <![CDATA[org.openqa.selenium.TimeoutException: Expected condition failed: waiting for visibility of element located by By.xpath: //table[@class='table_contenu']//*[contains(text(),'CREATION DE SUPPORT')] (tried for 200 second(s) with 1000 milliseconds interval)
at org.openqa.selenium.support.ui.WebDriverWait.timeoutException(WebDriverWait.java:81)
at org.openqa.selenium.support.ui.FluentWait.until(FluentWait.java:271)
at org.cts.oneframework.utilities.BasePageObject.waitForElementToLoad(BasePageObject.java:745)
at org.cts.oneframework.utilities.BasePageObject.waitForElementToLoad(BasePageObject.java:749)
at org.cts.oneframework.cucumber.pages.CartesAndBadgesPage.assertCreationDeSupportTitleAndFieldsInNouvelleCartesPage(CartesAndBadgesPage.java:1136)
at org.cts.oneframework.cucumber.stepdefinition.CartesAndBadgesStepDefs.creation_de_support_page_should_be_displayed_with_relevant_fields(CartesAndBadgesStepDefs.java:217)
at ?.creation de support page should be displayed with relevant fields(src/test/resources/features/CartesAndBadges.feature:198)
Caused by: org.openqa.selenium.NoSuchElementException: Cannot locate an element using By.xpath: //table[@class='table_contenu']//*[contains(text(),'CREATION DE SUPPORT')]
For documentation on this error, please visit: http://seleniumhq.org/exceptions/no_such_element.html
Build info: version: '3.13.0', revision: '2f0d292', time: '2018-06-25T15:24:21.231Z'
System info: host: 'PC339926', ip: '10.219.66.4', os.name: 'Windows 10', os.arch: 'amd64', os.version: '10.0', java.version: '1.8.0_181'
Driver info: driver.version: unknown
at org.openqa.selenium.support.ui.ExpectedConditions.lambda$findElement$0(ExpectedConditions.java:896)
at java.util.Optional.orElseThrow(Optional.java:290)
at org.openqa.selenium.support.ui.ExpectedConditions.findElement(ExpectedConditions.java:895)
at org.openqa.selenium.support.ui.ExpectedConditions.access$000(ExpectedConditions.java:44)
at org.openqa.selenium.support.ui.ExpectedConditions$7.apply(ExpectedConditions.java:206)
at org.openqa.selenium.support.ui.ExpectedConditions$7.apply(ExpectedConditions.java:202)
at org.openqa.selenium.support.ui.FluentWait.until(FluentWait.java:248)
at org.cts.oneframework.utilities.BasePageObject.waitForElementToLoad(BasePageObject.java:745)
at org.cts.oneframework.utilities.BasePageObject.waitForElementToLoad(BasePageObject.java:749)
at org.cts.oneframework.cucumber.pages.CartesAndBadgesPage.assertCreationDeSupportTitleAndFieldsInNouvelleCartesPage(CartesAndBadgesPage.java:1136)
at org.cts.oneframework.cucumber.stepdefinition.CartesAndBadgesStepDefs.creation_de_support_page_should_be_displayed_with_relevant_fields(CartesAndBadgesStepDefs.java:217)
at sun.reflect.NativeMethodAccessorImpl.invoke0(Native Method)
at sun.reflect.NativeMethodAccessorImpl.invoke(NativeMethodAccessorImpl.java:62)
at sun.reflect.DelegatingMethodAccessorImpl.invoke(DelegatingMethodAccessorImpl.java:43)
at java.lang.reflect.Method.invoke(Method.java:498)
at cucumber.runtime.Utils$1.call(Utils.java:26)
at cucumber.runtime.Timeout.timeout(Timeout.java:16)
at cucumber.runtime.Utils.invoke(Utils.java:20)
at cucumber.runtime.java.JavaStepDefinition.execute(JavaStepDefinition.java:49)
at cucumber.runner.PickleStepDefinitionMatch.runStep(PickleStepDefinitionMatch.java:50)
at cucumber.runner.TestStep.executeStep(TestStep.java:63)
at cucumber.runner.TestStep.run(TestStep.java:49)
at cucumber.runner.PickleStepTestStep.run(PickleStepTestStep.java:43)
at cucumber.runner.TestCase.run(TestCase.java:44)
at cucumber.runner.Runner.runPickle(Runner.java:40)
at cucumber.api.testng.TestNGCucumberRunner.runScenario(TestNGCucumberRunner.java:68)
at org.cts.oneframework.cucumber.AbstractTestNGCucumberTest.runScenario(AbstractTestNGCucumberTest.java:39)
at sun.reflect.GeneratedMethodAccessor8.invoke(Unknown Source)
at sun.reflect.DelegatingMethodAccessorImpl.invoke(DelegatingMethodAccessorImpl.java:43)
at java.lang.reflect.Method.invoke(Method.java:498)
at org.testng.internal.MethodInvocationHelper.invokeMethod(MethodInvocationHelper.java:124)
at org.testng.internal.Invoker.invokeMethod(Invoker.java:583)
at org.testng.internal.Invoker.invokeTestMethod(Invoker.java:719)
at org.testng.internal.Invoker.invokeTestMethods(Invoker.java:989)
at org.testng.internal.TestMethodWorker.invokeTestMethods(TestMethodWorker.java:125)
at org.testng.internal.TestMethodWorker.run(TestMethodWorker.java:109)
at java.util.concurrent.ThreadPoolExecutor.runWorker(ThreadPoolExecutor.java:1149)
at java.util.concurrent.ThreadPoolExecutor$Worker.run(ThreadPoolExecutor.java:624)
at java.lang.Thread.run(Thread.java:748)
]]>
    </error>
  </testcase> <!-- runScenario -->
  <testcase name="runScenario" time="26.317" classname="org.cts.oneframework.cucumber.testrunners.SmokeSuiteRunner"/>
  <testcase name="runScenario" time="62.071" classname="org.cts.oneframework.cucumber.testrunners.SmokeSuiteRunner"/>
  <testcase name="runScenario" time="216.180" classname="org.cts.oneframework.cucumber.testrunners.SmokeSuiteRunner">
    <error type="org.openqa.selenium.TimeoutException" message="Expected condition failed: waiting for org.cts.oneframework.utilities.BasePageObject$1@61397b90 (tried for 200 second(s) with 1000 milliseconds interval)">
      <![CDATA[org.openqa.selenium.TimeoutException: Expected condition failed: waiting for org.cts.oneframework.utilities.BasePageObject$1@61397b90 (tried for 200 second(s) with 1000 milliseconds interval)
at org.openqa.selenium.support.ui.WebDriverWait.timeoutException(WebDriverWait.java:81)
at org.openqa.selenium.support.ui.FluentWait.until(FluentWait.java:271)
at org.cts.oneframework.utilities.BasePageObject.getElement(BasePageObject.java:115)
at org.cts.oneframework.utilities.BasePageObject.setInputValue(BasePageObject.java:326)
at org.cts.oneframework.utilities.BasePageObject.setInputValue(BasePageObject.java:315)
at org.cts.oneframework.cucumber.pages.CommonPage.setEmail(CommonPage.java:52)
at org.cts.oneframework.cucumber.stepdefinition.CommonStepDefs.user_inputs_login_credentials_and_click_se_connecter(CommonStepDefs.java:37)
at ?.user inputs Email and Motdepasse and clicks on Se_Connecter button(src/test/resources/features/Rapports.feature:100)
Caused by: org.openqa.selenium.NoSuchElementException: no such element: Unable to locate element: {"method":"xpath","selector":"//section[@id='container']//input[@name='username']"}
  (Session info: chrome=75.0.3770.90)
  (Driver info: chromedriver=2.44.609538 (b655c5a60b0b544917107a59d4153d4bf78e1b90),platform=Windows NT 10.0.17763 x86_64) (WARNING: The server did not provide any stacktrace information)
Command duration or timeout: 0 milliseconds
For documentation on this error, please visit: http://seleniumhq.org/exceptions/no_such_element.html
Build info: version: '3.13.0', revision: '2f0d292', time: '2018-06-25T15:24:21.231Z'
System info: host: 'PC339926', ip: '10.219.66.4', os.name: 'Windows 10', os.arch: 'amd64', os.version: '10.0', java.version: '1.8.0_181'
Driver info: org.openqa.selenium.chrome.ChromeDriver
Capabilities {acceptInsecureCerts: false, acceptSslCerts: false, applicationCacheEnabled: false, browserConnectionEnabled: false, browserName: chrome, chrome: {chromedriverVersion: 2.44.609538 (b655c5a60b0b54..., userDataDir: C:\Users\593611\AppData\Loc...}, cssSelectorsEnabled: true, databaseEnabled: false, goog:chromeOptions: {debuggerAddress: localhost:64377}, handlesAlerts: true, hasTouchScreen: false, javascriptEnabled: true, locationContextEnabled: true, mobileEmulationEnabled: false, nativeEvents: true, networkConnectionEnabled: false, pageLoadStrategy: normal, platform: XP, platformName: XP, rotatable: false, setWindowRect: true, takesHeapSnapshot: true, takesScreenshot: true, unexpectedAlertBehaviour: ignore, unhandledPromptBehavior: ignore, version: 75.0.3770.90, webStorageEnabled: true}
Session ID: ee2e7f3e831ff6f4367452cd4b4dcb43
*** Element info: {Using=xpath, value=//section[@id='container']//input[@name='username']}
at sun.reflect.GeneratedConstructorAccessor66.newInstance(Unknown Source)
at sun.reflect.DelegatingConstructorAccessorImpl.newInstance(DelegatingConstructorAccessorImpl.java:45)
at java.lang.reflect.Constructor.newInstance(Constructor.java:423)
at org.openqa.selenium.remote.ErrorHandler.createThrowable(ErrorHandler.java:214)
at org.openqa.selenium.remote.ErrorHandler.throwIfResponseFailed(ErrorHandler.java:166)
at org.openqa.selenium.remote.http.JsonHttpResponseCodec.reconstructValue(JsonHttpResponseCodec.java:40)
at org.openqa.selenium.remote.http.AbstractHttpResponseCodec.decode(AbstractHttpResponseCodec.java:80)
at org.openqa.selenium.remote.http.AbstractHttpResponseCodec.decode(AbstractHttpResponseCodec.java:44)
at org.openqa.selenium.remote.HttpCommandExecutor.execute(HttpCommandExecutor.java:158)
at org.openqa.selenium.remote.service.DriverCommandExecutor.execute(DriverCommandExecutor.java:83)
at org.openqa.selenium.remote.RemoteWebDriver.execute(RemoteWebDriver.java:548)
at org.openqa.selenium.remote.RemoteWebDriver.findElement(RemoteWebDriver.java:322)
at org.openqa.selenium.remote.RemoteWebDriver.findElementByXPath(RemoteWebDriver.java:424)
at org.openqa.selenium.By$ByXPath.findElement(By.java:353)
at org.openqa.selenium.remote.RemoteWebDriver.findElement(RemoteWebDriver.java:314)
at org.cts.oneframework.utilities.BasePageObject$1.apply(BasePageObject.java:118)
at org.cts.oneframework.utilities.BasePageObject$1.apply(BasePageObject.java:1)
at org.openqa.selenium.support.ui.FluentWait.until(FluentWait.java:248)
at org.cts.oneframework.utilities.BasePageObject.getElement(BasePageObject.java:115)
at org.cts.oneframework.utilities.BasePageObject.setInputValue(BasePageObject.java:326)
at org.cts.oneframework.utilities.BasePageObject.setInputValue(BasePageObject.java:315)
at org.cts.oneframework.cucumber.pages.CommonPage.setEmail(CommonPage.java:52)
at org.cts.oneframework.cucumber.stepdefinition.CommonStepDefs.user_inputs_login_credentials_and_click_se_connecter(CommonStepDefs.java:37)
at sun.reflect.GeneratedMethodAccessor11.invoke(Unknown Source)
at sun.reflect.DelegatingMethodAccessorImpl.invoke(DelegatingMethodAccessorImpl.java:43)
at java.lang.reflect.Method.invoke(Method.java:498)
at cucumber.runtime.Utils$1.call(Utils.java:26)
at cucumber.runtime.Timeout.timeout(Timeout.java:16)
at cucumber.runtime.Utils.invoke(Utils.java:20)
at cucumber.runtime.java.JavaStepDefinition.execute(JavaStepDefinition.java:49)
at cucumber.runner.PickleStepDefinitionMatch.runStep(PickleStepDefinitionMatch.java:50)
at cucumber.runner.TestStep.executeStep(TestStep.java:63)
at cucumber.runner.TestStep.run(TestStep.java:49)
at cucumber.runner.PickleStepTestStep.run(PickleStepTestStep.java:43)
at cucumber.runner.TestCase.run(TestCase.java:44)
at cucumber.runner.Runner.runPickle(Runner.java:40)
at cucumber.api.testng.TestNGCucumberRunner.runScenario(TestNGCucumberRunner.java:68)
at org.cts.oneframework.cucumber.AbstractTestNGCucumberTest.runScenario(AbstractTestNGCucumberTest.java:39)
at sun.reflect.GeneratedMethodAccessor8.invoke(Unknown Source)
at sun.reflect.DelegatingMethodAccessorImpl.invoke(DelegatingMethodAccessorImpl.java:43)
at java.lang.reflect.Method.invoke(Method.java:498)
at org.testng.internal.MethodInvocationHelper.invokeMethod(MethodInvocationHelper.java:124)
at org.testng.internal.Invoker.invokeMethod(Invoker.java:583)
at org.testng.internal.Invoker.invokeTestMethod(Invoker.java:719)
at org.testng.internal.Invoker.invokeTestMethods(Invoker.java:989)
at org.testng.internal.TestMethodWorker.invokeTestMethods(TestMethodWorker.java:125)
at org.testng.internal.TestMethodWorker.run(TestMethodWorker.java:109)
at java.util.concurrent.ThreadPoolExecutor.runWorker(ThreadPoolExecutor.java:1149)
at java.util.concurrent.ThreadPoolExecutor$Worker.run(ThreadPoolExecutor.java:624)
at java.lang.Thread.run(Thread.java:748)
]]>
    </error>
  </testcase> <!-- runScenario -->
  <testcase name="runScenario" time="30.721" classname="org.cts.oneframework.cucumber.testrunners.SmokeSuiteRunner"/>
  <testcase name="runScenario" time="26.795" classname="org.cts.oneframework.cucumber.testrunners.SmokeSuiteRunner">
    <error type="org.openqa.selenium.ElementNotVisibleException" message="element not interactable
  (Session info: chrome=75.0.3770.90)
  (Driver info: chromedriver=2.44.609538 (b655c5a60b0b544917107a59d4153d4bf78e1b90),platform=Windows NT 10.0.17763 x86_64) (WARNING: The server did not provide any stacktrace information)
Command duration or timeout: 0 milliseconds
Build info: version: &#039;3.13.0&#039;, revision: &#039;2f0d292&#039;, time: &#039;2018-06-25T15:24:21.231Z&#039;
System info: host: &#039;PC339926&#039;, ip: &#039;10.219.66.4&#039;, os.name: &#039;Windows 10&#039;, os.arch: &#039;amd64&#039;, os.version: &#039;10.0&#039;, java.version: &#039;1.8.0_181&#039;
Driver info: org.openqa.selenium.chrome.ChromeDriver
Capabilities {acceptInsecureCerts: false, acceptSslCerts: false, applicationCacheEnabled: false, browserConnectionEnabled: false, browserName: chrome, chrome: {chromedriverVersion: 2.44.609538 (b655c5a60b0b54..., userDataDir: C:\Users\593611\AppData\Loc...}, cssSelectorsEnabled: true, databaseEnabled: false, goog:chromeOptions: {debuggerAddress: localhost:64141}, handlesAlerts: true, hasTouchScreen: false, javascriptEnabled: true, locationContextEnabled: true, mobileEmulationEnabled: false, nativeEvents: true, networkConnectionEnabled: false, pageLoadStrategy: normal, platform: XP, platformName: XP, rotatable: false, setWindowRect: true, takesHeapSnapshot: true, takesScreenshot: true, unexpectedAlertBehaviour: ignore, unhandledPromptBehavior: ignore, version: 75.0.3770.90, webStorageEnabled: true}
Session ID: bae70913bea568e37293ad44369129bd">
      <![CDATA[org.openqa.selenium.ElementNotVisibleException: element not interactable
  (Session info: chrome=75.0.3770.90)
  (Driver info: chromedriver=2.44.609538 (b655c5a60b0b544917107a59d4153d4bf78e1b90),platform=Windows NT 10.0.17763 x86_64) (WARNING: The server did not provide any stacktrace information)
Command duration or timeout: 0 milliseconds
Build info: version: '3.13.0', revision: '2f0d292', time: '2018-06-25T15:24:21.231Z'
System info: host: 'PC339926', ip: '10.219.66.4', os.name: 'Windows 10', os.arch: 'amd64', os.version: '10.0', java.version: '1.8.0_181'
Driver info: org.openqa.selenium.chrome.ChromeDriver
Capabilities {acceptInsecureCerts: false, acceptSslCerts: false, applicationCacheEnabled: false, browserConnectionEnabled: false, browserName: chrome, chrome: {chromedriverVersion: 2.44.609538 (b655c5a60b0b54..., userDataDir: C:\Users\593611\AppData\Loc...}, cssSelectorsEnabled: true, databaseEnabled: false, goog:chromeOptions: {debuggerAddress: localhost:64141}, handlesAlerts: true, hasTouchScreen: false, javascriptEnabled: true, locationContextEnabled: true, mobileEmulationEnabled: false, nativeEvents: true, networkConnectionEnabled: false, pageLoadStrategy: normal, platform: XP, platformName: XP, rotatable: false, setWindowRect: true, takesHeapSnapshot: true, takesScreenshot: true, unexpectedAlertBehaviour: ignore, unhandledPromptBehavior: ignore, version: 75.0.3770.90, webStorageEnabled: true}
Session ID: bae70913bea568e37293ad44369129bd
at sun.reflect.NativeConstructorAccessorImpl.newInstance0(Native Method)
at sun.reflect.NativeConstructorAccessorImpl.newInstance(NativeConstructorAccessorImpl.java:62)
at sun.reflect.DelegatingConstructorAccessorImpl.newInstance(DelegatingConstructorAccessorImpl.java:45)
at java.lang.reflect.Constructor.newInstance(Constructor.java:423)
at org.openqa.selenium.remote.ErrorHandler.createThrowable(ErrorHandler.java:214)
at org.openqa.selenium.remote.ErrorHandler.throwIfResponseFailed(ErrorHandler.java:166)
at org.openqa.selenium.remote.http.JsonHttpResponseCodec.reconstructValue(JsonHttpResponseCodec.java:40)
at org.openqa.selenium.remote.http.AbstractHttpResponseCodec.decode(AbstractHttpResponseCodec.java:80)
at org.openqa.selenium.remote.http.AbstractHttpResponseCodec.decode(AbstractHttpResponseCodec.java:44)
at org.openqa.selenium.remote.HttpCommandExecutor.execute(HttpCommandExecutor.java:158)
at org.openqa.selenium.remote.service.DriverCommandExecutor.execute(DriverCommandExecutor.java:83)
at org.openqa.selenium.remote.RemoteWebDriver.execute(RemoteWebDriver.java:548)
at org.openqa.selenium.remote.RemoteWebElement.execute(RemoteWebElement.java:276)
at org.openqa.selenium.remote.RemoteWebElement.click(RemoteWebElement.java:83)
at org.cts.oneframework.utilities.BasePageObject.clickElement(BasePageObject.java:587)
at org.cts.oneframework.utilities.BasePageObject.clickElement(BasePageObject.java:578)
at org.cts.oneframework.cucumber.pages.FiscalitePage.clickVoirLeDetail(FiscalitePage.java:1304)
at org.cts.oneframework.cucumber.stepdefinition.FiscaliteStepDefs.applying_the_filter_in_all_the_five_tabs_then_values_in_the_tabs_should_be_displayed_accordingly(FiscaliteStepDefs.java:135)
at ?.applying the filter in all the five tabs then values in the tabs should be displayed accordingly EnterYearInExerciceFiscalDropdownTVSTab Select_Year_In_Du_Periode_In_AvantagesEnNatureTab Select_Month_In_Du_Periode_In_AvantagesEnNatureTab Select_Year_In_Au_Periode_In_AvantagesEnNatureTab Select_Month_In_Au_Periode_In_AvantagesEnNatureTab SelectMonthDuInPeriodeFilterTvaTab SelectYearIDunPeriodeFilterTvaTab SelectDateDuInPeriodeFilterTvaTab SelectMonthInAuPeriodeFilterTvaTab SelectYearInAuPeriodeFilterTvaTab SelectDateInAuPeriodeFilterTvaTab SelectMonthDuInDatedentreeauparFilterAndTab SelectYearIDunDatedentreeauparFilterAndTab SelectDateIDunDatedentreeauparFilterAndTab SelectMonthInAuDatedentreeauparFilterAndTab SelectYearInAuDatedentreeauparFilterAndTab SelectDateInAuDatedentreeauparFilterAndTab(src/test/resources/features/Fiscalite.feature:85)
]]>
    </error>
  </testcase> <!-- runScenario -->
  <testcase name="runScenario" time="0.098" classname="org.cts.oneframework.cucumber.testrunners.SmokeSuiteRunner">
    <error type="org.openqa.selenium.WebDriverException" message="unknown error: Element &lt;a class=&quot; accueil active&quot; aria-labelledby=&quot;layout_3&quot; href=&quot;https://fleetonline.pprod.uap.total.com/private/guest/home&quot; role=&quot;menuitem&quot;&gt;...&lt;/a&gt; is not clickable at point (110, 108). Other element would receive the click: &lt;div class=&quot;ui-widget-overlay ui-front&quot; style=&quot;z-index: 10001;&quot;&gt;&lt;/div&gt;
  (Session info: chrome=75.0.3770.90)
  (Driver info: chromedriver=2.44.609538 (b655c5a60b0b544917107a59d4153d4bf78e1b90),platform=Windows NT 10.0.17763 x86_64) (WARNING: The server did not provide any stacktrace information)
Command duration or timeout: 0 milliseconds
Build info: version: &#039;3.13.0&#039;, revision: &#039;2f0d292&#039;, time: &#039;2018-06-25T15:24:21.231Z&#039;
System info: host: &#039;PC339926&#039;, ip: &#039;10.219.66.4&#039;, os.name: &#039;Windows 10&#039;, os.arch: &#039;amd64&#039;, os.version: &#039;10.0&#039;, java.version: &#039;1.8.0_181&#039;
Driver info: org.openqa.selenium.chrome.ChromeDriver
Capabilities {acceptInsecureCerts: false, acceptSslCerts: false, applicationCacheEnabled: false, browserConnectionEnabled: false, browserName: chrome, chrome: {chromedriverVersion: 2.44.609538 (b655c5a60b0b54..., userDataDir: C:\Users\593611\AppData\Loc...}, cssSelectorsEnabled: true, databaseEnabled: false, goog:chromeOptions: {debuggerAddress: localhost:64484}, handlesAlerts: true, hasTouchScreen: false, javascriptEnabled: true, locationContextEnabled: true, mobileEmulationEnabled: false, nativeEvents: true, networkConnectionEnabled: false, pageLoadStrategy: normal, platform: XP, platformName: XP, rotatable: false, setWindowRect: true, takesHeapSnapshot: true, takesScreenshot: true, unexpectedAlertBehaviour: ignore, unhandledPromptBehavior: ignore, version: 75.0.3770.90, webStorageEnabled: true}
Session ID: ff8622ea5b7ecc7f3072c5ae88a6659c">
      <![CDATA[org.openqa.selenium.WebDriverException: unknown error: Element <a class=" accueil active" aria-labelledby="layout_3" href="https://fleetonline.pprod.uap.total.com/private/guest/home" role="menuitem">...</a> is not clickable at point (110, 108). Other element would receive the click: <div class="ui-widget-overlay ui-front" style="z-index: 10001;"></div>
  (Session info: chrome=75.0.3770.90)
  (Driver info: chromedriver=2.44.609538 (b655c5a60b0b544917107a59d4153d4bf78e1b90),platform=Windows NT 10.0.17763 x86_64) (WARNING: The server did not provide any stacktrace information)
Command duration or timeout: 0 milliseconds
Build info: version: '3.13.0', revision: '2f0d292', time: '2018-06-25T15:24:21.231Z'
System info: host: 'PC339926', ip: '10.219.66.4', os.name: 'Windows 10', os.arch: 'amd64', os.version: '10.0', java.version: '1.8.0_181'
Driver info: org.openqa.selenium.chrome.ChromeDriver
Capabilities {acceptInsecureCerts: false, acceptSslCerts: false, applicationCacheEnabled: false, browserConnectionEnabled: false, browserName: chrome, chrome: {chromedriverVersion: 2.44.609538 (b655c5a60b0b54..., userDataDir: C:\Users\593611\AppData\Loc...}, cssSelectorsEnabled: true, databaseEnabled: false, goog:chromeOptions: {debuggerAddress: localhost:64484}, handlesAlerts: true, hasTouchScreen: false, javascriptEnabled: true, locationContextEnabled: true, mobileEmulationEnabled: false, nativeEvents: true, networkConnectionEnabled: false, pageLoadStrategy: normal, platform: XP, platformName: XP, rotatable: false, setWindowRect: true, takesHeapSnapshot: true, takesScreenshot: true, unexpectedAlertBehaviour: ignore, unhandledPromptBehavior: ignore, version: 75.0.3770.90, webStorageEnabled: true}
Session ID: ff8622ea5b7ecc7f3072c5ae88a6659c
at sun.reflect.NativeConstructorAccessorImpl.newInstance0(Native Method)
at sun.reflect.NativeConstructorAccessorImpl.newInstance(NativeConstructorAccessorImpl.java:62)
at sun.reflect.DelegatingConstructorAccessorImpl.newInstance(DelegatingConstructorAccessorImpl.java:45)
at java.lang.reflect.Constructor.newInstance(Constructor.java:423)
at org.openqa.selenium.remote.ErrorHandler.createThrowable(ErrorHandler.java:214)
at org.openqa.selenium.remote.ErrorHandler.throwIfResponseFailed(ErrorHandler.java:166)
at org.openqa.selenium.remote.http.JsonHttpResponseCodec.reconstructValue(JsonHttpResponseCodec.java:40)
at org.openqa.selenium.remote.http.AbstractHttpResponseCodec.decode(AbstractHttpResponseCodec.java:80)
at org.openqa.selenium.remote.http.AbstractHttpResponseCodec.decode(AbstractHttpResponseCodec.java:44)
at org.openqa.selenium.remote.HttpCommandExecutor.execute(HttpCommandExecutor.java:158)
at org.openqa.selenium.remote.service.DriverCommandExecutor.execute(DriverCommandExecutor.java:83)
at org.openqa.selenium.remote.RemoteWebDriver.execute(RemoteWebDriver.java:548)
at org.openqa.selenium.remote.RemoteWebElement.execute(RemoteWebElement.java:276)
at org.openqa.selenium.remote.RemoteWebElement.click(RemoteWebElement.java:83)
at org.cts.oneframework.utilities.BasePageObject.clickElement(BasePageObject.java:587)
at org.cts.oneframework.utilities.BasePageObject.clickElement(BasePageObject.java:578)
at org.cts.oneframework.cucumber.pages.CommonPage.clickAccueilLinkInLeftPane(CommonPage.java:101)
at org.cts.oneframework.cucumber.stepdefinition.CommonStepDefs.user_clicks_on_Accueil_in_left_pane_total_home_page_should_be_displayed(CommonStepDefs.java:54)
at ?.user clicks on Accueil in left pane total home page should be displayed(src/test/resources/features/SuiviDesCouts.feature:66)
]]>
    </error>
  </testcase> <!-- runScenario -->
  <testcase name="runScenario" time="1.477" classname="org.cts.oneframework.cucumber.testrunners.SmokeSuiteRunner"/>
  <testcase name="runScenario" time="1.631" classname="org.cts.oneframework.cucumber.testrunners.SmokeSuiteRunner"/>
  <testcase name="runScenario" time="0.168" classname="org.cts.oneframework.cucumber.testrunners.SmokeSuiteRunner">
    <error type="org.openqa.selenium.WebDriverException" message="unknown error: Element &lt;a class=&quot; accueil active&quot; aria-labelledby=&quot;layout_3&quot; href=&quot;https://fleetonline.pprod.uap.total.com/private/guest/home&quot; role=&quot;menuitem&quot;&gt;...&lt;/a&gt; is not clickable at point (110, 108). Other element would receive the click: &lt;div class=&quot;ui-widget-overlay ui-front&quot; style=&quot;z-index: 10001;&quot;&gt;&lt;/div&gt;
  (Session info: chrome=75.0.3770.90)
  (Driver info: chromedriver=2.44.609538 (b655c5a60b0b544917107a59d4153d4bf78e1b90),platform=Windows NT 10.0.17763 x86_64) (WARNING: The server did not provide any stacktrace information)
Command duration or timeout: 0 milliseconds
Build info: version: &#039;3.13.0&#039;, revision: &#039;2f0d292&#039;, time: &#039;2018-06-25T15:24:21.231Z&#039;
System info: host: &#039;PC339926&#039;, ip: &#039;10.219.66.4&#039;, os.name: &#039;Windows 10&#039;, os.arch: &#039;amd64&#039;, os.version: &#039;10.0&#039;, java.version: &#039;1.8.0_181&#039;
Driver info: org.openqa.selenium.chrome.ChromeDriver
Capabilities {acceptInsecureCerts: false, acceptSslCerts: false, applicationCacheEnabled: false, browserConnectionEnabled: false, browserName: chrome, chrome: {chromedriverVersion: 2.44.609538 (b655c5a60b0b54..., userDataDir: C:\Users\593611\AppData\Loc...}, cssSelectorsEnabled: true, databaseEnabled: false, goog:chromeOptions: {debuggerAddress: localhost:65036}, handlesAlerts: true, hasTouchScreen: false, javascriptEnabled: true, locationContextEnabled: true, mobileEmulationEnabled: false, nativeEvents: true, networkConnectionEnabled: false, pageLoadStrategy: normal, platform: XP, platformName: XP, rotatable: false, setWindowRect: true, takesHeapSnapshot: true, takesScreenshot: true, unexpectedAlertBehaviour: ignore, unhandledPromptBehavior: ignore, version: 75.0.3770.90, webStorageEnabled: true}
Session ID: b2197c0247566ace70e1e6b02d8d86b8">
      <![CDATA[org.openqa.selenium.WebDriverException: unknown error: Element <a class=" accueil active" aria-labelledby="layout_3" href="https://fleetonline.pprod.uap.total.com/private/guest/home" role="menuitem">...</a> is not clickable at point (110, 108). Other element would receive the click: <div class="ui-widget-overlay ui-front" style="z-index: 10001;"></div>
  (Session info: chrome=75.0.3770.90)
  (Driver info: chromedriver=2.44.609538 (b655c5a60b0b544917107a59d4153d4bf78e1b90),platform=Windows NT 10.0.17763 x86_64) (WARNING: The server did not provide any stacktrace information)
Command duration or timeout: 0 milliseconds
Build info: version: '3.13.0', revision: '2f0d292', time: '2018-06-25T15:24:21.231Z'
System info: host: 'PC339926', ip: '10.219.66.4', os.name: 'Windows 10', os.arch: 'amd64', os.version: '10.0', java.version: '1.8.0_181'
Driver info: org.openqa.selenium.chrome.ChromeDriver
Capabilities {acceptInsecureCerts: false, acceptSslCerts: false, applicationCacheEnabled: false, browserConnectionEnabled: false, browserName: chrome, chrome: {chromedriverVersion: 2.44.609538 (b655c5a60b0b54..., userDataDir: C:\Users\593611\AppData\Loc...}, cssSelectorsEnabled: true, databaseEnabled: false, goog:chromeOptions: {debuggerAddress: localhost:65036}, handlesAlerts: true, hasTouchScreen: false, javascriptEnabled: true, locationContextEnabled: true, mobileEmulationEnabled: false, nativeEvents: true, networkConnectionEnabled: false, pageLoadStrategy: normal, platform: XP, platformName: XP, rotatable: false, setWindowRect: true, takesHeapSnapshot: true, takesScreenshot: true, unexpectedAlertBehaviour: ignore, unhandledPromptBehavior: ignore, version: 75.0.3770.90, webStorageEnabled: true}
Session ID: b2197c0247566ace70e1e6b02d8d86b8
at sun.reflect.NativeConstructorAccessorImpl.newInstance0(Native Method)
at sun.reflect.NativeConstructorAccessorImpl.newInstance(NativeConstructorAccessorImpl.java:62)
at sun.reflect.DelegatingConstructorAccessorImpl.newInstance(DelegatingConstructorAccessorImpl.java:45)
at java.lang.reflect.Constructor.newInstance(Constructor.java:423)
at org.openqa.selenium.remote.ErrorHandler.createThrowable(ErrorHandler.java:214)
at org.openqa.selenium.remote.ErrorHandler.throwIfResponseFailed(ErrorHandler.java:166)
at org.openqa.selenium.remote.http.JsonHttpResponseCodec.reconstructValue(JsonHttpResponseCodec.java:40)
at org.openqa.selenium.remote.http.AbstractHttpResponseCodec.decode(AbstractHttpResponseCodec.java:80)
at org.openqa.selenium.remote.http.AbstractHttpResponseCodec.decode(AbstractHttpResponseCodec.java:44)
at org.openqa.selenium.remote.HttpCommandExecutor.execute(HttpCommandExecutor.java:158)
at org.openqa.selenium.remote.service.DriverCommandExecutor.execute(DriverCommandExecutor.java:83)
at org.openqa.selenium.remote.RemoteWebDriver.execute(RemoteWebDriver.java:548)
at org.openqa.selenium.remote.RemoteWebElement.execute(RemoteWebElement.java:276)
at org.openqa.selenium.remote.RemoteWebElement.click(RemoteWebElement.java:83)
at org.cts.oneframework.utilities.BasePageObject.clickElement(BasePageObject.java:587)
at org.cts.oneframework.utilities.BasePageObject.clickElement(BasePageObject.java:578)
at org.cts.oneframework.cucumber.pages.CommonPage.clickAccueilLinkInLeftPane(CommonPage.java:101)
at org.cts.oneframework.cucumber.stepdefinition.CommonStepDefs.user_clicks_on_Accueil_in_left_pane_total_home_page_should_be_displayed(CommonStepDefs.java:54)
at ?.user clicks on Accueil in left pane total home page should be displayed(src/test/resources/features/TousVosVehicules.feature:120)
]]>
    </error>
  </testcase> <!-- runScenario -->
  <testcase name="runScenario" time="11.510" classname="org.cts.oneframework.cucumber.testrunners.SmokeSuiteRunner"/>
  <testcase name="runScenario" time="1.658" classname="org.cts.oneframework.cucumber.testrunners.SmokeSuiteRunner"/>
  <testcase name="runScenario" time="1.654" classname="org.cts.oneframework.cucumber.testrunners.SmokeSuiteRunner"/>
  <testcase name="runScenario" time="211.552" classname="org.cts.oneframework.cucumber.testrunners.SmokeSuiteRunner">
    <error type="org.openqa.selenium.TimeoutException" message="Expected condition failed: waiting for org.cts.oneframework.utilities.BasePageObject$1@19fbe549 (tried for 200 second(s) with 1000 milliseconds interval)">
      <![CDATA[org.openqa.selenium.TimeoutException: Expected condition failed: waiting for org.cts.oneframework.utilities.BasePageObject$1@19fbe549 (tried for 200 second(s) with 1000 milliseconds interval)
at org.openqa.selenium.support.ui.WebDriverWait.timeoutException(WebDriverWait.java:81)
at org.openqa.selenium.support.ui.FluentWait.until(FluentWait.java:271)
at org.cts.oneframework.utilities.BasePageObject.getElement(BasePageObject.java:115)
at org.cts.oneframework.utilities.BasePageObject.clickElement(BasePageObject.java:587)
at org.cts.oneframework.utilities.BasePageObject.clickElement(BasePageObject.java:578)
at org.cts.oneframework.cucumber.pages.TousVosVehiculesPage.click_vehicules_Votreparc(TousVosVehiculesPage.java:774)
at org.cts.oneframework.cucumber.stepdefinition.TousVosVehiculesStepDefs.user_clicks_on_vehicules_in_voter_parc_section(TousVosVehiculesStepDefs.java:17)
at ?.user clicks on vehicules in voter parc section(src/test/resources/features/TousVosVehicules.feature:45)
Caused by: org.openqa.selenium.NoSuchElementException: no such element: Unable to locate element: {"method":"xpath","selector":"//*[contains(@class,'texte vehicle-count multipleVehicle')]"}
  (Session info: chrome=75.0.3770.90)
  (Driver info: chromedriver=2.44.609538 (b655c5a60b0b544917107a59d4153d4bf78e1b90),platform=Windows NT 10.0.17763 x86_64) (WARNING: The server did not provide any stacktrace information)
Command duration or timeout: 0 milliseconds
For documentation on this error, please visit: http://seleniumhq.org/exceptions/no_such_element.html
Build info: version: '3.13.0', revision: '2f0d292', time: '2018-06-25T15:24:21.231Z'
System info: host: 'PC339926', ip: '10.219.66.4', os.name: 'Windows 10', os.arch: 'amd64', os.version: '10.0', java.version: '1.8.0_181'
Driver info: org.openqa.selenium.chrome.ChromeDriver
Capabilities {acceptInsecureCerts: false, acceptSslCerts: false, applicationCacheEnabled: false, browserConnectionEnabled: false, browserName: chrome, chrome: {chromedriverVersion: 2.44.609538 (b655c5a60b0b54..., userDataDir: C:\Users\593611\AppData\Loc...}, cssSelectorsEnabled: true, databaseEnabled: false, goog:chromeOptions: {debuggerAddress: localhost:64917}, handlesAlerts: true, hasTouchScreen: false, javascriptEnabled: true, locationContextEnabled: true, mobileEmulationEnabled: false, nativeEvents: true, networkConnectionEnabled: false, pageLoadStrategy: normal, platform: XP, platformName: XP, rotatable: false, setWindowRect: true, takesHeapSnapshot: true, takesScreenshot: true, unexpectedAlertBehaviour: ignore, unhandledPromptBehavior: ignore, version: 75.0.3770.90, webStorageEnabled: true}
Session ID: 33196452b36c64c88b8609868ec79594
*** Element info: {Using=xpath, value=//*[contains(@class,'texte vehicle-count multipleVehicle')]}
at sun.reflect.GeneratedConstructorAccessor66.newInstance(Unknown Source)
at sun.reflect.DelegatingConstructorAccessorImpl.newInstance(DelegatingConstructorAccessorImpl.java:45)
at java.lang.reflect.Constructor.newInstance(Constructor.java:423)
at org.openqa.selenium.remote.ErrorHandler.createThrowable(ErrorHandler.java:214)
at org.openqa.selenium.remote.ErrorHandler.throwIfResponseFailed(ErrorHandler.java:166)
at org.openqa.selenium.remote.http.JsonHttpResponseCodec.reconstructValue(JsonHttpResponseCodec.java:40)
at org.openqa.selenium.remote.http.AbstractHttpResponseCodec.decode(AbstractHttpResponseCodec.java:80)
at org.openqa.selenium.remote.http.AbstractHttpResponseCodec.decode(AbstractHttpResponseCodec.java:44)
at org.openqa.selenium.remote.HttpCommandExecutor.execute(HttpCommandExecutor.java:158)
at org.openqa.selenium.remote.service.DriverCommandExecutor.execute(DriverCommandExecutor.java:83)
at org.openqa.selenium.remote.RemoteWebDriver.execute(RemoteWebDriver.java:548)
at org.openqa.selenium.remote.RemoteWebDriver.findElement(RemoteWebDriver.java:322)
at org.openqa.selenium.remote.RemoteWebDriver.findElementByXPath(RemoteWebDriver.java:424)
at org.openqa.selenium.By$ByXPath.findElement(By.java:353)
at org.openqa.selenium.remote.RemoteWebDriver.findElement(RemoteWebDriver.java:314)
at org.cts.oneframework.utilities.BasePageObject$1.apply(BasePageObject.java:118)
at org.cts.oneframework.utilities.BasePageObject$1.apply(BasePageObject.java:1)
at org.openqa.selenium.support.ui.FluentWait.until(FluentWait.java:248)
at org.cts.oneframework.utilities.BasePageObject.getElement(BasePageObject.java:115)
at org.cts.oneframework.utilities.BasePageObject.clickElement(BasePageObject.java:587)
at org.cts.oneframework.utilities.BasePageObject.clickElement(BasePageObject.java:578)
at org.cts.oneframework.cucumber.pages.TousVosVehiculesPage.click_vehicules_Votreparc(TousVosVehiculesPage.java:774)
at org.cts.oneframework.cucumber.stepdefinition.TousVosVehiculesStepDefs.user_clicks_on_vehicules_in_voter_parc_section(TousVosVehiculesStepDefs.java:17)
at sun.reflect.NativeMethodAccessorImpl.invoke0(Native Method)
at sun.reflect.NativeMethodAccessorImpl.invoke(NativeMethodAccessorImpl.java:62)
at sun.reflect.DelegatingMethodAccessorImpl.invoke(DelegatingMethodAccessorImpl.java:43)
at java.lang.reflect.Method.invoke(Method.java:498)
at cucumber.runtime.Utils$1.call(Utils.java:26)
at cucumber.runtime.Timeout.timeout(Timeout.java:16)
at cucumber.runtime.Utils.invoke(Utils.java:20)
at cucumber.runtime.java.JavaStepDefinition.execute(JavaStepDefinition.java:49)
at cucumber.runner.PickleStepDefinitionMatch.runStep(PickleStepDefinitionMatch.java:50)
at cucumber.runner.TestStep.executeStep(TestStep.java:63)
at cucumber.runner.TestStep.run(TestStep.java:49)
at cucumber.runner.PickleStepTestStep.run(PickleStepTestStep.java:43)
at cucumber.runner.TestCase.run(TestCase.java:44)
at cucumber.runner.Runner.runPickle(Runner.java:40)
at cucumber.api.testng.TestNGCucumberRunner.runScenario(TestNGCucumberRunner.java:68)
at org.cts.oneframework.cucumber.AbstractTestNGCucumberTest.runScenario(AbstractTestNGCucumberTest.java:39)
at sun.reflect.GeneratedMethodAccessor8.invoke(Unknown Source)
at sun.reflect.DelegatingMethodAccessorImpl.invoke(DelegatingMethodAccessorImpl.java:43)
at java.lang.reflect.Method.invoke(Method.java:498)
at org.testng.internal.MethodInvocationHelper.invokeMethod(MethodInvocationHelper.java:124)
at org.testng.internal.Invoker.invokeMethod(Invoker.java:583)
at org.testng.internal.Invoker.invokeTestMethod(Invoker.java:719)
at org.testng.internal.Invoker.invokeTestMethods(Invoker.java:989)
at org.testng.internal.TestMethodWorker.invokeTestMethods(TestMethodWorker.java:125)
at org.testng.internal.TestMethodWorker.run(TestMethodWorker.java:109)
at java.util.concurrent.ThreadPoolExecutor.runWorker(ThreadPoolExecutor.java:1149)
at java.util.concurrent.ThreadPoolExecutor$Worker.run(ThreadPoolExecutor.java:624)
at java.lang.Thread.run(Thread.java:748)
]]>
    </error>
  </testcase> <!-- runScenario -->
  <testcase name="runScenario" time="1.511" classname="org.cts.oneframework.cucumber.testrunners.SmokeSuiteRunner"/>
  <testcase name="runScenario" time="28.825" classname="org.cts.oneframework.cucumber.testrunners.SmokeSuiteRunner"/>
  <testcase name="runScenario" time="4.423" classname="org.cts.oneframework.cucumber.testrunners.SmokeSuiteRunner">
    <error type="org.openqa.selenium.WebDriverException" message="unknown error: Element &lt;span class=&quot;cell&quot;&gt;...&lt;/span&gt; is not clickable at point (130, 564). Other element would receive the click: &lt;div class=&quot;ui-widget-overlay ui-front&quot; style=&quot;z-index: 10001;&quot;&gt;&lt;/div&gt;
  (Session info: chrome=75.0.3770.90)
  (Driver info: chromedriver=2.44.609538 (b655c5a60b0b544917107a59d4153d4bf78e1b90),platform=Windows NT 10.0.17763 x86_64) (WARNING: The server did not provide any stacktrace information)
Command duration or timeout: 0 milliseconds
Build info: version: &#039;3.13.0&#039;, revision: &#039;2f0d292&#039;, time: &#039;2018-06-25T15:24:21.231Z&#039;
System info: host: &#039;PC339926&#039;, ip: &#039;10.219.66.4&#039;, os.name: &#039;Windows 10&#039;, os.arch: &#039;amd64&#039;, os.version: &#039;10.0&#039;, java.version: &#039;1.8.0_181&#039;
Driver info: org.openqa.selenium.chrome.ChromeDriver
Capabilities {acceptInsecureCerts: false, acceptSslCerts: false, applicationCacheEnabled: false, browserConnectionEnabled: false, browserName: chrome, chrome: {chromedriverVersion: 2.44.609538 (b655c5a60b0b54..., userDataDir: C:\Users\593611\AppData\Loc...}, cssSelectorsEnabled: true, databaseEnabled: false, goog:chromeOptions: {debuggerAddress: localhost:63043}, handlesAlerts: true, hasTouchScreen: false, javascriptEnabled: true, locationContextEnabled: true, mobileEmulationEnabled: false, nativeEvents: true, networkConnectionEnabled: false, pageLoadStrategy: normal, platform: XP, platformName: XP, rotatable: false, setWindowRect: true, takesHeapSnapshot: true, takesScreenshot: true, unexpectedAlertBehaviour: ignore, unhandledPromptBehavior: ignore, version: 75.0.3770.90, webStorageEnabled: true}
Session ID: a3966b4a2b37acc6d30395ede240fe1d">
      <![CDATA[org.openqa.selenium.WebDriverException: unknown error: Element <span class="cell">...</span> is not clickable at point (130, 564). Other element would receive the click: <div class="ui-widget-overlay ui-front" style="z-index: 10001;"></div>
  (Session info: chrome=75.0.3770.90)
  (Driver info: chromedriver=2.44.609538 (b655c5a60b0b544917107a59d4153d4bf78e1b90),platform=Windows NT 10.0.17763 x86_64) (WARNING: The server did not provide any stacktrace information)
Command duration or timeout: 0 milliseconds
Build info: version: '3.13.0', revision: '2f0d292', time: '2018-06-25T15:24:21.231Z'
System info: host: 'PC339926', ip: '10.219.66.4', os.name: 'Windows 10', os.arch: 'amd64', os.version: '10.0', java.version: '1.8.0_181'
Driver info: org.openqa.selenium.chrome.ChromeDriver
Capabilities {acceptInsecureCerts: false, acceptSslCerts: false, applicationCacheEnabled: false, browserConnectionEnabled: false, browserName: chrome, chrome: {chromedriverVersion: 2.44.609538 (b655c5a60b0b54..., userDataDir: C:\Users\593611\AppData\Loc...}, cssSelectorsEnabled: true, databaseEnabled: false, goog:chromeOptions: {debuggerAddress: localhost:63043}, handlesAlerts: true, hasTouchScreen: false, javascriptEnabled: true, locationContextEnabled: true, mobileEmulationEnabled: false, nativeEvents: true, networkConnectionEnabled: false, pageLoadStrategy: normal, platform: XP, platformName: XP, rotatable: false, setWindowRect: true, takesHeapSnapshot: true, takesScreenshot: true, unexpectedAlertBehaviour: ignore, unhandledPromptBehavior: ignore, version: 75.0.3770.90, webStorageEnabled: true}
Session ID: a3966b4a2b37acc6d30395ede240fe1d
at sun.reflect.NativeConstructorAccessorImpl.newInstance0(Native Method)
at sun.reflect.NativeConstructorAccessorImpl.newInstance(NativeConstructorAccessorImpl.java:62)
at sun.reflect.DelegatingConstructorAccessorImpl.newInstance(DelegatingConstructorAccessorImpl.java:45)
at java.lang.reflect.Constructor.newInstance(Constructor.java:423)
at org.openqa.selenium.remote.ErrorHandler.createThrowable(ErrorHandler.java:214)
at org.openqa.selenium.remote.ErrorHandler.throwIfResponseFailed(ErrorHandler.java:166)
at org.openqa.selenium.remote.http.JsonHttpResponseCodec.reconstructValue(JsonHttpResponseCodec.java:40)
at org.openqa.selenium.remote.http.AbstractHttpResponseCodec.decode(AbstractHttpResponseCodec.java:80)
at org.openqa.selenium.remote.http.AbstractHttpResponseCodec.decode(AbstractHttpResponseCodec.java:44)
at org.openqa.selenium.remote.HttpCommandExecutor.execute(HttpCommandExecutor.java:158)
at org.openqa.selenium.remote.service.DriverCommandExecutor.execute(DriverCommandExecutor.java:83)
at org.openqa.selenium.remote.RemoteWebDriver.execute(RemoteWebDriver.java:548)
at org.openqa.selenium.remote.RemoteWebElement.execute(RemoteWebElement.java:276)
at org.openqa.selenium.remote.RemoteWebElement.click(RemoteWebElement.java:83)
at org.cts.oneframework.utilities.BasePageObject.clickElement(BasePageObject.java:587)
at org.cts.oneframework.utilities.BasePageObject.clickElement(BasePageObject.java:578)
at org.cts.oneframework.cucumber.pages.CampagnesPage.clickCampagnesLinkOnLeftPane(CampagnesPage.java:59)
at org.cts.oneframework.cucumber.stepdefinition.CampagnesStepDefs.user_clicks_on_campaign_in_left_menu(CampagnesStepDefs.java:20)
at ?.user clicks on campaign in left menu(src/test/resources/features/Campagnes.feature:40)
]]>
    </error>
  </testcase> <!-- runScenario -->
  <testcase name="runScenario" time="1.445" classname="org.cts.oneframework.cucumber.testrunners.SmokeSuiteRunner"/>
  <testcase name="runScenario" time="41.014" classname="org.cts.oneframework.cucumber.testrunners.SmokeSuiteRunner">
    <error type="org.openqa.selenium.WebDriverException" message="chrome not reachable
  (Session info: chrome=75.0.3770.90)
  (Driver info: chromedriver=2.44.609538 (b655c5a60b0b544917107a59d4153d4bf78e1b90),platform=Windows NT 10.0.17763 x86_64) (WARNING: The server did not provide any stacktrace information)
Command duration or timeout: 0 milliseconds
Build info: version: &#039;3.13.0&#039;, revision: &#039;2f0d292&#039;, time: &#039;2018-06-25T15:24:21.231Z&#039;
System info: host: &#039;PC339926&#039;, ip: &#039;10.219.66.4&#039;, os.name: &#039;Windows 10&#039;, os.arch: &#039;amd64&#039;, os.version: &#039;10.0&#039;, java.version: &#039;1.8.0_181&#039;
Driver info: org.openqa.selenium.chrome.ChromeDriver
Capabilities {acceptInsecureCerts: false, acceptSslCerts: false, applicationCacheEnabled: false, browserConnectionEnabled: false, browserName: chrome, chrome: {chromedriverVersion: 2.44.609538 (b655c5a60b0b54..., userDataDir: C:\Users\593611\AppData\Loc...}, cssSelectorsEnabled: true, databaseEnabled: false, goog:chromeOptions: {debuggerAddress: localhost:65237}, handlesAlerts: true, hasTouchScreen: false, javascriptEnabled: true, locationContextEnabled: true, mobileEmulationEnabled: false, nativeEvents: true, networkConnectionEnabled: false, pageLoadStrategy: normal, platform: XP, platformName: XP, rotatable: false, setWindowRect: true, takesHeapSnapshot: true, takesScreenshot: true, unexpectedAlertBehaviour: ignore, unhandledPromptBehavior: ignore, version: 75.0.3770.90, webStorageEnabled: true}
Session ID: e423218907a1876552f1f0cf85b427b0
*** Element info: {Using=xpath, value=//*[@id=&#039;selectVehicleSpan&#039;]//*[contains(@role,&#039;combobox&#039;)]}">
      <![CDATA[org.openqa.selenium.WebDriverException: chrome not reachable
  (Session info: chrome=75.0.3770.90)
  (Driver info: chromedriver=2.44.609538 (b655c5a60b0b544917107a59d4153d4bf78e1b90),platform=Windows NT 10.0.17763 x86_64) (WARNING: The server did not provide any stacktrace information)
Command duration or timeout: 0 milliseconds
Build info: version: '3.13.0', revision: '2f0d292', time: '2018-06-25T15:24:21.231Z'
System info: host: 'PC339926', ip: '10.219.66.4', os.name: 'Windows 10', os.arch: 'amd64', os.version: '10.0', java.version: '1.8.0_181'
Driver info: org.openqa.selenium.chrome.ChromeDriver
Capabilities {acceptInsecureCerts: false, acceptSslCerts: false, applicationCacheEnabled: false, browserConnectionEnabled: false, browserName: chrome, chrome: {chromedriverVersion: 2.44.609538 (b655c5a60b0b54..., userDataDir: C:\Users\593611\AppData\Loc...}, cssSelectorsEnabled: true, databaseEnabled: false, goog:chromeOptions: {debuggerAddress: localhost:65237}, handlesAlerts: true, hasTouchScreen: false, javascriptEnabled: true, locationContextEnabled: true, mobileEmulationEnabled: false, nativeEvents: true, networkConnectionEnabled: false, pageLoadStrategy: normal, platform: XP, platformName: XP, rotatable: false, setWindowRect: true, takesHeapSnapshot: true, takesScreenshot: true, unexpectedAlertBehaviour: ignore, unhandledPromptBehavior: ignore, version: 75.0.3770.90, webStorageEnabled: true}
Session ID: e423218907a1876552f1f0cf85b427b0
*** Element info: {Using=xpath, value=//*[@id='selectVehicleSpan']//*[contains(@role,'combobox')]}
at sun.reflect.NativeConstructorAccessorImpl.newInstance0(Native Method)
at sun.reflect.NativeConstructorAccessorImpl.newInstance(NativeConstructorAccessorImpl.java:62)
at sun.reflect.DelegatingConstructorAccessorImpl.newInstance(DelegatingConstructorAccessorImpl.java:45)
at java.lang.reflect.Constructor.newInstance(Constructor.java:423)
at org.openqa.selenium.remote.ErrorHandler.createThrowable(ErrorHandler.java:214)
at org.openqa.selenium.remote.ErrorHandler.throwIfResponseFailed(ErrorHandler.java:166)
at org.openqa.selenium.remote.http.JsonHttpResponseCodec.reconstructValue(JsonHttpResponseCodec.java:40)
at org.openqa.selenium.remote.http.AbstractHttpResponseCodec.decode(AbstractHttpResponseCodec.java:80)
at org.openqa.selenium.remote.http.AbstractHttpResponseCodec.decode(AbstractHttpResponseCodec.java:44)
at org.openqa.selenium.remote.HttpCommandExecutor.execute(HttpCommandExecutor.java:158)
at org.openqa.selenium.remote.service.DriverCommandExecutor.execute(DriverCommandExecutor.java:83)
at org.openqa.selenium.remote.RemoteWebDriver.execute(RemoteWebDriver.java:548)
at org.openqa.selenium.remote.RemoteWebDriver.findElement(RemoteWebDriver.java:322)
at org.openqa.selenium.remote.RemoteWebDriver.findElementByXPath(RemoteWebDriver.java:424)
at org.openqa.selenium.By$ByXPath.findElement(By.java:353)
at org.openqa.selenium.remote.RemoteWebDriver.findElement(RemoteWebDriver.java:314)
at org.cts.oneframework.utilities.BasePageObject$1.apply(BasePageObject.java:118)
at org.cts.oneframework.utilities.BasePageObject$1.apply(BasePageObject.java:1)
at org.openqa.selenium.support.ui.FluentWait.until(FluentWait.java:248)
at org.cts.oneframework.utilities.BasePageObject.getElement(BasePageObject.java:115)
at org.cts.oneframework.utilities.BasePageObject.clickElement(BasePageObject.java:587)
at org.cts.oneframework.utilities.BasePageObject.clickElement(BasePageObject.java:578)
at org.cts.oneframework.cucumber.pages.TousVosVehiculesPage.click_vehiculeIDDropdown_selectionnerunvehiculeexistantPopupCollaborateurDetailedPage(TousVosVehiculesPage.java:196)
at org.cts.oneframework.cucumber.stepdefinition.TousVosVehiculesStepDefs.user_should_click_suivant_button_by_entering_all_the_mandate_fields_in_selectionner_un_vehicule_existant_tab(TousVosVehiculesStepDefs.java:282)
at ?.user should click suivant button by entering all the mandate fields such asEntervehiculeIDinSelectionnerunvehiculeexistantpopup SelectDateInDateDEffetInCollaborateurDetailedPage SelectMonthInDateDEffetInCollaborateurDetailedPage SelectYearInDateDEffetInCollaborateurDetailedPage enterhhDateEtHeureDeffetVehiculeAssignment entermmDateEtHeureDeffetVehiculeAssignmentin selectionner un vehicule existant tab(src/test/resources/features/TousVosVehicules.feature:264)
]]>
    </error>
  </testcase> <!-- runScenario -->
  <testcase name="runScenario" time="17.763" classname="org.cts.oneframework.cucumber.testrunners.SmokeSuiteRunner"/>
  <testcase name="runScenario" time="1.644" classname="org.cts.oneframework.cucumber.testrunners.SmokeSuiteRunner"/>
  <testcase name="runScenario" time="36.575" classname="org.cts.oneframework.cucumber.testrunners.SmokeSuiteRunner"/>
  <testcase name="runScenario" time="9.258" classname="org.cts.oneframework.cucumber.testrunners.SmokeSuiteRunner"/>
  <testcase name="runScenario" time="1.109" classname="org.cts.oneframework.cucumber.testrunners.SmokeSuiteRunner"/>
  <testcase name="runScenario" time="37.604" classname="org.cts.oneframework.cucumber.testrunners.SmokeSuiteRunner"/>
  <testcase name="runScenario" time="32.051" classname="org.cts.oneframework.cucumber.testrunners.SmokeSuiteRunner"/>
  <testcase name="runScenario" time="18.981" classname="org.cts.oneframework.cucumber.testrunners.SmokeSuiteRunner"/>
  <testcase name="runScenario" time="1.532" classname="org.cts.oneframework.cucumber.testrunners.SmokeSuiteRunner"/>
  <testcase name="runScenario" time="11.749" classname="org.cts.oneframework.cucumber.testrunners.SmokeSuiteRunner"/>
  <testcase name="runScenario" time="1.563" classname="org.cts.oneframework.cucumber.testrunners.SmokeSuiteRunner"/>
  <testcase name="runScenario" time="34.819" classname="org.cts.oneframework.cucumber.testrunners.SmokeSuiteRunner"/>
  <testcase name="runScenario" time="52.942" classname="org.cts.oneframework.cucumber.testrunners.SmokeSuiteRunner">
    <error type="org.openqa.selenium.WebDriverException" message="chrome not reachable
  (Session info: chrome=75.0.3770.90)
  (Driver info: chromedriver=2.44.609538 (b655c5a60b0b544917107a59d4153d4bf78e1b90),platform=Windows NT 10.0.17763 x86_64) (WARNING: The server did not provide any stacktrace information)
Command duration or timeout: 0 milliseconds
Build info: version: &#039;3.13.0&#039;, revision: &#039;2f0d292&#039;, time: &#039;2018-06-25T15:24:21.231Z&#039;
System info: host: &#039;PC339926&#039;, ip: &#039;10.219.66.4&#039;, os.name: &#039;Windows 10&#039;, os.arch: &#039;amd64&#039;, os.version: &#039;10.0&#039;, java.version: &#039;1.8.0_181&#039;
Driver info: org.openqa.selenium.chrome.ChromeDriver
Capabilities {acceptInsecureCerts: false, acceptSslCerts: false, applicationCacheEnabled: false, browserConnectionEnabled: false, browserName: chrome, chrome: {chromedriverVersion: 2.44.609538 (b655c5a60b0b54..., userDataDir: C:\Users\593611\AppData\Loc...}, cssSelectorsEnabled: true, databaseEnabled: false, goog:chromeOptions: {debuggerAddress: localhost:65130}, handlesAlerts: true, hasTouchScreen: false, javascriptEnabled: true, locationContextEnabled: true, mobileEmulationEnabled: false, nativeEvents: true, networkConnectionEnabled: false, pageLoadStrategy: normal, platform: XP, platformName: XP, rotatable: false, setWindowRect: true, takesHeapSnapshot: true, takesScreenshot: true, unexpectedAlertBehaviour: ignore, unhandledPromptBehavior: ignore, version: 75.0.3770.90, webStorageEnabled: true}
Session ID: fc1162356c7d5df29982374a6a2df139
*** Element info: {Using=xpath, value=//*[contains(@id,&#039;typeOfContract-container&#039;)]/ancestor::node()[1]}">
      <![CDATA[org.openqa.selenium.WebDriverException: chrome not reachable
  (Session info: chrome=75.0.3770.90)
  (Driver info: chromedriver=2.44.609538 (b655c5a60b0b544917107a59d4153d4bf78e1b90),platform=Windows NT 10.0.17763 x86_64) (WARNING: The server did not provide any stacktrace information)
Command duration or timeout: 0 milliseconds
Build info: version: '3.13.0', revision: '2f0d292', time: '2018-06-25T15:24:21.231Z'
System info: host: 'PC339926', ip: '10.219.66.4', os.name: 'Windows 10', os.arch: 'amd64', os.version: '10.0', java.version: '1.8.0_181'
Driver info: org.openqa.selenium.chrome.ChromeDriver
Capabilities {acceptInsecureCerts: false, acceptSslCerts: false, applicationCacheEnabled: false, browserConnectionEnabled: false, browserName: chrome, chrome: {chromedriverVersion: 2.44.609538 (b655c5a60b0b54..., userDataDir: C:\Users\593611\AppData\Loc...}, cssSelectorsEnabled: true, databaseEnabled: false, goog:chromeOptions: {debuggerAddress: localhost:65130}, handlesAlerts: true, hasTouchScreen: false, javascriptEnabled: true, locationContextEnabled: true, mobileEmulationEnabled: false, nativeEvents: true, networkConnectionEnabled: false, pageLoadStrategy: normal, platform: XP, platformName: XP, rotatable: false, setWindowRect: true, takesHeapSnapshot: true, takesScreenshot: true, unexpectedAlertBehaviour: ignore, unhandledPromptBehavior: ignore, version: 75.0.3770.90, webStorageEnabled: true}
Session ID: fc1162356c7d5df29982374a6a2df139
*** Element info: {Using=xpath, value=//*[contains(@id,'typeOfContract-container')]/ancestor::node()[1]}
at sun.reflect.NativeConstructorAccessorImpl.newInstance0(Native Method)
at sun.reflect.NativeConstructorAccessorImpl.newInstance(NativeConstructorAccessorImpl.java:62)
at sun.reflect.DelegatingConstructorAccessorImpl.newInstance(DelegatingConstructorAccessorImpl.java:45)
at java.lang.reflect.Constructor.newInstance(Constructor.java:423)
at org.openqa.selenium.remote.ErrorHandler.createThrowable(ErrorHandler.java:214)
at org.openqa.selenium.remote.ErrorHandler.throwIfResponseFailed(ErrorHandler.java:166)
at org.openqa.selenium.remote.http.JsonHttpResponseCodec.reconstructValue(JsonHttpResponseCodec.java:40)
at org.openqa.selenium.remote.http.AbstractHttpResponseCodec.decode(AbstractHttpResponseCodec.java:80)
at org.openqa.selenium.remote.http.AbstractHttpResponseCodec.decode(AbstractHttpResponseCodec.java:44)
at org.openqa.selenium.remote.HttpCommandExecutor.execute(HttpCommandExecutor.java:158)
at org.openqa.selenium.remote.service.DriverCommandExecutor.execute(DriverCommandExecutor.java:83)
at org.openqa.selenium.remote.RemoteWebDriver.execute(RemoteWebDriver.java:548)
at org.openqa.selenium.remote.RemoteWebDriver.findElements(RemoteWebDriver.java:349)
at org.openqa.selenium.remote.RemoteWebDriver.findElementsByXPath(RemoteWebDriver.java:428)
at org.openqa.selenium.By$ByXPath.findElements(By.java:348)
at org.openqa.selenium.remote.RemoteWebDriver.findElements(RemoteWebDriver.java:310)
at org.openqa.selenium.support.ui.ExpectedConditions.findElement(ExpectedConditions.java:895)
at org.openqa.selenium.support.ui.ExpectedConditions.access$000(ExpectedConditions.java:44)
at org.openqa.selenium.support.ui.ExpectedConditions$7.apply(ExpectedConditions.java:206)
at org.openqa.selenium.support.ui.ExpectedConditions$7.apply(ExpectedConditions.java:202)
at org.openqa.selenium.support.ui.FluentWait.until(FluentWait.java:248)
at org.cts.oneframework.utilities.BasePageObject.waitForElementToLoad(BasePageObject.java:745)
at org.cts.oneframework.utilities.BasePageObject.waitForElementToLoad(BasePageObject.java:749)
at org.cts.oneframework.cucumber.pages.TousVosVehiculesPage.click_DropDownTypeDeContrat_contratCreation_vehicule(TousVosVehiculesPage.java:342)
at org.cts.oneframework.cucumber.stepdefinition.TousVosVehiculesStepDefs.user_should_verify_the_fields_in_contrat_tab_for_all_the_types_Location_courte_duree_Location_moyenne_duree_Location_longue_duree_Locationavec_option_d_achat_Indemnite_Kilometrique_and_Contrat_type_Achat(TousVosVehiculesStepDefs.java:152)
at ?.user should verify the fields in contrat tab for all the types ContrattypeLCD ContrattypeLMD ContrattypeLLD ContrattypeLOA ContrattypeIK and ContrattypeAchat(src/test/resources/features/TousVosVehicules.feature:192)
]]>
    </error>
  </testcase> <!-- runScenario -->
  <testcase name="runScenario" time="31.254" classname="org.cts.oneframework.cucumber.testrunners.SmokeSuiteRunner"/>
  <testcase name="runScenario" time="39.230" classname="org.cts.oneframework.cucumber.testrunners.SmokeSuiteRunner"/>
  <testcase name="runScenario" time="35.859" classname="org.cts.oneframework.cucumber.testrunners.SmokeSuiteRunner"/>
  <testcase name="runScenario" time="0.096" classname="org.cts.oneframework.cucumber.testrunners.SmokeSuiteRunner">
    <error type="org.openqa.selenium.WebDriverException" message="unknown error: Element &lt;span class=&quot;cell&quot;&gt;...&lt;/span&gt; is not clickable at point (130, 165). Other element would receive the click: &lt;div class=&quot;ui-widget-overlay ui-front&quot; style=&quot;z-index: 10001;&quot;&gt;&lt;/div&gt;
  (Session info: chrome=75.0.3770.90)
  (Driver info: chromedriver=2.44.609538 (b655c5a60b0b544917107a59d4153d4bf78e1b90),platform=Windows NT 10.0.17763 x86_64) (WARNING: The server did not provide any stacktrace information)
Command duration or timeout: 0 milliseconds
Build info: version: &#039;3.13.0&#039;, revision: &#039;2f0d292&#039;, time: &#039;2018-06-25T15:24:21.231Z&#039;
System info: host: &#039;PC339926&#039;, ip: &#039;10.219.66.4&#039;, os.name: &#039;Windows 10&#039;, os.arch: &#039;amd64&#039;, os.version: &#039;10.0&#039;, java.version: &#039;1.8.0_181&#039;
Driver info: org.openqa.selenium.chrome.ChromeDriver
Capabilities {acceptInsecureCerts: false, acceptSslCerts: false, applicationCacheEnabled: false, browserConnectionEnabled: false, browserName: chrome, chrome: {chromedriverVersion: 2.44.609538 (b655c5a60b0b54..., userDataDir: C:\Users\593611\AppData\Loc...}, cssSelectorsEnabled: true, databaseEnabled: false, goog:chromeOptions: {debuggerAddress: localhost:64835}, handlesAlerts: true, hasTouchScreen: false, javascriptEnabled: true, locationContextEnabled: true, mobileEmulationEnabled: false, nativeEvents: true, networkConnectionEnabled: false, pageLoadStrategy: normal, platform: XP, platformName: XP, rotatable: false, setWindowRect: true, takesHeapSnapshot: true, takesScreenshot: true, unexpectedAlertBehaviour: ignore, unhandledPromptBehavior: ignore, version: 75.0.3770.90, webStorageEnabled: true}
Session ID: 168cb2877a39fe2c725f4c7bf7e5a43b">
      <![CDATA[org.openqa.selenium.WebDriverException: unknown error: Element <span class="cell">...</span> is not clickable at point (130, 165). Other element would receive the click: <div class="ui-widget-overlay ui-front" style="z-index: 10001;"></div>
  (Session info: chrome=75.0.3770.90)
  (Driver info: chromedriver=2.44.609538 (b655c5a60b0b544917107a59d4153d4bf78e1b90),platform=Windows NT 10.0.17763 x86_64) (WARNING: The server did not provide any stacktrace information)
Command duration or timeout: 0 milliseconds
Build info: version: '3.13.0', revision: '2f0d292', time: '2018-06-25T15:24:21.231Z'
System info: host: 'PC339926', ip: '10.219.66.4', os.name: 'Windows 10', os.arch: 'amd64', os.version: '10.0', java.version: '1.8.0_181'
Driver info: org.openqa.selenium.chrome.ChromeDriver
Capabilities {acceptInsecureCerts: false, acceptSslCerts: false, applicationCacheEnabled: false, browserConnectionEnabled: false, browserName: chrome, chrome: {chromedriverVersion: 2.44.609538 (b655c5a60b0b54..., userDataDir: C:\Users\593611\AppData\Loc...}, cssSelectorsEnabled: true, databaseEnabled: false, goog:chromeOptions: {debuggerAddress: localhost:64835}, handlesAlerts: true, hasTouchScreen: false, javascriptEnabled: true, locationContextEnabled: true, mobileEmulationEnabled: false, nativeEvents: true, networkConnectionEnabled: false, pageLoadStrategy: normal, platform: XP, platformName: XP, rotatable: false, setWindowRect: true, takesHeapSnapshot: true, takesScreenshot: true, unexpectedAlertBehaviour: ignore, unhandledPromptBehavior: ignore, version: 75.0.3770.90, webStorageEnabled: true}
Session ID: 168cb2877a39fe2c725f4c7bf7e5a43b
at sun.reflect.NativeConstructorAccessorImpl.newInstance0(Native Method)
at sun.reflect.NativeConstructorAccessorImpl.newInstance(NativeConstructorAccessorImpl.java:62)
at sun.reflect.DelegatingConstructorAccessorImpl.newInstance(DelegatingConstructorAccessorImpl.java:45)
at java.lang.reflect.Constructor.newInstance(Constructor.java:423)
at org.openqa.selenium.remote.ErrorHandler.createThrowable(ErrorHandler.java:214)
at org.openqa.selenium.remote.ErrorHandler.throwIfResponseFailed(ErrorHandler.java:166)
at org.openqa.selenium.remote.http.JsonHttpResponseCodec.reconstructValue(JsonHttpResponseCodec.java:40)
at org.openqa.selenium.remote.http.AbstractHttpResponseCodec.decode(AbstractHttpResponseCodec.java:80)
at org.openqa.selenium.remote.http.AbstractHttpResponseCodec.decode(AbstractHttpResponseCodec.java:44)
at org.openqa.selenium.remote.HttpCommandExecutor.execute(HttpCommandExecutor.java:158)
at org.openqa.selenium.remote.service.DriverCommandExecutor.execute(DriverCommandExecutor.java:83)
at org.openqa.selenium.remote.RemoteWebDriver.execute(RemoteWebDriver.java:548)
at org.openqa.selenium.remote.RemoteWebElement.execute(RemoteWebElement.java:276)
at org.openqa.selenium.remote.RemoteWebElement.click(RemoteWebElement.java:83)
at org.cts.oneframework.utilities.BasePageObject.clickElement(BasePageObject.java:587)
at org.cts.oneframework.utilities.BasePageObject.clickElement(BasePageObject.java:578)
at org.cts.oneframework.cucumber.pages.SuiviDesCoutsPage.click_suiviDesCouts_leftPane(SuiviDesCoutsPage.java:95)
at org.cts.oneframework.cucumber.stepdefinition.SuiviDesCoutsStepDefs.user_clicks_on_suivi_des_couts_in_left_pane(SuiviDesCoutsStepDefs.java:22)
at ?.user clicks on suivi des couts in left pane(src/test/resources/features/SuiviDesCouts.feature:132)
]]>
    </error>
  </testcase> <!-- runScenario -->
  <testcase name="runScenario" time="37.106" classname="org.cts.oneframework.cucumber.testrunners.SmokeSuiteRunner"/>
  <testcase name="runScenario" time="1.181" classname="org.cts.oneframework.cucumber.testrunners.SmokeSuiteRunner"/>
  <testcase name="runScenario" time="24.350" classname="org.cts.oneframework.cucumber.testrunners.SmokeSuiteRunner"/>
  <testcase name="runScenario" time="11.275" classname="org.cts.oneframework.cucumber.testrunners.SmokeSuiteRunner"/>
  <testcase name="runScenario" time="15.874" classname="org.cts.oneframework.cucumber.testrunners.SmokeSuiteRunner"/>
  <testcase name="runScenario" time="2.046" classname="org.cts.oneframework.cucumber.testrunners.SmokeSuiteRunner"/>
  <testcase name="runScenario" time="39.252" classname="org.cts.oneframework.cucumber.testrunners.SmokeSuiteRunner"/>
  <testcase name="runScenario" time="1.509" classname="org.cts.oneframework.cucumber.testrunners.SmokeSuiteRunner"/>
  <testcase name="runScenario" time="3.322" classname="org.cts.oneframework.cucumber.testrunners.SmokeSuiteRunner">
    <error type="org.openqa.selenium.WebDriverException" message="unknown error: Element &lt;a oncontextmenu=&quot;return false;&quot; class=&quot;open alerts_and_fines &quot; aria-labelledby=&quot;layout_5&quot; href=&quot;https://fleetonline.pprod.uap.total.com/private/guest/alerts-and-fines&quot; aria-haspopup=&quot;true&quot; role=&quot;menuitem&quot;&gt;...&lt;/a&gt; is not clickable at point (110, 222). Other element would receive the click: &lt;div class=&quot;ui-widget-overlay ui-front&quot; style=&quot;z-index: 10001;&quot;&gt;&lt;/div&gt;
  (Session info: chrome=75.0.3770.90)
  (Driver info: chromedriver=2.44.609538 (b655c5a60b0b544917107a59d4153d4bf78e1b90),platform=Windows NT 10.0.17763 x86_64) (WARNING: The server did not provide any stacktrace information)
Command duration or timeout: 0 milliseconds
Build info: version: &#039;3.13.0&#039;, revision: &#039;2f0d292&#039;, time: &#039;2018-06-25T15:24:21.231Z&#039;
System info: host: &#039;PC339926&#039;, ip: &#039;10.219.66.4&#039;, os.name: &#039;Windows 10&#039;, os.arch: &#039;amd64&#039;, os.version: &#039;10.0&#039;, java.version: &#039;1.8.0_181&#039;
Driver info: org.openqa.selenium.chrome.ChromeDriver
Capabilities {acceptInsecureCerts: false, acceptSslCerts: false, applicationCacheEnabled: false, browserConnectionEnabled: false, browserName: chrome, chrome: {chromedriverVersion: 2.44.609538 (b655c5a60b0b54..., userDataDir: C:\Users\593611\AppData\Loc...}, cssSelectorsEnabled: true, databaseEnabled: false, goog:chromeOptions: {debuggerAddress: localhost:65318}, handlesAlerts: true, hasTouchScreen: false, javascriptEnabled: true, locationContextEnabled: true, mobileEmulationEnabled: false, nativeEvents: true, networkConnectionEnabled: false, pageLoadStrategy: normal, platform: XP, platformName: XP, rotatable: false, setWindowRect: true, takesHeapSnapshot: true, takesScreenshot: true, unexpectedAlertBehaviour: ignore, unhandledPromptBehavior: ignore, version: 75.0.3770.90, webStorageEnabled: true}
Session ID: 134505ea789dcb48548c459a1562defb">
      <![CDATA[org.openqa.selenium.WebDriverException: unknown error: Element <a oncontextmenu="return false;" class="open alerts_and_fines " aria-labelledby="layout_5" href="https://fleetonline.pprod.uap.total.com/private/guest/alerts-and-fines" aria-haspopup="true" role="menuitem">...</a> is not clickable at point (110, 222). Other element would receive the click: <div class="ui-widget-overlay ui-front" style="z-index: 10001;"></div>
  (Session info: chrome=75.0.3770.90)
  (Driver info: chromedriver=2.44.609538 (b655c5a60b0b544917107a59d4153d4bf78e1b90),platform=Windows NT 10.0.17763 x86_64) (WARNING: The server did not provide any stacktrace information)
Command duration or timeout: 0 milliseconds
Build info: version: '3.13.0', revision: '2f0d292', time: '2018-06-25T15:24:21.231Z'
System info: host: 'PC339926', ip: '10.219.66.4', os.name: 'Windows 10', os.arch: 'amd64', os.version: '10.0', java.version: '1.8.0_181'
Driver info: org.openqa.selenium.chrome.ChromeDriver
Capabilities {acceptInsecureCerts: false, acceptSslCerts: false, applicationCacheEnabled: false, browserConnectionEnabled: false, browserName: chrome, chrome: {chromedriverVersion: 2.44.609538 (b655c5a60b0b54..., userDataDir: C:\Users\593611\AppData\Loc...}, cssSelectorsEnabled: true, databaseEnabled: false, goog:chromeOptions: {debuggerAddress: localhost:65318}, handlesAlerts: true, hasTouchScreen: false, javascriptEnabled: true, locationContextEnabled: true, mobileEmulationEnabled: false, nativeEvents: true, networkConnectionEnabled: false, pageLoadStrategy: normal, platform: XP, platformName: XP, rotatable: false, setWindowRect: true, takesHeapSnapshot: true, takesScreenshot: true, unexpectedAlertBehaviour: ignore, unhandledPromptBehavior: ignore, version: 75.0.3770.90, webStorageEnabled: true}
Session ID: 134505ea789dcb48548c459a1562defb
at sun.reflect.NativeConstructorAccessorImpl.newInstance0(Native Method)
at sun.reflect.NativeConstructorAccessorImpl.newInstance(NativeConstructorAccessorImpl.java:62)
at sun.reflect.DelegatingConstructorAccessorImpl.newInstance(DelegatingConstructorAccessorImpl.java:45)
at java.lang.reflect.Constructor.newInstance(Constructor.java:423)
at org.openqa.selenium.remote.ErrorHandler.createThrowable(ErrorHandler.java:214)
at org.openqa.selenium.remote.ErrorHandler.throwIfResponseFailed(ErrorHandler.java:166)
at org.openqa.selenium.remote.http.JsonHttpResponseCodec.reconstructValue(JsonHttpResponseCodec.java:40)
at org.openqa.selenium.remote.http.AbstractHttpResponseCodec.decode(AbstractHttpResponseCodec.java:80)
at org.openqa.selenium.remote.http.AbstractHttpResponseCodec.decode(AbstractHttpResponseCodec.java:44)
at org.openqa.selenium.remote.HttpCommandExecutor.execute(HttpCommandExecutor.java:158)
at org.openqa.selenium.remote.service.DriverCommandExecutor.execute(DriverCommandExecutor.java:83)
at org.openqa.selenium.remote.RemoteWebDriver.execute(RemoteWebDriver.java:548)
at org.openqa.selenium.remote.RemoteWebElement.execute(RemoteWebElement.java:276)
at org.openqa.selenium.remote.RemoteWebElement.click(RemoteWebElement.java:83)
at org.cts.oneframework.utilities.BasePageObject.clickElement(BasePageObject.java:587)
at org.cts.oneframework.utilities.BasePageObject.clickElement(BasePageObject.java:578)
at org.cts.oneframework.cucumber.pages.VosAlertesPage.clickImgAlertesDeAmendesInLeftPane(VosAlertesPage.java:55)
at org.cts.oneframework.cucumber.stepdefinition.VosAlertesStepDefs.vos_alertes_under_alertes_et_amendes_is_clicked_on_left_pane(VosAlertesStepDefs.java:21)
at ?.vos alertes under alertes et amendes is clicked on left pane(src/test/resources/features/VosAlertes.feature:55)
]]>
    </error>
  </testcase> <!-- runScenario -->
  <testcase name="runScenario" time="1.454" classname="org.cts.oneframework.cucumber.testrunners.SmokeSuiteRunner"/>
</testsuite> <!-- org.cts.oneframework.cucumber.testrunners.SmokeSuiteRunner -->
